PostgreSQL Hammerdb Time Profile Report @ Mon May 19 01:01:36 UTC 2025
+-+-+-+-+-+-+-+-+-+-+-+-+-+-+-+-+-+-+-+-+-+-+-+-+-+-+-+-+-+-+-+-+-+-+-+-+-+
>>>>> VIRTUAL USER 2 : ELAPSED TIME : 438179ms
>>>>> PROC: PAYMENT
CALLS: 2289	MIN: 1.013ms	AVG: 87.101ms	MAX: 1538.932ms	TOTAL: 199374.681ms
P99: 608.223ms	P95: 310.987ms	P50: 42.622ms	SD: 123298.976	RATIO: 45.501%
>>>>> PROC: NEWORD
CALLS: 2151	MIN: 1.860ms	AVG: 91.870ms	MAX: 1083.443ms	TOTAL: 197613.327ms
P99: 581.456ms	P95: 330.395ms	P50: 49.441ms	SD: 119792.430	RATIO: 45.099%
>>>>> PROC: DELIVERY
CALLS: 247	MIN: 2.370ms	AVG: 100.820ms	MAX: 631.192ms	TOTAL: 24902.443ms
P99: 602.756ms	P95: 394.020ms	P50: 65.603ms	SD: 123476.720	RATIO: 5.683%
>>>>> PROC: SLEV
CALLS: 212	MIN: 0.643ms	AVG: 67.673ms	MAX: 2896.331ms	TOTAL: 14346.625ms
P99: 984.042ms	P95: 305.776ms	P50: 6.865ms	SD: 238144.678	RATIO: 3.274%
>>>>> PROC: OSTAT
CALLS: 221	MIN: 0.355ms	AVG: 6.434ms	MAX: 79.703ms	TOTAL: 1421.946ms
P99: 77.303ms	P95: 62.445ms	P50: 1.838ms	SD: 16539.528	RATIO: 0.325%
+-+-+-+-+-+-+-+-+-+-+-+-+-+-+-+-+-+-+-+-+-+-+-+-+-+-+-+-+-+-+-+-+-+-+-+-+-+
>>>>> VIRTUAL USER 3 : ELAPSED TIME : 452773ms
>>>>> PROC: NEWORD
CALLS: 2280	MIN: 2.066ms	AVG: 91.512ms	MAX: 1477.918ms	TOTAL: 208646.304ms
P99: 590.749ms	P95: 323.173ms	P50: 54.818ms	SD: 119557.418	RATIO: 46.082%
>>>>> PROC: PAYMENT
CALLS: 2209	MIN: 1.085ms	AVG: 92.015ms	MAX: 1233.390ms	TOTAL: 203260.987ms
P99: 606.471ms	P95: 358.853ms	P50: 52.433ms	SD: 122872.713	RATIO: 44.892%
>>>>> PROC: DELIVERY
CALLS: 228	MIN: 2.286ms	AVG: 98.272ms	MAX: 870.059ms	TOTAL: 22405.986ms
P99: 597.927ms	P95: 356.025ms	P50: 75.066ms	SD: 121967.699	RATIO: 4.949%
>>>>> PROC: SLEV
CALLS: 204	MIN: 0.727ms	AVG: 82.293ms	MAX: 2831.190ms	TOTAL: 16787.874ms
P99: 889.665ms	P95: 294.304ms	P50: 9.821ms	SD: 259157.202	RATIO: 3.708%
>>>>> PROC: OSTAT
CALLS: 199	MIN: 0.406ms	AVG: 5.877ms	MAX: 85.050ms	TOTAL: 1169.488ms
P99: 78.376ms	P95: 30.719ms	P50: 2.119ms	SD: 14602.892	RATIO: 0.258%
+-+-+-+-+-+-+-+-+-+-+-+-+-+-+-+-+-+-+-+-+-+-+-+-+-+-+-+-+-+-+-+-+-+-+-+-+-+
>>>>> VIRTUAL USER 4 : ELAPSED TIME : 441438ms
>>>>> PROC: NEWORD
CALLS: 2252	MIN: 1.811ms	AVG: 93.004ms	MAX: 939.378ms	TOTAL: 209444.326ms
P99: 561.777ms	P95: 332.636ms	P50: 59.746ms	SD: 114748.830	RATIO: 47.446%
>>>>> PROC: PAYMENT
CALLS: 2237	MIN: 1.064ms	AVG: 92.857ms	MAX: 1504.658ms	TOTAL: 207721.562ms
P99: 612.457ms	P95: 349.052ms	P50: 54.191ms	SD: 126006.380	RATIO: 47.056%
>>>>> PROC: DELIVERY
CALLS: 195	MIN: 2.943ms	AVG: 89.936ms	MAX: 630.802ms	TOTAL: 17537.555ms
P99: 516.940ms	P95: 254.416ms	P50: 45.676ms	SD: 106410.817	RATIO: 3.973%
>>>>> PROC: SLEV
CALLS: 202	MIN: 0.844ms	AVG: 23.624ms	MAX: 192.897ms	TOTAL: 4772.145ms
P99: 99.630ms	P95: 92.105ms	P50: 6.135ms	SD: 34359.578	RATIO: 1.081%
>>>>> PROC: OSTAT
CALLS: 234	MIN: 0.356ms	AVG: 6.081ms	MAX: 94.328ms	TOTAL: 1422.987ms
P99: 82.493ms	P95: 29.119ms	P50: 2.306ms	SD: 15587.016	RATIO: 0.322%
+-+-+-+-+-+-+-+-+-+-+-+-+-+-+-+-+-+-+-+-+-+-+-+-+-+-+-+-+-+-+-+-+-+-+-+-+-+
>>>>> VIRTUAL USER 5 : ELAPSED TIME : 457678ms
>>>>> PROC: NEWORD
CALLS: 2248	MIN: 2.190ms	AVG: 95.277ms	MAX: 1525.227ms	TOTAL: 214183.380ms
P99: 625.440ms	P95: 333.523ms	P50: 54.793ms	SD: 125629.978	RATIO: 46.798%
>>>>> PROC: PAYMENT
CALLS: 2213	MIN: 1.436ms	AVG: 93.124ms	MAX: 1037.605ms	TOTAL: 206083.669ms
P99: 608.020ms	P95: 327.006ms	P50: 57.929ms	SD: 119514.295	RATIO: 45.028%
>>>>> PROC: DELIVERY
CALLS: 242	MIN: 2.777ms	AVG: 83.133ms	MAX: 814.599ms	TOTAL: 20118.143ms
P99: 430.695ms	P95: 312.012ms	P50: 44.254ms	SD: 104883.937	RATIO: 4.396%
>>>>> PROC: SLEV
CALLS: 220	MIN: 0.819ms	AVG: 70.253ms	MAX: 2701.907ms	TOTAL: 15455.551ms
P99: 998.210ms	P95: 283.220ms	P50: 6.558ms	SD: 243530.239	RATIO: 3.377%
>>>>> PROC: OSTAT
CALLS: 197	MIN: 0.458ms	AVG: 6.705ms	MAX: 77.292ms	TOTAL: 1320.815ms
P99: 74.480ms	P95: 51.651ms	P50: 2.383ms	SD: 15884.628	RATIO: 0.289%
+-+-+-+-+-+-+-+-+-+-+-+-+-+-+-+-+-+-+-+-+-+-+-+-+-+-+-+-+-+-+-+-+-+-+-+-+-+
>>>>> VIRTUAL USER 6 : ELAPSED TIME : 455645ms
>>>>> PROC: NEWORD
CALLS: 2255	MIN: 4.913ms	AVG: 94.482ms	MAX: 1504.852ms	TOTAL: 213057.162ms
P99: 587.985ms	P95: 310.863ms	P50: 63.101ms	SD: 118688.485	RATIO: 46.759%
>>>>> PROC: PAYMENT
CALLS: 2193	MIN: 3.201ms	AVG: 95.862ms	MAX: 1095.609ms	TOTAL: 210224.761ms
P99: 619.917ms	P95: 342.594ms	P50: 60.672ms	SD: 124340.612	RATIO: 46.138%
>>>>> PROC: DELIVERY
CALLS: 237	MIN: 5.462ms	AVG: 105.187ms	MAX: 658.589ms	TOTAL: 24929.400ms
P99: 619.080ms	P95: 303.992ms	P50: 78.934ms	SD: 115710.154	RATIO: 5.471%
>>>>> PROC: SLEV
CALLS: 243	MIN: 0.727ms	AVG: 21.792ms	MAX: 286.540ms	TOTAL: 5295.570ms
P99: 189.413ms	P95: 91.088ms	P50: 5.889ms	SD: 37053.289	RATIO: 1.162%
>>>>> PROC: OSTAT
CALLS: 192	MIN: 0.315ms	AVG: 8.339ms	MAX: 88.564ms	TOTAL: 1601.166ms
P99: 80.340ms	P95: 64.763ms	P50: 1.969ms	SD: 18702.626	RATIO: 0.351%
+-+-+-+-+-+-+-+-+-+-+-+-+-+-+-+-+-+-+-+-+-+-+-+-+-+-+-+-+-+-+-+-+-+-+-+-+-+
>>>>> VIRTUAL USER 7 : ELAPSED TIME : 431744ms
>>>>> PROC: PAYMENT
CALLS: 2024	MIN: 1.406ms	AVG: 99.157ms	MAX: 1089.527ms	TOTAL: 200693.220ms
P99: 625.728ms	P95: 333.714ms	P50: 65.051ms	SD: 125563.168	RATIO: 46.484%
>>>>> PROC: NEWORD
CALLS: 1980	MIN: 4.784ms	AVG: 99.654ms	MAX: 1507.907ms	TOTAL: 197314.585ms
P99: 561.643ms	P95: 347.903ms	P50: 70.482ms	SD: 123152.480	RATIO: 45.702%
>>>>> PROC: DELIVERY
CALLS: 205	MIN: 6.004ms	AVG: 90.100ms	MAX: 592.261ms	TOTAL: 18470.399ms
P99: 493.926ms	P95: 304.042ms	P50: 54.034ms	SD: 105227.435	RATIO: 4.278%
>>>>> PROC: SLEV
CALLS: 207	MIN: 0.996ms	AVG: 67.109ms	MAX: 2708.784ms	TOTAL: 13891.622ms
P99: 700.985ms	P95: 213.926ms	P50: 9.440ms	SD: 226440.204	RATIO: 3.218%
>>>>> PROC: OSTAT
CALLS: 192	MIN: 0.423ms	AVG: 4.639ms	MAX: 86.023ms	TOTAL: 890.684ms
P99: 71.670ms	P95: 6.511ms	P50: 2.215ms	SD: 12102.126	RATIO: 0.206%
+-+-+-+-+-+-+-+-+-+-+-+-+-+-+-+-+-+-+-+-+-+-+-+-+-+-+-+-+-+-+-+-+-+-+-+-+-+
>>>>> VIRTUAL USER 8 : ELAPSED TIME : 416897ms
>>>>> PROC: NEWORD
CALLS: 1908	MIN: 4.773ms	AVG: 101.117ms	MAX: 984.068ms	TOTAL: 192931.215ms
P99: 594.650ms	P95: 346.145ms	P50: 75.476ms	SD: 119176.437	RATIO: 46.278%
>>>>> PROC: PAYMENT
CALLS: 1915	MIN: 3.270ms	AVG: 99.651ms	MAX: 1504.774ms	TOTAL: 190831.359ms
P99: 634.511ms	P95: 354.819ms	P50: 66.022ms	SD: 130956.147	RATIO: 45.774%
>>>>> PROC: DELIVERY
CALLS: 171	MIN: 7.316ms	AVG: 107.866ms	MAX: 869.345ms	TOTAL: 18445.001ms
P99: 501.387ms	P95: 357.940ms	P50: 81.343ms	SD: 128619.977	RATIO: 4.424%
>>>>> PROC: SLEV
CALLS: 185	MIN: 0.785ms	AVG: 70.582ms	MAX: 2289.565ms	TOTAL: 13057.680ms
P99: 683.085ms	P95: 214.683ms	P50: 7.393ms	SD: 251858.217	RATIO: 3.132%
>>>>> PROC: OSTAT
CALLS: 197	MIN: 0.577ms	AVG: 5.784ms	MAX: 84.016ms	TOTAL: 1139.352ms
P99: 78.461ms	P95: 9.417ms	P50: 2.236ms	SD: 14786.154	RATIO: 0.273%
+-+-+-+-+-+-+-+-+-+-+-+-+-+-+-+-+-+-+-+-+-+-+-+-+-+-+-+-+-+-+-+-+-+-+-+-+-+
>>>>> VIRTUAL USER 9 : ELAPSED TIME : 416421ms
>>>>> PROC: NEWORD
CALLS: 1949	MIN: 4.266ms	AVG: 104.776ms	MAX: 1478.630ms	TOTAL: 204207.915ms
P99: 618.216ms	P95: 344.722ms	P50: 82.848ms	SD: 126144.456	RATIO: 49.039%
>>>>> PROC: PAYMENT
CALLS: 1811	MIN: 3.310ms	AVG: 101.018ms	MAX: 1036.145ms	TOTAL: 182944.256ms
P99: 611.016ms	P95: 378.782ms	P50: 63.359ms	SD: 127682.765	RATIO: 43.933%
>>>>> PROC: DELIVERY
CALLS: 163	MIN: 7.110ms	AVG: 97.716ms	MAX: 934.365ms	TOTAL: 15927.673ms
P99: 503.681ms	P95: 300.793ms	P50: 69.647ms	SD: 118625.691	RATIO: 3.825%
>>>>> PROC: SLEV
CALLS: 184	MIN: 0.733ms	AVG: 63.199ms	MAX: 749.474ms	TOTAL: 11628.663ms
P99: 591.572ms	P95: 288.187ms	P50: 11.464ms	SD: 116002.326	RATIO: 2.793%
>>>>> PROC: OSTAT
CALLS: 189	MIN: 0.432ms	AVG: 6.607ms	MAX: 87.499ms	TOTAL: 1248.631ms
P99: 81.872ms	P95: 45.668ms	P50: 2.070ms	SD: 16403.532	RATIO: 0.300%
+-+-+-+-+-+-+-+-+-+-+-+-+-+-+-+-+-+-+-+-+-+-+-+-+-+-+-+-+-+-+-+-+-+-+-+-+-+
>>>>> VIRTUAL USER 10 : ELAPSED TIME : 461225ms
>>>>> PROC: NEWORD
CALLS: 2251	MIN: 5.107ms	AVG: 94.069ms	MAX: 1011.703ms	TOTAL: 211749.341ms
P99: 603.773ms	P95: 307.951ms	P50: 59.822ms	SD: 117411.953	RATIO: 45.910%
>>>>> PROC: PAYMENT
CALLS: 2211	MIN: 3.565ms	AVG: 94.701ms	MAX: 1507.620ms	TOTAL: 209384.410ms
P99: 599.548ms	P95: 351.844ms	P50: 55.727ms	SD: 123367.105	RATIO: 45.397%
>>>>> PROC: DELIVERY
CALLS: 213	MIN: 6.920ms	AVG: 102.434ms	MAX: 826.129ms	TOTAL: 21818.519ms
P99: 633.233ms	P95: 382.322ms	P50: 60.302ms	SD: 133166.696	RATIO: 4.731%
>>>>> PROC: SLEV
CALLS: 220	MIN: 0.870ms	AVG: 73.815ms	MAX: 3163.146ms	TOTAL: 16239.404ms
P99: 1560.305ms	P95: 296.941ms	P50: 6.780ms	SD: 279920.076	RATIO: 3.521%
>>>>> PROC: OSTAT
CALLS: 225	MIN: 0.416ms	AVG: 6.747ms	MAX: 90.203ms	TOTAL: 1518.013ms
P99: 79.408ms	P95: 67.334ms	P50: 1.908ms	SD: 17474.207	RATIO: 0.329%
+-+-+-+-+-+-+-+-+-+-+-+-+-+-+-+-+-+-+-+-+-+-+-+-+-+-+-+-+-+-+-+-+-+-+-+-+-+
>>>>> VIRTUAL USER 11 : ELAPSED TIME : 417022ms
>>>>> PROC: NEWORD
CALLS: 1869	MIN: 5.529ms	AVG: 108.255ms	MAX: 1508.555ms	TOTAL: 202329.251ms
P99: 628.603ms	P95: 381.680ms	P50: 81.061ms	SD: 129437.553	RATIO: 48.518%
>>>>> PROC: PAYMENT
CALLS: 1786	MIN: 1.790ms	AVG: 100.285ms	MAX: 1032.475ms	TOTAL: 179109.203ms
P99: 599.331ms	P95: 330.812ms	P50: 75.514ms	SD: 118140.580	RATIO: 42.950%
>>>>> PROC: DELIVERY
CALLS: 172	MIN: 6.308ms	AVG: 121.844ms	MAX: 813.773ms	TOTAL: 20957.194ms
P99: 497.489ms	P95: 348.444ms	P50: 95.605ms	SD: 121166.061	RATIO: 5.025%
>>>>> PROC: SLEV
CALLS: 192	MIN: 0.878ms	AVG: 67.128ms	MAX: 2502.649ms	TOTAL: 12888.669ms
P99: 605.915ms	P95: 304.056ms	P50: 8.896ms	SD: 208084.425	RATIO: 3.091%
>>>>> PROC: OSTAT
CALLS: 189	MIN: 0.448ms	AVG: 6.746ms	MAX: 86.207ms	TOTAL: 1275.024ms
P99: 78.568ms	P95: 53.877ms	P50: 2.470ms	SD: 15880.537	RATIO: 0.306%
+-+-+-+-+-+-+-+-+-+-+-+-+-+-+-+-+-+-+-+-+-+-+-+-+-+-+-+-+-+-+-+-+-+-+-+-+-+
>>>>> VIRTUAL USER 12 : ELAPSED TIME : 460606ms
>>>>> PROC: PAYMENT
CALLS: 2212	MIN: 3.782ms	AVG: 95.529ms	MAX: 1521.978ms	TOTAL: 211309.171ms
P99: 614.679ms	P95: 342.184ms	P50: 56.148ms	SD: 127352.155	RATIO: 45.876%
>>>>> PROC: NEWORD
CALLS: 2200	MIN: 3.971ms	AVG: 94.223ms	MAX: 875.069ms	TOTAL: 207291.357ms
P99: 599.511ms	P95: 318.131ms	P50: 62.690ms	SD: 113734.408	RATIO: 45.004%
>>>>> PROC: DELIVERY
CALLS: 234	MIN: 6.004ms	AVG: 97.864ms	MAX: 815.825ms	TOTAL: 22900.223ms
P99: 599.670ms	P95: 248.810ms	P50: 84.519ms	SD: 109236.253	RATIO: 4.972%
>>>>> PROC: SLEV
CALLS: 239	MIN: 0.880ms	AVG: 71.238ms	MAX: 3659.417ms	TOTAL: 17025.815ms
P99: 796.988ms	P95: 325.027ms	P50: 7.174ms	SD: 284657.907	RATIO: 3.696%
>>>>> PROC: OSTAT
CALLS: 235	MIN: 0.291ms	AVG: 6.651ms	MAX: 115.379ms	TOTAL: 1562.958ms
P99: 79.756ms	P95: 57.661ms	P50: 2.066ms	SD: 17361.367	RATIO: 0.339%
+-+-+-+-+-+-+-+-+-+-+-+-+-+-+-+-+-+-+-+-+-+-+-+-+-+-+-+-+-+-+-+-+-+-+-+-+-+
>>>>> VIRTUAL USER 13 : ELAPSED TIME : 425154ms
>>>>> PROC: PAYMENT
CALLS: 1804	MIN: 3.093ms	AVG: 111.422ms	MAX: 1538.661ms	TOTAL: 201005.312ms
P99: 630.247ms	P95: 397.180ms	P50: 81.309ms	SD: 136249.405	RATIO: 47.278%
>>>>> PROC: NEWORD
CALLS: 1743	MIN: 2.949ms	AVG: 106.875ms	MAX: 1056.585ms	TOTAL: 186283.235ms
P99: 620.818ms	P95: 371.447ms	P50: 81.885ms	SD: 122057.839	RATIO: 43.815%
>>>>> PROC: DELIVERY
CALLS: 184	MIN: 7.757ms	AVG: 118.327ms	MAX: 1036.154ms	TOTAL: 21772.174ms
P99: 618.593ms	P95: 301.533ms	P50: 92.055ms	SD: 133784.364	RATIO: 5.121%
>>>>> PROC: SLEV
CALLS: 192	MIN: 0.673ms	AVG: 74.981ms	MAX: 2841.792ms	TOTAL: 14396.350ms
P99: 694.667ms	P95: 297.055ms	P50: 6.631ms	SD: 269076.333	RATIO: 3.386%
>>>>> PROC: OSTAT
CALLS: 173	MIN: 0.451ms	AVG: 7.355ms	MAX: 84.316ms	TOTAL: 1272.418ms
P99: 75.761ms	P95: 58.615ms	P50: 2.525ms	SD: 16653.260	RATIO: 0.299%
+-+-+-+-+-+-+-+-+-+-+-+-+-+-+-+-+-+-+-+-+-+-+-+-+-+-+-+-+-+-+-+-+-+-+-+-+-+
>>>>> VIRTUAL USER 14 : ELAPSED TIME : 415329ms
>>>>> PROC: PAYMENT
CALLS: 1800	MIN: 3.247ms	AVG: 109.170ms	MAX: 1073.981ms	TOTAL: 196506.671ms
P99: 633.475ms	P95: 381.024ms	P50: 81.937ms	SD: 125723.026	RATIO: 47.313%
>>>>> PROC: NEWORD
CALLS: 1780	MIN: 5.105ms	AVG: 108.243ms	MAX: 1478.101ms	TOTAL: 192672.411ms
P99: 582.685ms	P95: 360.286ms	P50: 85.894ms	SD: 124505.883	RATIO: 46.390%
>>>>> PROC: DELIVERY
CALLS: 165	MIN: 3.093ms	AVG: 120.099ms	MAX: 703.019ms	TOTAL: 19816.394ms
P99: 589.663ms	P95: 413.557ms	P50: 88.641ms	SD: 136465.272	RATIO: 4.771%
>>>>> PROC: SLEV
CALLS: 169	MIN: 0.757ms	AVG: 29.236ms	MAX: 200.025ms	TOTAL: 4940.961ms
P99: 182.632ms	P95: 97.531ms	P50: 7.113ms	SD: 40717.909	RATIO: 1.190%
>>>>> PROC: OSTAT
CALLS: 182	MIN: 0.455ms	AVG: 5.235ms	MAX: 80.365ms	TOTAL: 952.819ms
P99: 71.896ms	P95: 19.986ms	P50: 2.305ms	SD: 12342.446	RATIO: 0.229%
+-+-+-+-+-+-+-+-+-+-+-+-+-+-+-+-+-+-+-+-+-+-+-+-+-+-+-+-+-+-+-+-+-+-+-+-+-+
>>>>> VIRTUAL USER 15 : ELAPSED TIME : 417604ms
>>>>> PROC: NEWORD
CALLS: 1739	MIN: 6.210ms	AVG: 117.209ms	MAX: 1506.768ms	TOTAL: 203825.924ms
P99: 639.469ms	P95: 389.192ms	P50: 88.976ms	SD: 133092.301	RATIO: 48.808%
>>>>> PROC: PAYMENT
CALLS: 1686	MIN: 3.294ms	AVG: 106.138ms	MAX: 1141.649ms	TOTAL: 178949.159ms
P99: 635.788ms	P95: 382.294ms	P50: 77.222ms	SD: 128711.761	RATIO: 42.851%
>>>>> PROC: DELIVERY
CALLS: 164	MIN: 6.631ms	AVG: 125.934ms	MAX: 637.452ms	TOTAL: 20653.182ms
P99: 594.801ms	P95: 409.314ms	P50: 98.132ms	SD: 128586.962	RATIO: 4.946%
>>>>> PROC: SLEV
CALLS: 172	MIN: 1.054ms	AVG: 69.467ms	MAX: 1175.555ms	TOTAL: 11948.408ms
P99: 576.894ms	P95: 321.452ms	P50: 8.026ms	SD: 142320.614	RATIO: 2.861%
>>>>> PROC: OSTAT
CALLS: 175	MIN: 0.559ms	AVG: 10.244ms	MAX: 83.604ms	TOTAL: 1792.613ms
P99: 81.850ms	P95: 76.350ms	P50: 2.667ms	SD: 22018.433	RATIO: 0.429%
+-+-+-+-+-+-+-+-+-+-+-+-+-+-+-+-+-+-+-+-+-+-+-+-+-+-+-+-+-+-+-+-+-+-+-+-+-+
>>>>> VIRTUAL USER 16 : ELAPSED TIME : 429169ms
>>>>> PROC: PAYMENT
CALLS: 1812	MIN: 3.023ms	AVG: 111.560ms	MAX: 1146.296ms	TOTAL: 202145.971ms
P99: 649.564ms	P95: 382.300ms	P50: 82.729ms	SD: 131223.383	RATIO: 47.102%
>>>>> PROC: NEWORD
CALLS: 1752	MIN: 5.085ms	AVG: 107.203ms	MAX: 851.136ms	TOTAL: 187818.957ms
P99: 597.705ms	P95: 373.813ms	P50: 85.319ms	SD: 119114.437	RATIO: 43.763%
>>>>> PROC: DELIVERY
CALLS: 182	MIN: 5.929ms	AVG: 126.744ms	MAX: 1504.973ms	TOTAL: 23067.382ms
P99: 803.963ms	P95: 407.788ms	P50: 93.680ms	SD: 173685.773	RATIO: 5.375%
>>>>> PROC: SLEV
CALLS: 191	MIN: 0.901ms	AVG: 77.391ms	MAX: 3006.044ms	TOTAL: 14781.682ms
P99: 773.174ms	P95: 323.551ms	P50: 9.485ms	SD: 248535.514	RATIO: 3.444%
>>>>> PROC: OSTAT
CALLS: 159	MIN: 0.470ms	AVG: 5.715ms	MAX: 75.964ms	TOTAL: 908.700ms
P99: 72.189ms	P95: 23.230ms	P50: 1.810ms	SD: 13800.511	RATIO: 0.212%
+-+-+-+-+-+-+-+-+-+-+-+-+-+-+-+-+-+-+-+-+-+-+-+-+-+-+-+-+-+-+-+-+-+-+-+-+-+
>>>>> VIRTUAL USER 17 : ELAPSED TIME : 414017ms
>>>>> PROC: NEWORD
CALLS: 1710	MIN: 2.129ms	AVG: 112.766ms	MAX: 1418.465ms	TOTAL: 192829.302ms
P99: 626.402ms	P95: 337.858ms	P50: 88.394ms	SD: 126624.908	RATIO: 46.575%
>>>>> PROC: PAYMENT
CALLS: 1721	MIN: 0.990ms	AVG: 111.299ms	MAX: 1516.011ms	TOTAL: 191545.703ms
P99: 617.962ms	P95: 396.651ms	P50: 83.685ms	SD: 129306.961	RATIO: 46.265%
>>>>> PROC: DELIVERY
CALLS: 180	MIN: 7.184ms	AVG: 130.430ms	MAX: 880.656ms	TOTAL: 23477.380ms
P99: 787.904ms	P95: 399.037ms	P50: 98.299ms	SD: 138547.400	RATIO: 5.671%
>>>>> PROC: SLEV
CALLS: 172	MIN: 1.001ms	AVG: 25.928ms	MAX: 181.387ms	TOTAL: 4459.640ms
P99: 131.673ms	P95: 93.144ms	P50: 6.979ms	SD: 36997.636	RATIO: 1.077%
>>>>> PROC: OSTAT
CALLS: 177	MIN: 0.516ms	AVG: 7.157ms	MAX: 90.489ms	TOTAL: 1266.862ms
P99: 80.743ms	P95: 69.664ms	P50: 2.494ms	SD: 17730.682	RATIO: 0.306%
+-+-+-+-+-+-+-+-+-+-+-+-+-+-+-+-+-+-+-+-+-+-+-+-+-+-+-+-+-+-+-+-+-+-+-+-+-+
>>>>> VIRTUAL USER 18 : ELAPSED TIME : 427036ms
>>>>> PROC: PAYMENT
CALLS: 1758	MIN: 3.264ms	AVG: 113.888ms	MAX: 1767.711ms	TOTAL: 200215.564ms
P99: 629.914ms	P95: 401.188ms	P50: 83.570ms	SD: 140251.392	RATIO: 46.885%
>>>>> PROC: NEWORD
CALLS: 1818	MIN: 5.823ms	AVG: 109.971ms	MAX: 905.531ms	TOTAL: 199926.772ms
P99: 601.129ms	P95: 358.609ms	P50: 87.787ms	SD: 117587.338	RATIO: 46.817%
>>>>> PROC: DELIVERY
CALLS: 176	MIN: 7.725ms	AVG: 117.164ms	MAX: 525.514ms	TOTAL: 20620.893ms
P99: 420.965ms	P95: 365.692ms	P50: 98.079ms	SD: 100826.978	RATIO: 4.829%
>>>>> PROC: SLEV
CALLS: 175	MIN: 0.612ms	AVG: 26.289ms	MAX: 266.062ms	TOTAL: 4600.650ms
P99: 180.127ms	P95: 96.967ms	P50: 6.596ms	SD: 40511.658	RATIO: 1.077%
>>>>> PROC: OSTAT
CALLS: 169	MIN: 0.397ms	AVG: 7.178ms	MAX: 80.630ms	TOTAL: 1213.088ms
P99: 79.659ms	P95: 45.716ms	P50: 2.564ms	SD: 16266.127	RATIO: 0.284%
+-+-+-+-+-+-+-+-+-+-+-+-+-+-+-+-+-+-+-+-+-+-+-+-+-+-+-+-+-+-+-+-+-+-+-+-+-+
>>>>> VIRTUAL USER 19 : ELAPSED TIME : 425531ms
>>>>> PROC: NEWORD
CALLS: 1793	MIN: 5.334ms	AVG: 112.791ms	MAX: 1478.537ms	TOTAL: 202233.721ms
P99: 605.188ms	P95: 390.140ms	P50: 88.048ms	SD: 124855.356	RATIO: 47.525%
>>>>> PROC: PAYMENT
CALLS: 1737	MIN: 2.522ms	AVG: 110.386ms	MAX: 1008.294ms	TOTAL: 191740.713ms
P99: 661.258ms	P95: 350.960ms	P50: 83.017ms	SD: 126052.695	RATIO: 45.059%
>>>>> PROC: DELIVERY
CALLS: 207	MIN: 7.573ms	AVG: 116.540ms	MAX: 871.538ms	TOTAL: 24123.721ms
P99: 633.728ms	P95: 368.788ms	P50: 84.841ms	SD: 136068.455	RATIO: 5.669%
>>>>> PROC: SLEV
CALLS: 158	MIN: 1.155ms	AVG: 35.628ms	MAX: 293.874ms	TOTAL: 5629.249ms
P99: 199.952ms	P95: 111.619ms	P50: 6.708ms	SD: 50823.504	RATIO: 1.323%
>>>>> PROC: OSTAT
CALLS: 201	MIN: 0.392ms	AVG: 6.743ms	MAX: 83.765ms	TOTAL: 1355.295ms
P99: 77.991ms	P95: 59.158ms	P50: 1.968ms	SD: 16566.099	RATIO: 0.318%
+-+-+-+-+-+-+-+-+-+-+-+-+-+-+-+-+-+-+-+-+-+-+-+-+-+-+-+-+-+-+-+-+-+-+-+-+-+
>>>>> VIRTUAL USER 20 : ELAPSED TIME : 416170ms
>>>>> PROC: PAYMENT
CALLS: 1705	MIN: 3.906ms	AVG: 114.463ms	MAX: 1072.420ms	TOTAL: 195158.818ms
P99: 637.718ms	P95: 403.527ms	P50: 85.828ms	SD: 130617.540	RATIO: 46.894%
>>>>> PROC: NEWORD
CALLS: 1696	MIN: 5.098ms	AVG: 112.753ms	MAX: 1504.912ms	TOTAL: 191229.901ms
P99: 604.294ms	P95: 360.284ms	P50: 89.678ms	SD: 125486.199	RATIO: 45.950%
>>>>> PROC: DELIVERY
CALLS: 190	MIN: 8.554ms	AVG: 122.787ms	MAX: 1009.752ms	TOTAL: 23329.544ms
P99: 412.314ms	P95: 369.271ms	P50: 101.835ms	SD: 120000.978	RATIO: 5.606%
>>>>> PROC: SLEV
CALLS: 153	MIN: 0.943ms	AVG: 31.076ms	MAX: 481.776ms	TOTAL: 4754.696ms
P99: 115.058ms	P95: 88.317ms	P50: 8.252ms	SD: 51475.857	RATIO: 1.142%
>>>>> PROC: OSTAT
CALLS: 160	MIN: 0.394ms	AVG: 7.891ms	MAX: 85.130ms	TOTAL: 1262.601ms
P99: 76.326ms	P95: 62.259ms	P50: 2.880ms	SD: 17264.289	RATIO: 0.303%
+-+-+-+-+-+-+-+-+-+-+-+-+-+-+-+-+-+-+-+-+-+-+-+-+-+-+-+-+-+-+-+-+-+-+-+-+-+
>>>>> VIRTUAL USER 21 : ELAPSED TIME : 434304ms
>>>>> PROC: PAYMENT
CALLS: 1829	MIN: 4.027ms	AVG: 113.296ms	MAX: 1035.131ms	TOTAL: 207219.061ms
P99: 621.861ms	P95: 396.775ms	P50: 81.909ms	SD: 129687.562	RATIO: 47.713%
>>>>> PROC: NEWORD
CALLS: 1728	MIN: 5.247ms	AVG: 110.056ms	MAX: 1477.605ms	TOTAL: 190177.164ms
P99: 644.181ms	P95: 350.941ms	P50: 87.364ms	SD: 124590.339	RATIO: 43.789%
>>>>> PROC: DELIVERY
CALLS: 193	MIN: 6.944ms	AVG: 105.058ms	MAX: 825.912ms	TOTAL: 20276.141ms
P99: 545.666ms	P95: 313.860ms	P50: 83.819ms	SD: 120573.252	RATIO: 4.669%
>>>>> PROC: SLEV
CALLS: 166	MIN: 0.789ms	AVG: 90.644ms	MAX: 4911.979ms	TOTAL: 15046.867ms
P99: 656.791ms	P95: 226.511ms	P50: 11.549ms	SD: 395832.844	RATIO: 3.465%
>>>>> PROC: OSTAT
CALLS: 180	MIN: 0.602ms	AVG: 6.248ms	MAX: 82.608ms	TOTAL: 1124.665ms
P99: 71.537ms	P95: 36.483ms	P50: 2.711ms	SD: 14328.319	RATIO: 0.259%
+-+-+-+-+-+-+-+-+-+-+-+-+-+-+-+-+-+-+-+-+-+-+-+-+-+-+-+-+-+-+-+-+-+-+-+-+-+
>>>>> VIRTUAL USER 22 : ELAPSED TIME : 417611ms
>>>>> PROC: PAYMENT
CALLS: 1660	MIN: 3.325ms	AVG: 115.254ms	MAX: 1089.976ms	TOTAL: 191322.190ms
P99: 637.580ms	P95: 397.835ms	P50: 86.817ms	SD: 131899.923	RATIO: 45.813%
>>>>> PROC: NEWORD
CALLS: 1695	MIN: 1.774ms	AVG: 112.400ms	MAX: 1508.873ms	TOTAL: 190517.388ms
P99: 606.724ms	P95: 391.157ms	P50: 88.508ms	SD: 123189.736	RATIO: 45.621%
>>>>> PROC: DELIVERY
CALLS: 145	MIN: 8.649ms	AVG: 130.770ms	MAX: 665.633ms	TOTAL: 18961.686ms
P99: 659.463ms	P95: 369.019ms	P50: 94.416ms	SD: 134366.504	RATIO: 4.541%
>>>>> PROC: SLEV
CALLS: 174	MIN: 0.687ms	AVG: 86.078ms	MAX: 3082.443ms	TOTAL: 14977.567ms
P99: 1483.799ms	P95: 219.086ms	P50: 10.001ms	SD: 306722.861	RATIO: 3.586%
>>>>> PROC: OSTAT
CALLS: 166	MIN: 0.421ms	AVG: 8.422ms	MAX: 81.820ms	TOTAL: 1398.010ms
P99: 77.612ms	P95: 70.646ms	P50: 2.588ms	SD: 19412.343	RATIO: 0.335%
+-+-+-+-+-+-+-+-+-+-+-+-+-+-+-+-+-+-+-+-+-+-+-+-+-+-+-+-+-+-+-+-+-+-+-+-+-+
>>>>> VIRTUAL USER 23 : ELAPSED TIME : 424336ms
>>>>> PROC: PAYMENT
CALLS: 1791	MIN: 3.734ms	AVG: 111.441ms	MAX: 1016.496ms	TOTAL: 199591.342ms
P99: 642.050ms	P95: 392.002ms	P50: 82.170ms	SD: 131107.077	RATIO: 47.036%
>>>>> PROC: NEWORD
CALLS: 1762	MIN: 4.807ms	AVG: 111.884ms	MAX: 1477.641ms	TOTAL: 197139.048ms
P99: 613.927ms	P95: 378.473ms	P50: 87.222ms	SD: 124744.992	RATIO: 46.458%
>>>>> PROC: DELIVERY
CALLS: 166	MIN: 7.727ms	AVG: 122.680ms	MAX: 764.739ms	TOTAL: 20364.913ms
P99: 601.903ms	P95: 369.134ms	P50: 94.631ms	SD: 129034.115	RATIO: 4.799%
>>>>> PROC: SLEV
CALLS: 197	MIN: 0.725ms	AVG: 27.850ms	MAX: 610.534ms	TOTAL: 5486.448ms
P99: 185.039ms	P95: 89.626ms	P50: 7.491ms	SD: 53912.257	RATIO: 1.293%
>>>>> PROC: OSTAT
CALLS: 180	MIN: 0.614ms	AVG: 7.232ms	MAX: 88.235ms	TOTAL: 1301.686ms
P99: 87.178ms	P95: 54.073ms	P50: 2.441ms	SD: 17098.053	RATIO: 0.307%
+-+-+-+-+-+-+-+-+-+-+-+-+-+-+-+-+-+-+-+-+-+-+-+-+-+-+-+-+-+-+-+-+-+-+-+-+-+
>>>>> VIRTUAL USER 24 : ELAPSED TIME : 421250ms
>>>>> PROC: NEWORD
CALLS: 1702	MIN: 5.641ms	AVG: 118.484ms	MAX: 1568.976ms	TOTAL: 201659.304ms
P99: 616.239ms	P95: 398.960ms	P50: 90.358ms	SD: 134187.245	RATIO: 47.872%
>>>>> PROC: PAYMENT
CALLS: 1650	MIN: 3.471ms	AVG: 111.766ms	MAX: 1012.731ms	TOTAL: 184413.751ms
P99: 626.284ms	P95: 357.193ms	P50: 84.902ms	SD: 124672.043	RATIO: 43.778%
>>>>> PROC: DELIVERY
CALLS: 182	MIN: 9.844ms	AVG: 119.107ms	MAX: 1007.585ms	TOTAL: 21677.388ms
P99: 518.508ms	P95: 376.784ms	P50: 97.439ms	SD: 128211.589	RATIO: 5.146%
>>>>> PROC: SLEV
CALLS: 149	MIN: 1.328ms	AVG: 75.214ms	MAX: 2568.746ms	TOTAL: 11206.847ms
P99: 820.115ms	P95: 316.234ms	P50: 12.043ms	SD: 237964.461	RATIO: 2.660%
>>>>> PROC: OSTAT
CALLS: 157	MIN: 0.510ms	AVG: 11.821ms	MAX: 88.678ms	TOTAL: 1855.907ms
P99: 84.786ms	P95: 72.259ms	P50: 2.765ms	SD: 22832.096	RATIO: 0.441%
+-+-+-+-+-+-+-+-+-+-+-+-+-+-+-+-+-+-+-+-+-+-+-+-+-+-+-+-+-+-+-+-+-+-+-+-+-+
>>>>> VIRTUAL USER 25 : ELAPSED TIME : 442874ms
>>>>> PROC: NEWORD
CALLS: 1795	MIN: 4.802ms	AVG: 116.772ms	MAX: 990.121ms	TOTAL: 209605.938ms
P99: 622.132ms	P95: 400.311ms	P50: 87.750ms	SD: 129328.026	RATIO: 47.329%
>>>>> PROC: PAYMENT
CALLS: 1778	MIN: 3.594ms	AVG: 106.365ms	MAX: 1525.398ms	TOTAL: 189117.731ms
P99: 621.589ms	P95: 355.626ms	P50: 81.989ms	SD: 125937.540	RATIO: 42.702%
>>>>> PROC: SLEV
CALLS: 183	MIN: 0.830ms	AVG: 122.360ms	MAX: 2839.424ms	TOTAL: 22391.950ms
P99: 2240.485ms	P95: 505.049ms	P50: 15.371ms	SD: 371869.987	RATIO: 5.056%
>>>>> PROC: DELIVERY
CALLS: 168	MIN: 8.745ms	AVG: 120.740ms	MAX: 882.987ms	TOTAL: 20284.291ms
P99: 582.699ms	P95: 416.308ms	P50: 93.424ms	SD: 134549.967	RATIO: 4.580%
>>>>> PROC: OSTAT
CALLS: 172	MIN: 0.453ms	AVG: 5.889ms	MAX: 80.348ms	TOTAL: 1012.842ms
P99: 73.497ms	P95: 11.263ms	P50: 2.128ms	SD: 14685.495	RATIO: 0.229%
+-+-+-+-+-+-+-+-+-+-+-+-+-+-+-+-+-+-+-+-+-+-+-+-+-+-+-+-+-+-+-+-+-+-+-+-+-+
>>>>> VIRTUAL USER 26 : ELAPSED TIME : 408686ms
>>>>> PROC: NEWORD
CALLS: 1829	MIN: 3.146ms	AVG: 112.560ms	MAX: 1509.365ms	TOTAL: 205873.046ms
P99: 607.200ms	P95: 394.201ms	P50: 86.157ms	SD: 126233.750	RATIO: 50.374%
>>>>> PROC: PAYMENT
CALLS: 1870	MIN: 2.121ms	AVG: 86.499ms	MAX: 825.763ms	TOTAL: 161754.030ms
P99: 535.904ms	P95: 295.927ms	P50: 61.965ms	SD: 104613.725	RATIO: 39.579%
>>>>> PROC: DELIVERY
CALLS: 202	MIN: 8.378ms	AVG: 111.703ms	MAX: 638.901ms	TOTAL: 22564.067ms
P99: 427.926ms	P95: 253.047ms	P50: 97.674ms	SD: 95840.144	RATIO: 5.521%
>>>>> PROC: SLEV
CALLS: 174	MIN: 1.226ms	AVG: 90.205ms	MAX: 3292.211ms	TOTAL: 15695.667ms
P99: 684.305ms	P95: 305.407ms	P50: 11.055ms	SD: 334652.844	RATIO: 3.841%
>>>>> PROC: OSTAT
CALLS: 173	MIN: 0.516ms	AVG: 13.372ms	MAX: 609.841ms	TOTAL: 2313.342ms
P99: 83.457ms	P95: 68.776ms	P50: 2.791ms	SD: 50007.294	RATIO: 0.566%
+-+-+-+-+-+-+-+-+-+-+-+-+-+-+-+-+-+-+-+-+-+-+-+-+-+-+-+-+-+-+-+-+-+-+-+-+-+
>>>>> VIRTUAL USER 27 : ELAPSED TIME : 450846ms
>>>>> PROC: NEWORD
CALLS: 2203	MIN: 3.881ms	AVG: 101.590ms	MAX: 1504.752ms	TOTAL: 223802.514ms
P99: 584.009ms	P95: 330.017ms	P50: 74.747ms	SD: 120247.808	RATIO: 49.641%
>>>>> PROC: PAYMENT
CALLS: 2206	MIN: 1.327ms	AVG: 80.175ms	MAX: 854.857ms	TOTAL: 176867.037ms
P99: 565.293ms	P95: 266.823ms	P50: 44.859ms	SD: 104122.638	RATIO: 39.230%
>>>>> PROC: DELIVERY
CALLS: 226	MIN: 8.945ms	AVG: 112.742ms	MAX: 655.530ms	TOTAL: 25479.754ms
P99: 515.804ms	P95: 395.111ms	P50: 90.869ms	SD: 115635.940	RATIO: 5.652%
>>>>> PROC: SLEV
CALLS: 241	MIN: 1.086ms	AVG: 93.745ms	MAX: 5600.826ms	TOTAL: 22592.460ms
P99: 1263.437ms	P95: 299.304ms	P50: 7.266ms	SD: 404590.806	RATIO: 5.011%
>>>>> PROC: OSTAT
CALLS: 244	MIN: 0.383ms	AVG: 6.402ms	MAX: 80.905ms	TOTAL: 1562.155ms
P99: 80.549ms	P95: 60.189ms	P50: 2.074ms	SD: 16251.378	RATIO: 0.346%
+-+-+-+-+-+-+-+-+-+-+-+-+-+-+-+-+-+-+-+-+-+-+-+-+-+-+-+-+-+-+-+-+-+-+-+-+-+
>>>>> VIRTUAL USER 28 : ELAPSED TIME : 415131ms
>>>>> PROC: NEWORD
CALLS: 1876	MIN: 5.654ms	AVG: 110.751ms	MAX: 1047.536ms	TOTAL: 207768.458ms
P99: 608.549ms	P95: 368.720ms	P50: 87.346ms	SD: 119567.148	RATIO: 50.049%
>>>>> PROC: PAYMENT
CALLS: 1994	MIN: 3.668ms	AVG: 87.748ms	MAX: 1504.353ms	TOTAL: 174969.143ms
P99: 537.105ms	P95: 289.506ms	P50: 62.560ms	SD: 108302.532	RATIO: 42.148%
>>>>> PROC: DELIVERY
CALLS: 205	MIN: 9.155ms	AVG: 116.034ms	MAX: 671.535ms	TOTAL: 23787.051ms
P99: 465.047ms	P95: 360.534ms	P50: 93.932ms	SD: 107666.356	RATIO: 5.730%
>>>>> PROC: SLEV
CALLS: 217	MIN: 0.865ms	AVG: 28.724ms	MAX: 287.068ms	TOTAL: 6233.080ms
P99: 182.421ms	P95: 90.445ms	P50: 8.121ms	SD: 40537.848	RATIO: 1.501%
>>>>> PROC: OSTAT
CALLS: 188	MIN: 0.595ms	AVG: 10.000ms	MAX: 84.755ms	TOTAL: 1880.033ms
P99: 81.934ms	P95: 73.585ms	P50: 2.684ms	SD: 21175.561	RATIO: 0.453%
+-+-+-+-+-+-+-+-+-+-+-+-+-+-+-+-+-+-+-+-+-+-+-+-+-+-+-+-+-+-+-+-+-+-+-+-+-+
>>>>> VIRTUAL USER 29 : ELAPSED TIME : 420284ms
>>>>> PROC: NEWORD
CALLS: 1974	MIN: 4.688ms	AVG: 107.197ms	MAX: 1476.999ms	TOTAL: 211606.271ms
P99: 607.053ms	P95: 337.113ms	P50: 85.897ms	SD: 123325.866	RATIO: 50.348%
>>>>> PROC: PAYMENT
CALLS: 2038	MIN: 2.422ms	AVG: 85.183ms	MAX: 1004.302ms	TOTAL: 173603.620ms
P99: 488.879ms	P95: 282.416ms	P50: 61.306ms	SD: 102684.555	RATIO: 41.306%
>>>>> PROC: DELIVERY
CALLS: 203	MIN: 8.711ms	AVG: 134.039ms	MAX: 816.933ms	TOTAL: 27209.917ms
P99: 643.177ms	P95: 419.141ms	P50: 98.566ms	SD: 142019.932	RATIO: 6.474%
>>>>> PROC: SLEV
CALLS: 202	MIN: 0.999ms	AVG: 27.111ms	MAX: 227.295ms	TOTAL: 5476.504ms
P99: 167.156ms	P95: 90.224ms	P50: 7.569ms	SD: 37381.437	RATIO: 1.303%
>>>>> PROC: OSTAT
CALLS: 191	MIN: 0.547ms	AVG: 9.896ms	MAX: 88.754ms	TOTAL: 1890.194ms
P99: 81.108ms	P95: 75.777ms	P50: 2.905ms	SD: 21612.527	RATIO: 0.450%
+-+-+-+-+-+-+-+-+-+-+-+-+-+-+-+-+-+-+-+-+-+-+-+-+-+-+-+-+-+-+-+-+-+-+-+-+-+
>>>>> VIRTUAL USER 30 : ELAPSED TIME : 449503ms
>>>>> PROC: NEWORD
CALLS: 2316	MIN: 4.981ms	AVG: 105.788ms	MAX: 1521.767ms	TOTAL: 245005.607ms
P99: 611.355ms	P95: 358.250ms	P50: 77.458ms	SD: 126012.895	RATIO: 54.506%
>>>>> PROC: PAYMENT
CALLS: 2164	MIN: 3.131ms	AVG: 79.226ms	MAX: 1005.247ms	TOTAL: 171445.563ms
P99: 476.829ms	P95: 235.140ms	P50: 47.241ms	SD: 97409.751	RATIO: 38.141%
>>>>> PROC: DELIVERY
CALLS: 192	MIN: 7.959ms	AVG: 107.376ms	MAX: 840.091ms	TOTAL: 20616.126ms
P99: 572.554ms	P95: 309.610ms	P50: 79.337ms	SD: 118504.033	RATIO: 4.586%
>>>>> PROC: SLEV
CALLS: 211	MIN: 0.741ms	AVG: 47.187ms	MAX: 740.897ms	TOTAL: 9956.373ms
P99: 501.156ms	P95: 203.880ms	P50: 6.988ms	SD: 98177.065	RATIO: 2.215%
>>>>> PROC: OSTAT
CALLS: 237	MIN: 0.434ms	AVG: 8.060ms	MAX: 235.993ms	TOTAL: 1910.264ms
P99: 85.534ms	P95: 58.885ms	P50: 2.692ms	SD: 22345.614	RATIO: 0.425%
+-+-+-+-+-+-+-+-+-+-+-+-+-+-+-+-+-+-+-+-+-+-+-+-+-+-+-+-+-+-+-+-+-+-+-+-+-+
>>>>> VIRTUAL USER 31 : ELAPSED TIME : 449510ms
>>>>> PROC: NEWORD
CALLS: 2216	MIN: 4.983ms	AVG: 100.528ms	MAX: 982.528ms	TOTAL: 222770.372ms
P99: 604.344ms	P95: 329.117ms	P50: 74.313ms	SD: 116999.751	RATIO: 49.558%
>>>>> PROC: PAYMENT
CALLS: 2236	MIN: 1.429ms	AVG: 80.947ms	MAX: 1504.882ms	TOTAL: 180998.019ms
P99: 500.002ms	P95: 280.777ms	P50: 46.567ms	SD: 104527.233	RATIO: 40.266%
>>>>> PROC: DELIVERY
CALLS: 211	MIN: 7.970ms	AVG: 114.835ms	MAX: 1037.245ms	TOTAL: 24230.177ms
P99: 615.229ms	P95: 341.469ms	P50: 88.117ms	SD: 129977.067	RATIO: 5.390%
>>>>> PROC: SLEV
CALLS: 220	MIN: 1.275ms	AVG: 87.717ms	MAX: 2445.367ms	TOTAL: 19297.746ms
P99: 1455.486ms	P95: 449.914ms	P50: 8.811ms	SD: 268305.265	RATIO: 4.293%
>>>>> PROC: OSTAT
CALLS: 237	MIN: 0.506ms	AVG: 7.032ms	MAX: 81.454ms	TOTAL: 1666.587ms
P99: 80.474ms	P95: 48.017ms	P50: 2.427ms	SD: 16291.357	RATIO: 0.371%
+-+-+-+-+-+-+-+-+-+-+-+-+-+-+-+-+-+-+-+-+-+-+-+-+-+-+-+-+-+-+-+-+-+-+-+-+-+
>>>>> VIRTUAL USER 32 : ELAPSED TIME : 404807ms
>>>>> PROC: NEWORD
CALLS: 1907	MIN: 3.175ms	AVG: 109.748ms	MAX: 1477.346ms	TOTAL: 209288.739ms
P99: 603.720ms	P95: 357.706ms	P50: 85.130ms	SD: 123045.457	RATIO: 51.701%
>>>>> PROC: PAYMENT
CALLS: 1911	MIN: 2.717ms	AVG: 85.097ms	MAX: 880.988ms	TOTAL: 162620.009ms
P99: 551.148ms	P95: 264.852ms	P50: 63.455ms	SD: 100288.871	RATIO: 40.172%
>>>>> PROC: DELIVERY
CALLS: 195	MIN: 8.004ms	AVG: 126.777ms	MAX: 625.707ms	TOTAL: 24721.525ms
P99: 479.189ms	P95: 389.770ms	P50: 99.156ms	SD: 117234.130	RATIO: 6.107%
>>>>> PROC: SLEV
CALLS: 208	MIN: 1.106ms	AVG: 28.078ms	MAX: 249.892ms	TOTAL: 5840.243ms
P99: 173.010ms	P95: 100.772ms	P50: 7.239ms	SD: 41250.000	RATIO: 1.443%
>>>>> PROC: OSTAT
CALLS: 195	MIN: 0.310ms	AVG: 9.418ms	MAX: 85.331ms	TOTAL: 1836.474ms
P99: 82.553ms	P95: 66.302ms	P50: 3.060ms	SD: 19735.031	RATIO: 0.454%
+-+-+-+-+-+-+-+-+-+-+-+-+-+-+-+-+-+-+-+-+-+-+-+-+-+-+-+-+-+-+-+-+-+-+-+-+-+
>>>>> VIRTUAL USER 33 : ELAPSED TIME : 448183ms
>>>>> PROC: NEWORD
CALLS: 2219	MIN: 4.792ms	AVG: 97.708ms	MAX: 947.789ms	TOTAL: 216813.248ms
P99: 542.097ms	P95: 317.181ms	P50: 69.987ms	SD: 112501.509	RATIO: 48.376%
>>>>> PROC: PAYMENT
CALLS: 2220	MIN: 1.706ms	AVG: 83.050ms	MAX: 1477.881ms	TOTAL: 184370.172ms
P99: 529.278ms	P95: 294.842ms	P50: 49.607ms	SD: 107212.009	RATIO: 41.137%
>>>>> PROC: DELIVERY
CALLS: 231	MIN: 6.497ms	AVG: 131.768ms	MAX: 810.602ms	TOTAL: 30438.371ms
P99: 617.197ms	P95: 409.545ms	P50: 98.885ms	SD: 135123.156	RATIO: 6.792%
>>>>> PROC: SLEV
CALLS: 227	MIN: 1.144ms	AVG: 62.004ms	MAX: 2904.838ms	TOTAL: 14074.815ms
P99: 512.017ms	P95: 288.138ms	P50: 8.347ms	SD: 216254.346	RATIO: 3.140%
>>>>> PROC: OSTAT
CALLS: 223	MIN: 0.483ms	AVG: 8.692ms	MAX: 95.343ms	TOTAL: 1938.425ms
P99: 84.210ms	P95: 70.206ms	P50: 2.512ms	SD: 19759.545	RATIO: 0.433%
+-+-+-+-+-+-+-+-+-+-+-+-+-+-+-+-+-+-+-+-+-+-+-+-+-+-+-+-+-+-+-+-+-+-+-+-+-+
>>>>> VIRTUAL USER 34 : ELAPSED TIME : 408271ms
>>>>> PROC: NEWORD
CALLS: 1846	MIN: 5.901ms	AVG: 113.965ms	MAX: 1084.171ms	TOTAL: 210378.861ms
P99: 638.154ms	P95: 382.889ms	P50: 87.292ms	SD: 129628.157	RATIO: 51.529%
>>>>> PROC: PAYMENT
CALLS: 1807	MIN: 3.496ms	AVG: 84.506ms	MAX: 1507.495ms	TOTAL: 152702.830ms
P99: 507.053ms	P95: 290.108ms	P50: 59.639ms	SD: 104917.592	RATIO: 37.402%
>>>>> PROC: DELIVERY
CALLS: 200	MIN: 5.935ms	AVG: 121.314ms	MAX: 1000.320ms	TOTAL: 24262.893ms
P99: 599.012ms	P95: 384.457ms	P50: 92.075ms	SD: 129910.309	RATIO: 5.943%
>>>>> PROC: SLEV
CALLS: 195	MIN: 0.761ms	AVG: 97.870ms	MAX: 4596.591ms	TOTAL: 19084.741ms
P99: 1807.023ms	P95: 289.998ms	P50: 11.238ms	SD: 393273.069	RATIO: 4.675%
>>>>> PROC: OSTAT
CALLS: 176	MIN: 0.477ms	AVG: 7.771ms	MAX: 82.116ms	TOTAL: 1367.677ms
P99: 80.558ms	P95: 66.162ms	P50: 2.738ms	SD: 18361.765	RATIO: 0.335%
+-+-+-+-+-+-+-+-+-+-+-+-+-+-+-+-+-+-+-+-+-+-+-+-+-+-+-+-+-+-+-+-+-+-+-+-+-+
>>>>> VIRTUAL USER 35 : ELAPSED TIME : 405706ms
>>>>> PROC: NEWORD
CALLS: 1841	MIN: 5.067ms	AVG: 113.630ms	MAX: 1141.847ms	TOTAL: 209192.467ms
P99: 604.091ms	P95: 348.277ms	P50: 90.826ms	SD: 118440.386	RATIO: 51.563%
>>>>> PROC: PAYMENT
CALLS: 1860	MIN: 1.894ms	AVG: 83.030ms	MAX: 826.557ms	TOTAL: 154435.158ms
P99: 441.237ms	P95: 284.670ms	P50: 59.536ms	SD: 97757.749	RATIO: 38.066%
>>>>> PROC: DELIVERY
CALLS: 180	MIN: 8.579ms	AVG: 136.769ms	MAX: 1504.704ms	TOTAL: 24618.446ms
P99: 794.417ms	P95: 420.408ms	P50: 89.939ms	SD: 176912.797	RATIO: 6.068%
>>>>> PROC: SLEV
CALLS: 163	MIN: 0.685ms	AVG: 95.937ms	MAX: 2194.709ms	TOTAL: 15637.680ms
P99: 1115.861ms	P95: 303.148ms	P50: 15.511ms	SD: 269360.336	RATIO: 3.854%
>>>>> PROC: OSTAT
CALLS: 180	MIN: 0.611ms	AVG: 7.511ms	MAX: 201.029ms	TOTAL: 1351.928ms
P99: 78.025ms	P95: 50.517ms	P50: 2.846ms	SD: 20498.994	RATIO: 0.333%
+-+-+-+-+-+-+-+-+-+-+-+-+-+-+-+-+-+-+-+-+-+-+-+-+-+-+-+-+-+-+-+-+-+-+-+-+-+
>>>>> VIRTUAL USER 36 : ELAPSED TIME : 447017ms
>>>>> PROC: NEWORD
CALLS: 2259	MIN: 5.779ms	AVG: 100.314ms	MAX: 1436.530ms	TOTAL: 226608.459ms
P99: 564.972ms	P95: 324.215ms	P50: 75.383ms	SD: 117641.835	RATIO: 50.693%
>>>>> PROC: PAYMENT
CALLS: 2200	MIN: 2.951ms	AVG: 80.972ms	MAX: 1504.824ms	TOTAL: 178137.790ms
P99: 535.566ms	P95: 268.626ms	P50: 48.473ms	SD: 106624.996	RATIO: 39.850%
>>>>> PROC: DELIVERY
CALLS: 235	MIN: 7.450ms	AVG: 111.768ms	MAX: 794.376ms	TOTAL: 26265.588ms
P99: 588.677ms	P95: 333.164ms	P50: 92.550ms	SD: 114177.114	RATIO: 5.876%
>>>>> PROC: SLEV
CALLS: 206	MIN: 0.919ms	AVG: 65.410ms	MAX: 1100.702ms	TOTAL: 13474.452ms
P99: 590.681ms	P95: 340.742ms	P50: 10.221ms	SD: 134240.406	RATIO: 3.014%
>>>>> PROC: OSTAT
CALLS: 220	MIN: 0.567ms	AVG: 8.984ms	MAX: 88.259ms	TOTAL: 1976.584ms
P99: 84.684ms	P95: 73.965ms	P50: 2.369ms	SD: 20063.448	RATIO: 0.442%
+-+-+-+-+-+-+-+-+-+-+-+-+-+-+-+-+-+-+-+-+-+-+-+-+-+-+-+-+-+-+-+-+-+-+-+-+-+
>>>>> VIRTUAL USER 37 : ELAPSED TIME : 444898ms
>>>>> PROC: NEWORD
CALLS: 2298	MIN: 5.097ms	AVG: 104.235ms	MAX: 854.391ms	TOTAL: 239531.710ms
P99: 595.599ms	P95: 355.771ms	P50: 81.022ms	SD: 116375.313	RATIO: 53.840%
>>>>> PROC: PAYMENT
CALLS: 2151	MIN: 3.458ms	AVG: 79.280ms	MAX: 1504.729ms	TOTAL: 170530.717ms
P99: 444.397ms	P95: 243.496ms	P50: 50.029ms	SD: 102116.862	RATIO: 38.330%
>>>>> PROC: DELIVERY
CALLS: 219	MIN: 7.556ms	AVG: 125.106ms	MAX: 796.007ms	TOTAL: 27398.308ms
P99: 598.020ms	P95: 396.977ms	P50: 88.704ms	SD: 130708.228	RATIO: 6.158%
>>>>> PROC: SLEV
CALLS: 217	MIN: 0.888ms	AVG: 22.897ms	MAX: 127.472ms	TOTAL: 4968.541ms
P99: 123.357ms	P95: 94.719ms	P50: 6.716ms	SD: 33027.747	RATIO: 1.117%
>>>>> PROC: OSTAT
CALLS: 235	MIN: 0.382ms	AVG: 8.140ms	MAX: 88.662ms	TOTAL: 1912.999ms
P99: 79.756ms	P95: 68.280ms	P50: 2.670ms	SD: 18566.013	RATIO: 0.430%
+-+-+-+-+-+-+-+-+-+-+-+-+-+-+-+-+-+-+-+-+-+-+-+-+-+-+-+-+-+-+-+-+-+-+-+-+-+
>>>>> VIRTUAL USER 38 : ELAPSED TIME : 446003ms
>>>>> PROC: NEWORD
CALLS: 2281	MIN: 4.393ms	AVG: 98.913ms	MAX: 1474.230ms	TOTAL: 225619.964ms
P99: 591.896ms	P95: 310.352ms	P50: 76.293ms	SD: 115586.810	RATIO: 50.587%
>>>>> PROC: PAYMENT
CALLS: 2200	MIN: 3.190ms	AVG: 80.113ms	MAX: 826.656ms	TOTAL: 176248.054ms
P99: 530.283ms	P95: 277.441ms	P50: 45.787ms	SD: 102253.062	RATIO: 39.517%
>>>>> PROC: DELIVERY
CALLS: 214	MIN: 7.713ms	AVG: 110.828ms	MAX: 829.710ms	TOTAL: 23717.250ms
P99: 504.202ms	P95: 248.272ms	P50: 93.487ms	SD: 109320.204	RATIO: 5.318%
>>>>> PROC: SLEV
CALLS: 232	MIN: 0.896ms	AVG: 79.722ms	MAX: 4969.300ms	TOTAL: 18495.422ms
P99: 987.050ms	P95: 204.836ms	P50: 7.294ms	SD: 368254.186	RATIO: 4.147%
>>>>> PROC: OSTAT
CALLS: 193	MIN: 0.390ms	AVG: 7.064ms	MAX: 84.640ms	TOTAL: 1363.344ms
P99: 78.087ms	P95: 41.365ms	P50: 2.568ms	SD: 16219.441	RATIO: 0.306%
+-+-+-+-+-+-+-+-+-+-+-+-+-+-+-+-+-+-+-+-+-+-+-+-+-+-+-+-+-+-+-+-+-+-+-+-+-+
>>>>> VIRTUAL USER 39 : ELAPSED TIME : 444121ms
>>>>> PROC: NEWORD
CALLS: 2245	MIN: 4.947ms	AVG: 105.461ms	MAX: 1504.700ms	TOTAL: 236760.987ms
P99: 610.481ms	P95: 348.950ms	P50: 80.155ms	SD: 123761.819	RATIO: 53.310%
>>>>> PROC: PAYMENT
CALLS: 2174	MIN: 2.899ms	AVG: 78.487ms	MAX: 820.991ms	TOTAL: 170630.561ms
P99: 457.376ms	P95: 226.676ms	P50: 49.322ms	SD: 96028.297	RATIO: 38.420%
>>>>> PROC: DELIVERY
CALLS: 231	MIN: 8.308ms	AVG: 107.249ms	MAX: 735.277ms	TOTAL: 24774.571ms
P99: 599.891ms	P95: 366.589ms	P50: 75.940ms	SD: 120209.284	RATIO: 5.578%
>>>>> PROC: SLEV
CALLS: 243	MIN: 0.830ms	AVG: 41.607ms	MAX: 497.174ms	TOTAL: 10110.502ms
P99: 407.270ms	P95: 174.262ms	P50: 7.731ms	SD: 75205.303	RATIO: 2.277%
>>>>> PROC: OSTAT
CALLS: 227	MIN: 0.562ms	AVG: 5.679ms	MAX: 84.601ms	TOTAL: 1289.242ms
P99: 82.978ms	P95: 19.253ms	P50: 2.253ms	SD: 14537.340	RATIO: 0.290%
+-+-+-+-+-+-+-+-+-+-+-+-+-+-+-+-+-+-+-+-+-+-+-+-+-+-+-+-+-+-+-+-+-+-+-+-+-+
>>>>> VIRTUAL USER 40 : ELAPSED TIME : 400694ms
>>>>> PROC: NEWORD
CALLS: 1861	MIN: 3.249ms	AVG: 110.708ms	MAX: 1508.911ms	TOTAL: 206027.016ms
P99: 602.273ms	P95: 337.577ms	P50: 88.002ms	SD: 121968.513	RATIO: 51.418%
>>>>> PROC: PAYMENT
CALLS: 1898	MIN: 3.338ms	AVG: 86.982ms	MAX: 1004.355ms	TOTAL: 165092.221ms
P99: 491.875ms	P95: 310.040ms	P50: 62.244ms	SD: 104327.123	RATIO: 41.202%
>>>>> PROC: DELIVERY
CALLS: 182	MIN: 8.695ms	AVG: 121.606ms	MAX: 946.311ms	TOTAL: 22132.321ms
P99: 629.819ms	P95: 366.288ms	P50: 98.195ms	SD: 125231.887	RATIO: 5.523%
>>>>> PROC: SLEV
CALLS: 165	MIN: 0.981ms	AVG: 33.021ms	MAX: 791.496ms	TOTAL: 5448.446ms
P99: 177.873ms	P95: 99.564ms	P50: 9.279ms	SD: 70656.689	RATIO: 1.360%
>>>>> PROC: OSTAT
CALLS: 182	MIN: 0.525ms	AVG: 8.229ms	MAX: 87.495ms	TOTAL: 1497.706ms
P99: 80.250ms	P95: 70.492ms	P50: 2.574ms	SD: 18805.709	RATIO: 0.374%
+-+-+-+-+-+-+-+-+-+-+-+-+-+-+-+-+-+-+-+-+-+-+-+-+-+-+-+-+-+-+-+-+-+-+-+-+-+
>>>>> VIRTUAL USER 41 : ELAPSED TIME : 400612ms
>>>>> PROC: NEWORD
CALLS: 1806	MIN: 5.285ms	AVG: 111.753ms	MAX: 1477.968ms	TOTAL: 201826.345ms
P99: 613.729ms	P95: 355.470ms	P50: 88.040ms	SD: 126716.428	RATIO: 50.380%
>>>>> PROC: PAYMENT
CALLS: 1852	MIN: 1.873ms	AVG: 85.367ms	MAX: 795.870ms	TOTAL: 158099.239ms
P99: 529.947ms	P95: 273.869ms	P50: 59.950ms	SD: 103080.134	RATIO: 39.464%
>>>>> PROC: DELIVERY
CALLS: 179	MIN: 8.950ms	AVG: 143.343ms	MAX: 564.826ms	TOTAL: 25658.437ms
P99: 540.851ms	P95: 422.252ms	P50: 102.344ms	SD: 130371.840	RATIO: 6.405%
>>>>> PROC: SLEV
CALLS: 174	MIN: 0.862ms	AVG: 76.853ms	MAX: 1974.948ms	TOTAL: 13372.446ms
P99: 910.283ms	P95: 364.195ms	P50: 9.730ms	SD: 209895.434	RATIO: 3.338%
>>>>> PROC: OSTAT
CALLS: 169	MIN: 0.392ms	AVG: 7.062ms	MAX: 82.081ms	TOTAL: 1193.439ms
P99: 79.754ms	P95: 53.822ms	P50: 2.482ms	SD: 16395.903	RATIO: 0.298%
+-+-+-+-+-+-+-+-+-+-+-+-+-+-+-+-+-+-+-+-+-+-+-+-+-+-+-+-+-+-+-+-+-+-+-+-+-+
>>>>> VIRTUAL USER 42 : ELAPSED TIME : 404001ms
>>>>> PROC: NEWORD
CALLS: 1630	MIN: 5.816ms	AVG: 121.157ms	MAX: 1007.950ms	TOTAL: 197485.837ms
P99: 638.888ms	P95: 401.977ms	P50: 91.717ms	SD: 132012.992	RATIO: 48.883%
>>>>> PROC: PAYMENT
CALLS: 1496	MIN: 2.605ms	AVG: 115.835ms	MAX: 1507.787ms	TOTAL: 173289.554ms
P99: 621.320ms	P95: 382.999ms	P50: 87.198ms	SD: 130062.180	RATIO: 42.893%
>>>>> PROC: DELIVERY
CALLS: 152	MIN: 3.607ms	AVG: 119.298ms	MAX: 779.889ms	TOTAL: 18133.331ms
P99: 480.682ms	P95: 367.149ms	P50: 90.839ms	SD: 120715.093	RATIO: 4.488%
>>>>> PROC: SLEV
CALLS: 168	MIN: 1.593ms	AVG: 80.272ms	MAX: 3725.008ms	TOTAL: 13485.739ms
P99: 596.434ms	P95: 286.409ms	P50: 10.992ms	SD: 310535.684	RATIO: 3.338%
>>>>> PROC: OSTAT
CALLS: 138	MIN: 0.528ms	AVG: 8.722ms	MAX: 86.880ms	TOTAL: 1203.659ms
P99: 75.679ms	P95: 66.972ms	P50: 2.900ms	SD: 18785.513	RATIO: 0.298%
+-+-+-+-+-+-+-+-+-+-+-+-+-+-+-+-+-+-+-+-+-+-+-+-+-+-+-+-+-+-+-+-+-+-+-+-+-+
>>>>> VIRTUAL USER 43 : ELAPSED TIME : 434122ms
>>>>> PROC: PAYMENT
CALLS: 1788	MIN: 1.695ms	AVG: 112.577ms	MAX: 1521.820ms	TOTAL: 201287.351ms
P99: 609.693ms	P95: 404.733ms	P50: 84.124ms	SD: 130040.152	RATIO: 46.367%
>>>>> PROC: NEWORD
CALLS: 1771	MIN: 3.970ms	AVG: 111.438ms	MAX: 1236.671ms	TOTAL: 197356.601ms
P99: 598.136ms	P95: 376.899ms	P50: 87.967ms	SD: 121923.972	RATIO: 45.461%
>>>>> PROC: DELIVERY
CALLS: 178	MIN: 7.530ms	AVG: 114.925ms	MAX: 1075.084ms	TOTAL: 20456.568ms
P99: 631.584ms	P95: 388.839ms	P50: 87.156ms	SD: 134880.926	RATIO: 4.712%
>>>>> PROC: SLEV
CALLS: 177	MIN: 1.219ms	AVG: 74.248ms	MAX: 1220.579ms	TOTAL: 13141.815ms
P99: 616.648ms	P95: 303.998ms	P50: 11.106ms	SD: 145622.729	RATIO: 3.027%
>>>>> PROC: OSTAT
CALLS: 182	MIN: 0.609ms	AVG: 7.784ms	MAX: 82.225ms	TOTAL: 1416.729ms
P99: 80.883ms	P95: 75.031ms	P50: 2.633ms	SD: 18631.874	RATIO: 0.326%
+-+-+-+-+-+-+-+-+-+-+-+-+-+-+-+-+-+-+-+-+-+-+-+-+-+-+-+-+-+-+-+-+-+-+-+-+-+
>>>>> VIRTUAL USER 44 : ELAPSED TIME : 398941ms
>>>>> PROC: NEWORD
CALLS: 1649	MIN: 4.809ms	AVG: 113.861ms	MAX: 1505.274ms	TOTAL: 187756.044ms
P99: 632.069ms	P95: 350.451ms	P50: 90.923ms	SD: 126718.428	RATIO: 47.064%
>>>>> PROC: PAYMENT
CALLS: 1611	MIN: 3.765ms	AVG: 115.435ms	MAX: 1142.744ms	TOTAL: 185966.404ms
P99: 669.074ms	P95: 381.156ms	P50: 87.075ms	SD: 130620.097	RATIO: 46.615%
>>>>> PROC: DELIVERY
CALLS: 135	MIN: 9.733ms	AVG: 130.936ms	MAX: 634.040ms	TOTAL: 17676.385ms
P99: 618.702ms	P95: 385.006ms	P50: 96.487ms	SD: 132035.101	RATIO: 4.431%
>>>>> PROC: SLEV
CALLS: 149	MIN: 1.192ms	AVG: 39.283ms	MAX: 549.003ms	TOTAL: 5853.232ms
P99: 498.759ms	P95: 100.894ms	P50: 10.289ms	SD: 67452.290	RATIO: 1.467%
>>>>> PROC: OSTAT
CALLS: 144	MIN: 0.380ms	AVG: 8.575ms	MAX: 291.440ms	TOTAL: 1234.828ms
P99: 75.797ms	P95: 58.864ms	P50: 2.536ms	SD: 28109.854	RATIO: 0.310%
+-+-+-+-+-+-+-+-+-+-+-+-+-+-+-+-+-+-+-+-+-+-+-+-+-+-+-+-+-+-+-+-+-+-+-+-+-+
>>>>> VIRTUAL USER 45 : ELAPSED TIME : 436910ms
>>>>> PROC: NEWORD
CALLS: 1793	MIN: 5.174ms	AVG: 111.779ms	MAX: 1159.915ms	TOTAL: 200419.828ms
P99: 613.398ms	P95: 366.889ms	P50: 84.289ms	SD: 128002.961	RATIO: 45.872%
>>>>> PROC: PAYMENT
CALLS: 1770	MIN: 3.581ms	AVG: 112.085ms	MAX: 1521.883ms	TOTAL: 198390.634ms
P99: 627.303ms	P95: 385.086ms	P50: 85.258ms	SD: 135468.866	RATIO: 45.408%
>>>>> PROC: DELIVERY
CALLS: 174	MIN: 2.598ms	AVG: 115.777ms	MAX: 629.997ms	TOTAL: 20145.173ms
P99: 593.095ms	P95: 400.553ms	P50: 92.360ms	SD: 128509.798	RATIO: 4.611%
>>>>> PROC: SLEV
CALLS: 183	MIN: 0.921ms	AVG: 89.144ms	MAX: 2383.034ms	TOTAL: 16313.428ms
P99: 1407.397ms	P95: 319.154ms	P50: 11.191ms	SD: 262685.825	RATIO: 3.734%
>>>>> PROC: OSTAT
CALLS: 176	MIN: 0.418ms	AVG: 6.749ms	MAX: 114.103ms	TOTAL: 1187.810ms
P99: 80.553ms	P95: 35.852ms	P50: 2.313ms	SD: 17268.817	RATIO: 0.272%
+-+-+-+-+-+-+-+-+-+-+-+-+-+-+-+-+-+-+-+-+-+-+-+-+-+-+-+-+-+-+-+-+-+-+-+-+-+
>>>>> VIRTUAL USER 46 : ELAPSED TIME : 423660ms
>>>>> PROC: NEWORD
CALLS: 1791	MIN: 5.228ms	AVG: 110.358ms	MAX: 1477.570ms	TOTAL: 197651.305ms
P99: 616.756ms	P95: 370.189ms	P50: 86.376ms	SD: 127050.055	RATIO: 46.653%
>>>>> PROC: PAYMENT
CALLS: 1778	MIN: 1.829ms	AVG: 110.688ms	MAX: 1013.208ms	TOTAL: 196803.949ms
P99: 612.938ms	P95: 366.842ms	P50: 82.600ms	SD: 126199.854	RATIO: 46.453%
>>>>> PROC: DELIVERY
CALLS: 166	MIN: 8.194ms	AVG: 129.259ms	MAX: 705.593ms	TOTAL: 21456.940ms
P99: 627.977ms	P95: 416.872ms	P50: 97.914ms	SD: 133196.261	RATIO: 5.065%
>>>>> PROC: SLEV
CALLS: 176	MIN: 0.994ms	AVG: 32.918ms	MAX: 173.752ms	TOTAL: 5793.509ms
P99: 163.893ms	P95: 104.294ms	P50: 7.940ms	SD: 41740.050	RATIO: 1.367%
>>>>> PROC: OSTAT
CALLS: 185	MIN: 0.363ms	AVG: 8.121ms	MAX: 92.107ms	TOTAL: 1502.426ms
P99: 84.995ms	P95: 75.019ms	P50: 2.718ms	SD: 19338.293	RATIO: 0.355%
+-+-+-+-+-+-+-+-+-+-+-+-+-+-+-+-+-+-+-+-+-+-+-+-+-+-+-+-+-+-+-+-+-+-+-+-+-+
>>>>> VIRTUAL USER 47 : ELAPSED TIME : 432415ms
>>>>> PROC: PAYMENT
CALLS: 1817	MIN: 2.892ms	AVG: 109.606ms	MAX: 1477.812ms	TOTAL: 199153.270ms
P99: 725.638ms	P95: 381.471ms	P50: 80.512ms	SD: 137840.677	RATIO: 46.056%
>>>>> PROC: NEWORD
CALLS: 1741	MIN: 4.877ms	AVG: 110.764ms	MAX: 898.801ms	TOTAL: 192840.398ms
P99: 608.710ms	P95: 385.165ms	P50: 83.651ms	SD: 120554.271	RATIO: 44.596%
>>>>> PROC: DELIVERY
CALLS: 182	MIN: 7.470ms	AVG: 119.641ms	MAX: 798.736ms	TOTAL: 21774.598ms
P99: 415.889ms	P95: 357.080ms	P50: 96.837ms	SD: 115287.156	RATIO: 5.036%
>>>>> PROC: SLEV
CALLS: 181	MIN: 0.824ms	AVG: 90.930ms	MAX: 4400.653ms	TOTAL: 16458.355ms
P99: 785.607ms	P95: 305.654ms	P50: 8.745ms	SD: 391781.752	RATIO: 3.806%
>>>>> PROC: OSTAT
CALLS: 175	MIN: 0.331ms	AVG: 9.913ms	MAX: 90.302ms	TOTAL: 1734.776ms
P99: 85.392ms	P95: 74.569ms	P50: 2.383ms	SD: 21768.523	RATIO: 0.401%
+-+-+-+-+-+-+-+-+-+-+-+-+-+-+-+-+-+-+-+-+-+-+-+-+-+-+-+-+-+-+-+-+-+-+-+-+-+
>>>>> VIRTUAL USER 48 : ELAPSED TIME : 432114ms
>>>>> PROC: NEWORD
CALLS: 1798	MIN: 5.220ms	AVG: 112.832ms	MAX: 1299.050ms	TOTAL: 202871.914ms
P99: 631.033ms	P95: 381.513ms	P50: 87.713ms	SD: 128028.092	RATIO: 46.949%
>>>>> PROC: PAYMENT
CALLS: 1752	MIN: 3.503ms	AVG: 109.836ms	MAX: 1524.275ms	TOTAL: 192432.638ms
P99: 626.313ms	P95: 374.245ms	P50: 81.026ms	SD: 130965.040	RATIO: 44.533%
>>>>> PROC: DELIVERY
CALLS: 164	MIN: 6.112ms	AVG: 119.447ms	MAX: 636.524ms	TOTAL: 19589.250ms
P99: 425.668ms	P95: 341.083ms	P50: 95.330ms	SD: 111676.781	RATIO: 4.533%
>>>>> PROC: SLEV
CALLS: 204	MIN: 1.234ms	AVG: 76.948ms	MAX: 2793.980ms	TOTAL: 15697.401ms
P99: 1171.217ms	P95: 246.067ms	P50: 9.603ms	SD: 276169.701	RATIO: 3.633%
>>>>> PROC: OSTAT
CALLS: 178	MIN: 0.269ms	AVG: 6.082ms	MAX: 85.612ms	TOTAL: 1082.516ms
P99: 81.577ms	P95: 38.167ms	P50: 1.957ms	SD: 15174.676	RATIO: 0.251%
+-+-+-+-+-+-+-+-+-+-+-+-+-+-+-+-+-+-+-+-+-+-+-+-+-+-+-+-+-+-+-+-+-+-+-+-+-+
>>>>> VIRTUAL USER 49 : ELAPSED TIME : 429871ms
>>>>> PROC: NEWORD
CALLS: 1764	MIN: 4.336ms	AVG: 112.877ms	MAX: 1178.779ms	TOTAL: 199115.249ms
P99: 571.543ms	P95: 395.861ms	P50: 88.566ms	SD: 123884.874	RATIO: 46.320%
>>>>> PROC: PAYMENT
CALLS: 1777	MIN: 2.861ms	AVG: 108.667ms	MAX: 1475.974ms	TOTAL: 193100.617ms
P99: 638.368ms	P95: 389.682ms	P50: 78.758ms	SD: 136384.361	RATIO: 44.921%
>>>>> PROC: DELIVERY
CALLS: 208	MIN: 8.760ms	AVG: 106.034ms	MAX: 552.247ms	TOTAL: 22055.133ms
P99: 432.901ms	P95: 330.782ms	P50: 91.309ms	SD: 103404.781	RATIO: 5.131%
>>>>> PROC: SLEV
CALLS: 187	MIN: 0.877ms	AVG: 74.575ms	MAX: 1739.443ms	TOTAL: 13945.512ms
P99: 748.576ms	P95: 393.280ms	P50: 11.964ms	SD: 178027.760	RATIO: 3.244%
>>>>> PROC: OSTAT
CALLS: 160	MIN: 0.433ms	AVG: 7.483ms	MAX: 84.388ms	TOTAL: 1197.263ms
P99: 78.754ms	P95: 61.292ms	P50: 2.182ms	SD: 17700.950	RATIO: 0.279%
+-+-+-+-+-+-+-+-+-+-+-+-+-+-+-+-+-+-+-+-+-+-+-+-+-+-+-+-+-+-+-+-+-+-+-+-+-+
>>>>> VIRTUAL USER 50 : ELAPSED TIME : 433774ms
>>>>> PROC: NEWORD
CALLS: 1778	MIN: 4.698ms	AVG: 111.665ms	MAX: 945.942ms	TOTAL: 198539.893ms
P99: 616.660ms	P95: 364.942ms	P50: 88.774ms	SD: 119488.143	RATIO: 45.770%
>>>>> PROC: PAYMENT
CALLS: 1776	MIN: 2.001ms	AVG: 111.123ms	MAX: 1093.817ms	TOTAL: 197354.377ms
P99: 634.348ms	P95: 375.336ms	P50: 81.192ms	SD: 130428.843	RATIO: 45.497%
>>>>> PROC: DELIVERY
CALLS: 178	MIN: 9.032ms	AVG: 128.721ms	MAX: 1505.085ms	TOTAL: 22912.350ms
P99: 600.393ms	P95: 402.367ms	P50: 97.799ms	SD: 164076.234	RATIO: 5.282%
>>>>> PROC: SLEV
CALLS: 190	MIN: 0.963ms	AVG: 70.758ms	MAX: 2980.000ms	TOTAL: 13444.015ms
P99: 698.059ms	P95: 147.964ms	P50: 8.688ms	SD: 267608.620	RATIO: 3.099%
>>>>> PROC: OSTAT
CALLS: 174	MIN: 0.450ms	AVG: 6.122ms	MAX: 90.323ms	TOTAL: 1065.220ms
P99: 71.255ms	P95: 36.263ms	P50: 2.094ms	SD: 15067.907	RATIO: 0.246%
+-+-+-+-+-+-+-+-+-+-+-+-+-+-+-+-+-+-+-+-+-+-+-+-+-+-+-+-+-+-+-+-+-+-+-+-+-+
>>>>> VIRTUAL USER 51 : ELAPSED TIME : 431554ms
>>>>> PROC: NEWORD
CALLS: 1822	MIN: 5.616ms	AVG: 113.868ms	MAX: 1072.537ms	TOTAL: 207467.373ms
P99: 619.317ms	P95: 396.056ms	P50: 87.311ms	SD: 127178.779	RATIO: 48.074%
>>>>> PROC: PAYMENT
CALLS: 1788	MIN: 2.618ms	AVG: 104.334ms	MAX: 1521.490ms	TOTAL: 186550.017ms
P99: 639.745ms	P95: 352.848ms	P50: 73.459ms	SD: 128589.199	RATIO: 43.228%
>>>>> PROC: DELIVERY
CALLS: 170	MIN: 8.886ms	AVG: 119.009ms	MAX: 819.072ms	TOTAL: 20231.550ms
P99: 710.618ms	P95: 374.337ms	P50: 94.143ms	SD: 132272.348	RATIO: 4.688%
>>>>> PROC: SLEV
CALLS: 167	MIN: 1.099ms	AVG: 93.352ms	MAX: 1682.751ms	TOTAL: 15589.828ms
P99: 709.827ms	P95: 403.150ms	P50: 23.285ms	SD: 194919.748	RATIO: 3.612%
>>>>> PROC: OSTAT
CALLS: 149	MIN: 0.556ms	AVG: 8.389ms	MAX: 83.274ms	TOTAL: 1249.983ms
P99: 79.659ms	P95: 70.883ms	P50: 2.217ms	SD: 19224.135	RATIO: 0.290%
+-+-+-+-+-+-+-+-+-+-+-+-+-+-+-+-+-+-+-+-+-+-+-+-+-+-+-+-+-+-+-+-+-+-+-+-+-+
>>>>> VIRTUAL USER 52 : ELAPSED TIME : 434292ms
>>>>> PROC: NEWORD
CALLS: 1798	MIN: 5.016ms	AVG: 111.756ms	MAX: 1506.541ms	TOTAL: 200937.134ms
P99: 601.835ms	P95: 387.411ms	P50: 86.860ms	SD: 126402.377	RATIO: 46.268%
>>>>> PROC: PAYMENT
CALLS: 1759	MIN: 3.646ms	AVG: 110.114ms	MAX: 1027.484ms	TOTAL: 193690.334ms
P99: 638.213ms	P95: 389.795ms	P50: 82.634ms	SD: 127742.907	RATIO: 44.599%
>>>>> PROC: DELIVERY
CALLS: 189	MIN: 6.384ms	AVG: 112.126ms	MAX: 881.053ms	TOTAL: 21191.895ms
P99: 504.597ms	P95: 384.269ms	P50: 85.581ms	SD: 127085.934	RATIO: 4.880%
>>>>> PROC: SLEV
CALLS: 188	MIN: 0.765ms	AVG: 90.832ms	MAX: 4301.973ms	TOTAL: 17076.425ms
P99: 636.007ms	P95: 294.789ms	P50: 7.802ms	SD: 435171.810	RATIO: 3.932%
>>>>> PROC: OSTAT
CALLS: 162	MIN: 0.528ms	AVG: 5.856ms	MAX: 81.319ms	TOTAL: 948.744ms
P99: 76.011ms	P95: 32.802ms	P50: 2.645ms	SD: 13870.518	RATIO: 0.218%
+-+-+-+-+-+-+-+-+-+-+-+-+-+-+-+-+-+-+-+-+-+-+-+-+-+-+-+-+-+-+-+-+-+-+-+-+-+
>>>>> VIRTUAL USER 53 : ELAPSED TIME : 398684ms
>>>>> PROC: PAYMENT
CALLS: 1574	MIN: 3.251ms	AVG: 119.302ms	MAX: 1507.491ms	TOTAL: 187781.557ms
P99: 670.367ms	P95: 397.084ms	P50: 88.964ms	SD: 135524.803	RATIO: 47.100%
>>>>> PROC: NEWORD
CALLS: 1476	MIN: 5.690ms	AVG: 119.255ms	MAX: 1272.261ms	TOTAL: 176020.661ms
P99: 617.224ms	P95: 402.072ms	P50: 91.499ms	SD: 131012.783	RATIO: 44.150%
>>>>> PROC: DELIVERY
CALLS: 161	MIN: 5.996ms	AVG: 113.290ms	MAX: 796.297ms	TOTAL: 18239.764ms
P99: 606.705ms	P95: 307.445ms	P50: 93.077ms	SD: 119043.802	RATIO: 4.575%
>>>>> PROC: SLEV
CALLS: 162	MIN: 0.780ms	AVG: 93.723ms	MAX: 2944.356ms	TOTAL: 15183.060ms
P99: 706.991ms	P95: 425.939ms	P50: 12.174ms	SD: 267223.093	RATIO: 3.808%
>>>>> PROC: OSTAT
CALLS: 147	MIN: 0.527ms	AVG: 7.310ms	MAX: 86.551ms	TOTAL: 1074.513ms
P99: 80.103ms	P95: 57.372ms	P50: 2.363ms	SD: 17166.742	RATIO: 0.270%
+-+-+-+-+-+-+-+-+-+-+-+-+-+-+-+-+-+-+-+-+-+-+-+-+-+-+-+-+-+-+-+-+-+-+-+-+-+
>>>>> VIRTUAL USER 54 : ELAPSED TIME : 397228ms
>>>>> PROC: PAYMENT
CALLS: 1586	MIN: 1.947ms	AVG: 117.616ms	MAX: 1478.026ms	TOTAL: 186539.139ms
P99: 629.398ms	P95: 393.840ms	P50: 89.227ms	SD: 133853.539	RATIO: 46.960%
>>>>> PROC: NEWORD
CALLS: 1567	MIN: 5.293ms	AVG: 116.400ms	MAX: 1141.333ms	TOTAL: 182399.110ms
P99: 612.625ms	P95: 395.729ms	P50: 90.400ms	SD: 129017.431	RATIO: 45.918%
>>>>> PROC: DELIVERY
CALLS: 162	MIN: 2.909ms	AVG: 127.846ms	MAX: 671.115ms	TOTAL: 20711.050ms
P99: 584.423ms	P95: 393.235ms	P50: 97.714ms	SD: 129274.178	RATIO: 5.214%
>>>>> PROC: SLEV
CALLS: 181	MIN: 0.725ms	AVG: 32.118ms	MAX: 243.050ms	TOTAL: 5813.330ms
P99: 196.162ms	P95: 100.104ms	P50: 7.188ms	SD: 43573.909	RATIO: 1.463%
>>>>> PROC: OSTAT
CALLS: 152	MIN: 0.444ms	AVG: 8.865ms	MAX: 84.348ms	TOTAL: 1347.537ms
P99: 82.454ms	P95: 70.169ms	P50: 2.734ms	SD: 19772.801	RATIO: 0.339%
+-+-+-+-+-+-+-+-+-+-+-+-+-+-+-+-+-+-+-+-+-+-+-+-+-+-+-+-+-+-+-+-+-+-+-+-+-+
>>>>> VIRTUAL USER 55 : ELAPSED TIME : 400932ms
>>>>> PROC: PAYMENT
CALLS: 1539	MIN: 1.309ms	AVG: 120.633ms	MAX: 1504.711ms	TOTAL: 185654.642ms
P99: 660.262ms	P95: 406.499ms	P50: 87.316ms	SD: 140393.801	RATIO: 46.306%
>>>>> PROC: NEWORD
CALLS: 1508	MIN: 3.406ms	AVG: 118.465ms	MAX: 1005.902ms	TOTAL: 178644.865ms
P99: 619.258ms	P95: 398.001ms	P50: 92.423ms	SD: 126726.413	RATIO: 44.557%
>>>>> PROC: DELIVERY
CALLS: 162	MIN: 4.676ms	AVG: 133.187ms	MAX: 734.657ms	TOTAL: 21576.231ms
P99: 651.363ms	P95: 382.592ms	P50: 98.934ms	SD: 138293.088	RATIO: 5.382%
>>>>> PROC: SLEV
CALLS: 165	MIN: 1.311ms	AVG: 80.804ms	MAX: 1305.633ms	TOTAL: 13332.731ms
P99: 586.550ms	P95: 313.457ms	P50: 15.683ms	SD: 147370.841	RATIO: 3.325%
>>>>> PROC: OSTAT
CALLS: 146	MIN: 0.383ms	AVG: 8.982ms	MAX: 85.890ms	TOTAL: 1311.378ms
P99: 81.229ms	P95: 68.361ms	P50: 3.013ms	SD: 19128.568	RATIO: 0.327%
+-+-+-+-+-+-+-+-+-+-+-+-+-+-+-+-+-+-+-+-+-+-+-+-+-+-+-+-+-+-+-+-+-+-+-+-+-+
>>>>> VIRTUAL USER 56 : ELAPSED TIME : 434888ms
>>>>> PROC: NEWORD
CALLS: 1790	MIN: 5.310ms	AVG: 111.104ms	MAX: 1030.121ms	TOTAL: 198876.541ms
P99: 597.448ms	P95: 349.776ms	P50: 86.222ms	SD: 121197.408	RATIO: 45.731%
>>>>> PROC: PAYMENT
CALLS: 1773	MIN: 3.437ms	AVG: 110.484ms	MAX: 1510.609ms	TOTAL: 195888.835ms
P99: 633.441ms	P95: 410.866ms	P50: 77.245ms	SD: 139910.299	RATIO: 45.044%
>>>>> PROC: DELIVERY
CALLS: 204	MIN: 6.970ms	AVG: 121.928ms	MAX: 870.652ms	TOTAL: 24873.362ms
P99: 600.083ms	P95: 387.784ms	P50: 92.693ms	SD: 122772.874	RATIO: 5.719%
>>>>> PROC: SLEV
CALLS: 154	MIN: 1.128ms	AVG: 89.568ms	MAX: 2972.311ms	TOTAL: 13793.494ms
P99: 1307.409ms	P95: 309.553ms	P50: 7.617ms	SD: 331783.895	RATIO: 3.172%
>>>>> PROC: OSTAT
CALLS: 175	MIN: 0.469ms	AVG: 5.767ms	MAX: 81.188ms	TOTAL: 1009.217ms
P99: 75.933ms	P95: 8.836ms	P50: 2.277ms	SD: 14402.531	RATIO: 0.232%
+-+-+-+-+-+-+-+-+-+-+-+-+-+-+-+-+-+-+-+-+-+-+-+-+-+-+-+-+-+-+-+-+-+-+-+-+-+
>>>>> VIRTUAL USER 57 : ELAPSED TIME : 426070ms
>>>>> PROC: PAYMENT
CALLS: 1812	MIN: 3.454ms	AVG: 111.879ms	MAX: 1524.787ms	TOTAL: 202724.345ms
P99: 643.345ms	P95: 389.149ms	P50: 78.890ms	SD: 138182.111	RATIO: 47.580%
>>>>> PROC: NEWORD
CALLS: 1776	MIN: 4.020ms	AVG: 110.059ms	MAX: 1242.175ms	TOTAL: 195464.990ms
P99: 587.713ms	P95: 371.121ms	P50: 88.139ms	SD: 118755.476	RATIO: 45.876%
>>>>> PROC: DELIVERY
CALLS: 163	MIN: 8.759ms	AVG: 125.699ms	MAX: 658.643ms	TOTAL: 20488.880ms
P99: 561.962ms	P95: 356.307ms	P50: 99.753ms	SD: 120239.713	RATIO: 4.809%
>>>>> PROC: SLEV
CALLS: 178	MIN: 1.089ms	AVG: 32.546ms	MAX: 1004.574ms	TOTAL: 5793.193ms
P99: 182.848ms	P95: 93.840ms	P50: 7.686ms	SD: 82001.990	RATIO: 1.360%
>>>>> PROC: OSTAT
CALLS: 167	MIN: 0.647ms	AVG: 6.853ms	MAX: 88.859ms	TOTAL: 1144.505ms
P99: 82.234ms	P95: 34.334ms	P50: 2.722ms	SD: 16220.663	RATIO: 0.269%
+-+-+-+-+-+-+-+-+-+-+-+-+-+-+-+-+-+-+-+-+-+-+-+-+-+-+-+-+-+-+-+-+-+-+-+-+-+
>>>>> VIRTUAL USER 58 : ELAPSED TIME : 391908ms
>>>>> PROC: PAYMENT
CALLS: 1589	MIN: 3.044ms	AVG: 124.642ms	MAX: 1504.474ms	TOTAL: 198056.520ms
P99: 760.370ms	P95: 413.409ms	P50: 88.411ms	SD: 149644.294	RATIO: 50.536%
>>>>> PROC: NEWORD
CALLS: 1531	MIN: 4.697ms	AVG: 111.032ms	MAX: 1737.544ms	TOTAL: 169989.889ms
P99: 577.163ms	P95: 347.325ms	P50: 89.046ms	SD: 119332.679	RATIO: 43.375%
>>>>> PROC: DELIVERY
CALLS: 152	MIN: 4.543ms	AVG: 113.408ms	MAX: 625.105ms	TOTAL: 17237.962ms
P99: 520.336ms	P95: 342.046ms	P50: 87.894ms	SD: 115581.893	RATIO: 4.398%
>>>>> PROC: SLEV
CALLS: 159	MIN: 1.101ms	AVG: 32.685ms	MAX: 333.823ms	TOTAL: 5196.907ms
P99: 112.289ms	P95: 94.329ms	P50: 9.176ms	SD: 43543.459	RATIO: 1.326%
>>>>> PROC: OSTAT
CALLS: 145	MIN: 0.604ms	AVG: 6.947ms	MAX: 83.054ms	TOTAL: 1007.343ms
P99: 78.309ms	P95: 60.220ms	P50: 2.329ms	SD: 16103.482	RATIO: 0.257%
+-+-+-+-+-+-+-+-+-+-+-+-+-+-+-+-+-+-+-+-+-+-+-+-+-+-+-+-+-+-+-+-+-+-+-+-+-+
>>>>> VIRTUAL USER 59 : ELAPSED TIME : 425587ms
>>>>> PROC: PAYMENT
CALLS: 1782	MIN: 3.024ms	AVG: 113.296ms	MAX: 1142.635ms	TOTAL: 201894.221ms
P99: 625.104ms	P95: 402.568ms	P50: 83.459ms	SD: 131765.550	RATIO: 47.439%
>>>>> PROC: NEWORD
CALLS: 1766	MIN: 3.789ms	AVG: 111.300ms	MAX: 1477.603ms	TOTAL: 196555.512ms
P99: 578.804ms	P95: 360.141ms	P50: 87.461ms	SD: 120430.963	RATIO: 46.185%
>>>>> PROC: DELIVERY
CALLS: 184	MIN: 7.267ms	AVG: 108.414ms	MAX: 677.342ms	TOTAL: 19948.108ms
P99: 507.750ms	P95: 383.762ms	P50: 88.700ms	SD: 112042.835	RATIO: 4.687%
>>>>> PROC: SLEV
CALLS: 182	MIN: 0.717ms	AVG: 28.053ms	MAX: 241.135ms	TOTAL: 5105.670ms
P99: 178.270ms	P95: 95.250ms	P50: 7.516ms	SD: 40398.433	RATIO: 1.200%
>>>>> PROC: OSTAT
CALLS: 182	MIN: 0.637ms	AVG: 8.965ms	MAX: 210.469ms	TOTAL: 1631.564ms
P99: 81.054ms	P95: 74.168ms	P50: 2.740ms	SD: 23399.936	RATIO: 0.383%
+-+-+-+-+-+-+-+-+-+-+-+-+-+-+-+-+-+-+-+-+-+-+-+-+-+-+-+-+-+-+-+-+-+-+-+-+-+
>>>>> VIRTUAL USER 60 : ELAPSED TIME : 393813ms
>>>>> PROC: PAYMENT
CALLS: 1520	MIN: 3.751ms	AVG: 123.642ms	MAX: 1504.515ms	TOTAL: 187935.124ms
P99: 705.608ms	P95: 407.293ms	P50: 89.179ms	SD: 147574.476	RATIO: 47.722%
>>>>> PROC: NEWORD
CALLS: 1570	MIN: 5.652ms	AVG: 117.032ms	MAX: 1163.181ms	TOTAL: 183740.204ms
P99: 618.518ms	P95: 386.926ms	P50: 91.037ms	SD: 124661.758	RATIO: 46.657%
>>>>> PROC: DELIVERY
CALLS: 146	MIN: 7.598ms	AVG: 104.362ms	MAX: 608.231ms	TOTAL: 15236.834ms
P99: 496.197ms	P95: 297.025ms	P50: 90.149ms	SD: 103630.775	RATIO: 3.869%
>>>>> PROC: SLEV
CALLS: 177	MIN: 1.083ms	AVG: 30.029ms	MAX: 182.604ms	TOTAL: 5315.075ms
P99: 107.001ms	P95: 94.349ms	P50: 8.320ms	SD: 37042.340	RATIO: 1.350%
>>>>> PROC: OSTAT
CALLS: 155	MIN: 0.447ms	AVG: 7.688ms	MAX: 90.251ms	TOTAL: 1191.706ms
P99: 78.734ms	P95: 60.725ms	P50: 2.237ms	SD: 17441.900	RATIO: 0.303%
+-+-+-+-+-+-+-+-+-+-+-+-+-+-+-+-+-+-+-+-+-+-+-+-+-+-+-+-+-+-+-+-+-+-+-+-+-+
>>>>> VIRTUAL USER 61 : ELAPSED TIME : 430267ms
>>>>> PROC: PAYMENT
CALLS: 1785	MIN: 3.409ms	AVG: 110.664ms	MAX: 1507.377ms	TOTAL: 197535.501ms
P99: 637.798ms	P95: 395.007ms	P50: 79.404ms	SD: 137004.767	RATIO: 45.910%
>>>>> PROC: NEWORD
CALLS: 1759	MIN: 4.075ms	AVG: 110.628ms	MAX: 1023.297ms	TOTAL: 194595.411ms
P99: 607.781ms	P95: 393.395ms	P50: 86.882ms	SD: 123921.041	RATIO: 45.227%
>>>>> PROC: SLEV
CALLS: 186	MIN: 1.207ms	AVG: 99.448ms	MAX: 5002.005ms	TOTAL: 18497.310ms
P99: 1564.999ms	P95: 390.833ms	P50: 10.784ms	SD: 407407.409	RATIO: 4.299%
>>>>> PROC: DELIVERY
CALLS: 159	MIN: 6.038ms	AVG: 111.304ms	MAX: 662.864ms	TOTAL: 17697.363ms
P99: 625.633ms	P95: 317.345ms	P50: 89.264ms	SD: 120878.724	RATIO: 4.113%
>>>>> PROC: OSTAT
CALLS: 207	MIN: 0.334ms	AVG: 7.214ms	MAX: 82.623ms	TOTAL: 1493.299ms
P99: 76.510ms	P95: 58.615ms	P50: 2.312ms	SD: 16964.002	RATIO: 0.347%
+-+-+-+-+-+-+-+-+-+-+-+-+-+-+-+-+-+-+-+-+-+-+-+-+-+-+-+-+-+-+-+-+-+-+-+-+-+
>>>>> VIRTUAL USER 62 : ELAPSED TIME : 390706ms
>>>>> PROC: NEWORD
CALLS: 1573	MIN: 6.032ms	AVG: 115.604ms	MAX: 1035.841ms	TOTAL: 181845.713ms
P99: 603.805ms	P95: 369.178ms	P50: 89.809ms	SD: 122278.781	RATIO: 46.543%
>>>>> PROC: PAYMENT
CALLS: 1482	MIN: 1.238ms	AVG: 118.361ms	MAX: 1507.452ms	TOTAL: 175411.166ms
P99: 656.035ms	P95: 413.686ms	P50: 85.132ms	SD: 139875.946	RATIO: 44.896%
>>>>> PROC: DELIVERY
CALLS: 150	MIN: 4.712ms	AVG: 122.451ms	MAX: 610.136ms	TOTAL: 18367.632ms
P99: 572.439ms	P95: 309.631ms	P50: 101.858ms	SD: 110056.821	RATIO: 4.701%
>>>>> PROC: SLEV
CALLS: 124	MIN: 1.406ms	AVG: 112.022ms	MAX: 4739.729ms	TOTAL: 13890.751ms
P99: 1931.959ms	P95: 284.283ms	P50: 17.632ms	SD: 460588.672	RATIO: 3.555%
>>>>> PROC: OSTAT
CALLS: 127	MIN: 0.590ms	AVG: 6.326ms	MAX: 73.331ms	TOTAL: 803.464ms
P99: 71.997ms	P95: 44.503ms	P50: 2.500ms	SD: 14124.471	RATIO: 0.206%
+-+-+-+-+-+-+-+-+-+-+-+-+-+-+-+-+-+-+-+-+-+-+-+-+-+-+-+-+-+-+-+-+-+-+-+-+-+
>>>>> VIRTUAL USER 63 : ELAPSED TIME : 424817ms
>>>>> PROC: PAYMENT
CALLS: 1821	MIN: 3.368ms	AVG: 112.223ms	MAX: 1507.838ms	TOTAL: 204357.527ms
P99: 625.764ms	P95: 402.568ms	P50: 82.009ms	SD: 135475.879	RATIO: 48.105%
>>>>> PROC: NEWORD
CALLS: 1742	MIN: 4.524ms	AVG: 110.591ms	MAX: 880.289ms	TOTAL: 192650.084ms
P99: 587.739ms	P95: 327.496ms	P50: 88.437ms	SD: 114774.656	RATIO: 45.349%
>>>>> PROC: DELIVERY
CALLS: 156	MIN: 5.054ms	AVG: 132.869ms	MAX: 1096.829ms	TOTAL: 20727.596ms
P99: 617.795ms	P95: 379.089ms	P50: 98.060ms	SD: 149532.020	RATIO: 4.879%
>>>>> PROC: SLEV
CALLS: 198	MIN: 0.864ms	AVG: 27.344ms	MAX: 402.983ms	TOTAL: 5414.049ms
P99: 167.178ms	P95: 96.289ms	P50: 7.795ms	SD: 45188.100	RATIO: 1.274%
>>>>> PROC: OSTAT
CALLS: 179	MIN: 0.410ms	AVG: 6.844ms	MAX: 84.791ms	TOTAL: 1225.030ms
P99: 79.010ms	P95: 51.998ms	P50: 2.544ms	SD: 16649.718	RATIO: 0.288%
+-+-+-+-+-+-+-+-+-+-+-+-+-+-+-+-+-+-+-+-+-+-+-+-+-+-+-+-+-+-+-+-+-+-+-+-+-+
>>>>> VIRTUAL USER 64 : ELAPSED TIME : 389723ms
>>>>> PROC: PAYMENT
CALLS: 1529	MIN: 3.425ms	AVG: 119.067ms	MAX: 1521.889ms	TOTAL: 182053.162ms
P99: 626.341ms	P95: 404.466ms	P50: 87.715ms	SD: 135135.858	RATIO: 46.713%
>>>>> PROC: NEWORD
CALLS: 1470	MIN: 5.117ms	AVG: 120.202ms	MAX: 858.130ms	TOTAL: 176697.121ms
P99: 626.475ms	P95: 395.983ms	P50: 92.159ms	SD: 127473.590	RATIO: 45.339%
>>>>> PROC: DELIVERY
CALLS: 140	MIN: 6.858ms	AVG: 130.207ms	MAX: 829.075ms	TOTAL: 18228.931ms
P99: 634.132ms	P95: 408.022ms	P50: 95.410ms	SD: 137625.017	RATIO: 4.677%
>>>>> PROC: SLEV
CALLS: 139	MIN: 1.303ms	AVG: 83.282ms	MAX: 1683.448ms	TOTAL: 11576.218ms
P99: 961.971ms	P95: 303.125ms	P50: 13.455ms	SD: 200059.499	RATIO: 2.970%
>>>>> PROC: OSTAT
CALLS: 122	MIN: 0.606ms	AVG: 6.436ms	MAX: 79.369ms	TOTAL: 785.169ms
P99: 79.073ms	P95: 21.334ms	P50: 3.138ms	SD: 14433.361	RATIO: 0.201%
+-+-+-+-+-+-+-+-+-+-+-+-+-+-+-+-+-+-+-+-+-+-+-+-+-+-+-+-+-+-+-+-+-+-+-+-+-+
>>>>> VIRTUAL USER 65 : ELAPSED TIME : 430545ms
>>>>> PROC: PAYMENT
CALLS: 1807	MIN: 2.223ms	AVG: 108.281ms	MAX: 1517.709ms	TOTAL: 195664.245ms
P99: 621.967ms	P95: 380.131ms	P50: 74.194ms	SD: 135285.218	RATIO: 45.446%
>>>>> PROC: NEWORD
CALLS: 1768	MIN: 3.733ms	AVG: 110.159ms	MAX: 1278.148ms	TOTAL: 194760.466ms
P99: 611.647ms	P95: 368.604ms	P50: 83.646ms	SD: 126884.166	RATIO: 45.236%
>>>>> PROC: SLEV
CALLS: 194	MIN: 0.811ms	AVG: 109.451ms	MAX: 4833.991ms	TOTAL: 21233.498ms
P99: 1012.819ms	P95: 496.571ms	P50: 12.120ms	SD: 399507.850	RATIO: 4.932%
>>>>> PROC: DELIVERY
CALLS: 156	MIN: 8.507ms	AVG: 110.157ms	MAX: 602.268ms	TOTAL: 17184.469ms
P99: 408.700ms	P95: 300.914ms	P50: 95.331ms	SD: 106955.819	RATIO: 3.991%
>>>>> PROC: OSTAT
CALLS: 171	MIN: 0.452ms	AVG: 7.445ms	MAX: 84.158ms	TOTAL: 1273.149ms
P99: 78.682ms	P95: 57.178ms	P50: 2.509ms	SD: 17289.976	RATIO: 0.296%
+-+-+-+-+-+-+-+-+-+-+-+-+-+-+-+-+-+-+-+-+-+-+-+-+-+-+-+-+-+-+-+-+-+-+-+-+-+
>>>>> SUMMARY OF 64 ACTIVE VIRTUAL USERS : MEDIAN ELAPSED TIME : 425828ms
>>>>> PROC: NEWORD
CALLS: 239328	MIN: 1.774ms	AVG: 107.870ms	MAX: 1737.546ms	TOTAL: 25816486.315ms
P99: 609.165ms	P95: 363.726ms	P50: 83.875ms	SD: 123140.009	RATIO: 94.729%
>>>>> PROC: PAYMENT
CALLS: 238646	MIN: 0.990ms	AVG: 101.086ms	MAX: 1767.711ms	TOTAL: 24123776.409ms
P99: 617.755ms	P95: 354.938ms	P50: 73.070ms	SD: 124697.901	RATIO: 88.518%
>>>>> PROC: DELIVERY
CALLS: 23810	MIN: 2.286ms	AVG: 115.989ms	MAX: 1505.084ms	TOTAL: 2761707.503ms
P99: 610.344ms	P95: 384.269ms	P50: 91.495ms	SD: 125605.184	RATIO: 10.134%
>>>>> PROC: SLEV
CALLS: 24046	MIN: 0.612ms	AVG: 63.437ms	MAX: 5600.833ms	TOTAL: 1525429.130ms
P99: 748.576ms	P95: 218.370ms	P50: 8.445ms	SD: 235118.739	RATIO: 5.597%
>>>>> PROC: OSTAT
CALLS: 23378	MIN: 0.269ms	AVG: 7.473ms	MAX: 609.841ms	TOTAL: 174721.573ms
P99: 81.107ms	P95: 63.706ms	P50: 2.439ms	SD: 18643.138	RATIO: 0.641%
+-+-+-+-+-+-+-+-+-+-+-+-+-+-+-+-+-+-+-+-+-+-+-+-+-+-+-+-+-+-+-+-+-+-+-+-+-+
