PostgreSQL Hammerdb Time Profile Report @ Mon May 19 01:21:55 UTC 2025
+-+-+-+-+-+-+-+-+-+-+-+-+-+-+-+-+-+-+-+-+-+-+-+-+-+-+-+-+-+-+-+-+-+-+-+-+-+
>>>>> VIRTUAL USER 2 : ELAPSED TIME : 440522ms
>>>>> PROC: PAYMENT
CALLS: 3498	MIN: 3.370ms	AVG: 53.490ms	MAX: 1257.365ms	TOTAL: 187107.698ms
P99: 408.737ms	P95: 176.562ms	P50: 27.662ms	SD: 80137.466	RATIO: 42.474%
>>>>> PROC: NEWORD
CALLS: 3628	MIN: 4.027ms	AVG: 46.053ms	MAX: 957.456ms	TOTAL: 167080.416ms
P99: 396.678ms	P95: 162.126ms	P50: 22.999ms	SD: 73953.574	RATIO: 37.928%
>>>>> PROC: SLEV
CALLS: 354	MIN: 0.715ms	AVG: 183.106ms	MAX: 17927.789ms	TOTAL: 64819.365ms
P99: 172.633ms	P95: 56.866ms	P50: 4.559ms	SD: 1622967.715	RATIO: 14.714%
>>>>> PROC: DELIVERY
CALLS: 372	MIN: 5.142ms	AVG: 52.603ms	MAX: 956.403ms	TOTAL: 19568.323ms
P99: 580.520ms	P95: 163.035ms	P50: 24.295ms	SD: 97293.860	RATIO: 4.442%
>>>>> PROC: OSTAT
CALLS: 340	MIN: 0.207ms	AVG: 3.060ms	MAX: 238.474ms	TOTAL: 1040.379ms
P99: 37.472ms	P95: 3.467ms	P50: 1.320ms	SD: 14361.861	RATIO: 0.236%
+-+-+-+-+-+-+-+-+-+-+-+-+-+-+-+-+-+-+-+-+-+-+-+-+-+-+-+-+-+-+-+-+-+-+-+-+-+
>>>>> VIRTUAL USER 3 : ELAPSED TIME : 437317ms
>>>>> PROC: PAYMENT
CALLS: 3517	MIN: 2.690ms	AVG: 57.986ms	MAX: 1233.116ms	TOTAL: 203935.089ms
P99: 432.553ms	P95: 201.173ms	P50: 29.867ms	SD: 84817.244	RATIO: 46.633%
>>>>> PROC: NEWORD
CALLS: 3591	MIN: 3.390ms	AVG: 48.836ms	MAX: 953.632ms	TOTAL: 175368.442ms
P99: 424.295ms	P95: 169.316ms	P50: 23.629ms	SD: 77748.469	RATIO: 40.101%
>>>>> PROC: SLEV
CALLS: 378	MIN: 0.528ms	AVG: 87.992ms	MAX: 13501.483ms	TOTAL: 33261.008ms
P99: 157.928ms	P95: 75.856ms	P50: 6.273ms	SD: 976443.028	RATIO: 7.606%
>>>>> PROC: DELIVERY
CALLS: 369	MIN: 4.148ms	AVG: 61.097ms	MAX: 1263.128ms	TOTAL: 22544.659ms
P99: 502.121ms	P95: 217.660ms	P50: 24.964ms	SD: 116919.870	RATIO: 5.155%
>>>>> PROC: OSTAT
CALLS: 337	MIN: 0.155ms	AVG: 3.865ms	MAX: 81.018ms	TOTAL: 1302.478ms
P99: 54.874ms	P95: 20.952ms	P50: 1.287ms	SD: 10465.948	RATIO: 0.298%
+-+-+-+-+-+-+-+-+-+-+-+-+-+-+-+-+-+-+-+-+-+-+-+-+-+-+-+-+-+-+-+-+-+-+-+-+-+
>>>>> VIRTUAL USER 4 : ELAPSED TIME : 425333ms
>>>>> PROC: PAYMENT
CALLS: 3280	MIN: 2.987ms	AVG: 55.194ms	MAX: 932.311ms	TOTAL: 181037.826ms
P99: 408.489ms	P95: 179.737ms	P50: 30.023ms	SD: 76389.154	RATIO: 42.564%
>>>>> PROC: NEWORD
CALLS: 3384	MIN: 3.980ms	AVG: 48.301ms	MAX: 1238.125ms	TOTAL: 163449.430ms
P99: 410.458ms	P95: 166.109ms	P50: 23.794ms	SD: 78997.346	RATIO: 38.429%
>>>>> PROC: SLEV
CALLS: 346	MIN: 0.470ms	AVG: 172.896ms	MAX: 19320.789ms	TOTAL: 59822.006ms
P99: 5191.481ms	P95: 76.482ms	P50: 5.774ms	SD: 1462125.274	RATIO: 14.065%
>>>>> PROC: DELIVERY
CALLS: 343	MIN: 2.740ms	AVG: 56.339ms	MAX: 676.524ms	TOTAL: 19324.345ms
P99: 488.819ms	P95: 213.502ms	P50: 24.553ms	SD: 87814.240	RATIO: 4.543%
>>>>> PROC: OSTAT
CALLS: 327	MIN: 0.124ms	AVG: 2.537ms	MAX: 73.733ms	TOTAL: 829.494ms
P99: 47.593ms	P95: 3.376ms	P50: 1.261ms	SD: 7385.315	RATIO: 0.195%
+-+-+-+-+-+-+-+-+-+-+-+-+-+-+-+-+-+-+-+-+-+-+-+-+-+-+-+-+-+-+-+-+-+-+-+-+-+
>>>>> VIRTUAL USER 5 : ELAPSED TIME : 440707ms
>>>>> PROC: PAYMENT
CALLS: 3546	MIN: 2.966ms	AVG: 54.704ms	MAX: 1237.190ms	TOTAL: 193978.631ms
P99: 448.212ms	P95: 174.297ms	P50: 27.823ms	SD: 82266.740	RATIO: 44.015%
>>>>> PROC: NEWORD
CALLS: 3548	MIN: 3.747ms	AVG: 47.954ms	MAX: 969.522ms	TOTAL: 170140.865ms
P99: 404.765ms	P95: 176.614ms	P50: 23.255ms	SD: 77572.059	RATIO: 38.606%
>>>>> PROC: SLEV
CALLS: 360	MIN: 0.619ms	AVG: 153.311ms	MAX: 19496.838ms	TOTAL: 55192.051ms
P99: 312.304ms	P95: 65.097ms	P50: 5.479ms	SD: 1531485.234	RATIO: 12.524%
>>>>> PROC: DELIVERY
CALLS: 378	MIN: 4.879ms	AVG: 52.272ms	MAX: 480.768ms	TOTAL: 19758.663ms
P99: 402.486ms	P95: 201.450ms	P50: 24.714ms	SD: 68253.226	RATIO: 4.483%
>>>>> PROC: OSTAT
CALLS: 360	MIN: 0.197ms	AVG: 1.997ms	MAX: 68.594ms	TOTAL: 718.793ms
P99: 28.531ms	P95: 3.282ms	P50: 1.178ms	SD: 5510.986	RATIO: 0.163%
+-+-+-+-+-+-+-+-+-+-+-+-+-+-+-+-+-+-+-+-+-+-+-+-+-+-+-+-+-+-+-+-+-+-+-+-+-+
>>>>> VIRTUAL USER 6 : ELAPSED TIME : 417067ms
>>>>> PROC: PAYMENT
CALLS: 3197	MIN: 3.253ms	AVG: 55.098ms	MAX: 974.029ms	TOTAL: 176148.010ms
P99: 421.541ms	P95: 158.107ms	P50: 29.766ms	SD: 81035.491	RATIO: 42.235%
>>>>> PROC: NEWORD
CALLS: 3227	MIN: 3.376ms	AVG: 48.174ms	MAX: 1228.797ms	TOTAL: 155458.019ms
P99: 410.160ms	P95: 162.104ms	P50: 24.258ms	SD: 75845.499	RATIO: 37.274%
>>>>> PROC: SLEV
CALLS: 334	MIN: 0.825ms	AVG: 195.575ms	MAX: 18978.200ms	TOTAL: 65322.131ms
P99: 13073.369ms	P95: 64.795ms	P50: 6.169ms	SD: 1667587.131	RATIO: 15.662%
>>>>> PROC: DELIVERY
CALLS: 334	MIN: 1.311ms	AVG: 55.328ms	MAX: 655.800ms	TOTAL: 18479.471ms
P99: 464.355ms	P95: 202.633ms	P50: 24.720ms	SD: 83032.383	RATIO: 4.431%
>>>>> PROC: OSTAT
CALLS: 332	MIN: 0.297ms	AVG: 2.443ms	MAX: 64.973ms	TOTAL: 811.202ms
P99: 41.355ms	P95: 3.708ms	P50: 1.419ms	SD: 6406.318	RATIO: 0.195%
+-+-+-+-+-+-+-+-+-+-+-+-+-+-+-+-+-+-+-+-+-+-+-+-+-+-+-+-+-+-+-+-+-+-+-+-+-+
>>>>> VIRTUAL USER 7 : ELAPSED TIME : 436734ms
>>>>> PROC: PAYMENT
CALLS: 3477	MIN: 3.167ms	AVG: 55.888ms	MAX: 1014.478ms	TOTAL: 194323.655ms
P99: 424.859ms	P95: 184.595ms	P50: 29.303ms	SD: 79675.006	RATIO: 44.495%
>>>>> PROC: NEWORD
CALLS: 3633	MIN: 2.672ms	AVG: 49.569ms	MAX: 1121.117ms	TOTAL: 180082.534ms
P99: 423.035ms	P95: 183.062ms	P50: 23.442ms	SD: 83613.214	RATIO: 41.234%
>>>>> PROC: SLEV
CALLS: 384	MIN: 0.642ms	AVG: 109.624ms	MAX: 16111.971ms	TOTAL: 42095.483ms
P99: 183.715ms	P95: 75.046ms	P50: 6.226ms	SD: 1137539.222	RATIO: 9.639%
>>>>> PROC: DELIVERY
CALLS: 348	MIN: 6.960ms	AVG: 52.557ms	MAX: 950.138ms	TOTAL: 18289.993ms
P99: 383.506ms	P95: 179.525ms	P50: 25.846ms	SD: 88252.743	RATIO: 4.188%
>>>>> PROC: OSTAT
CALLS: 350	MIN: 0.200ms	AVG: 2.911ms	MAX: 79.640ms	TOTAL: 1018.857ms
P99: 53.272ms	P95: 3.596ms	P50: 1.239ms	SD: 8887.872	RATIO: 0.233%
+-+-+-+-+-+-+-+-+-+-+-+-+-+-+-+-+-+-+-+-+-+-+-+-+-+-+-+-+-+-+-+-+-+-+-+-+-+
>>>>> VIRTUAL USER 8 : ELAPSED TIME : 441078ms
>>>>> PROC: PAYMENT
CALLS: 3652	MIN: 1.213ms	AVG: 53.422ms	MAX: 996.683ms	TOTAL: 195096.559ms
P99: 425.187ms	P95: 165.012ms	P50: 28.693ms	SD: 78634.908	RATIO: 44.232%
>>>>> PROC: NEWORD
CALLS: 3477	MIN: 2.801ms	AVG: 49.146ms	MAX: 1126.047ms	TOTAL: 170879.342ms
P99: 420.412ms	P95: 177.804ms	P50: 23.443ms	SD: 82267.120	RATIO: 38.741%
>>>>> PROC: SLEV
CALLS: 378	MIN: 0.587ms	AVG: 150.687ms	MAX: 14566.518ms	TOTAL: 56959.862ms
P99: 4057.299ms	P95: 65.083ms	P50: 5.602ms	SD: 1197266.720	RATIO: 12.914%
>>>>> PROC: DELIVERY
CALLS: 339	MIN: 8.051ms	AVG: 48.310ms	MAX: 437.362ms	TOTAL: 16377.133ms
P99: 346.528ms	P95: 185.559ms	P50: 23.573ms	SD: 61620.151	RATIO: 3.713%
>>>>> PROC: OSTAT
CALLS: 346	MIN: 0.241ms	AVG: 2.434ms	MAX: 102.959ms	TOTAL: 842.206ms
P99: 43.233ms	P95: 3.599ms	P50: 1.266ms	SD: 8054.049	RATIO: 0.191%
+-+-+-+-+-+-+-+-+-+-+-+-+-+-+-+-+-+-+-+-+-+-+-+-+-+-+-+-+-+-+-+-+-+-+-+-+-+
>>>>> VIRTUAL USER 9 : ELAPSED TIME : 419563ms
>>>>> PROC: PAYMENT
CALLS: 3351	MIN: 3.334ms	AVG: 58.169ms	MAX: 1065.351ms	TOTAL: 194925.128ms
P99: 448.654ms	P95: 190.497ms	P50: 30.820ms	SD: 84250.957	RATIO: 46.459%
>>>>> PROC: NEWORD
CALLS: 3313	MIN: 3.774ms	AVG: 51.257ms	MAX: 964.177ms	TOTAL: 169816.050ms
P99: 414.973ms	P95: 182.193ms	P50: 24.371ms	SD: 81044.774	RATIO: 40.475%
>>>>> PROC: SLEV
CALLS: 344	MIN: 0.583ms	AVG: 103.266ms	MAX: 18283.931ms	TOTAL: 35523.642ms
P99: 194.870ms	P95: 74.554ms	P50: 5.866ms	SD: 1165669.446	RATIO: 8.467%
>>>>> PROC: DELIVERY
CALLS: 325	MIN: 7.618ms	AVG: 53.274ms	MAX: 1222.776ms	TOTAL: 17313.889ms
P99: 473.189ms	P95: 184.867ms	P50: 24.124ms	SD: 96521.623	RATIO: 4.127%
>>>>> PROC: OSTAT
CALLS: 347	MIN: 0.221ms	AVG: 3.209ms	MAX: 145.410ms	TOTAL: 1113.587ms
P99: 55.590ms	P95: 3.410ms	P50: 1.285ms	SD: 11096.307	RATIO: 0.265%
+-+-+-+-+-+-+-+-+-+-+-+-+-+-+-+-+-+-+-+-+-+-+-+-+-+-+-+-+-+-+-+-+-+-+-+-+-+
>>>>> VIRTUAL USER 10 : ELAPSED TIME : 439185ms
>>>>> PROC: PAYMENT
CALLS: 3495	MIN: 0.833ms	AVG: 55.629ms	MAX: 956.251ms	TOTAL: 194422.346ms
P99: 413.893ms	P95: 181.835ms	P50: 29.330ms	SD: 77783.140	RATIO: 44.269%
>>>>> PROC: NEWORD
CALLS: 3667	MIN: 3.700ms	AVG: 49.712ms	MAX: 1233.642ms	TOTAL: 182294.655ms
P99: 427.942ms	P95: 178.708ms	P50: 23.256ms	SD: 82415.960	RATIO: 41.507%
>>>>> PROC: SLEV
CALLS: 370	MIN: 0.592ms	AVG: 119.453ms	MAX: 19581.553ms	TOTAL: 44197.513ms
P99: 153.410ms	P95: 65.408ms	P50: 5.585ms	SD: 1274999.897	RATIO: 10.064%
>>>>> PROC: DELIVERY
CALLS: 315	MIN: 7.367ms	AVG: 51.779ms	MAX: 967.499ms	TOTAL: 16310.326ms
P99: 328.597ms	P95: 185.601ms	P50: 25.009ms	SD: 83762.666	RATIO: 3.714%
>>>>> PROC: OSTAT
CALLS: 345	MIN: 0.239ms	AVG: 3.059ms	MAX: 97.167ms	TOTAL: 1055.336ms
P99: 77.012ms	P95: 3.327ms	P50: 1.270ms	SD: 10424.831	RATIO: 0.240%
+-+-+-+-+-+-+-+-+-+-+-+-+-+-+-+-+-+-+-+-+-+-+-+-+-+-+-+-+-+-+-+-+-+-+-+-+-+
>>>>> VIRTUAL USER 11 : ELAPSED TIME : 437975ms
>>>>> PROC: PAYMENT
CALLS: 3583	MIN: 3.285ms	AVG: 55.492ms	MAX: 951.436ms	TOTAL: 198828.337ms
P99: 420.276ms	P95: 186.137ms	P50: 29.461ms	SD: 79075.182	RATIO: 45.397%
>>>>> PROC: NEWORD
CALLS: 3579	MIN: 3.691ms	AVG: 49.326ms	MAX: 1233.889ms	TOTAL: 176536.099ms
P99: 410.647ms	P95: 180.678ms	P50: 23.666ms	SD: 81500.698	RATIO: 40.307%
>>>>> PROC: SLEV
CALLS: 366	MIN: 0.694ms	AVG: 119.997ms	MAX: 16680.968ms	TOTAL: 43918.907ms
P99: 161.873ms	P95: 84.745ms	P50: 4.579ms	SD: 1248191.715	RATIO: 10.028%
>>>>> PROC: DELIVERY
CALLS: 342	MIN: 7.368ms	AVG: 49.700ms	MAX: 469.281ms	TOTAL: 16997.309ms
P99: 404.873ms	P95: 177.115ms	P50: 24.245ms	SD: 65112.520	RATIO: 3.881%
>>>>> PROC: OSTAT
CALLS: 322	MIN: 0.128ms	AVG: 2.430ms	MAX: 84.469ms	TOTAL: 782.373ms
P99: 46.511ms	P95: 3.537ms	P50: 1.260ms	SD: 7776.128	RATIO: 0.179%
+-+-+-+-+-+-+-+-+-+-+-+-+-+-+-+-+-+-+-+-+-+-+-+-+-+-+-+-+-+-+-+-+-+-+-+-+-+
>>>>> VIRTUAL USER 12 : ELAPSED TIME : 438726ms
>>>>> PROC: PAYMENT
CALLS: 3572	MIN: 2.383ms	AVG: 56.855ms	MAX: 1213.517ms	TOTAL: 203085.180ms
P99: 454.229ms	P95: 194.611ms	P50: 29.342ms	SD: 89064.213	RATIO: 46.290%
>>>>> PROC: NEWORD
CALLS: 3564	MIN: 3.313ms	AVG: 46.499ms	MAX: 970.154ms	TOTAL: 165722.633ms
P99: 375.396ms	P95: 170.181ms	P50: 23.117ms	SD: 70082.265	RATIO: 37.774%
>>>>> PROC: SLEV
CALLS: 350	MIN: 0.442ms	AVG: 139.446ms	MAX: 19608.808ms	TOTAL: 48805.984ms
P99: 4397.168ms	P95: 75.084ms	P50: 5.453ms	SD: 1342043.924	RATIO: 11.124%
>>>>> PROC: DELIVERY
CALLS: 355	MIN: 5.244ms	AVG: 54.651ms	MAX: 655.055ms	TOTAL: 19401.123ms
P99: 377.817ms	P95: 182.444ms	P50: 24.682ms	SD: 76520.586	RATIO: 4.422%
>>>>> PROC: OSTAT
CALLS: 351	MIN: 0.212ms	AVG: 2.283ms	MAX: 82.162ms	TOTAL: 801.209ms
P99: 32.417ms	P95: 3.234ms	P50: 1.326ms	SD: 6218.401	RATIO: 0.183%
+-+-+-+-+-+-+-+-+-+-+-+-+-+-+-+-+-+-+-+-+-+-+-+-+-+-+-+-+-+-+-+-+-+-+-+-+-+
>>>>> VIRTUAL USER 13 : ELAPSED TIME : 438293ms
>>>>> PROC: PAYMENT
CALLS: 3601	MIN: 3.150ms	AVG: 54.735ms	MAX: 1029.404ms	TOTAL: 197099.629ms
P99: 408.528ms	P95: 176.287ms	P50: 29.285ms	SD: 78424.424	RATIO: 44.970%
>>>>> PROC: NEWORD
CALLS: 3547	MIN: 3.876ms	AVG: 48.672ms	MAX: 1254.554ms	TOTAL: 172640.495ms
P99: 417.320ms	P95: 181.906ms	P50: 23.379ms	SD: 77262.483	RATIO: 39.389%
>>>>> PROC: SLEV
CALLS: 336	MIN: 0.783ms	AVG: 140.706ms	MAX: 19067.648ms	TOTAL: 47277.219ms
P99: 392.400ms	P95: 74.386ms	P50: 6.576ms	SD: 1428606.978	RATIO: 10.787%
>>>>> PROC: DELIVERY
CALLS: 344	MIN: 9.180ms	AVG: 55.473ms	MAX: 653.511ms	TOTAL: 19082.598ms
P99: 416.123ms	P95: 194.593ms	P50: 25.793ms	SD: 82039.864	RATIO: 4.354%
>>>>> PROC: OSTAT
CALLS: 364	MIN: 0.198ms	AVG: 3.532ms	MAX: 320.153ms	TOTAL: 1285.761ms
P99: 51.680ms	P95: 4.031ms	P50: 1.295ms	SD: 18424.013	RATIO: 0.293%
+-+-+-+-+-+-+-+-+-+-+-+-+-+-+-+-+-+-+-+-+-+-+-+-+-+-+-+-+-+-+-+-+-+-+-+-+-+
>>>>> VIRTUAL USER 14 : ELAPSED TIME : 416326ms
>>>>> PROC: PAYMENT
CALLS: 3274	MIN: 3.485ms	AVG: 57.051ms	MAX: 1005.634ms	TOTAL: 186785.396ms
P99: 418.522ms	P95: 176.305ms	P50: 31.740ms	SD: 79688.018	RATIO: 44.865%
>>>>> PROC: NEWORD
CALLS: 3361	MIN: 3.751ms	AVG: 50.541ms	MAX: 1227.685ms	TOTAL: 169866.645ms
P99: 415.650ms	P95: 174.042ms	P50: 25.093ms	SD: 78956.757	RATIO: 40.801%
>>>>> PROC: SLEV
CALLS: 357	MIN: 0.464ms	AVG: 102.855ms	MAX: 17302.722ms	TOTAL: 36719.119ms
P99: 230.869ms	P95: 72.576ms	P50: 4.689ms	SD: 1178959.236	RATIO: 8.820%
>>>>> PROC: DELIVERY
CALLS: 340	MIN: 5.206ms	AVG: 61.459ms	MAX: 973.757ms	TOTAL: 20895.916ms
P99: 473.915ms	P95: 196.866ms	P50: 25.583ms	SD: 102492.943	RATIO: 5.019%
>>>>> PROC: OSTAT
CALLS: 348	MIN: 0.160ms	AVG: 3.418ms	MAX: 149.606ms	TOTAL: 1189.581ms
P99: 49.426ms	P95: 3.978ms	P50: 1.349ms	SD: 11659.462	RATIO: 0.286%
+-+-+-+-+-+-+-+-+-+-+-+-+-+-+-+-+-+-+-+-+-+-+-+-+-+-+-+-+-+-+-+-+-+-+-+-+-+
>>>>> VIRTUAL USER 15 : ELAPSED TIME : 435316ms
>>>>> PROC: PAYMENT
CALLS: 3596	MIN: 4.029ms	AVG: 59.220ms	MAX: 1016.971ms	TOTAL: 212954.161ms
P99: 501.549ms	P95: 198.959ms	P50: 30.072ms	SD: 89613.138	RATIO: 48.919%
>>>>> PROC: NEWORD
CALLS: 3515	MIN: 3.775ms	AVG: 47.489ms	MAX: 965.554ms	TOTAL: 166924.034ms
P99: 391.458ms	P95: 159.415ms	P50: 23.619ms	SD: 72813.195	RATIO: 38.345%
>>>>> PROC: SLEV
CALLS: 347	MIN: 0.787ms	AVG: 97.186ms	MAX: 17508.232ms	TOTAL: 33723.504ms
P99: 239.117ms	P95: 76.924ms	P50: 7.267ms	SD: 1072531.263	RATIO: 7.747%
>>>>> PROC: DELIVERY
CALLS: 355	MIN: 5.131ms	AVG: 56.035ms	MAX: 1209.973ms	TOTAL: 19892.505ms
P99: 366.667ms	P95: 193.250ms	P50: 24.795ms	SD: 103441.267	RATIO: 4.570%
>>>>> PROC: OSTAT
CALLS: 379	MIN: 0.125ms	AVG: 2.421ms	MAX: 60.246ms	TOTAL: 917.392ms
P99: 48.247ms	P95: 3.025ms	P50: 1.182ms	SD: 6875.221	RATIO: 0.211%
+-+-+-+-+-+-+-+-+-+-+-+-+-+-+-+-+-+-+-+-+-+-+-+-+-+-+-+-+-+-+-+-+-+-+-+-+-+
>>>>> VIRTUAL USER 16 : ELAPSED TIME : 437618ms
>>>>> PROC: PAYMENT
CALLS: 3562	MIN: 2.120ms	AVG: 52.810ms	MAX: 1065.439ms	TOTAL: 188110.726ms
P99: 413.309ms	P95: 174.198ms	P50: 27.528ms	SD: 75675.902	RATIO: 42.985%
>>>>> PROC: NEWORD
CALLS: 3543	MIN: 3.577ms	AVG: 46.775ms	MAX: 1233.365ms	TOTAL: 165724.665ms
P99: 406.784ms	P95: 151.793ms	P50: 23.181ms	SD: 78579.258	RATIO: 37.870%
>>>>> PROC: SLEV
CALLS: 367	MIN: 0.467ms	AVG: 163.935ms	MAX: 15967.821ms	TOTAL: 60164.117ms
P99: 4287.139ms	P95: 69.466ms	P50: 5.743ms	SD: 1326367.874	RATIO: 13.748%
>>>>> PROC: DELIVERY
CALLS: 371	MIN: 7.374ms	AVG: 59.153ms	MAX: 955.868ms	TOTAL: 21945.843ms
P99: 486.173ms	P95: 215.382ms	P50: 23.898ms	SD: 98710.898	RATIO: 5.015%
>>>>> PROC: OSTAT
CALLS: 349	MIN: 0.182ms	AVG: 2.252ms	MAX: 69.773ms	TOTAL: 786.117ms
P99: 39.090ms	P95: 3.023ms	P50: 1.338ms	SD: 6368.610	RATIO: 0.180%
+-+-+-+-+-+-+-+-+-+-+-+-+-+-+-+-+-+-+-+-+-+-+-+-+-+-+-+-+-+-+-+-+-+-+-+-+-+
>>>>> VIRTUAL USER 17 : ELAPSED TIME : 416923ms
>>>>> PROC: PAYMENT
CALLS: 3271	MIN: 3.097ms	AVG: 55.930ms	MAX: 1016.210ms	TOTAL: 182946.667ms
P99: 409.829ms	P95: 166.142ms	P50: 30.619ms	SD: 79803.959	RATIO: 43.880%
>>>>> PROC: NEWORD
CALLS: 3357	MIN: 3.925ms	AVG: 52.082ms	MAX: 1233.543ms	TOTAL: 174838.504ms
P99: 406.684ms	P95: 180.681ms	P50: 24.528ms	SD: 80867.871	RATIO: 41.935%
>>>>> PROC: SLEV
CALLS: 365	MIN: 0.690ms	AVG: 93.454ms	MAX: 13385.398ms	TOTAL: 34110.619ms
P99: 121.356ms	P95: 70.409ms	P50: 6.983ms	SD: 887919.391	RATIO: 8.182%
>>>>> PROC: DELIVERY
CALLS: 348	MIN: 5.182ms	AVG: 66.554ms	MAX: 1417.769ms	TOTAL: 23160.940ms
P99: 638.914ms	P95: 217.092ms	P50: 25.698ms	SD: 120318.593	RATIO: 5.555%
>>>>> PROC: OSTAT
CALLS: 339	MIN: 0.264ms	AVG: 2.937ms	MAX: 127.717ms	TOTAL: 995.641ms
P99: 60.981ms	P95: 3.684ms	P50: 1.245ms	SD: 10526.809	RATIO: 0.239%
+-+-+-+-+-+-+-+-+-+-+-+-+-+-+-+-+-+-+-+-+-+-+-+-+-+-+-+-+-+-+-+-+-+-+-+-+-+
>>>>> VIRTUAL USER 18 : ELAPSED TIME : 412389ms
>>>>> PROC: PAYMENT
CALLS: 3119	MIN: 2.788ms	AVG: 56.580ms	MAX: 1251.143ms	TOTAL: 176472.272ms
P99: 407.923ms	P95: 191.756ms	P50: 31.275ms	SD: 78299.586	RATIO: 42.793%
>>>>> PROC: NEWORD
CALLS: 3092	MIN: 3.706ms	AVG: 49.111ms	MAX: 1016.800ms	TOTAL: 151851.940ms
P99: 412.600ms	P95: 153.018ms	P50: 24.187ms	SD: 80306.150	RATIO: 36.823%
>>>>> PROC: SLEV
CALLS: 331	MIN: 0.555ms	AVG: 204.569ms	MAX: 18431.962ms	TOTAL: 67712.494ms
P99: 12587.694ms	P95: 59.542ms	P50: 6.551ms	SD: 1628473.133	RATIO: 16.420%
>>>>> PROC: DELIVERY
CALLS: 326	MIN: 6.827ms	AVG: 45.463ms	MAX: 802.231ms	TOTAL: 14820.874ms
P99: 303.759ms	P95: 130.440ms	P50: 25.416ms	SD: 62931.849	RATIO: 3.594%
>>>>> PROC: OSTAT
CALLS: 300	MIN: 0.181ms	AVG: 2.382ms	MAX: 77.095ms	TOTAL: 714.482ms
P99: 41.613ms	P95: 3.410ms	P50: 1.200ms	SD: 6639.635	RATIO: 0.173%
+-+-+-+-+-+-+-+-+-+-+-+-+-+-+-+-+-+-+-+-+-+-+-+-+-+-+-+-+-+-+-+-+-+-+-+-+-+
>>>>> VIRTUAL USER 19 : ELAPSED TIME : 412662ms
>>>>> PROC: PAYMENT
CALLS: 3081	MIN: 2.225ms	AVG: 58.239ms	MAX: 1213.827ms	TOTAL: 179435.128ms
P99: 457.697ms	P95: 182.939ms	P50: 32.625ms	SD: 85761.533	RATIO: 43.482%
>>>>> PROC: NEWORD
CALLS: 3171	MIN: 2.978ms	AVG: 48.087ms	MAX: 964.325ms	TOTAL: 152484.966ms
P99: 401.594ms	P95: 168.687ms	P50: 24.588ms	SD: 74348.732	RATIO: 36.952%
>>>>> PROC: SLEV
CALLS: 297	MIN: 0.645ms	AVG: 213.237ms	MAX: 20781.144ms	TOTAL: 63331.475ms
P99: 10415.110ms	P95: 74.905ms	P50: 7.446ms	SD: 1734534.226	RATIO: 15.347%
>>>>> PROC: DELIVERY
CALLS: 299	MIN: 4.523ms	AVG: 52.909ms	MAX: 952.988ms	TOTAL: 15819.746ms
P99: 359.574ms	P95: 179.172ms	P50: 25.662ms	SD: 78581.488	RATIO: 3.834%
>>>>> PROC: OSTAT
CALLS: 320	MIN: 0.255ms	AVG: 2.451ms	MAX: 82.193ms	TOTAL: 784.438ms
P99: 32.536ms	P95: 3.975ms	P50: 1.492ms	SD: 6402.187	RATIO: 0.190%
+-+-+-+-+-+-+-+-+-+-+-+-+-+-+-+-+-+-+-+-+-+-+-+-+-+-+-+-+-+-+-+-+-+-+-+-+-+
>>>>> VIRTUAL USER 20 : ELAPSED TIME : 409873ms
>>>>> PROC: PAYMENT
CALLS: 3118	MIN: 3.880ms	AVG: 57.632ms	MAX: 1231.082ms	TOTAL: 179696.320ms
P99: 431.513ms	P95: 189.519ms	P50: 31.595ms	SD: 85474.381	RATIO: 43.842%
>>>>> PROC: NEWORD
CALLS: 3064	MIN: 3.258ms	AVG: 46.160ms	MAX: 1008.150ms	TOTAL: 141433.695ms
P99: 403.713ms	P95: 128.868ms	P50: 24.136ms	SD: 71000.683	RATIO: 34.507%
>>>>> PROC: SLEV
CALLS: 327	MIN: 0.440ms	AVG: 207.488ms	MAX: 21302.445ms	TOTAL: 67848.560ms
P99: 12504.221ms	P95: 60.979ms	P50: 6.174ms	SD: 1784521.733	RATIO: 16.554%
>>>>> PROC: DELIVERY
CALLS: 343	MIN: 6.597ms	AVG: 56.470ms	MAX: 915.914ms	TOTAL: 19369.137ms
P99: 495.900ms	P95: 200.713ms	P50: 24.968ms	SD: 91482.670	RATIO: 4.726%
>>>>> PROC: OSTAT
CALLS: 316	MIN: 0.131ms	AVG: 2.256ms	MAX: 60.384ms	TOTAL: 712.953ms
P99: 34.134ms	P95: 3.429ms	P50: 1.293ms	SD: 6001.636	RATIO: 0.174%
+-+-+-+-+-+-+-+-+-+-+-+-+-+-+-+-+-+-+-+-+-+-+-+-+-+-+-+-+-+-+-+-+-+-+-+-+-+
>>>>> VIRTUAL USER 21 : ELAPSED TIME : 411888ms
>>>>> PROC: PAYMENT
CALLS: 3162	MIN: 3.084ms	AVG: 56.630ms	MAX: 1126.854ms	TOTAL: 179064.066ms
P99: 443.921ms	P95: 169.611ms	P50: 30.569ms	SD: 83532.977	RATIO: 43.474%
>>>>> PROC: NEWORD
CALLS: 3071	MIN: 3.631ms	AVG: 48.031ms	MAX: 1012.873ms	TOTAL: 147501.793ms
P99: 404.303ms	P95: 149.341ms	P50: 24.092ms	SD: 77435.871	RATIO: 35.811%
>>>>> PROC: SLEV
CALLS: 324	MIN: 0.778ms	AVG: 212.700ms	MAX: 18524.079ms	TOTAL: 68914.910ms
P99: 13095.486ms	P95: 78.590ms	P50: 7.545ms	SD: 1766842.712	RATIO: 16.731%
>>>>> PROC: DELIVERY
CALLS: 282	MIN: 5.968ms	AVG: 51.766ms	MAX: 375.256ms	TOTAL: 14598.110ms
P99: 223.131ms	P95: 187.604ms	P50: 27.103ms	SD: 56615.664	RATIO: 3.544%
>>>>> PROC: OSTAT
CALLS: 329	MIN: 0.268ms	AVG: 3.005ms	MAX: 69.529ms	TOTAL: 988.638ms
P99: 45.868ms	P95: 7.374ms	P50: 1.306ms	SD: 7890.378	RATIO: 0.240%
+-+-+-+-+-+-+-+-+-+-+-+-+-+-+-+-+-+-+-+-+-+-+-+-+-+-+-+-+-+-+-+-+-+-+-+-+-+
>>>>> VIRTUAL USER 22 : ELAPSED TIME : 434634ms
>>>>> PROC: PAYMENT
CALLS: 3564	MIN: 3.491ms	AVG: 51.797ms	MAX: 1174.211ms	TOTAL: 184603.269ms
P99: 399.442ms	P95: 165.682ms	P50: 27.504ms	SD: 71467.739	RATIO: 42.473%
>>>>> PROC: NEWORD
CALLS: 3600	MIN: 3.886ms	AVG: 49.026ms	MAX: 1227.958ms	TOTAL: 176494.406ms
P99: 426.744ms	P95: 178.129ms	P50: 23.060ms	SD: 82608.971	RATIO: 40.608%
>>>>> PROC: SLEV
CALLS: 370	MIN: 0.628ms	AVG: 143.597ms	MAX: 18992.166ms	TOTAL: 53130.849ms
P99: 398.203ms	P95: 75.546ms	P50: 6.269ms	SD: 1343367.285	RATIO: 12.224%
>>>>> PROC: DELIVERY
CALLS: 340	MIN: 4.032ms	AVG: 55.376ms	MAX: 907.281ms	TOTAL: 18827.735ms
P99: 388.060ms	P95: 202.966ms	P50: 24.771ms	SD: 82120.757	RATIO: 4.332%
>>>>> PROC: OSTAT
CALLS: 318	MIN: 0.123ms	AVG: 2.057ms	MAX: 68.557ms	TOTAL: 654.247ms
P99: 37.037ms	P95: 3.466ms	P50: 1.170ms	SD: 5742.398	RATIO: 0.151%
+-+-+-+-+-+-+-+-+-+-+-+-+-+-+-+-+-+-+-+-+-+-+-+-+-+-+-+-+-+-+-+-+-+-+-+-+-+
>>>>> VIRTUAL USER 23 : ELAPSED TIME : 435150ms
>>>>> PROC: PAYMENT
CALLS: 3455	MIN: 3.771ms	AVG: 54.510ms	MAX: 1177.067ms	TOTAL: 188331.520ms
P99: 407.064ms	P95: 178.127ms	P50: 28.961ms	SD: 76633.093	RATIO: 43.280%
>>>>> PROC: NEWORD
CALLS: 3658	MIN: 2.530ms	AVG: 46.873ms	MAX: 1233.325ms	TOTAL: 171460.115ms
P99: 418.891ms	P95: 149.995ms	P50: 22.540ms	SD: 82522.917	RATIO: 39.403%
>>>>> PROC: SLEV
CALLS: 353	MIN: 0.656ms	AVG: 152.427ms	MAX: 18963.964ms	TOTAL: 53806.872ms
P99: 370.837ms	P95: 73.059ms	P50: 5.692ms	SD: 1482752.784	RATIO: 12.365%
>>>>> PROC: DELIVERY
CALLS: 375	MIN: 5.077ms	AVG: 52.741ms	MAX: 617.300ms	TOTAL: 19777.888ms
P99: 407.673ms	P95: 190.054ms	P50: 23.323ms	SD: 80946.674	RATIO: 4.545%
>>>>> PROC: OSTAT
CALLS: 351	MIN: 0.254ms	AVG: 2.472ms	MAX: 48.433ms	TOTAL: 867.516ms
P99: 41.408ms	P95: 3.512ms	P50: 1.238ms	SD: 6077.209	RATIO: 0.199%
+-+-+-+-+-+-+-+-+-+-+-+-+-+-+-+-+-+-+-+-+-+-+-+-+-+-+-+-+-+-+-+-+-+-+-+-+-+
>>>>> VIRTUAL USER 24 : ELAPSED TIME : 407988ms
>>>>> PROC: PAYMENT
CALLS: 3237	MIN: 1.867ms	AVG: 57.514ms	MAX: 1228.135ms	TOTAL: 186173.673ms
P99: 446.107ms	P95: 181.877ms	P50: 31.951ms	SD: 80611.115	RATIO: 45.632%
>>>>> PROC: NEWORD
CALLS: 3183	MIN: 3.174ms	AVG: 51.619ms	MAX: 1002.891ms	TOTAL: 164303.145ms
P99: 438.175ms	P95: 176.179ms	P50: 24.628ms	SD: 83453.688	RATIO: 40.272%
>>>>> PROC: SLEV
CALLS: 323	MIN: 0.858ms	AVG: 113.758ms	MAX: 17283.174ms	TOTAL: 36743.686ms
P99: 156.679ms	P95: 78.774ms	P50: 7.138ms	SD: 1241380.499	RATIO: 9.006%
>>>>> PROC: DELIVERY
CALLS: 319	MIN: 5.941ms	AVG: 59.319ms	MAX: 659.165ms	TOTAL: 18922.847ms
P99: 411.789ms	P95: 197.508ms	P50: 28.799ms	SD: 76067.988	RATIO: 4.638%
>>>>> PROC: OSTAT
CALLS: 330	MIN: 0.132ms	AVG: 2.890ms	MAX: 84.292ms	TOTAL: 953.762ms
P99: 70.033ms	P95: 3.423ms	P50: 1.409ms	SD: 9626.296	RATIO: 0.234%
+-+-+-+-+-+-+-+-+-+-+-+-+-+-+-+-+-+-+-+-+-+-+-+-+-+-+-+-+-+-+-+-+-+-+-+-+-+
>>>>> VIRTUAL USER 25 : ELAPSED TIME : 431688ms
>>>>> PROC: PAYMENT
CALLS: 3535	MIN: 3.713ms	AVG: 56.190ms	MAX: 1044.291ms	TOTAL: 198630.657ms
P99: 457.711ms	P95: 194.652ms	P50: 28.327ms	SD: 83068.333	RATIO: 46.013%
>>>>> PROC: NEWORD
CALLS: 3581	MIN: 3.903ms	AVG: 47.037ms	MAX: 1227.404ms	TOTAL: 168441.104ms
P99: 391.829ms	P95: 148.711ms	P50: 23.457ms	SD: 76551.298	RATIO: 39.019%
>>>>> PROC: SLEV
CALLS: 341	MIN: 0.612ms	AVG: 115.399ms	MAX: 14189.436ms	TOTAL: 39350.957ms
P99: 5192.106ms	P95: 83.743ms	P50: 5.669ms	SD: 996258.911	RATIO: 9.116%
>>>>> PROC: DELIVERY
CALLS: 373	MIN: 5.977ms	AVG: 62.486ms	MAX: 1006.263ms	TOTAL: 23307.380ms
P99: 590.903ms	P95: 202.742ms	P50: 24.633ms	SD: 113794.919	RATIO: 5.399%
>>>>> PROC: OSTAT
CALLS: 362	MIN: 0.228ms	AVG: 2.856ms	MAX: 59.278ms	TOTAL: 1033.962ms
P99: 48.757ms	P95: 3.783ms	P50: 1.237ms	SD: 8084.777	RATIO: 0.240%
+-+-+-+-+-+-+-+-+-+-+-+-+-+-+-+-+-+-+-+-+-+-+-+-+-+-+-+-+-+-+-+-+-+-+-+-+-+
>>>>> VIRTUAL USER 26 : ELAPSED TIME : 431395ms
>>>>> PROC: NEWORD
CALLS: 3987	MIN: 3.850ms	AVG: 44.947ms	MAX: 1016.362ms	TOTAL: 179202.257ms
P99: 411.792ms	P95: 142.837ms	P50: 22.242ms	SD: 78120.082	RATIO: 41.540%
>>>>> PROC: PAYMENT
CALLS: 4069	MIN: 2.763ms	AVG: 39.525ms	MAX: 968.733ms	TOTAL: 160827.857ms
P99: 310.082ms	P95: 113.055ms	P50: 21.524ms	SD: 58197.832	RATIO: 37.281%
>>>>> PROC: SLEV
CALLS: 382	MIN: 0.617ms	AVG: 173.291ms	MAX: 20404.966ms	TOTAL: 66196.994ms
P99: 307.721ms	P95: 71.314ms	P50: 5.912ms	SD: 1561656.719	RATIO: 15.345%
>>>>> PROC: DELIVERY
CALLS: 408	MIN: 7.682ms	AVG: 56.083ms	MAX: 825.456ms	TOTAL: 22881.938ms
P99: 586.587ms	P95: 198.907ms	P50: 25.269ms	SD: 92737.663	RATIO: 5.304%
>>>>> PROC: OSTAT
CALLS: 370	MIN: 0.147ms	AVG: 3.383ms	MAX: 455.587ms	TOTAL: 1251.849ms
P99: 45.213ms	P95: 3.602ms	P50: 1.222ms	SD: 24282.465	RATIO: 0.290%
+-+-+-+-+-+-+-+-+-+-+-+-+-+-+-+-+-+-+-+-+-+-+-+-+-+-+-+-+-+-+-+-+-+-+-+-+-+
>>>>> VIRTUAL USER 27 : ELAPSED TIME : 408272ms
>>>>> PROC: NEWORD
CALLS: 3671	MIN: 1.640ms	AVG: 46.378ms	MAX: 1005.364ms	TOTAL: 170253.903ms
P99: 424.423ms	P95: 131.665ms	P50: 23.277ms	SD: 76076.889	RATIO: 41.701%
>>>>> PROC: PAYMENT
CALLS: 3577	MIN: 1.389ms	AVG: 41.923ms	MAX: 1121.742ms	TOTAL: 149958.876ms
P99: 321.637ms	P95: 129.108ms	P50: 22.317ms	SD: 66269.464	RATIO: 36.730%
>>>>> PROC: SLEV
CALLS: 411	MIN: 0.493ms	AVG: 162.715ms	MAX: 20504.921ms	TOTAL: 66876.057ms
P99: 221.514ms	P95: 67.937ms	P50: 5.927ms	SD: 1526062.837	RATIO: 16.380%
>>>>> PROC: DELIVERY
CALLS: 381	MIN: 3.119ms	AVG: 50.168ms	MAX: 684.552ms	TOTAL: 19114.028ms
P99: 289.442ms	P95: 164.806ms	P50: 25.953ms	SD: 66889.189	RATIO: 4.682%
>>>>> PROC: OSTAT
CALLS: 344	MIN: 0.163ms	AVG: 3.166ms	MAX: 82.588ms	TOTAL: 1089.016ms
P99: 54.882ms	P95: 5.488ms	P50: 1.255ms	SD: 9234.327	RATIO: 0.267%
+-+-+-+-+-+-+-+-+-+-+-+-+-+-+-+-+-+-+-+-+-+-+-+-+-+-+-+-+-+-+-+-+-+-+-+-+-+
>>>>> VIRTUAL USER 28 : ELAPSED TIME : 421721ms
>>>>> PROC: NEWORD
CALLS: 3913	MIN: 3.877ms	AVG: 48.593ms	MAX: 1006.377ms	TOTAL: 190144.737ms
P99: 408.172ms	P95: 160.344ms	P50: 23.820ms	SD: 77960.936	RATIO: 45.088%
>>>>> PROC: PAYMENT
CALLS: 4064	MIN: 2.661ms	AVG: 42.833ms	MAX: 1222.725ms	TOTAL: 174073.097ms
P99: 377.048ms	P95: 131.220ms	P50: 21.954ms	SD: 65112.318	RATIO: 41.277%
>>>>> PROC: SLEV
CALLS: 457	MIN: 0.596ms	AVG: 63.284ms	MAX: 12894.899ms	TOTAL: 28920.620ms
P99: 189.238ms	P95: 77.441ms	P50: 6.613ms	SD: 696717.844	RATIO: 6.858%
>>>>> PROC: DELIVERY
CALLS: 404	MIN: 6.826ms	AVG: 66.091ms	MAX: 964.986ms	TOTAL: 26700.713ms
P99: 650.786ms	P95: 228.940ms	P50: 25.938ms	SD: 112677.620	RATIO: 6.331%
>>>>> PROC: OSTAT
CALLS: 378	MIN: 0.134ms	AVG: 2.249ms	MAX: 60.900ms	TOTAL: 850.085ms
P99: 42.926ms	P95: 3.041ms	P50: 1.411ms	SD: 6072.666	RATIO: 0.202%
+-+-+-+-+-+-+-+-+-+-+-+-+-+-+-+-+-+-+-+-+-+-+-+-+-+-+-+-+-+-+-+-+-+-+-+-+-+
>>>>> VIRTUAL USER 29 : ELAPSED TIME : 421466ms
>>>>> PROC: NEWORD
CALLS: 4050	MIN: 1.865ms	AVG: 48.696ms	MAX: 1004.873ms	TOTAL: 197219.256ms
P99: 409.334ms	P95: 172.844ms	P50: 23.564ms	SD: 75901.259	RATIO: 46.794%
>>>>> PROC: PAYMENT
CALLS: 3982	MIN: 2.355ms	AVG: 43.521ms	MAX: 1123.333ms	TOTAL: 173301.930ms
P99: 379.725ms	P95: 128.656ms	P50: 22.245ms	SD: 68994.137	RATIO: 41.119%
>>>>> PROC: SLEV
CALLS: 426	MIN: 0.610ms	AVG: 66.796ms	MAX: 12607.479ms	TOTAL: 28454.946ms
P99: 203.214ms	P95: 90.121ms	P50: 6.231ms	SD: 725132.572	RATIO: 6.751%
>>>>> PROC: DELIVERY
CALLS: 352	MIN: 5.356ms	AVG: 57.851ms	MAX: 996.113ms	TOTAL: 20363.706ms
P99: 450.150ms	P95: 187.790ms	P50: 26.963ms	SD: 96231.363	RATIO: 4.832%
>>>>> PROC: OSTAT
CALLS: 406	MIN: 0.188ms	AVG: 2.643ms	MAX: 77.611ms	TOTAL: 1073.129ms
P99: 49.582ms	P95: 4.012ms	P50: 1.297ms	SD: 7617.001	RATIO: 0.255%
+-+-+-+-+-+-+-+-+-+-+-+-+-+-+-+-+-+-+-+-+-+-+-+-+-+-+-+-+-+-+-+-+-+-+-+-+-+
>>>>> VIRTUAL USER 30 : ELAPSED TIME : 406446ms
>>>>> PROC: NEWORD
CALLS: 3606	MIN: 2.835ms	AVG: 47.539ms	MAX: 1228.358ms	TOTAL: 171426.771ms
P99: 423.177ms	P95: 140.219ms	P50: 23.483ms	SD: 81810.829	RATIO: 42.177%
>>>>> PROC: PAYMENT
CALLS: 3652	MIN: 2.619ms	AVG: 42.089ms	MAX: 970.246ms	TOTAL: 153708.513ms
P99: 363.410ms	P95: 126.136ms	P50: 22.684ms	SD: 62174.323	RATIO: 37.818%
>>>>> PROC: SLEV
CALLS: 354	MIN: 0.580ms	AVG: 174.998ms	MAX: 20210.585ms	TOTAL: 61949.271ms
P99: 254.145ms	P95: 68.972ms	P50: 5.780ms	SD: 1559075.663	RATIO: 15.242%
>>>>> PROC: DELIVERY
CALLS: 343	MIN: 5.532ms	AVG: 50.468ms	MAX: 436.083ms	TOTAL: 17310.411ms
P99: 407.047ms	P95: 156.505ms	P50: 27.510ms	SD: 60905.856	RATIO: 4.259%
>>>>> PROC: OSTAT
CALLS: 365	MIN: 0.185ms	AVG: 3.002ms	MAX: 105.655ms	TOTAL: 1095.670ms
P99: 53.558ms	P95: 3.650ms	P50: 1.325ms	SD: 9989.557	RATIO: 0.270%
+-+-+-+-+-+-+-+-+-+-+-+-+-+-+-+-+-+-+-+-+-+-+-+-+-+-+-+-+-+-+-+-+-+-+-+-+-+
>>>>> VIRTUAL USER 31 : ELAPSED TIME : 404963ms
>>>>> PROC: NEWORD
CALLS: 3536	MIN: 3.505ms	AVG: 45.093ms	MAX: 1235.922ms	TOTAL: 159448.171ms
P99: 394.528ms	P95: 129.621ms	P50: 23.323ms	SD: 75090.874	RATIO: 39.374%
>>>>> PROC: PAYMENT
CALLS: 3617	MIN: 2.450ms	AVG: 43.026ms	MAX: 966.582ms	TOTAL: 155625.791ms
P99: 397.620ms	P95: 130.984ms	P50: 22.476ms	SD: 68040.790	RATIO: 38.430%
>>>>> PROC: SLEV
CALLS: 346	MIN: 1.059ms	AVG: 203.247ms	MAX: 19966.257ms	TOTAL: 70323.371ms
P99: 6594.093ms	P95: 79.039ms	P50: 5.876ms	SD: 1596758.550	RATIO: 17.365%
>>>>> PROC: DELIVERY
CALLS: 363	MIN: 7.187ms	AVG: 47.890ms	MAX: 667.473ms	TOTAL: 17384.221ms
P99: 319.451ms	P95: 129.312ms	P50: 25.739ms	SD: 63016.277	RATIO: 4.293%
>>>>> PROC: OSTAT
CALLS: 394	MIN: 0.255ms	AVG: 3.138ms	MAX: 181.340ms	TOTAL: 1236.542ms
P99: 54.718ms	P95: 3.967ms	P50: 1.303ms	SD: 11983.780	RATIO: 0.305%
+-+-+-+-+-+-+-+-+-+-+-+-+-+-+-+-+-+-+-+-+-+-+-+-+-+-+-+-+-+-+-+-+-+-+-+-+-+
>>>>> VIRTUAL USER 32 : ELAPSED TIME : 424677ms
>>>>> PROC: NEWORD
CALLS: 3940	MIN: 3.272ms	AVG: 47.540ms	MAX: 1209.873ms	TOTAL: 187306.129ms
P99: 399.514ms	P95: 169.237ms	P50: 23.358ms	SD: 76059.576	RATIO: 44.106%
>>>>> PROC: PAYMENT
CALLS: 4103	MIN: 2.955ms	AVG: 43.600ms	MAX: 967.315ms	TOTAL: 178889.999ms
P99: 396.361ms	P95: 143.825ms	P50: 21.988ms	SD: 69112.145	RATIO: 42.124%
>>>>> PROC: SLEV
CALLS: 387	MIN: 0.496ms	AVG: 90.394ms	MAX: 15782.973ms	TOTAL: 34982.646ms
P99: 244.936ms	P95: 65.225ms	P50: 5.692ms	SD: 1037970.121	RATIO: 8.237%
>>>>> PROC: DELIVERY
CALLS: 379	MIN: 7.153ms	AVG: 56.283ms	MAX: 727.087ms	TOTAL: 21331.415ms
P99: 493.409ms	P95: 193.505ms	P50: 25.388ms	SD: 89050.956	RATIO: 5.023%
>>>>> PROC: OSTAT
CALLS: 407	MIN: 0.175ms	AVG: 2.695ms	MAX: 52.044ms	TOTAL: 1097.049ms
P99: 44.016ms	P95: 4.123ms	P50: 1.352ms	SD: 6847.396	RATIO: 0.258%
+-+-+-+-+-+-+-+-+-+-+-+-+-+-+-+-+-+-+-+-+-+-+-+-+-+-+-+-+-+-+-+-+-+-+-+-+-+
>>>>> VIRTUAL USER 33 : ELAPSED TIME : 407380ms
>>>>> PROC: NEWORD
CALLS: 3874	MIN: 3.732ms	AVG: 48.839ms	MAX: 1013.025ms	TOTAL: 189204.160ms
P99: 407.004ms	P95: 176.947ms	P50: 23.574ms	SD: 76922.701	RATIO: 46.444%
>>>>> PROC: PAYMENT
CALLS: 3693	MIN: 2.513ms	AVG: 43.725ms	MAX: 1236.750ms	TOTAL: 161475.454ms
P99: 396.313ms	P95: 127.816ms	P50: 22.751ms	SD: 67589.317	RATIO: 39.638%
>>>>> PROC: SLEV
CALLS: 391	MIN: 0.562ms	AVG: 93.660ms	MAX: 17200.162ms	TOTAL: 36621.088ms
P99: 170.389ms	P95: 83.301ms	P50: 6.616ms	SD: 1067812.671	RATIO: 8.989%
>>>>> PROC: DELIVERY
CALLS: 355	MIN: 8.134ms	AVG: 50.508ms	MAX: 908.835ms	TOTAL: 17930.464ms
P99: 310.792ms	P95: 172.311ms	P50: 24.979ms	SD: 79194.796	RATIO: 4.401%
>>>>> PROC: OSTAT
CALLS: 391	MIN: 0.174ms	AVG: 2.926ms	MAX: 75.685ms	TOTAL: 1143.938ms
P99: 50.033ms	P95: 3.535ms	P50: 1.252ms	SD: 8554.029	RATIO: 0.281%
+-+-+-+-+-+-+-+-+-+-+-+-+-+-+-+-+-+-+-+-+-+-+-+-+-+-+-+-+-+-+-+-+-+-+-+-+-+
>>>>> VIRTUAL USER 34 : ELAPSED TIME : 404103ms
>>>>> PROC: NEWORD
CALLS: 3598	MIN: 3.458ms	AVG: 47.872ms	MAX: 1233.646ms	TOTAL: 172243.739ms
P99: 417.679ms	P95: 138.899ms	P50: 23.892ms	SD: 79233.942	RATIO: 42.624%
>>>>> PROC: PAYMENT
CALLS: 3599	MIN: 2.325ms	AVG: 40.263ms	MAX: 784.421ms	TOTAL: 144905.820ms
P99: 287.146ms	P95: 110.832ms	P50: 22.230ms	SD: 58981.006	RATIO: 35.859%
>>>>> PROC: SLEV
CALLS: 332	MIN: 0.779ms	AVG: 198.988ms	MAX: 21154.272ms	TOTAL: 66064.166ms
P99: 7328.848ms	P95: 73.594ms	P50: 6.038ms	SD: 1629378.061	RATIO: 16.348%
>>>>> PROC: DELIVERY
CALLS: 352	MIN: 4.797ms	AVG: 54.024ms	MAX: 759.176ms	TOTAL: 19016.573ms
P99: 580.354ms	P95: 139.539ms	P50: 25.922ms	SD: 88121.336	RATIO: 4.706%
>>>>> PROC: OSTAT
CALLS: 311	MIN: 0.141ms	AVG: 3.106ms	MAX: 63.653ms	TOTAL: 965.885ms
P99: 57.393ms	P95: 4.044ms	P50: 1.379ms	SD: 8854.157	RATIO: 0.239%
+-+-+-+-+-+-+-+-+-+-+-+-+-+-+-+-+-+-+-+-+-+-+-+-+-+-+-+-+-+-+-+-+-+-+-+-+-+
>>>>> VIRTUAL USER 35 : ELAPSED TIME : 404371ms
>>>>> PROC: NEWORD
CALLS: 3570	MIN: 2.934ms	AVG: 47.283ms	MAX: 1122.654ms	TOTAL: 168800.294ms
P99: 410.973ms	P95: 154.950ms	P50: 23.562ms	SD: 77830.845	RATIO: 41.744%
>>>>> PROC: PAYMENT
CALLS: 3565	MIN: 2.685ms	AVG: 41.596ms	MAX: 965.651ms	TOTAL: 148290.362ms
P99: 333.528ms	P95: 114.791ms	P50: 22.514ms	SD: 63158.066	RATIO: 36.672%
>>>>> PROC: SLEV
CALLS: 361	MIN: 0.846ms	AVG: 187.564ms	MAX: 20136.375ms	TOTAL: 67710.783ms
P99: 230.580ms	P95: 69.553ms	P50: 7.044ms	SD: 1650149.822	RATIO: 16.745%
>>>>> PROC: DELIVERY
CALLS: 364	MIN: 7.619ms	AVG: 48.830ms	MAX: 675.239ms	TOTAL: 17774.262ms
P99: 323.980ms	P95: 136.528ms	P50: 26.917ms	SD: 69372.056	RATIO: 4.396%
>>>>> PROC: OSTAT
CALLS: 332	MIN: 0.197ms	AVG: 2.590ms	MAX: 82.250ms	TOTAL: 860.005ms
P99: 45.969ms	P95: 3.279ms	P50: 1.391ms	SD: 7408.682	RATIO: 0.213%
+-+-+-+-+-+-+-+-+-+-+-+-+-+-+-+-+-+-+-+-+-+-+-+-+-+-+-+-+-+-+-+-+-+-+-+-+-+
>>>>> VIRTUAL USER 36 : ELAPSED TIME : 427377ms
>>>>> PROC: NEWORD
CALLS: 4060	MIN: 3.585ms	AVG: 44.654ms	MAX: 1014.996ms	TOTAL: 181294.561ms
P99: 407.687ms	P95: 141.024ms	P50: 22.469ms	SD: 74499.122	RATIO: 42.420%
>>>>> PROC: PAYMENT
CALLS: 3944	MIN: 3.167ms	AVG: 40.113ms	MAX: 974.669ms	TOTAL: 158205.337ms
P99: 360.128ms	P95: 125.583ms	P50: 21.285ms	SD: 62054.451	RATIO: 37.018%
>>>>> PROC: SLEV
CALLS: 389	MIN: 0.632ms	AVG: 164.744ms	MAX: 19369.967ms	TOTAL: 64085.552ms
P99: 360.705ms	P95: 62.569ms	P50: 5.688ms	SD: 1505774.091	RATIO: 14.995%
>>>>> PROC: DELIVERY
CALLS: 393	MIN: 4.003ms	AVG: 55.612ms	MAX: 653.720ms	TOTAL: 21855.322ms
P99: 392.058ms	P95: 184.976ms	P50: 25.850ms	SD: 75647.312	RATIO: 5.114%
>>>>> PROC: OSTAT
CALLS: 430	MIN: 0.242ms	AVG: 2.123ms	MAX: 66.106ms	TOTAL: 912.757ms
P99: 31.502ms	P95: 3.405ms	P50: 1.186ms	SD: 5559.280	RATIO: 0.214%
+-+-+-+-+-+-+-+-+-+-+-+-+-+-+-+-+-+-+-+-+-+-+-+-+-+-+-+-+-+-+-+-+-+-+-+-+-+
>>>>> VIRTUAL USER 37 : ELAPSED TIME : 401435ms
>>>>> PROC: NEWORD
CALLS: 3589	MIN: 3.254ms	AVG: 46.897ms	MAX: 1223.130ms	TOTAL: 168312.448ms
P99: 410.076ms	P95: 138.442ms	P50: 23.832ms	SD: 79863.340	RATIO: 41.928%
>>>>> PROC: PAYMENT
CALLS: 3557	MIN: 2.725ms	AVG: 43.127ms	MAX: 1006.221ms	TOTAL: 153402.031ms
P99: 349.555ms	P95: 135.224ms	P50: 22.695ms	SD: 64189.570	RATIO: 38.213%
>>>>> PROC: SLEV
CALLS: 354	MIN: 0.627ms	AVG: 160.728ms	MAX: 14586.626ms	TOTAL: 56897.603ms
P99: 4091.643ms	P95: 66.944ms	P50: 5.614ms	SD: 1188342.744	RATIO: 14.174%
>>>>> PROC: DELIVERY
CALLS: 368	MIN: 5.351ms	AVG: 56.597ms	MAX: 815.386ms	TOTAL: 20827.709ms
P99: 468.889ms	P95: 221.643ms	P50: 25.445ms	SD: 89479.495	RATIO: 5.188%
>>>>> PROC: OSTAT
CALLS: 340	MIN: 0.166ms	AVG: 3.109ms	MAX: 94.827ms	TOTAL: 1057.021ms
P99: 58.610ms	P95: 3.721ms	P50: 1.270ms	SD: 9959.038	RATIO: 0.263%
+-+-+-+-+-+-+-+-+-+-+-+-+-+-+-+-+-+-+-+-+-+-+-+-+-+-+-+-+-+-+-+-+-+-+-+-+-+
>>>>> VIRTUAL USER 38 : ELAPSED TIME : 420879ms
>>>>> PROC: NEWORD
CALLS: 4001	MIN: 3.587ms	AVG: 48.307ms	MAX: 1222.621ms	TOTAL: 193277.009ms
P99: 405.006ms	P95: 174.291ms	P50: 23.302ms	SD: 78019.203	RATIO: 45.922%
>>>>> PROC: PAYMENT
CALLS: 4055	MIN: 3.413ms	AVG: 45.152ms	MAX: 1018.308ms	TOTAL: 183093.149ms
P99: 389.132ms	P95: 136.718ms	P50: 22.523ms	SD: 71265.874	RATIO: 43.503%
>>>>> PROC: SLEV
CALLS: 376	MIN: 0.666ms	AVG: 57.494ms	MAX: 15369.805ms	TOTAL: 21617.701ms
P99: 105.889ms	P95: 65.757ms	P50: 6.028ms	SD: 792203.149	RATIO: 5.136%
>>>>> PROC: DELIVERY
CALLS: 393	MIN: 4.901ms	AVG: 52.622ms	MAX: 890.308ms	TOTAL: 20680.600ms
P99: 428.048ms	P95: 187.204ms	P50: 24.458ms	SD: 81700.528	RATIO: 4.914%
>>>>> PROC: OSTAT
CALLS: 391	MIN: 0.190ms	AVG: 2.992ms	MAX: 86.155ms	TOTAL: 1169.776ms
P99: 52.520ms	P95: 4.552ms	P50: 1.228ms	SD: 9448.719	RATIO: 0.278%
+-+-+-+-+-+-+-+-+-+-+-+-+-+-+-+-+-+-+-+-+-+-+-+-+-+-+-+-+-+-+-+-+-+-+-+-+-+
>>>>> VIRTUAL USER 39 : ELAPSED TIME : 402359ms
>>>>> PROC: NEWORD
CALLS: 3565	MIN: 3.726ms	AVG: 45.922ms	MAX: 1229.442ms	TOTAL: 163710.684ms
P99: 406.052ms	P95: 120.967ms	P50: 23.809ms	SD: 74998.785	RATIO: 40.688%
>>>>> PROC: PAYMENT
CALLS: 3542	MIN: 2.940ms	AVG: 42.428ms	MAX: 969.128ms	TOTAL: 150279.890ms
P99: 349.519ms	P95: 130.947ms	P50: 22.441ms	SD: 66076.122	RATIO: 37.350%
>>>>> PROC: SLEV
CALLS: 374	MIN: 0.663ms	AVG: 180.874ms	MAX: 19214.479ms	TOTAL: 67646.766ms
P99: 5006.730ms	P95: 68.990ms	P50: 6.369ms	SD: 1535455.177	RATIO: 16.813%
>>>>> PROC: DELIVERY
CALLS: 347	MIN: 5.200ms	AVG: 54.639ms	MAX: 758.950ms	TOTAL: 18959.608ms
P99: 610.061ms	P95: 198.765ms	P50: 25.669ms	SD: 89387.865	RATIO: 4.712%
>>>>> PROC: OSTAT
CALLS: 364	MIN: 0.270ms	AVG: 2.308ms	MAX: 86.075ms	TOTAL: 840.036ms
P99: 31.061ms	P95: 3.220ms	P50: 1.285ms	SD: 6753.127	RATIO: 0.209%
+-+-+-+-+-+-+-+-+-+-+-+-+-+-+-+-+-+-+-+-+-+-+-+-+-+-+-+-+-+-+-+-+-+-+-+-+-+
>>>>> VIRTUAL USER 40 : ELAPSED TIME : 398225ms
>>>>> PROC: NEWORD
CALLS: 3497	MIN: 3.169ms	AVG: 48.420ms	MAX: 1234.429ms	TOTAL: 169326.310ms
P99: 416.572ms	P95: 152.860ms	P50: 24.008ms	SD: 80029.191	RATIO: 42.520%
>>>>> PROC: PAYMENT
CALLS: 3626	MIN: 2.747ms	AVG: 40.756ms	MAX: 953.359ms	TOTAL: 147782.554ms
P99: 341.172ms	P95: 110.265ms	P50: 22.626ms	SD: 59804.222	RATIO: 37.110%
>>>>> PROC: SLEV
CALLS: 332	MIN: 1.081ms	AVG: 194.930ms	MAX: 14993.899ms	TOTAL: 64716.726ms
P99: 12514.501ms	P95: 74.780ms	P50: 6.630ms	SD: 1510342.072	RATIO: 16.251%
>>>>> PROC: DELIVERY
CALLS: 320	MIN: 8.368ms	AVG: 45.893ms	MAX: 667.672ms	TOTAL: 14685.835ms
P99: 318.519ms	P95: 142.050ms	P50: 24.753ms	SD: 61166.387	RATIO: 3.688%
>>>>> PROC: OSTAT
CALLS: 313	MIN: 0.144ms	AVG: 2.392ms	MAX: 60.588ms	TOTAL: 748.676ms
P99: 36.033ms	P95: 3.575ms	P50: 1.334ms	SD: 5982.147	RATIO: 0.188%
+-+-+-+-+-+-+-+-+-+-+-+-+-+-+-+-+-+-+-+-+-+-+-+-+-+-+-+-+-+-+-+-+-+-+-+-+-+
>>>>> VIRTUAL USER 41 : ELAPSED TIME : 424365ms
>>>>> PROC: NEWORD
CALLS: 3944	MIN: 3.543ms	AVG: 45.194ms	MAX: 1233.665ms	TOTAL: 178246.850ms
P99: 408.564ms	P95: 137.312ms	P50: 22.572ms	SD: 77450.649	RATIO: 42.003%
>>>>> PROC: PAYMENT
CALLS: 4050	MIN: 2.477ms	AVG: 40.961ms	MAX: 918.531ms	TOTAL: 165893.897ms
P99: 338.213ms	P95: 129.753ms	P50: 21.505ms	SD: 62136.528	RATIO: 39.092%
>>>>> PROC: SLEV
CALLS: 421	MIN: 0.708ms	AVG: 138.753ms	MAX: 20440.497ms	TOTAL: 58415.054ms
P99: 4655.650ms	P95: 63.520ms	P50: 5.076ms	SD: 1323803.770	RATIO: 13.765%
>>>>> PROC: DELIVERY
CALLS: 420	MIN: 4.387ms	AVG: 47.368ms	MAX: 630.273ms	TOTAL: 19894.377ms
P99: 334.374ms	P95: 164.614ms	P50: 24.345ms	SD: 64620.195	RATIO: 4.688%
>>>>> PROC: OSTAT
CALLS: 381	MIN: 0.224ms	AVG: 2.381ms	MAX: 73.752ms	TOTAL: 907.229ms
P99: 42.919ms	P95: 3.866ms	P50: 1.278ms	SD: 6654.511	RATIO: 0.214%
+-+-+-+-+-+-+-+-+-+-+-+-+-+-+-+-+-+-+-+-+-+-+-+-+-+-+-+-+-+-+-+-+-+-+-+-+-+
>>>>> VIRTUAL USER 42 : ELAPSED TIME : 399134ms
>>>>> PROC: PAYMENT
CALLS: 3003	MIN: 1.650ms	AVG: 58.170ms	MAX: 935.502ms	TOTAL: 174684.191ms
P99: 439.358ms	P95: 177.810ms	P50: 32.115ms	SD: 81023.393	RATIO: 43.766%
>>>>> PROC: NEWORD
CALLS: 2993	MIN: 3.790ms	AVG: 49.928ms	MAX: 1255.893ms	TOTAL: 149434.639ms
P99: 417.368ms	P95: 140.387ms	P50: 24.765ms	SD: 81586.136	RATIO: 37.440%
>>>>> PROC: SLEV
CALLS: 326	MIN: 0.822ms	AVG: 173.101ms	MAX: 16683.424ms	TOTAL: 56430.933ms
P99: 6694.221ms	P95: 65.462ms	P50: 5.413ms	SD: 1491003.287	RATIO: 14.138%
>>>>> PROC: DELIVERY
CALLS: 309	MIN: 5.425ms	AVG: 54.851ms	MAX: 1012.783ms	TOTAL: 16948.927ms
P99: 500.357ms	P95: 170.777ms	P50: 24.526ms	SD: 100264.621	RATIO: 4.246%
>>>>> PROC: OSTAT
CALLS: 305	MIN: 0.198ms	AVG: 2.663ms	MAX: 173.449ms	TOTAL: 812.214ms
P99: 36.950ms	P95: 3.546ms	P50: 1.357ms	SD: 11017.787	RATIO: 0.203%
+-+-+-+-+-+-+-+-+-+-+-+-+-+-+-+-+-+-+-+-+-+-+-+-+-+-+-+-+-+-+-+-+-+-+-+-+-+
>>>>> VIRTUAL USER 43 : ELAPSED TIME : 403202ms
>>>>> PROC: PAYMENT
CALLS: 3115	MIN: 3.186ms	AVG: 59.585ms	MAX: 1019.963ms	TOTAL: 185606.761ms
P99: 434.913ms	P95: 190.728ms	P50: 33.535ms	SD: 83307.681	RATIO: 46.033%
>>>>> PROC: NEWORD
CALLS: 3119	MIN: 2.787ms	AVG: 51.953ms	MAX: 1236.073ms	TOTAL: 162040.455ms
P99: 486.498ms	P95: 170.708ms	P50: 24.677ms	SD: 85801.883	RATIO: 40.188%
>>>>> PROC: SLEV
CALLS: 322	MIN: 0.658ms	AVG: 117.530ms	MAX: 18297.033ms	TOTAL: 37844.605ms
P99: 459.435ms	P95: 82.733ms	P50: 6.914ms	SD: 1238654.612	RATIO: 9.386%
>>>>> PROC: DELIVERY
CALLS: 322	MIN: 5.101ms	AVG: 49.987ms	MAX: 489.737ms	TOTAL: 16095.909ms
P99: 290.894ms	P95: 158.631ms	P50: 26.859ms	SD: 59917.512	RATIO: 3.992%
>>>>> PROC: OSTAT
CALLS: 290	MIN: 0.104ms	AVG: 2.747ms	MAX: 51.796ms	TOTAL: 796.661ms
P99: 45.830ms	P95: 3.511ms	P50: 1.294ms	SD: 7302.977	RATIO: 0.198%
+-+-+-+-+-+-+-+-+-+-+-+-+-+-+-+-+-+-+-+-+-+-+-+-+-+-+-+-+-+-+-+-+-+-+-+-+-+
>>>>> VIRTUAL USER 44 : ELAPSED TIME : 413799ms
>>>>> PROC: PAYMENT
CALLS: 3116	MIN: 3.172ms	AVG: 56.512ms	MAX: 952.987ms	TOTAL: 176092.619ms
P99: 439.589ms	P95: 180.827ms	P50: 31.015ms	SD: 79438.689	RATIO: 42.555%
>>>>> PROC: NEWORD
CALLS: 3138	MIN: 3.186ms	AVG: 48.931ms	MAX: 956.731ms	TOTAL: 153546.231ms
P99: 410.054ms	P95: 151.975ms	P50: 24.561ms	SD: 77193.103	RATIO: 37.106%
>>>>> PROC: SLEV
CALLS: 283	MIN: 0.629ms	AVG: 235.870ms	MAX: 19265.392ms	TOTAL: 66751.347ms
P99: 13494.388ms	P95: 72.934ms	P50: 6.483ms	SD: 1847572.138	RATIO: 16.131%
>>>>> PROC: DELIVERY
CALLS: 313	MIN: 4.928ms	AVG: 50.559ms	MAX: 1122.084ms	TOTAL: 15824.953ms
P99: 387.107ms	P95: 168.135ms	P50: 23.252ms	SD: 93088.435	RATIO: 3.824%
>>>>> PROC: OSTAT
CALLS: 318	MIN: 0.141ms	AVG: 2.450ms	MAX: 66.160ms	TOTAL: 778.995ms
P99: 35.044ms	P95: 3.985ms	P50: 1.231ms	SD: 6617.510	RATIO: 0.188%
+-+-+-+-+-+-+-+-+-+-+-+-+-+-+-+-+-+-+-+-+-+-+-+-+-+-+-+-+-+-+-+-+-+-+-+-+-+
>>>>> VIRTUAL USER 45 : ELAPSED TIME : 397992ms
>>>>> PROC: PAYMENT
CALLS: 3007	MIN: 3.393ms	AVG: 58.588ms	MAX: 1228.832ms	TOTAL: 176173.081ms
P99: 453.058ms	P95: 179.285ms	P50: 32.638ms	SD: 85441.296	RATIO: 44.265%
>>>>> PROC: NEWORD
CALLS: 3017	MIN: 2.839ms	AVG: 48.561ms	MAX: 1016.597ms	TOTAL: 146508.903ms
P99: 391.646ms	P95: 150.763ms	P50: 24.519ms	SD: 72078.939	RATIO: 36.812%
>>>>> PROC: SLEV
CALLS: 295	MIN: 0.785ms	AVG: 182.223ms	MAX: 19307.407ms	TOTAL: 53755.879ms
P99: 4299.323ms	P95: 66.122ms	P50: 6.216ms	SD: 1539254.327	RATIO: 13.507%
>>>>> PROC: DELIVERY
CALLS: 328	MIN: 6.312ms	AVG: 60.254ms	MAX: 750.520ms	TOTAL: 19763.212ms
P99: 499.870ms	P95: 215.381ms	P50: 27.928ms	SD: 88595.047	RATIO: 4.966%
>>>>> PROC: OSTAT
CALLS: 265	MIN: 0.233ms	AVG: 3.722ms	MAX: 200.345ms	TOTAL: 986.395ms
P99: 64.329ms	P95: 4.131ms	P50: 1.408ms	SD: 15145.042	RATIO: 0.248%
+-+-+-+-+-+-+-+-+-+-+-+-+-+-+-+-+-+-+-+-+-+-+-+-+-+-+-+-+-+-+-+-+-+-+-+-+-+
>>>>> VIRTUAL USER 46 : ELAPSED TIME : 405151ms
>>>>> PROC: PAYMENT
CALLS: 3103	MIN: 2.496ms	AVG: 56.048ms	MAX: 1213.444ms	TOTAL: 173915.595ms
P99: 426.192ms	P95: 163.410ms	P50: 32.102ms	SD: 77027.726	RATIO: 42.926%
>>>>> PROC: NEWORD
CALLS: 3137	MIN: 4.087ms	AVG: 49.704ms	MAX: 1016.642ms	TOTAL: 155921.121ms
P99: 436.073ms	P95: 151.683ms	P50: 24.657ms	SD: 81287.148	RATIO: 38.485%
>>>>> PROC: SLEV
CALLS: 300	MIN: 0.595ms	AVG: 189.338ms	MAX: 19481.255ms	TOTAL: 56801.402ms
P99: 9156.907ms	P95: 78.861ms	P50: 6.785ms	SD: 1586426.955	RATIO: 14.020%
>>>>> PROC: DELIVERY
CALLS: 304	MIN: 6.678ms	AVG: 55.509ms	MAX: 658.343ms	TOTAL: 16874.836ms
P99: 448.198ms	P95: 201.319ms	P50: 26.057ms	SD: 79526.450	RATIO: 4.165%
>>>>> PROC: OSTAT
CALLS: 324	MIN: 0.242ms	AVG: 2.486ms	MAX: 84.769ms	TOTAL: 805.352ms
P99: 40.434ms	P95: 3.898ms	P50: 1.288ms	SD: 7415.444	RATIO: 0.199%
+-+-+-+-+-+-+-+-+-+-+-+-+-+-+-+-+-+-+-+-+-+-+-+-+-+-+-+-+-+-+-+-+-+-+-+-+-+
>>>>> VIRTUAL USER 47 : ELAPSED TIME : 401301ms
>>>>> PROC: PAYMENT
CALLS: 3178	MIN: 3.714ms	AVG: 59.450ms	MAX: 952.682ms	TOTAL: 188933.040ms
P99: 427.405ms	P95: 184.716ms	P50: 33.737ms	SD: 82539.984	RATIO: 47.080%
>>>>> PROC: NEWORD
CALLS: 3044	MIN: 3.661ms	AVG: 51.340ms	MAX: 1246.204ms	TOTAL: 156277.687ms
P99: 454.993ms	P95: 169.564ms	P50: 24.679ms	SD: 84271.328	RATIO: 38.943%
>>>>> PROC: SLEV
CALLS: 319	MIN: 0.706ms	AVG: 116.132ms	MAX: 17997.063ms	TOTAL: 37046.194ms
P99: 258.226ms	P95: 78.485ms	P50: 6.816ms	SD: 1253279.304	RATIO: 9.232%
>>>>> PROC: DELIVERY
CALLS: 321	MIN: 5.913ms	AVG: 54.219ms	MAX: 658.012ms	TOTAL: 17404.139ms
P99: 404.896ms	P95: 202.356ms	P50: 25.964ms	SD: 73989.977	RATIO: 4.337%
>>>>> PROC: OSTAT
CALLS: 306	MIN: 0.221ms	AVG: 2.661ms	MAX: 81.740ms	TOTAL: 814.318ms
P99: 47.179ms	P95: 3.603ms	P50: 1.248ms	SD: 8040.439	RATIO: 0.203%
+-+-+-+-+-+-+-+-+-+-+-+-+-+-+-+-+-+-+-+-+-+-+-+-+-+-+-+-+-+-+-+-+-+-+-+-+-+
>>>>> VIRTUAL USER 48 : ELAPSED TIME : 412914ms
>>>>> PROC: PAYMENT
CALLS: 3071	MIN: 3.301ms	AVG: 58.572ms	MAX: 1175.587ms	TOTAL: 179874.183ms
P99: 428.355ms	P95: 194.050ms	P50: 32.046ms	SD: 86354.465	RATIO: 43.562%
>>>>> PROC: NEWORD
CALLS: 3203	MIN: 3.936ms	AVG: 46.614ms	MAX: 1228.416ms	TOTAL: 149305.144ms
P99: 404.838ms	P95: 133.644ms	P50: 23.990ms	SD: 74396.820	RATIO: 36.159%
>>>>> PROC: SLEV
CALLS: 290	MIN: 0.681ms	AVG: 226.998ms	MAX: 15990.186ms	TOTAL: 65829.459ms
P99: 10191.869ms	P95: 85.377ms	P50: 6.951ms	SD: 1611800.303	RATIO: 15.943%
>>>>> PROC: DELIVERY
CALLS: 301	MIN: 6.183ms	AVG: 53.758ms	MAX: 829.877ms	TOTAL: 16181.245ms
P99: 341.674ms	P95: 185.071ms	P50: 25.792ms	SD: 78754.835	RATIO: 3.919%
>>>>> PROC: OSTAT
CALLS: 303	MIN: 0.243ms	AVG: 3.024ms	MAX: 84.199ms	TOTAL: 916.311ms
P99: 47.877ms	P95: 6.561ms	P50: 1.302ms	SD: 8315.319	RATIO: 0.222%
+-+-+-+-+-+-+-+-+-+-+-+-+-+-+-+-+-+-+-+-+-+-+-+-+-+-+-+-+-+-+-+-+-+-+-+-+-+
>>>>> VIRTUAL USER 49 : ELAPSED TIME : 396303ms
>>>>> PROC: PAYMENT
CALLS: 3034	MIN: 3.335ms	AVG: 57.851ms	MAX: 1032.881ms	TOTAL: 175520.959ms
P99: 414.083ms	P95: 169.247ms	P50: 34.473ms	SD: 78439.816	RATIO: 44.290%
>>>>> PROC: NEWORD
CALLS: 3043	MIN: 4.255ms	AVG: 54.588ms	MAX: 1235.965ms	TOTAL: 166112.620ms
P99: 463.781ms	P95: 198.400ms	P50: 25.587ms	SD: 87212.767	RATIO: 41.916%
>>>>> PROC: SLEV
CALLS: 298	MIN: 0.738ms	AVG: 115.125ms	MAX: 16005.688ms	TOTAL: 34307.383ms
P99: 264.989ms	P95: 88.515ms	P50: 7.840ms	SD: 1173019.016	RATIO: 8.657%
>>>>> PROC: DELIVERY
CALLS: 312	MIN: 4.738ms	AVG: 60.062ms	MAX: 813.229ms	TOTAL: 18739.484ms
P99: 481.937ms	P95: 218.765ms	P50: 26.645ms	SD: 89624.283	RATIO: 4.729%
>>>>> PROC: OSTAT
CALLS: 289	MIN: 0.163ms	AVG: 2.876ms	MAX: 54.727ms	TOTAL: 831.176ms
P99: 40.219ms	P95: 4.957ms	P50: 1.362ms	SD: 7193.698	RATIO: 0.210%
+-+-+-+-+-+-+-+-+-+-+-+-+-+-+-+-+-+-+-+-+-+-+-+-+-+-+-+-+-+-+-+-+-+-+-+-+-+
>>>>> VIRTUAL USER 50 : ELAPSED TIME : 414414ms
>>>>> PROC: PAYMENT
CALLS: 3146	MIN: 2.771ms	AVG: 56.257ms	MAX: 1007.582ms	TOTAL: 176985.258ms
P99: 421.767ms	P95: 169.971ms	P50: 31.227ms	SD: 77693.392	RATIO: 42.707%
>>>>> PROC: NEWORD
CALLS: 3131	MIN: 3.548ms	AVG: 49.013ms	MAX: 1235.912ms	TOTAL: 153458.621ms
P99: 429.857ms	P95: 153.195ms	P50: 24.094ms	SD: 83215.342	RATIO: 37.030%
>>>>> PROC: SLEV
CALLS: 281	MIN: 0.648ms	AVG: 232.844ms	MAX: 19216.457ms	TOTAL: 65429.120ms
P99: 12688.160ms	P95: 82.033ms	P50: 6.766ms	SD: 1830587.282	RATIO: 15.788%
>>>>> PROC: DELIVERY
CALLS: 333	MIN: 6.001ms	AVG: 50.774ms	MAX: 799.003ms	TOTAL: 16907.845ms
P99: 432.794ms	P95: 176.474ms	P50: 23.757ms	SD: 87144.438	RATIO: 4.080%
>>>>> PROC: OSTAT
CALLS: 277	MIN: 0.129ms	AVG: 3.016ms	MAX: 215.471ms	TOTAL: 835.311ms
P99: 47.139ms	P95: 3.281ms	P50: 1.256ms	SD: 14021.373	RATIO: 0.202%
+-+-+-+-+-+-+-+-+-+-+-+-+-+-+-+-+-+-+-+-+-+-+-+-+-+-+-+-+-+-+-+-+-+-+-+-+-+
>>>>> VIRTUAL USER 51 : ELAPSED TIME : 410214ms
>>>>> PROC: PAYMENT
CALLS: 3105	MIN: 4.077ms	AVG: 57.627ms	MAX: 1012.227ms	TOTAL: 178930.828ms
P99: 419.850ms	P95: 186.257ms	P50: 32.496ms	SD: 81733.546	RATIO: 43.619%
>>>>> PROC: NEWORD
CALLS: 3129	MIN: 3.606ms	AVG: 48.186ms	MAX: 1235.443ms	TOTAL: 150772.705ms
P99: 400.635ms	P95: 146.325ms	P50: 24.090ms	SD: 77044.245	RATIO: 36.755%
>>>>> PROC: SLEV
CALLS: 306	MIN: 0.515ms	AVG: 204.295ms	MAX: 17503.451ms	TOTAL: 62514.383ms
P99: 9587.135ms	P95: 64.696ms	P50: 5.158ms	SD: 1611641.991	RATIO: 15.239%
>>>>> PROC: DELIVERY
CALLS: 302	MIN: 5.775ms	AVG: 55.257ms	MAX: 1007.146ms	TOTAL: 16687.599ms
P99: 586.509ms	P95: 200.753ms	P50: 25.267ms	SD: 96255.738	RATIO: 4.068%
>>>>> PROC: OSTAT
CALLS: 326	MIN: 0.247ms	AVG: 1.587ms	MAX: 48.902ms	TOTAL: 517.319ms
P99: 4.463ms	P95: 3.132ms	P50: 1.185ms	SD: 3142.868	RATIO: 0.126%
+-+-+-+-+-+-+-+-+-+-+-+-+-+-+-+-+-+-+-+-+-+-+-+-+-+-+-+-+-+-+-+-+-+-+-+-+-+
>>>>> VIRTUAL USER 52 : ELAPSED TIME : 412466ms
>>>>> PROC: PAYMENT
CALLS: 3173	MIN: 3.545ms	AVG: 58.514ms	MAX: 1021.394ms	TOTAL: 185665.363ms
P99: 503.310ms	P95: 191.732ms	P50: 32.253ms	SD: 86315.840	RATIO: 45.013%
>>>>> PROC: NEWORD
CALLS: 3085	MIN: 3.839ms	AVG: 46.238ms	MAX: 1227.474ms	TOTAL: 142644.651ms
P99: 395.799ms	P95: 129.158ms	P50: 24.207ms	SD: 72543.347	RATIO: 34.583%
>>>>> PROC: SLEV
CALLS: 301	MIN: 0.592ms	AVG: 215.123ms	MAX: 18978.936ms	TOTAL: 64752.009ms
P99: 12903.405ms	P95: 62.968ms	P50: 5.743ms	SD: 1752034.027	RATIO: 15.699%
>>>>> PROC: DELIVERY
CALLS: 325	MIN: 3.819ms	AVG: 55.143ms	MAX: 755.132ms	TOTAL: 17921.573ms
P99: 538.526ms	P95: 213.697ms	P50: 24.385ms	SD: 93953.543	RATIO: 4.345%
>>>>> PROC: OSTAT
CALLS: 284	MIN: 0.205ms	AVG: 2.448ms	MAX: 157.105ms	TOTAL: 695.323ms
P99: 34.358ms	P95: 3.431ms	P50: 1.274ms	SD: 10239.849	RATIO: 0.169%
+-+-+-+-+-+-+-+-+-+-+-+-+-+-+-+-+-+-+-+-+-+-+-+-+-+-+-+-+-+-+-+-+-+-+-+-+-+
>>>>> VIRTUAL USER 53 : ELAPSED TIME : 402100ms
>>>>> PROC: PAYMENT
CALLS: 3186	MIN: 3.390ms	AVG: 58.401ms	MAX: 1016.667ms	TOTAL: 186064.404ms
P99: 408.437ms	P95: 178.579ms	P50: 33.524ms	SD: 79359.799	RATIO: 46.273%
>>>>> PROC: NEWORD
CALLS: 3064	MIN: 3.991ms	AVG: 49.698ms	MAX: 1222.754ms	TOTAL: 152275.887ms
P99: 412.057ms	P95: 158.632ms	P50: 24.734ms	SD: 79760.746	RATIO: 37.870%
>>>>> PROC: SLEV
CALLS: 300	MIN: 0.548ms	AVG: 137.546ms	MAX: 17683.046ms	TOTAL: 41263.819ms
P99: 2574.774ms	P95: 66.269ms	P50: 6.256ms	SD: 1341709.292	RATIO: 10.262%
>>>>> PROC: DELIVERY
CALLS: 307	MIN: 5.309ms	AVG: 67.839ms	MAX: 960.363ms	TOTAL: 20826.622ms
P99: 552.378ms	P95: 221.121ms	P50: 26.476ms	SD: 113570.727	RATIO: 5.179%
>>>>> PROC: OSTAT
CALLS: 311	MIN: 0.187ms	AVG: 2.894ms	MAX: 100.777ms	TOTAL: 900.179ms
P99: 51.752ms	P95: 3.494ms	P50: 1.188ms	SD: 9504.895	RATIO: 0.224%
+-+-+-+-+-+-+-+-+-+-+-+-+-+-+-+-+-+-+-+-+-+-+-+-+-+-+-+-+-+-+-+-+-+-+-+-+-+
>>>>> VIRTUAL USER 54 : ELAPSED TIME : 393150ms
>>>>> PROC: PAYMENT
CALLS: 3014	MIN: 3.493ms	AVG: 56.559ms	MAX: 1174.590ms	TOTAL: 170469.575ms
P99: 415.068ms	P95: 164.135ms	P50: 33.068ms	SD: 76453.294	RATIO: 43.360%
>>>>> PROC: NEWORD
CALLS: 3032	MIN: 3.415ms	AVG: 50.669ms	MAX: 1214.226ms	TOTAL: 153627.941ms
P99: 410.302ms	P95: 156.365ms	P50: 25.352ms	SD: 80581.057	RATIO: 39.076%
>>>>> PROC: SLEV
CALLS: 296	MIN: 0.623ms	AVG: 164.850ms	MAX: 17134.566ms	TOTAL: 48795.515ms
P99: 188.672ms	P95: 65.130ms	P50: 5.151ms	SD: 1502468.996	RATIO: 12.411%
>>>>> PROC: DELIVERY
CALLS: 289	MIN: 4.958ms	AVG: 64.309ms	MAX: 814.343ms	TOTAL: 18585.244ms
P99: 617.128ms	P95: 204.564ms	P50: 27.288ms	SD: 109189.114	RATIO: 4.727%
>>>>> PROC: OSTAT
CALLS: 281	MIN: 0.241ms	AVG: 3.232ms	MAX: 61.605ms	TOTAL: 908.151ms
P99: 48.704ms	P95: 6.125ms	P50: 1.432ms	SD: 8752.844	RATIO: 0.231%
+-+-+-+-+-+-+-+-+-+-+-+-+-+-+-+-+-+-+-+-+-+-+-+-+-+-+-+-+-+-+-+-+-+-+-+-+-+
>>>>> VIRTUAL USER 55 : ELAPSED TIME : 398830ms
>>>>> PROC: PAYMENT
CALLS: 3118	MIN: 3.358ms	AVG: 59.467ms	MAX: 1224.278ms	TOTAL: 185418.509ms
P99: 438.504ms	P95: 182.350ms	P50: 33.152ms	SD: 88895.553	RATIO: 46.491%
>>>>> PROC: NEWORD
CALLS: 3120	MIN: 3.065ms	AVG: 51.466ms	MAX: 917.999ms	TOTAL: 160575.120ms
P99: 448.397ms	P95: 175.266ms	P50: 25.178ms	SD: 77680.754	RATIO: 40.262%
>>>>> PROC: SLEV
CALLS: 316	MIN: 0.529ms	AVG: 110.707ms	MAX: 15500.186ms	TOTAL: 34983.489ms
P99: 357.357ms	P95: 83.353ms	P50: 7.776ms	SD: 1124541.676	RATIO: 8.772%
>>>>> PROC: DELIVERY
CALLS: 328	MIN: 5.228ms	AVG: 49.231ms	MAX: 807.422ms	TOTAL: 16147.887ms
P99: 358.375ms	P95: 158.061ms	P50: 25.979ms	SD: 73701.683	RATIO: 4.049%
>>>>> PROC: OSTAT
CALLS: 286	MIN: 0.234ms	AVG: 3.143ms	MAX: 135.194ms	TOTAL: 898.855ms
P99: 41.374ms	P95: 4.087ms	P50: 1.419ms	SD: 11215.165	RATIO: 0.225%
+-+-+-+-+-+-+-+-+-+-+-+-+-+-+-+-+-+-+-+-+-+-+-+-+-+-+-+-+-+-+-+-+-+-+-+-+-+
>>>>> VIRTUAL USER 56 : ELAPSED TIME : 390614ms
>>>>> PROC: PAYMENT
CALLS: 2974	MIN: 3.479ms	AVG: 57.841ms	MAX: 968.045ms	TOTAL: 172018.452ms
P99: 436.153ms	P95: 166.909ms	P50: 32.687ms	SD: 81873.827	RATIO: 44.038%
>>>>> PROC: NEWORD
CALLS: 2959	MIN: 2.856ms	AVG: 49.947ms	MAX: 1225.648ms	TOTAL: 147792.641ms
P99: 410.239ms	P95: 152.440ms	P50: 24.743ms	SD: 80013.990	RATIO: 37.836%
>>>>> PROC: SLEV
CALLS: 303	MIN: 0.489ms	AVG: 174.187ms	MAX: 19311.140ms	TOTAL: 52778.782ms
P99: 361.016ms	P95: 66.287ms	P50: 7.087ms	SD: 1608488.521	RATIO: 13.512%
>>>>> PROC: DELIVERY
CALLS: 306	MIN: 5.089ms	AVG: 53.790ms	MAX: 613.295ms	TOTAL: 16459.719ms
P99: 402.646ms	P95: 184.591ms	P50: 25.602ms	SD: 75791.207	RATIO: 4.214%
>>>>> PROC: OSTAT
CALLS: 306	MIN: 0.146ms	AVG: 2.634ms	MAX: 79.751ms	TOTAL: 806.127ms
P99: 49.515ms	P95: 3.243ms	P50: 1.359ms	SD: 7698.624	RATIO: 0.206%
+-+-+-+-+-+-+-+-+-+-+-+-+-+-+-+-+-+-+-+-+-+-+-+-+-+-+-+-+-+-+-+-+-+-+-+-+-+
>>>>> VIRTUAL USER 57 : ELAPSED TIME : 408337ms
>>>>> PROC: PAYMENT
CALLS: 3154	MIN: 4.118ms	AVG: 55.808ms	MAX: 1096.668ms	TOTAL: 176016.873ms
P99: 415.579ms	P95: 177.197ms	P50: 30.801ms	SD: 80088.685	RATIO: 43.106%
>>>>> PROC: NEWORD
CALLS: 3098	MIN: 3.434ms	AVG: 48.802ms	MAX: 1223.772ms	TOTAL: 151189.018ms
P99: 409.468ms	P95: 153.526ms	P50: 24.405ms	SD: 78192.154	RATIO: 37.026%
>>>>> PROC: SLEV
CALLS: 313	MIN: 0.525ms	AVG: 208.420ms	MAX: 20075.610ms	TOTAL: 65235.534ms
P99: 7297.151ms	P95: 71.779ms	P50: 6.402ms	SD: 1654251.270	RATIO: 15.976%
>>>>> PROC: DELIVERY
CALLS: 293	MIN: 5.306ms	AVG: 48.481ms	MAX: 741.519ms	TOTAL: 14205.043ms
P99: 263.960ms	P95: 134.956ms	P50: 25.641ms	SD: 63875.600	RATIO: 3.479%
>>>>> PROC: OSTAT
CALLS: 310	MIN: 0.226ms	AVG: 2.899ms	MAX: 180.787ms	TOTAL: 898.802ms
P99: 40.943ms	P95: 3.471ms	P50: 1.352ms	SD: 11851.646	RATIO: 0.220%
+-+-+-+-+-+-+-+-+-+-+-+-+-+-+-+-+-+-+-+-+-+-+-+-+-+-+-+-+-+-+-+-+-+-+-+-+-+
>>>>> VIRTUAL USER 58 : ELAPSED TIME : 389651ms
>>>>> PROC: PAYMENT
CALLS: 2950	MIN: 3.355ms	AVG: 56.624ms	MAX: 966.088ms	TOTAL: 167039.583ms
P99: 415.802ms	P95: 169.809ms	P50: 34.273ms	SD: 74111.722	RATIO: 42.869%
>>>>> PROC: NEWORD
CALLS: 2830	MIN: 3.770ms	AVG: 48.775ms	MAX: 1244.903ms	TOTAL: 138032.838ms
P99: 412.770ms	P95: 143.490ms	P50: 24.405ms	SD: 82337.779	RATIO: 35.425%
>>>>> PROC: SLEV
CALLS: 264	MIN: 1.058ms	AVG: 255.829ms	MAX: 19481.470ms	TOTAL: 67538.907ms
P99: 13500.077ms	P95: 73.364ms	P50: 8.199ms	SD: 1938012.923	RATIO: 17.333%
>>>>> PROC: DELIVERY
CALLS: 288	MIN: 5.990ms	AVG: 53.197ms	MAX: 931.703ms	TOTAL: 15320.797ms
P99: 435.581ms	P95: 143.216ms	P50: 26.542ms	SD: 88853.831	RATIO: 3.932%
>>>>> PROC: OSTAT
CALLS: 268	MIN: 0.156ms	AVG: 3.390ms	MAX: 238.535ms	TOTAL: 908.647ms
P99: 41.560ms	P95: 4.288ms	P50: 1.388ms	SD: 15619.647	RATIO: 0.233%
+-+-+-+-+-+-+-+-+-+-+-+-+-+-+-+-+-+-+-+-+-+-+-+-+-+-+-+-+-+-+-+-+-+-+-+-+-+
>>>>> VIRTUAL USER 59 : ELAPSED TIME : 395216ms
>>>>> PROC: PAYMENT
CALLS: 3174	MIN: 3.609ms	AVG: 56.603ms	MAX: 984.120ms	TOTAL: 179656.818ms
P99: 417.894ms	P95: 170.004ms	P50: 32.349ms	SD: 76283.322	RATIO: 45.458%
>>>>> PROC: NEWORD
CALLS: 3090	MIN: 3.912ms	AVG: 52.097ms	MAX: 1222.677ms	TOTAL: 160978.779ms
P99: 452.652ms	P95: 178.076ms	P50: 24.639ms	SD: 85648.841	RATIO: 40.732%
>>>>> PROC: SLEV
CALLS: 302	MIN: 0.980ms	AVG: 114.485ms	MAX: 15666.940ms	TOTAL: 34574.481ms
P99: 206.951ms	P95: 76.955ms	P50: 7.134ms	SD: 1172432.381	RATIO: 8.748%
>>>>> PROC: DELIVERY
CALLS: 312	MIN: 3.429ms	AVG: 59.894ms	MAX: 1019.325ms	TOTAL: 18686.879ms
P99: 524.067ms	P95: 205.928ms	P50: 25.174ms	SD: 100646.675	RATIO: 4.728%
>>>>> PROC: OSTAT
CALLS: 290	MIN: 0.278ms	AVG: 1.772ms	MAX: 54.623ms	TOTAL: 513.946ms
P99: 6.673ms	P95: 3.230ms	P50: 1.164ms	SD: 4118.165	RATIO: 0.130%
+-+-+-+-+-+-+-+-+-+-+-+-+-+-+-+-+-+-+-+-+-+-+-+-+-+-+-+-+-+-+-+-+-+-+-+-+-+
>>>>> VIRTUAL USER 60 : ELAPSED TIME : 396302ms
>>>>> PROC: PAYMENT
CALLS: 3136	MIN: 3.437ms	AVG: 57.065ms	MAX: 1029.808ms	TOTAL: 178957.287ms
P99: 429.346ms	P95: 172.689ms	P50: 32.683ms	SD: 80065.203	RATIO: 45.157%
>>>>> PROC: NEWORD
CALLS: 3096	MIN: 3.517ms	AVG: 52.621ms	MAX: 1229.460ms	TOTAL: 162914.124ms
P99: 413.504ms	P95: 178.088ms	P50: 25.179ms	SD: 83275.725	RATIO: 41.109%
>>>>> PROC: SLEV
CALLS: 321	MIN: 0.734ms	AVG: 112.144ms	MAX: 18286.776ms	TOTAL: 35998.100ms
P99: 297.682ms	P95: 75.114ms	P50: 7.126ms	SD: 1201332.582	RATIO: 9.084%
>>>>> PROC: DELIVERY
CALLS: 278	MIN: 7.251ms	AVG: 59.655ms	MAX: 1248.260ms	TOTAL: 16584.040ms
P99: 611.741ms	P95: 202.026ms	P50: 23.785ms	SD: 119981.282	RATIO: 4.185%
>>>>> PROC: OSTAT
CALLS: 337	MIN: 0.118ms	AVG: 3.148ms	MAX: 141.271ms	TOTAL: 1061.014ms
P99: 48.610ms	P95: 5.293ms	P50: 1.277ms	SD: 10279.722	RATIO: 0.268%
+-+-+-+-+-+-+-+-+-+-+-+-+-+-+-+-+-+-+-+-+-+-+-+-+-+-+-+-+-+-+-+-+-+-+-+-+-+
>>>>> VIRTUAL USER 61 : ELAPSED TIME : 392538ms
>>>>> PROC: PAYMENT
CALLS: 3085	MIN: 2.593ms	AVG: 58.648ms	MAX: 977.629ms	TOTAL: 180930.604ms
P99: 459.502ms	P95: 176.491ms	P50: 33.678ms	SD: 80299.577	RATIO: 46.093%
>>>>> PROC: NEWORD
CALLS: 3142	MIN: 3.874ms	AVG: 50.478ms	MAX: 1229.799ms	TOTAL: 158602.971ms
P99: 419.452ms	P95: 160.408ms	P50: 24.758ms	SD: 83776.552	RATIO: 40.404%
>>>>> PROC: SLEV
CALLS: 326	MIN: 0.711ms	AVG: 106.657ms	MAX: 17775.591ms	TOTAL: 34770.160ms
P99: 191.409ms	P95: 77.124ms	P50: 6.247ms	SD: 1152381.384	RATIO: 8.858%
>>>>> PROC: DELIVERY
CALLS: 299	MIN: 5.876ms	AVG: 56.082ms	MAX: 1125.783ms	TOTAL: 16768.593ms
P99: 401.564ms	P95: 191.535ms	P50: 25.084ms	SD: 94132.834	RATIO: 4.272%
>>>>> PROC: OSTAT
CALLS: 316	MIN: 0.224ms	AVG: 2.199ms	MAX: 80.397ms	TOTAL: 694.973ms
P99: 32.013ms	P95: 3.263ms	P50: 1.221ms	SD: 7212.398	RATIO: 0.177%
+-+-+-+-+-+-+-+-+-+-+-+-+-+-+-+-+-+-+-+-+-+-+-+-+-+-+-+-+-+-+-+-+-+-+-+-+-+
>>>>> VIRTUAL USER 62 : ELAPSED TIME : 389881ms
>>>>> PROC: PAYMENT
CALLS: 2925	MIN: 3.707ms	AVG: 57.225ms	MAX: 1245.160ms	TOTAL: 167382.914ms
P99: 450.493ms	P95: 168.245ms	P50: 33.806ms	SD: 79818.530	RATIO: 42.932%
>>>>> PROC: NEWORD
CALLS: 2952	MIN: 3.268ms	AVG: 49.815ms	MAX: 1016.462ms	TOTAL: 147054.895ms
P99: 405.621ms	P95: 156.375ms	P50: 24.742ms	SD: 80440.620	RATIO: 37.718%
>>>>> PROC: SLEV
CALLS: 259	MIN: 1.301ms	AVG: 226.016ms	MAX: 18884.896ms	TOTAL: 58538.193ms
P99: 9592.821ms	P95: 87.911ms	P50: 8.154ms	SD: 1708029.853	RATIO: 15.014%
>>>>> PROC: DELIVERY
CALLS: 307	MIN: 5.891ms	AVG: 50.554ms	MAX: 595.248ms	TOTAL: 15520.231ms
P99: 316.320ms	P95: 172.693ms	P50: 26.868ms	SD: 63559.005	RATIO: 3.981%
>>>>> PROC: OSTAT
CALLS: 277	MIN: 0.270ms	AVG: 2.296ms	MAX: 48.620ms	TOTAL: 636.008ms
P99: 31.604ms	P95: 3.686ms	P50: 1.471ms	SD: 5029.757	RATIO: 0.163%
+-+-+-+-+-+-+-+-+-+-+-+-+-+-+-+-+-+-+-+-+-+-+-+-+-+-+-+-+-+-+-+-+-+-+-+-+-+
>>>>> VIRTUAL USER 63 : ELAPSED TIME : 405987ms
>>>>> PROC: PAYMENT
CALLS: 3104	MIN: 3.869ms	AVG: 54.076ms	MAX: 953.219ms	TOTAL: 167853.139ms
P99: 393.085ms	P95: 172.186ms	P50: 29.863ms	SD: 74316.116	RATIO: 41.344%
>>>>> PROC: NEWORD
CALLS: 3146	MIN: 4.016ms	AVG: 50.221ms	MAX: 1223.531ms	TOTAL: 157995.858ms
P99: 445.122ms	P95: 156.309ms	P50: 24.341ms	SD: 85611.600	RATIO: 38.916%
>>>>> PROC: SLEV
CALLS: 308	MIN: 0.597ms	AVG: 197.824ms	MAX: 19687.758ms	TOTAL: 60929.765ms
P99: 5595.009ms	P95: 75.166ms	P50: 7.563ms	SD: 1582833.114	RATIO: 15.008%
>>>>> PROC: DELIVERY
CALLS: 302	MIN: 4.450ms	AVG: 58.051ms	MAX: 723.807ms	TOTAL: 17531.277ms
P99: 499.236ms	P95: 203.373ms	P50: 26.845ms	SD: 92233.183	RATIO: 4.318%
>>>>> PROC: OSTAT
CALLS: 308	MIN: 0.135ms	AVG: 2.811ms	MAX: 67.666ms	TOTAL: 865.802ms
P99: 48.393ms	P95: 5.269ms	P50: 1.224ms	SD: 7613.751	RATIO: 0.213%
+-+-+-+-+-+-+-+-+-+-+-+-+-+-+-+-+-+-+-+-+-+-+-+-+-+-+-+-+-+-+-+-+-+-+-+-+-+
>>>>> VIRTUAL USER 64 : ELAPSED TIME : 386220ms
>>>>> PROC: PAYMENT
CALLS: 2891	MIN: 2.651ms	AVG: 57.963ms	MAX: 1096.472ms	TOTAL: 167572.438ms
P99: 489.362ms	P95: 176.711ms	P50: 32.013ms	SD: 87189.893	RATIO: 43.388%
>>>>> PROC: NEWORD
CALLS: 2828	MIN: 3.870ms	AVG: 48.146ms	MAX: 1229.456ms	TOTAL: 136156.661ms
P99: 406.357ms	P95: 141.973ms	P50: 24.559ms	SD: 75881.932	RATIO: 35.254%
>>>>> PROC: SLEV
CALLS: 269	MIN: 0.796ms	AVG: 243.073ms	MAX: 21202.248ms	TOTAL: 65386.596ms
P99: 10718.344ms	P95: 68.094ms	P50: 7.098ms	SD: 1920724.232	RATIO: 16.930%
>>>>> PROC: DELIVERY
CALLS: 312	MIN: 1.278ms	AVG: 50.130ms	MAX: 754.045ms	TOTAL: 15640.503ms
P99: 462.422ms	P95: 114.680ms	P50: 26.672ms	SD: 70654.461	RATIO: 4.050%
>>>>> PROC: OSTAT
CALLS: 256	MIN: 0.219ms	AVG: 2.673ms	MAX: 65.807ms	TOTAL: 684.363ms
P99: 44.747ms	P95: 3.699ms	P50: 1.202ms	SD: 7779.473	RATIO: 0.177%
+-+-+-+-+-+-+-+-+-+-+-+-+-+-+-+-+-+-+-+-+-+-+-+-+-+-+-+-+-+-+-+-+-+-+-+-+-+
>>>>> VIRTUAL USER 65 : ELAPSED TIME : 387238ms
>>>>> PROC: PAYMENT
CALLS: 2934	MIN: 2.573ms	AVG: 59.357ms	MAX: 1067.599ms	TOTAL: 174154.835ms
P99: 496.228ms	P95: 188.955ms	P50: 32.282ms	SD: 89144.887	RATIO: 44.974%
>>>>> PROC: NEWORD
CALLS: 2870	MIN: 3.772ms	AVG: 48.274ms	MAX: 1252.413ms	TOTAL: 138546.317ms
P99: 406.426ms	P95: 138.873ms	P50: 24.532ms	SD: 73466.621	RATIO: 35.778%
>>>>> PROC: SLEV
CALLS: 275	MIN: 0.817ms	AVG: 210.855ms	MAX: 16358.546ms	TOTAL: 57985.236ms
P99: 9236.896ms	P95: 71.808ms	P50: 6.790ms	SD: 1628528.906	RATIO: 14.974%
>>>>> PROC: DELIVERY
CALLS: 303	MIN: 5.813ms	AVG: 49.985ms	MAX: 823.529ms	TOTAL: 15145.571ms
P99: 296.108ms	P95: 172.575ms	P50: 26.965ms	SD: 69590.116	RATIO: 3.911%
>>>>> PROC: OSTAT
CALLS: 274	MIN: 0.192ms	AVG: 2.421ms	MAX: 49.229ms	TOTAL: 663.470ms
P99: 38.234ms	P95: 3.401ms	P50: 1.332ms	SD: 6291.908	RATIO: 0.171%
+-+-+-+-+-+-+-+-+-+-+-+-+-+-+-+-+-+-+-+-+-+-+-+-+-+-+-+-+-+-+-+-+-+-+-+-+-+
>>>>> SUMMARY OF 64 ACTIVE VIRTUAL USERS : MEDIAN ELAPSED TIME : 412138ms
>>>>> PROC: PAYMENT
CALLS: 432268	MIN: 0.833ms	AVG: 52.600ms	MAX: 1257.365ms	TOTAL: 22737651.326ms
P99: 413.944ms	P95: 168.711ms	P50: 27.162ms	SD: 77128.023	RATIO: 86.203%
>>>>> PROC: NEWORD
CALLS: 432042	MIN: 1.640ms	AVG: 48.569ms	MAX: 1255.893ms	TOTAL: 20983958.341ms
P99: 412.770ms	P95: 162.029ms	P50: 23.908ms	SD: 78854.564	RATIO: 79.554%
>>>>> PROC: SLEV
CALLS: 43336	MIN: 0.440ms	AVG: 153.889ms	MAX: 21302.422ms	TOTAL: 6668946.949ms
P99: 4397.175ms	P95: 74.121ms	P50: 6.186ms	SD: 1412252.639	RATIO: 25.283%
>>>>> PROC: DELIVERY
CALLS: 43142	MIN: 1.278ms	AVG: 54.622ms	MAX: 1417.772ms	TOTAL: 2356540.561ms
P99: 443.401ms	P95: 194.141ms	P50: 25.474ms	SD: 86444.537	RATIO: 8.934%
>>>>> PROC: OSTAT
CALLS: 42372	MIN: 0.104ms	AVG: 2.724ms	MAX: 455.587ms	TOTAL: 115457.581ms
P99: 48.543ms	P95: 3.713ms	P50: 1.291ms	SD: 9449.246	RATIO: 0.438%
+-+-+-+-+-+-+-+-+-+-+-+-+-+-+-+-+-+-+-+-+-+-+-+-+-+-+-+-+-+-+-+-+-+-+-+-+-+
