PostgreSQL Hammerdb Time Profile Report @ Wed Jul 02 00:57:52 UTC 2025
+-+-+-+-+-+-+-+-+-+-+-+-+-+-+-+-+-+-+-+-+-+-+-+-+-+-+-+-+-+-+-+-+-+-+-+-+-+
>>>>> VIRTUAL USER 2 : ELAPSED TIME : 729979ms
>>>>> PROC: NEWORD
CALLS: 10741	MIN: 1.020ms	AVG: 42.720ms	MAX: 483.246ms	TOTAL: 458855.705ms
P99: 182.633ms	P95: 117.765ms	P50: 33.106ms	SD: 38108.878	RATIO: 62.859%
>>>>> PROC: PAYMENT
CALLS: 10525	MIN: 0.485ms	AVG: 14.635ms	MAX: 297.552ms	TOTAL: 154035.064ms
P99: 111.743ms	P95: 48.179ms	P50: 8.766ms	SD: 20709.530	RATIO: 21.101%
>>>>> PROC: DELIVERY
CALLS: 1122	MIN: 1.984ms	AVG: 65.628ms	MAX: 414.591ms	TOTAL: 73634.287ms
P99: 275.330ms	P95: 178.506ms	P50: 52.119ms	SD: 56528.722	RATIO: 10.087%
>>>>> PROC: SLEV
CALLS: 1084	MIN: 1.143ms	AVG: 28.434ms	MAX: 13964.046ms	TOTAL: 30822.440ms
P99: 126.039ms	P95: 59.287ms	P50: 8.103ms	SD: 424352.571	RATIO: 4.222%
>>>>> PROC: OSTAT
CALLS: 1104	MIN: 0.464ms	AVG: 10.072ms	MAX: 139.626ms	TOTAL: 11119.069ms
P99: 59.133ms	P95: 31.372ms	P50: 6.024ms	SD: 12550.158	RATIO: 1.523%
+-+-+-+-+-+-+-+-+-+-+-+-+-+-+-+-+-+-+-+-+-+-+-+-+-+-+-+-+-+-+-+-+-+-+-+-+-+
>>>>> VIRTUAL USER 3 : ELAPSED TIME : 728770ms
>>>>> PROC: NEWORD
CALLS: 10694	MIN: 1.085ms	AVG: 42.962ms	MAX: 384.704ms	TOTAL: 459433.329ms
P99: 188.738ms	P95: 121.632ms	P50: 33.476ms	SD: 38871.299	RATIO: 63.042%
>>>>> PROC: PAYMENT
CALLS: 10707	MIN: 0.511ms	AVG: 14.530ms	MAX: 310.513ms	TOTAL: 155577.489ms
P99: 109.827ms	P95: 49.618ms	P50: 8.526ms	SD: 20448.660	RATIO: 21.348%
>>>>> PROC: DELIVERY
CALLS: 1028	MIN: 2.173ms	AVG: 68.383ms	MAX: 437.662ms	TOTAL: 70297.882ms
P99: 262.396ms	P95: 179.646ms	P50: 57.342ms	SD: 55659.583	RATIO: 9.646%
>>>>> PROC: SLEV
CALLS: 1067	MIN: 1.346ms	AVG: 28.722ms	MAX: 14201.770ms	TOTAL: 30646.172ms
P99: 126.197ms	P95: 54.727ms	P50: 8.296ms	SD: 434971.885	RATIO: 4.205%
>>>>> PROC: OSTAT
CALLS: 1080	MIN: 0.503ms	AVG: 10.476ms	MAX: 104.632ms	TOTAL: 11314.457ms
P99: 65.260ms	P95: 35.810ms	P50: 5.803ms	SD: 13517.272	RATIO: 1.553%
+-+-+-+-+-+-+-+-+-+-+-+-+-+-+-+-+-+-+-+-+-+-+-+-+-+-+-+-+-+-+-+-+-+-+-+-+-+
>>>>> VIRTUAL USER 4 : ELAPSED TIME : 723222ms
>>>>> PROC: NEWORD
CALLS: 10235	MIN: 1.152ms	AVG: 44.842ms	MAX: 342.931ms	TOTAL: 458957.042ms
P99: 185.786ms	P95: 125.811ms	P50: 35.160ms	SD: 39100.557	RATIO: 63.460%
>>>>> PROC: PAYMENT
CALLS: 10254	MIN: 0.525ms	AVG: 15.161ms	MAX: 217.250ms	TOTAL: 155464.242ms
P99: 106.820ms	P95: 50.141ms	P50: 9.370ms	SD: 20107.254	RATIO: 21.496%
>>>>> PROC: DELIVERY
CALLS: 1018	MIN: 1.469ms	AVG: 67.058ms	MAX: 330.460ms	TOTAL: 68264.791ms
P99: 254.990ms	P95: 160.243ms	P50: 58.060ms	SD: 52514.933	RATIO: 9.439%
>>>>> PROC: SLEV
CALLS: 1013	MIN: 1.372ms	AVG: 27.763ms	MAX: 13366.682ms	TOTAL: 28124.291ms
P99: 128.109ms	P95: 51.388ms	P50: 7.289ms	SD: 420240.488	RATIO: 3.889%
>>>>> PROC: OSTAT
CALLS: 1032	MIN: 0.486ms	AVG: 10.599ms	MAX: 107.398ms	TOTAL: 10938.523ms
P99: 61.841ms	P95: 36.477ms	P50: 6.220ms	SD: 12802.303	RATIO: 1.512%
+-+-+-+-+-+-+-+-+-+-+-+-+-+-+-+-+-+-+-+-+-+-+-+-+-+-+-+-+-+-+-+-+-+-+-+-+-+
>>>>> VIRTUAL USER 5 : ELAPSED TIME : 720668ms
>>>>> PROC: NEWORD
CALLS: 10343	MIN: 1.319ms	AVG: 44.576ms	MAX: 391.020ms	TOTAL: 461052.594ms
P99: 183.250ms	P95: 122.889ms	P50: 35.099ms	SD: 38630.147	RATIO: 63.976%
>>>>> PROC: PAYMENT
CALLS: 10177	MIN: 0.458ms	AVG: 14.664ms	MAX: 299.600ms	TOTAL: 149230.624ms
P99: 109.098ms	P95: 46.258ms	P50: 9.010ms	SD: 20598.267	RATIO: 20.707%
>>>>> PROC: DELIVERY
CALLS: 984	MIN: 2.040ms	AVG: 68.295ms	MAX: 609.775ms	TOTAL: 67202.481ms
P99: 237.646ms	P95: 173.032ms	P50: 59.365ms	SD: 54694.944	RATIO: 9.325%
>>>>> PROC: SLEV
CALLS: 997	MIN: 1.602ms	AVG: 30.614ms	MAX: 14701.905ms	TOTAL: 30521.670ms
P99: 135.153ms	P95: 57.174ms	P50: 7.828ms	SD: 466060.778	RATIO: 4.235%
>>>>> PROC: OSTAT
CALLS: 1051	MIN: 0.477ms	AVG: 10.674ms	MAX: 131.195ms	TOTAL: 11218.898ms
P99: 62.407ms	P95: 36.620ms	P50: 6.184ms	SD: 13640.484	RATIO: 1.557%
+-+-+-+-+-+-+-+-+-+-+-+-+-+-+-+-+-+-+-+-+-+-+-+-+-+-+-+-+-+-+-+-+-+-+-+-+-+
>>>>> VIRTUAL USER 6 : ELAPSED TIME : 732365ms
>>>>> PROC: NEWORD
CALLS: 10609	MIN: 0.925ms	AVG: 43.665ms	MAX: 400.906ms	TOTAL: 463246.338ms
P99: 188.160ms	P95: 121.586ms	P50: 33.848ms	SD: 38769.568	RATIO: 63.253%
>>>>> PROC: PAYMENT
CALLS: 10724	MIN: 0.438ms	AVG: 14.574ms	MAX: 403.311ms	TOTAL: 156287.372ms
P99: 109.220ms	P95: 49.194ms	P50: 8.644ms	SD: 20412.053	RATIO: 21.340%
>>>>> PROC: DELIVERY
CALLS: 1050	MIN: 2.117ms	AVG: 65.927ms	MAX: 444.326ms	TOTAL: 69223.520ms
P99: 286.752ms	P95: 182.091ms	P50: 53.496ms	SD: 55672.324	RATIO: 9.452%
>>>>> PROC: SLEV
CALLS: 1131	MIN: 1.326ms	AVG: 27.824ms	MAX: 14033.503ms	TOTAL: 31468.834ms
P99: 118.059ms	P95: 53.310ms	P50: 7.467ms	SD: 417732.107	RATIO: 4.297%
>>>>> PROC: OSTAT
CALLS: 1062	MIN: 0.517ms	AVG: 10.062ms	MAX: 125.992ms	TOTAL: 10685.552ms
P99: 51.689ms	P95: 30.869ms	P50: 6.427ms	SD: 11788.620	RATIO: 1.459%
+-+-+-+-+-+-+-+-+-+-+-+-+-+-+-+-+-+-+-+-+-+-+-+-+-+-+-+-+-+-+-+-+-+-+-+-+-+
>>>>> VIRTUAL USER 7 : ELAPSED TIME : 717530ms
>>>>> PROC: NEWORD
CALLS: 10341	MIN: 0.857ms	AVG: 45.315ms	MAX: 390.681ms	TOTAL: 468605.758ms
P99: 190.945ms	P95: 124.463ms	P50: 35.906ms	SD: 38852.672	RATIO: 65.308%
>>>>> PROC: PAYMENT
CALLS: 10423	MIN: 0.494ms	AVG: 14.653ms	MAX: 309.876ms	TOTAL: 152726.981ms
P99: 108.630ms	P95: 48.266ms	P50: 9.193ms	SD: 19985.135	RATIO: 21.285%
>>>>> PROC: DELIVERY
CALLS: 1005	MIN: 2.615ms	AVG: 70.659ms	MAX: 382.049ms	TOTAL: 71011.937ms
P99: 268.553ms	P95: 181.688ms	P50: 58.839ms	SD: 56302.962	RATIO: 9.897%
>>>>> PROC: SLEV
CALLS: 1013	MIN: 1.164ms	AVG: 13.081ms	MAX: 274.938ms	TOTAL: 13251.325ms
P99: 100.364ms	P95: 42.543ms	P50: 7.046ms	SD: 20240.070	RATIO: 1.847%
>>>>> PROC: OSTAT
CALLS: 1058	MIN: 0.491ms	AVG: 9.884ms	MAX: 92.298ms	TOTAL: 10457.448ms
P99: 50.452ms	P95: 31.432ms	P50: 6.277ms	SD: 11403.321	RATIO: 1.457%
+-+-+-+-+-+-+-+-+-+-+-+-+-+-+-+-+-+-+-+-+-+-+-+-+-+-+-+-+-+-+-+-+-+-+-+-+-+
>>>>> VIRTUAL USER 8 : ELAPSED TIME : 717061ms
>>>>> PROC: NEWORD
CALLS: 10122	MIN: 1.076ms	AVG: 45.521ms	MAX: 366.815ms	TOTAL: 460763.198ms
P99: 187.099ms	P95: 123.048ms	P50: 36.258ms	SD: 38576.982	RATIO: 64.257%
>>>>> PROC: PAYMENT
CALLS: 10315	MIN: 0.517ms	AVG: 15.300ms	MAX: 255.424ms	TOTAL: 157820.952ms
P99: 109.797ms	P95: 49.237ms	P50: 9.328ms	SD: 20739.392	RATIO: 22.009%
>>>>> PROC: DELIVERY
CALLS: 1010	MIN: 1.633ms	AVG: 70.929ms	MAX: 499.674ms	TOTAL: 71638.533ms
P99: 265.728ms	P95: 171.606ms	P50: 58.047ms	SD: 56238.822	RATIO: 9.991%
>>>>> PROC: SLEV
CALLS: 980	MIN: 1.460ms	AVG: 15.444ms	MAX: 873.969ms	TOTAL: 15135.446ms
P99: 116.013ms	P95: 56.813ms	P50: 7.694ms	SD: 35419.222	RATIO: 2.111%
>>>>> PROC: OSTAT
CALLS: 1061	MIN: 0.514ms	AVG: 9.689ms	MAX: 209.711ms	TOTAL: 10280.330ms
P99: 53.508ms	P95: 29.439ms	P50: 5.882ms	SD: 13179.510	RATIO: 1.434%
+-+-+-+-+-+-+-+-+-+-+-+-+-+-+-+-+-+-+-+-+-+-+-+-+-+-+-+-+-+-+-+-+-+-+-+-+-+
>>>>> VIRTUAL USER 9 : ELAPSED TIME : 716453ms
>>>>> PROC: NEWORD
CALLS: 9992	MIN: 0.977ms	AVG: 45.268ms	MAX: 420.405ms	TOTAL: 452318.920ms
P99: 184.957ms	P95: 122.436ms	P50: 35.900ms	SD: 38746.857	RATIO: 63.133%
>>>>> PROC: PAYMENT
CALLS: 9973	MIN: 0.461ms	AVG: 15.056ms	MAX: 235.751ms	TOTAL: 150157.631ms
P99: 113.407ms	P95: 49.584ms	P50: 9.263ms	SD: 20584.502	RATIO: 20.958%
>>>>> PROC: DELIVERY
CALLS: 989	MIN: 2.474ms	AVG: 71.719ms	MAX: 338.168ms	TOTAL: 70929.694ms
P99: 284.753ms	P95: 179.165ms	P50: 58.088ms	SD: 54819.346	RATIO: 9.900%
>>>>> PROC: SLEV
CALLS: 999	MIN: 1.287ms	AVG: 30.512ms	MAX: 13791.575ms	TOTAL: 30481.683ms
P99: 114.428ms	P95: 70.401ms	P50: 8.564ms	SD: 436449.586	RATIO: 4.255%
>>>>> PROC: OSTAT
CALLS: 1017	MIN: 0.506ms	AVG: 10.835ms	MAX: 107.927ms	TOTAL: 11019.385ms
P99: 66.386ms	P95: 34.423ms	P50: 6.656ms	SD: 13281.041	RATIO: 1.538%
+-+-+-+-+-+-+-+-+-+-+-+-+-+-+-+-+-+-+-+-+-+-+-+-+-+-+-+-+-+-+-+-+-+-+-+-+-+
>>>>> VIRTUAL USER 10 : ELAPSED TIME : 725185ms
>>>>> PROC: NEWORD
CALLS: 10320	MIN: 1.046ms	AVG: 44.663ms	MAX: 383.967ms	TOTAL: 460917.088ms
P99: 184.938ms	P95: 122.020ms	P50: 35.449ms	SD: 38422.132	RATIO: 63.559%
>>>>> PROC: PAYMENT
CALLS: 10131	MIN: 0.498ms	AVG: 15.075ms	MAX: 388.319ms	TOTAL: 152726.244ms
P99: 108.745ms	P95: 49.263ms	P50: 9.359ms	SD: 20348.243	RATIO: 21.060%
>>>>> PROC: DELIVERY
CALLS: 963	MIN: 1.663ms	AVG: 71.355ms	MAX: 360.286ms	TOTAL: 68714.415ms
P99: 267.467ms	P95: 171.068ms	P50: 60.551ms	SD: 51741.137	RATIO: 9.475%
>>>>> PROC: SLEV
CALLS: 1080	MIN: 1.439ms	AVG: 27.927ms	MAX: 13875.951ms	TOTAL: 30160.889ms
P99: 109.452ms	P95: 56.679ms	P50: 8.067ms	SD: 422344.143	RATIO: 4.159%
>>>>> PROC: OSTAT
CALLS: 1058	MIN: 0.500ms	AVG: 10.637ms	MAX: 169.308ms	TOTAL: 11253.582ms
P99: 56.551ms	P95: 33.950ms	P50: 6.202ms	SD: 13912.742	RATIO: 1.552%
+-+-+-+-+-+-+-+-+-+-+-+-+-+-+-+-+-+-+-+-+-+-+-+-+-+-+-+-+-+-+-+-+-+-+-+-+-+
>>>>> VIRTUAL USER 11 : ELAPSED TIME : 727068ms
>>>>> PROC: NEWORD
CALLS: 10383	MIN: 1.175ms	AVG: 45.951ms	MAX: 391.618ms	TOTAL: 477107.061ms
P99: 191.060ms	P95: 125.779ms	P50: 36.458ms	SD: 39289.253	RATIO: 65.621%
>>>>> PROC: PAYMENT
CALLS: 10153	MIN: 0.507ms	AVG: 14.959ms	MAX: 223.770ms	TOTAL: 151880.670ms
P99: 108.638ms	P95: 49.045ms	P50: 9.329ms	SD: 20298.618	RATIO: 20.889%
>>>>> PROC: DELIVERY
CALLS: 995	MIN: 1.965ms	AVG: 70.701ms	MAX: 397.170ms	TOTAL: 70347.523ms
P99: 237.048ms	P95: 171.725ms	P50: 58.982ms	SD: 52326.600	RATIO: 9.676%
>>>>> PROC: SLEV
CALLS: 1036	MIN: 1.654ms	AVG: 15.094ms	MAX: 259.298ms	TOTAL: 15637.003ms
P99: 140.228ms	P95: 58.072ms	P50: 7.564ms	SD: 23832.191	RATIO: 2.151%
>>>>> PROC: OSTAT
CALLS: 985	MIN: 0.487ms	AVG: 10.919ms	MAX: 151.342ms	TOTAL: 10755.176ms
P99: 64.972ms	P95: 33.447ms	P50: 6.694ms	SD: 14050.864	RATIO: 1.479%
+-+-+-+-+-+-+-+-+-+-+-+-+-+-+-+-+-+-+-+-+-+-+-+-+-+-+-+-+-+-+-+-+-+-+-+-+-+
>>>>> VIRTUAL USER 12 : ELAPSED TIME : 714901ms
>>>>> PROC: NEWORD
CALLS: 9625	MIN: 1.014ms	AVG: 46.651ms	MAX: 404.447ms	TOTAL: 449014.201ms
P99: 188.082ms	P95: 125.285ms	P50: 37.161ms	SD: 39085.558	RATIO: 62.808%
>>>>> PROC: PAYMENT
CALLS: 9535	MIN: 0.540ms	AVG: 15.578ms	MAX: 265.631ms	TOTAL: 148537.201ms
P99: 113.265ms	P95: 50.674ms	P50: 10.180ms	SD: 20600.628	RATIO: 20.777%
>>>>> PROC: DELIVERY
CALLS: 965	MIN: 2.173ms	AVG: 76.771ms	MAX: 608.408ms	TOTAL: 74084.343ms
P99: 283.832ms	P95: 175.348ms	P50: 63.626ms	SD: 61010.407	RATIO: 10.363%
>>>>> PROC: SLEV
CALLS: 976	MIN: 1.754ms	AVG: 31.050ms	MAX: 14026.570ms	TOTAL: 30304.863ms
P99: 130.943ms	P95: 65.605ms	P50: 8.398ms	SD: 449221.570	RATIO: 4.239%
>>>>> PROC: OSTAT
CALLS: 985	MIN: 0.483ms	AVG: 11.705ms	MAX: 194.087ms	TOTAL: 11528.934ms
P99: 70.370ms	P95: 37.413ms	P50: 7.037ms	SD: 15205.368	RATIO: 1.613%
+-+-+-+-+-+-+-+-+-+-+-+-+-+-+-+-+-+-+-+-+-+-+-+-+-+-+-+-+-+-+-+-+-+-+-+-+-+
>>>>> VIRTUAL USER 13 : ELAPSED TIME : 715057ms
>>>>> PROC: NEWORD
CALLS: 9689	MIN: 1.013ms	AVG: 47.628ms	MAX: 428.335ms	TOTAL: 461465.548ms
P99: 191.462ms	P95: 127.010ms	P50: 38.329ms	SD: 39783.021	RATIO: 64.535%
>>>>> PROC: PAYMENT
CALLS: 9570	MIN: 0.521ms	AVG: 15.463ms	MAX: 302.146ms	TOTAL: 147977.227ms
P99: 113.940ms	P95: 50.906ms	P50: 9.691ms	SD: 20988.376	RATIO: 20.694%
>>>>> PROC: DELIVERY
CALLS: 941	MIN: 1.946ms	AVG: 72.640ms	MAX: 314.838ms	TOTAL: 68353.909ms
P99: 249.480ms	P95: 177.087ms	P50: 60.100ms	SD: 53603.119	RATIO: 9.559%
>>>>> PROC: SLEV
CALLS: 970	MIN: 1.288ms	AVG: 26.559ms	MAX: 11195.184ms	TOTAL: 25762.095ms
P99: 144.330ms	P95: 51.269ms	P50: 7.375ms	SD: 360076.860	RATIO: 3.603%
>>>>> PROC: OSTAT
CALLS: 974	MIN: 0.519ms	AVG: 10.445ms	MAX: 91.135ms	TOTAL: 10173.742ms
P99: 56.669ms	P95: 35.134ms	P50: 6.313ms	SD: 12045.647	RATIO: 1.423%
+-+-+-+-+-+-+-+-+-+-+-+-+-+-+-+-+-+-+-+-+-+-+-+-+-+-+-+-+-+-+-+-+-+-+-+-+-+
>>>>> VIRTUAL USER 14 : ELAPSED TIME : 714277ms
>>>>> PROC: NEWORD
CALLS: 9889	MIN: 0.918ms	AVG: 46.136ms	MAX: 336.934ms	TOTAL: 456236.706ms
P99: 185.509ms	P95: 123.333ms	P50: 36.959ms	SD: 38522.887	RATIO: 63.874%
>>>>> PROC: PAYMENT
CALLS: 9777	MIN: 0.494ms	AVG: 15.396ms	MAX: 366.515ms	TOTAL: 150524.314ms
P99: 107.077ms	P95: 49.497ms	P50: 9.946ms	SD: 20583.747	RATIO: 21.074%
>>>>> PROC: DELIVERY
CALLS: 978	MIN: 1.923ms	AVG: 72.768ms	MAX: 439.972ms	TOTAL: 71167.241ms
P99: 298.483ms	P95: 175.010ms	P50: 59.331ms	SD: 58281.671	RATIO: 9.964%
>>>>> PROC: SLEV
CALLS: 948	MIN: 1.282ms	AVG: 26.384ms	MAX: 10927.596ms	TOTAL: 25012.420ms
P99: 113.519ms	P95: 50.707ms	P50: 7.597ms	SD: 355081.149	RATIO: 3.502%
>>>>> PROC: OSTAT
CALLS: 936	MIN: 0.481ms	AVG: 10.733ms	MAX: 115.863ms	TOTAL: 10045.802ms
P99: 67.390ms	P95: 35.383ms	P50: 6.566ms	SD: 12874.163	RATIO: 1.406%
+-+-+-+-+-+-+-+-+-+-+-+-+-+-+-+-+-+-+-+-+-+-+-+-+-+-+-+-+-+-+-+-+-+-+-+-+-+
>>>>> VIRTUAL USER 15 : ELAPSED TIME : 721100ms
>>>>> PROC: NEWORD
CALLS: 9855	MIN: 1.167ms	AVG: 45.839ms	MAX: 431.316ms	TOTAL: 451742.876ms
P99: 186.506ms	P95: 123.462ms	P50: 36.699ms	SD: 38706.335	RATIO: 62.646%
>>>>> PROC: PAYMENT
CALLS: 9746	MIN: 0.453ms	AVG: 15.687ms	MAX: 230.439ms	TOTAL: 152888.124ms
P99: 115.363ms	P95: 51.699ms	P50: 9.775ms	SD: 20971.356	RATIO: 21.202%
>>>>> PROC: DELIVERY
CALLS: 1001	MIN: 2.207ms	AVG: 76.351ms	MAX: 441.793ms	TOTAL: 76427.554ms
P99: 267.729ms	P95: 184.301ms	P50: 66.323ms	SD: 55548.974	RATIO: 10.599%
>>>>> PROC: SLEV
CALLS: 951	MIN: 1.754ms	AVG: 29.587ms	MAX: 12840.858ms	TOTAL: 28137.635ms
P99: 115.714ms	P95: 59.987ms	P50: 8.388ms	SD: 416494.976	RATIO: 3.902%
>>>>> PROC: OSTAT
CALLS: 975	MIN: 0.446ms	AVG: 10.805ms	MAX: 105.497ms	TOTAL: 10535.355ms
P99: 66.058ms	P95: 31.723ms	P50: 7.164ms	SD: 12546.606	RATIO: 1.461%
+-+-+-+-+-+-+-+-+-+-+-+-+-+-+-+-+-+-+-+-+-+-+-+-+-+-+-+-+-+-+-+-+-+-+-+-+-+
>>>>> VIRTUAL USER 16 : ELAPSED TIME : 727951ms
>>>>> PROC: NEWORD
CALLS: 10218	MIN: 1.053ms	AVG: 45.623ms	MAX: 372.437ms	TOTAL: 466175.529ms
P99: 187.476ms	P95: 121.665ms	P50: 36.056ms	SD: 38549.449	RATIO: 64.039%
>>>>> PROC: PAYMENT
CALLS: 10295	MIN: 0.508ms	AVG: 15.096ms	MAX: 401.629ms	TOTAL: 155411.657ms
P99: 108.478ms	P95: 49.162ms	P50: 9.313ms	SD: 21069.780	RATIO: 21.349%
>>>>> PROC: DELIVERY
CALLS: 1028	MIN: 2.318ms	AVG: 69.611ms	MAX: 370.525ms	TOTAL: 71559.845ms
P99: 230.804ms	P95: 175.398ms	P50: 58.681ms	SD: 50775.496	RATIO: 9.830%
>>>>> PROC: SLEV
CALLS: 1016	MIN: 1.650ms	AVG: 22.555ms	MAX: 7813.855ms	TOTAL: 22915.676ms
P99: 114.467ms	P95: 54.545ms	P50: 7.561ms	SD: 245936.971	RATIO: 3.148%
>>>>> PROC: OSTAT
CALLS: 995	MIN: 0.507ms	AVG: 10.530ms	MAX: 121.328ms	TOTAL: 10477.547ms
P99: 60.880ms	P95: 33.959ms	P50: 6.239ms	SD: 13380.929	RATIO: 1.439%
+-+-+-+-+-+-+-+-+-+-+-+-+-+-+-+-+-+-+-+-+-+-+-+-+-+-+-+-+-+-+-+-+-+-+-+-+-+
>>>>> VIRTUAL USER 17 : ELAPSED TIME : 723070ms
>>>>> PROC: NEWORD
CALLS: 9974	MIN: 1.156ms	AVG: 45.827ms	MAX: 306.639ms	TOTAL: 457081.669ms
P99: 181.123ms	P95: 121.920ms	P50: 36.829ms	SD: 37755.850	RATIO: 63.214%
>>>>> PROC: PAYMENT
CALLS: 9767	MIN: 0.466ms	AVG: 15.986ms	MAX: 337.569ms	TOTAL: 156131.487ms
P99: 113.722ms	P95: 51.068ms	P50: 10.088ms	SD: 21407.325	RATIO: 21.593%
>>>>> PROC: DELIVERY
CALLS: 945	MIN: 2.293ms	AVG: 75.242ms	MAX: 546.487ms	TOTAL: 71103.828ms
P99: 268.611ms	P95: 193.886ms	P50: 63.613ms	SD: 56736.112	RATIO: 9.834%
>>>>> PROC: SLEV
CALLS: 949	MIN: 1.116ms	AVG: 29.586ms	MAX: 12901.253ms	TOTAL: 28077.494ms
P99: 139.654ms	P95: 58.079ms	P50: 8.290ms	SD: 418952.073	RATIO: 3.883%
>>>>> PROC: OSTAT
CALLS: 893	MIN: 0.479ms	AVG: 10.449ms	MAX: 126.426ms	TOTAL: 9330.596ms
P99: 65.187ms	P95: 30.979ms	P50: 6.695ms	SD: 12613.562	RATIO: 1.290%
+-+-+-+-+-+-+-+-+-+-+-+-+-+-+-+-+-+-+-+-+-+-+-+-+-+-+-+-+-+-+-+-+-+-+-+-+-+
>>>>> VIRTUAL USER 18 : ELAPSED TIME : 726579ms
>>>>> PROC: NEWORD
CALLS: 10255	MIN: 1.100ms	AVG: 46.243ms	MAX: 407.355ms	TOTAL: 474222.655ms
P99: 186.488ms	P95: 123.420ms	P50: 36.878ms	SD: 38639.752	RATIO: 65.268%
>>>>> PROC: PAYMENT
CALLS: 10190	MIN: 0.473ms	AVG: 15.012ms	MAX: 286.575ms	TOTAL: 152973.029ms
P99: 104.264ms	P95: 48.722ms	P50: 9.578ms	SD: 19921.606	RATIO: 21.054%
>>>>> PROC: DELIVERY
CALLS: 1053	MIN: 0.990ms	AVG: 68.478ms	MAX: 315.651ms	TOTAL: 72107.826ms
P99: 233.520ms	P95: 177.379ms	P50: 56.442ms	SD: 50819.556	RATIO: 9.924%
>>>>> PROC: SLEV
CALLS: 982	MIN: 1.530ms	AVG: 14.653ms	MAX: 182.025ms	TOTAL: 14389.026ms
P99: 117.387ms	P95: 50.632ms	P50: 8.031ms	SD: 21019.427	RATIO: 1.980%
>>>>> PROC: OSTAT
CALLS: 1072	MIN: 0.471ms	AVG: 10.716ms	MAX: 153.801ms	TOTAL: 11487.717ms
P99: 59.388ms	P95: 35.391ms	P50: 6.437ms	SD: 13446.172	RATIO: 1.581%
+-+-+-+-+-+-+-+-+-+-+-+-+-+-+-+-+-+-+-+-+-+-+-+-+-+-+-+-+-+-+-+-+-+-+-+-+-+
>>>>> VIRTUAL USER 19 : ELAPSED TIME : 720687ms
>>>>> PROC: NEWORD
CALLS: 9886	MIN: 1.083ms	AVG: 46.213ms	MAX: 369.391ms	TOTAL: 456860.430ms
P99: 188.872ms	P95: 123.359ms	P50: 37.035ms	SD: 39090.643	RATIO: 63.392%
>>>>> PROC: PAYMENT
CALLS: 9618	MIN: 0.442ms	AVG: 15.683ms	MAX: 219.953ms	TOTAL: 150836.824ms
P99: 113.022ms	P95: 51.987ms	P50: 9.818ms	SD: 20970.651	RATIO: 20.930%
>>>>> PROC: DELIVERY
CALLS: 1013	MIN: 1.548ms	AVG: 70.488ms	MAX: 667.467ms	TOTAL: 71404.823ms
P99: 260.326ms	P95: 173.090ms	P50: 58.741ms	SD: 57317.707	RATIO: 9.908%
>>>>> PROC: SLEV
CALLS: 1002	MIN: 1.525ms	AVG: 28.903ms	MAX: 12572.652ms	TOTAL: 28960.902ms
P99: 121.550ms	P95: 61.345ms	P50: 8.302ms	SD: 397407.821	RATIO: 4.019%
>>>>> PROC: OSTAT
CALLS: 1009	MIN: 0.464ms	AVG: 11.213ms	MAX: 190.491ms	TOTAL: 11314.148ms
P99: 67.110ms	P95: 35.090ms	P50: 7.176ms	SD: 14554.768	RATIO: 1.570%
+-+-+-+-+-+-+-+-+-+-+-+-+-+-+-+-+-+-+-+-+-+-+-+-+-+-+-+-+-+-+-+-+-+-+-+-+-+
>>>>> VIRTUAL USER 20 : ELAPSED TIME : 713915ms
>>>>> PROC: NEWORD
CALLS: 9702	MIN: 1.258ms	AVG: 47.121ms	MAX: 341.908ms	TOTAL: 457169.934ms
P99: 186.308ms	P95: 124.288ms	P50: 38.026ms	SD: 38832.934	RATIO: 64.037%
>>>>> PROC: PAYMENT
CALLS: 9821	MIN: 0.528ms	AVG: 15.801ms	MAX: 364.089ms	TOTAL: 155185.527ms
P99: 114.212ms	P95: 51.075ms	P50: 10.311ms	SD: 21199.810	RATIO: 21.737%
>>>>> PROC: DELIVERY
CALLS: 1009	MIN: 2.392ms	AVG: 73.084ms	MAX: 351.516ms	TOTAL: 73742.232ms
P99: 277.105ms	P95: 175.105ms	P50: 61.633ms	SD: 54312.562	RATIO: 10.329%
>>>>> PROC: SLEV
CALLS: 1034	MIN: 1.107ms	AVG: 15.028ms	MAX: 217.150ms	TOTAL: 15539.446ms
P99: 136.203ms	P95: 51.767ms	P50: 8.027ms	SD: 23534.564	RATIO: 2.177%
>>>>> PROC: OSTAT
CALLS: 962	MIN: 0.502ms	AVG: 11.351ms	MAX: 188.779ms	TOTAL: 10919.589ms
P99: 72.846ms	P95: 36.497ms	P50: 6.913ms	SD: 15373.421	RATIO: 1.530%
+-+-+-+-+-+-+-+-+-+-+-+-+-+-+-+-+-+-+-+-+-+-+-+-+-+-+-+-+-+-+-+-+-+-+-+-+-+
>>>>> VIRTUAL USER 21 : ELAPSED TIME : 710430ms
>>>>> PROC: NEWORD
CALLS: 9873	MIN: 1.074ms	AVG: 46.617ms	MAX: 359.658ms	TOTAL: 460252.138ms
P99: 183.601ms	P95: 123.588ms	P50: 37.909ms	SD: 38418.988	RATIO: 64.785%
>>>>> PROC: PAYMENT
CALLS: 9878	MIN: 0.456ms	AVG: 15.015ms	MAX: 258.202ms	TOTAL: 148313.420ms
P99: 111.707ms	P95: 48.100ms	P50: 9.649ms	SD: 20237.134	RATIO: 20.877%
>>>>> PROC: DELIVERY
CALLS: 1011	MIN: 1.907ms	AVG: 73.224ms	MAX: 461.423ms	TOTAL: 74029.565ms
P99: 257.015ms	P95: 182.080ms	P50: 58.392ms	SD: 55965.220	RATIO: 10.420%
>>>>> PROC: SLEV
CALLS: 980	MIN: 1.537ms	AVG: 15.844ms	MAX: 591.183ms	TOTAL: 15526.806ms
P99: 151.199ms	P95: 55.249ms	P50: 7.745ms	SD: 31045.112	RATIO: 2.186%
>>>>> PROC: OSTAT
CALLS: 1036	MIN: 0.486ms	AVG: 10.450ms	MAX: 133.735ms	TOTAL: 10826.617ms
P99: 69.076ms	P95: 36.538ms	P50: 6.429ms	SD: 13007.846	RATIO: 1.524%
+-+-+-+-+-+-+-+-+-+-+-+-+-+-+-+-+-+-+-+-+-+-+-+-+-+-+-+-+-+-+-+-+-+-+-+-+-+
>>>>> VIRTUAL USER 22 : ELAPSED TIME : 722640ms
>>>>> PROC: NEWORD
CALLS: 9895	MIN: 1.104ms	AVG: 46.129ms	MAX: 326.552ms	TOTAL: 456444.458ms
P99: 189.048ms	P95: 125.292ms	P50: 37.182ms	SD: 38762.134	RATIO: 63.163%
>>>>> PROC: PAYMENT
CALLS: 9728	MIN: 0.493ms	AVG: 15.712ms	MAX: 248.842ms	TOTAL: 152847.624ms
P99: 113.135ms	P95: 51.528ms	P50: 9.945ms	SD: 20611.650	RATIO: 21.151%
>>>>> PROC: DELIVERY
CALLS: 979	MIN: 1.889ms	AVG: 73.690ms	MAX: 467.506ms	TOTAL: 72142.726ms
P99: 288.215ms	P95: 181.200ms	P50: 61.266ms	SD: 57123.390	RATIO: 9.983%
>>>>> PROC: SLEV
CALLS: 984	MIN: 1.088ms	AVG: 30.325ms	MAX: 13207.973ms	TOTAL: 29839.428ms
P99: 141.575ms	P95: 57.545ms	P50: 8.131ms	SD: 422310.121	RATIO: 4.129%
>>>>> PROC: OSTAT
CALLS: 942	MIN: 0.474ms	AVG: 10.615ms	MAX: 115.361ms	TOTAL: 9999.010ms
P99: 57.165ms	P95: 36.304ms	P50: 6.108ms	SD: 13375.969	RATIO: 1.384%
+-+-+-+-+-+-+-+-+-+-+-+-+-+-+-+-+-+-+-+-+-+-+-+-+-+-+-+-+-+-+-+-+-+-+-+-+-+
>>>>> VIRTUAL USER 23 : ELAPSED TIME : 713700ms
>>>>> PROC: NEWORD
CALLS: 9775	MIN: 1.032ms	AVG: 47.380ms	MAX: 430.868ms	TOTAL: 463135.063ms
P99: 191.312ms	P95: 126.228ms	P50: 38.028ms	SD: 39243.583	RATIO: 64.892%
>>>>> PROC: PAYMENT
CALLS: 9788	MIN: 0.429ms	AVG: 15.574ms	MAX: 287.465ms	TOTAL: 152435.273ms
P99: 112.389ms	P95: 49.388ms	P50: 10.044ms	SD: 20777.588	RATIO: 21.358%
>>>>> PROC: DELIVERY
CALLS: 996	MIN: 1.730ms	AVG: 71.577ms	MAX: 437.487ms	TOTAL: 71290.440ms
P99: 246.195ms	P95: 166.794ms	P50: 60.101ms	SD: 52576.180	RATIO: 9.989%
>>>>> PROC: SLEV
CALLS: 1009	MIN: 1.181ms	AVG: 15.900ms	MAX: 348.883ms	TOTAL: 16042.867ms
P99: 137.730ms	P95: 58.817ms	P50: 7.889ms	SD: 26164.422	RATIO: 2.248%
>>>>> PROC: OSTAT
CALLS: 960	MIN: 0.472ms	AVG: 9.806ms	MAX: 149.134ms	TOTAL: 9413.997ms
P99: 55.475ms	P95: 30.741ms	P50: 6.093ms	SD: 13135.414	RATIO: 1.319%
+-+-+-+-+-+-+-+-+-+-+-+-+-+-+-+-+-+-+-+-+-+-+-+-+-+-+-+-+-+-+-+-+-+-+-+-+-+
>>>>> VIRTUAL USER 24 : ELAPSED TIME : 721951ms
>>>>> PROC: NEWORD
CALLS: 9784	MIN: 1.105ms	AVG: 46.765ms	MAX: 420.803ms	TOTAL: 457544.655ms
P99: 188.189ms	P95: 126.482ms	P50: 36.973ms	SD: 39599.748	RATIO: 63.376%
>>>>> PROC: PAYMENT
CALLS: 9796	MIN: 0.467ms	AVG: 15.530ms	MAX: 256.894ms	TOTAL: 152127.159ms
P99: 113.608ms	P95: 49.378ms	P50: 10.006ms	SD: 20551.981	RATIO: 21.072%
>>>>> PROC: DELIVERY
CALLS: 980	MIN: 2.274ms	AVG: 72.413ms	MAX: 420.970ms	TOTAL: 70964.587ms
P99: 245.560ms	P95: 174.306ms	P50: 61.640ms	SD: 51551.288	RATIO: 9.830%
>>>>> PROC: SLEV
CALLS: 985	MIN: 1.798ms	AVG: 29.984ms	MAX: 13797.732ms	TOTAL: 29534.289ms
P99: 134.730ms	P95: 55.425ms	P50: 8.240ms	SD: 439931.298	RATIO: 4.091%
>>>>> PROC: OSTAT
CALLS: 983	MIN: 0.523ms	AVG: 10.584ms	MAX: 77.103ms	TOTAL: 10404.482ms
P99: 54.164ms	P95: 32.657ms	P50: 7.066ms	SD: 11481.278	RATIO: 1.441%
+-+-+-+-+-+-+-+-+-+-+-+-+-+-+-+-+-+-+-+-+-+-+-+-+-+-+-+-+-+-+-+-+-+-+-+-+-+
>>>>> VIRTUAL USER 25 : ELAPSED TIME : 722682ms
>>>>> PROC: NEWORD
CALLS: 9819	MIN: 0.941ms	AVG: 46.258ms	MAX: 363.146ms	TOTAL: 454206.195ms
P99: 184.893ms	P95: 125.033ms	P50: 37.297ms	SD: 38754.813	RATIO: 62.850%
>>>>> PROC: PAYMENT
CALLS: 9723	MIN: 0.492ms	AVG: 15.560ms	MAX: 316.524ms	TOTAL: 151292.254ms
P99: 111.628ms	P95: 50.580ms	P50: 9.673ms	SD: 21058.062	RATIO: 20.935%
>>>>> PROC: DELIVERY
CALLS: 952	MIN: 1.996ms	AVG: 78.587ms	MAX: 364.325ms	TOTAL: 74815.067ms
P99: 272.470ms	P95: 197.668ms	P50: 65.688ms	SD: 57095.841	RATIO: 10.352%
>>>>> PROC: SLEV
CALLS: 1011	MIN: 1.678ms	AVG: 29.858ms	MAX: 14161.910ms	TOTAL: 30186.495ms
P99: 118.607ms	P95: 57.832ms	P50: 8.127ms	SD: 445490.802	RATIO: 4.177%
>>>>> PROC: OSTAT
CALLS: 1023	MIN: 0.509ms	AVG: 10.449ms	MAX: 124.041ms	TOTAL: 10689.386ms
P99: 64.920ms	P95: 31.172ms	P50: 6.458ms	SD: 12532.599	RATIO: 1.479%
+-+-+-+-+-+-+-+-+-+-+-+-+-+-+-+-+-+-+-+-+-+-+-+-+-+-+-+-+-+-+-+-+-+-+-+-+-+
>>>>> VIRTUAL USER 26 : ELAPSED TIME : 714664ms
>>>>> PROC: NEWORD
CALLS: 9304	MIN: 1.077ms	AVG: 48.670ms	MAX: 383.240ms	TOTAL: 452825.977ms
P99: 193.701ms	P95: 130.628ms	P50: 39.196ms	SD: 40184.150	RATIO: 63.362%
>>>>> PROC: PAYMENT
CALLS: 9334	MIN: 0.485ms	AVG: 15.958ms	MAX: 277.254ms	TOTAL: 148951.425ms
P99: 109.102ms	P95: 51.504ms	P50: 10.385ms	SD: 20446.473	RATIO: 20.842%
>>>>> PROC: DELIVERY
CALLS: 966	MIN: 1.921ms	AVG: 76.391ms	MAX: 374.766ms	TOTAL: 73793.365ms
P99: 254.853ms	P95: 187.933ms	P50: 64.507ms	SD: 55191.642	RATIO: 10.326%
>>>>> PROC: SLEV
CALLS: 955	MIN: 1.514ms	AVG: 28.917ms	MAX: 11714.461ms	TOTAL: 27615.434ms
P99: 143.153ms	P95: 60.529ms	P50: 8.609ms	SD: 379450.698	RATIO: 3.864%
>>>>> PROC: OSTAT
CALLS: 945	MIN: 0.439ms	AVG: 10.758ms	MAX: 121.799ms	TOTAL: 10166.236ms
P99: 68.956ms	P95: 32.089ms	P50: 7.068ms	SD: 12646.773	RATIO: 1.423%
+-+-+-+-+-+-+-+-+-+-+-+-+-+-+-+-+-+-+-+-+-+-+-+-+-+-+-+-+-+-+-+-+-+-+-+-+-+
>>>>> VIRTUAL USER 27 : ELAPSED TIME : 707478ms
>>>>> PROC: NEWORD
CALLS: 9408	MIN: 1.256ms	AVG: 47.949ms	MAX: 350.126ms	TOTAL: 451102.777ms
P99: 186.075ms	P95: 125.198ms	P50: 38.956ms	SD: 39269.676	RATIO: 63.762%
>>>>> PROC: PAYMENT
CALLS: 9626	MIN: 0.425ms	AVG: 15.583ms	MAX: 243.924ms	TOTAL: 149999.154ms
P99: 108.902ms	P95: 51.529ms	P50: 10.034ms	SD: 20206.990	RATIO: 21.202%
>>>>> PROC: DELIVERY
CALLS: 904	MIN: 2.913ms	AVG: 79.291ms	MAX: 322.513ms	TOTAL: 71678.776ms
P99: 244.150ms	P95: 186.506ms	P50: 67.836ms	SD: 54090.878	RATIO: 10.132%
>>>>> PROC: SLEV
CALLS: 930	MIN: 1.215ms	AVG: 24.813ms	MAX: 7514.190ms	TOTAL: 23075.825ms
P99: 162.445ms	P95: 55.910ms	P50: 8.621ms	SD: 247513.040	RATIO: 3.262%
>>>>> PROC: OSTAT
CALLS: 972	MIN: 0.503ms	AVG: 10.588ms	MAX: 165.619ms	TOTAL: 10291.794ms
P99: 53.815ms	P95: 32.719ms	P50: 6.674ms	SD: 13155.591	RATIO: 1.455%
+-+-+-+-+-+-+-+-+-+-+-+-+-+-+-+-+-+-+-+-+-+-+-+-+-+-+-+-+-+-+-+-+-+-+-+-+-+
>>>>> VIRTUAL USER 28 : ELAPSED TIME : 714305ms
>>>>> PROC: NEWORD
CALLS: 9808	MIN: 1.141ms	AVG: 47.580ms	MAX: 345.648ms	TOTAL: 466666.518ms
P99: 191.055ms	P95: 127.395ms	P50: 38.327ms	SD: 39733.732	RATIO: 65.332%
>>>>> PROC: PAYMENT
CALLS: 9784	MIN: 0.540ms	AVG: 15.290ms	MAX: 231.617ms	TOTAL: 149594.716ms
P99: 106.591ms	P95: 47.182ms	P50: 10.075ms	SD: 19882.051	RATIO: 20.943%
>>>>> PROC: DELIVERY
CALLS: 995	MIN: 1.991ms	AVG: 72.109ms	MAX: 432.437ms	TOTAL: 71747.961ms
P99: 233.662ms	P95: 173.028ms	P50: 60.518ms	SD: 52264.184	RATIO: 10.044%
>>>>> PROC: SLEV
CALLS: 987	MIN: 1.278ms	AVG: 14.779ms	MAX: 230.383ms	TOTAL: 14587.205ms
P99: 124.567ms	P95: 47.092ms	P50: 7.203ms	SD: 23122.106	RATIO: 2.042%
>>>>> PROC: OSTAT
CALLS: 954	MIN: 0.524ms	AVG: 10.780ms	MAX: 126.644ms	TOTAL: 10284.458ms
P99: 59.017ms	P95: 33.042ms	P50: 6.622ms	SD: 12912.968	RATIO: 1.440%
+-+-+-+-+-+-+-+-+-+-+-+-+-+-+-+-+-+-+-+-+-+-+-+-+-+-+-+-+-+-+-+-+-+-+-+-+-+
>>>>> VIRTUAL USER 29 : ELAPSED TIME : 720018ms
>>>>> PROC: NEWORD
CALLS: 9849	MIN: 1.216ms	AVG: 46.916ms	MAX: 398.915ms	TOTAL: 462072.358ms
P99: 185.408ms	P95: 125.106ms	P50: 37.636ms	SD: 38859.552	RATIO: 64.175%
>>>>> PROC: PAYMENT
CALLS: 9753	MIN: 0.447ms	AVG: 16.129ms	MAX: 269.122ms	TOTAL: 157301.565ms
P99: 119.609ms	P95: 53.227ms	P50: 9.955ms	SD: 22051.272	RATIO: 21.847%
>>>>> PROC: DELIVERY
CALLS: 963	MIN: 2.351ms	AVG: 76.352ms	MAX: 512.209ms	TOTAL: 73526.560ms
P99: 273.933ms	P95: 190.521ms	P50: 61.998ms	SD: 58997.051	RATIO: 10.212%
>>>>> PROC: SLEV
CALLS: 951	MIN: 1.660ms	AVG: 15.274ms	MAX: 218.604ms	TOTAL: 14525.261ms
P99: 133.323ms	P95: 54.296ms	P50: 7.373ms	SD: 23822.980	RATIO: 2.017%
>>>>> PROC: OSTAT
CALLS: 1012	MIN: 0.539ms	AVG: 11.076ms	MAX: 209.745ms	TOTAL: 11208.477ms
P99: 61.350ms	P95: 37.266ms	P50: 6.441ms	SD: 14720.395	RATIO: 1.557%
+-+-+-+-+-+-+-+-+-+-+-+-+-+-+-+-+-+-+-+-+-+-+-+-+-+-+-+-+-+-+-+-+-+-+-+-+-+
>>>>> VIRTUAL USER 30 : ELAPSED TIME : 705929ms
>>>>> PROC: NEWORD
CALLS: 8505	MIN: 1.530ms	AVG: 56.345ms	MAX: 420.300ms	TOTAL: 479211.014ms
P99: 200.432ms	P95: 141.226ms	P50: 47.680ms	SD: 41989.877	RATIO: 67.884%
>>>>> PROC: PAYMENT
CALLS: 8375	MIN: 0.540ms	AVG: 15.719ms	MAX: 422.251ms	TOTAL: 131646.520ms
P99: 111.886ms	P95: 48.303ms	P50: 10.430ms	SD: 20941.510	RATIO: 18.649%
>>>>> PROC: DELIVERY
CALLS: 841	MIN: 4.718ms	AVG: 87.319ms	MAX: 435.235ms	TOTAL: 73434.916ms
P99: 303.147ms	P95: 195.640ms	P50: 74.046ms	SD: 60287.977	RATIO: 10.403%
>>>>> PROC: SLEV
CALLS: 862	MIN: 1.477ms	AVG: 13.238ms	MAX: 229.629ms	TOTAL: 11411.506ms
P99: 101.299ms	P95: 44.009ms	P50: 7.147ms	SD: 20284.080	RATIO: 1.617%
>>>>> PROC: OSTAT
CALLS: 873	MIN: 0.520ms	AVG: 10.331ms	MAX: 299.549ms	TOTAL: 9018.989ms
P99: 49.122ms	P95: 32.229ms	P50: 6.263ms	SD: 15020.704	RATIO: 1.278%
+-+-+-+-+-+-+-+-+-+-+-+-+-+-+-+-+-+-+-+-+-+-+-+-+-+-+-+-+-+-+-+-+-+-+-+-+-+
>>>>> VIRTUAL USER 31 : ELAPSED TIME : 720670ms
>>>>> PROC: NEWORD
CALLS: 8984	MIN: 1.743ms	AVG: 54.466ms	MAX: 346.905ms	TOTAL: 489320.360ms
P99: 207.805ms	P95: 136.444ms	P50: 45.237ms	SD: 41904.025	RATIO: 67.898%
>>>>> PROC: PAYMENT
CALLS: 8888	MIN: 0.486ms	AVG: 15.048ms	MAX: 281.562ms	TOTAL: 133743.255ms
P99: 102.894ms	P95: 47.055ms	P50: 9.908ms	SD: 19684.502	RATIO: 18.558%
>>>>> PROC: DELIVERY
CALLS: 864	MIN: 3.280ms	AVG: 85.454ms	MAX: 608.026ms	TOTAL: 73832.594ms
P99: 286.704ms	P95: 202.438ms	P50: 72.276ms	SD: 62200.806	RATIO: 10.245%
>>>>> PROC: SLEV
CALLS: 877	MIN: 1.734ms	AVG: 14.987ms	MAX: 243.920ms	TOTAL: 13143.421ms
P99: 119.415ms	P95: 52.649ms	P50: 8.345ms	SD: 23299.671	RATIO: 1.824%
>>>>> PROC: OSTAT
CALLS: 867	MIN: 0.481ms	AVG: 10.757ms	MAX: 190.802ms	TOTAL: 9326.071ms
P99: 67.872ms	P95: 33.971ms	P50: 6.685ms	SD: 14072.206	RATIO: 1.294%
+-+-+-+-+-+-+-+-+-+-+-+-+-+-+-+-+-+-+-+-+-+-+-+-+-+-+-+-+-+-+-+-+-+-+-+-+-+
>>>>> VIRTUAL USER 32 : ELAPSED TIME : 719232ms
>>>>> PROC: NEWORD
CALLS: 8496	MIN: 1.142ms	AVG: 54.965ms	MAX: 313.374ms	TOTAL: 466979.705ms
P99: 196.216ms	P95: 139.592ms	P50: 46.180ms	SD: 41503.848	RATIO: 64.928%
>>>>> PROC: PAYMENT
CALLS: 8443	MIN: 0.503ms	AVG: 16.184ms	MAX: 244.214ms	TOTAL: 136639.412ms
P99: 110.225ms	P95: 53.005ms	P50: 10.556ms	SD: 20709.573	RATIO: 18.998%
>>>>> PROC: DELIVERY
CALLS: 844	MIN: 3.457ms	AVG: 92.242ms	MAX: 385.178ms	TOTAL: 77852.147ms
P99: 305.192ms	P95: 206.525ms	P50: 78.386ms	SD: 61333.832	RATIO: 10.824%
>>>>> PROC: SLEV
CALLS: 785	MIN: 1.628ms	AVG: 34.091ms	MAX: 14191.508ms	TOTAL: 26761.291ms
P99: 128.991ms	P95: 60.175ms	P50: 8.199ms	SD: 506562.754	RATIO: 3.721%
>>>>> PROC: OSTAT
CALLS: 888	MIN: 0.494ms	AVG: 11.041ms	MAX: 124.634ms	TOTAL: 9804.719ms
P99: 64.758ms	P95: 37.246ms	P50: 6.462ms	SD: 14030.108	RATIO: 1.363%
+-+-+-+-+-+-+-+-+-+-+-+-+-+-+-+-+-+-+-+-+-+-+-+-+-+-+-+-+-+-+-+-+-+-+-+-+-+
>>>>> VIRTUAL USER 33 : ELAPSED TIME : 719536ms
>>>>> PROC: NEWORD
CALLS: 8860	MIN: 1.645ms	AVG: 54.640ms	MAX: 327.895ms	TOTAL: 484111.197ms
P99: 200.311ms	P95: 136.457ms	P50: 45.500ms	SD: 41270.872	RATIO: 67.281%
>>>>> PROC: PAYMENT
CALLS: 8959	MIN: 0.466ms	AVG: 15.512ms	MAX: 333.073ms	TOTAL: 138973.186ms
P99: 111.513ms	P95: 47.611ms	P50: 10.215ms	SD: 20737.795	RATIO: 19.314%
>>>>> PROC: DELIVERY
CALLS: 893	MIN: 4.337ms	AVG: 83.250ms	MAX: 399.687ms	TOTAL: 74342.122ms
P99: 285.117ms	P95: 198.099ms	P50: 69.344ms	SD: 57878.252	RATIO: 10.332%
>>>>> PROC: SLEV
CALLS: 858	MIN: 1.541ms	AVG: 13.411ms	MAX: 221.766ms	TOTAL: 11506.389ms
P99: 98.556ms	P95: 42.011ms	P50: 7.562ms	SD: 19702.143	RATIO: 1.599%
>>>>> PROC: OSTAT
CALLS: 910	MIN: 0.460ms	AVG: 10.297ms	MAX: 107.792ms	TOTAL: 9369.897ms
P99: 52.382ms	P95: 30.085ms	P50: 7.042ms	SD: 11582.034	RATIO: 1.302%
+-+-+-+-+-+-+-+-+-+-+-+-+-+-+-+-+-+-+-+-+-+-+-+-+-+-+-+-+-+-+-+-+-+-+-+-+-+
>>>>> VIRTUAL USER 34 : ELAPSED TIME : 717619ms
>>>>> PROC: NEWORD
CALLS: 8446	MIN: 1.172ms	AVG: 55.329ms	MAX: 357.257ms	TOTAL: 467310.650ms
P99: 201.564ms	P95: 139.947ms	P50: 45.862ms	SD: 41817.918	RATIO: 65.120%
>>>>> PROC: PAYMENT
CALLS: 8474	MIN: 0.487ms	AVG: 16.275ms	MAX: 258.105ms	TOTAL: 137914.996ms
P99: 116.906ms	P95: 51.114ms	P50: 10.813ms	SD: 21250.864	RATIO: 19.218%
>>>>> PROC: DELIVERY
CALLS: 861	MIN: 4.146ms	AVG: 89.469ms	MAX: 409.675ms	TOTAL: 77032.904ms
P99: 280.827ms	P95: 208.105ms	P50: 78.779ms	SD: 58772.796	RATIO: 10.735%
>>>>> PROC: SLEV
CALLS: 847	MIN: 1.268ms	AVG: 29.714ms	MAX: 13811.184ms	TOTAL: 25167.356ms
P99: 104.971ms	P95: 47.088ms	P50: 7.092ms	SD: 474507.914	RATIO: 3.507%
>>>>> PROC: OSTAT
CALLS: 828	MIN: 0.491ms	AVG: 10.877ms	MAX: 124.069ms	TOTAL: 9006.426ms
P99: 66.206ms	P95: 33.936ms	P50: 7.086ms	SD: 13428.591	RATIO: 1.255%
+-+-+-+-+-+-+-+-+-+-+-+-+-+-+-+-+-+-+-+-+-+-+-+-+-+-+-+-+-+-+-+-+-+-+-+-+-+
>>>>> VIRTUAL USER 35 : ELAPSED TIME : 707319ms
>>>>> PROC: NEWORD
CALLS: 8532	MIN: 1.418ms	AVG: 56.220ms	MAX: 367.291ms	TOTAL: 479672.513ms
P99: 205.280ms	P95: 140.476ms	P50: 46.769ms	SD: 42174.353	RATIO: 67.816%
>>>>> PROC: PAYMENT
CALLS: 8448	MIN: 0.470ms	AVG: 15.691ms	MAX: 244.015ms	TOTAL: 132557.089ms
P99: 112.645ms	P95: 47.684ms	P50: 10.537ms	SD: 20353.680	RATIO: 18.741%
>>>>> PROC: DELIVERY
CALLS: 835	MIN: 3.825ms	AVG: 87.929ms	MAX: 451.443ms	TOTAL: 73420.377ms
P99: 288.574ms	P95: 197.569ms	P50: 73.491ms	SD: 59568.573	RATIO: 10.380%
>>>>> PROC: SLEV
CALLS: 809	MIN: 1.044ms	AVG: 14.555ms	MAX: 274.267ms	TOTAL: 11774.606ms
P99: 144.802ms	P95: 48.210ms	P50: 7.965ms	SD: 24931.954	RATIO: 1.665%
>>>>> PROC: OSTAT
CALLS: 832	MIN: 0.515ms	AVG: 10.455ms	MAX: 226.894ms	TOTAL: 8698.344ms
P99: 59.766ms	P95: 31.801ms	P50: 6.882ms	SD: 13977.412	RATIO: 1.230%
+-+-+-+-+-+-+-+-+-+-+-+-+-+-+-+-+-+-+-+-+-+-+-+-+-+-+-+-+-+-+-+-+-+-+-+-+-+
>>>>> VIRTUAL USER 36 : ELAPSED TIME : 717716ms
>>>>> PROC: NEWORD
CALLS: 8866	MIN: 1.624ms	AVG: 54.742ms	MAX: 367.488ms	TOTAL: 485340.657ms
P99: 202.445ms	P95: 138.076ms	P50: 45.576ms	SD: 41880.306	RATIO: 67.623%
>>>>> PROC: PAYMENT
CALLS: 8950	MIN: 0.527ms	AVG: 15.240ms	MAX: 252.643ms	TOTAL: 136401.639ms
P99: 108.165ms	P95: 47.388ms	P50: 10.046ms	SD: 19917.953	RATIO: 19.005%
>>>>> PROC: DELIVERY
CALLS: 873	MIN: 3.810ms	AVG: 83.752ms	MAX: 398.330ms	TOTAL: 73115.343ms
P99: 283.137ms	P95: 194.758ms	P50: 70.521ms	SD: 57203.348	RATIO: 10.187%
>>>>> PROC: SLEV
CALLS: 935	MIN: 1.573ms	AVG: 14.050ms	MAX: 486.117ms	TOTAL: 13137.123ms
P99: 119.302ms	P95: 45.798ms	P50: 7.215ms	SD: 25880.952	RATIO: 1.830%
>>>>> PROC: OSTAT
CALLS: 856	MIN: 0.478ms	AVG: 9.878ms	MAX: 115.719ms	TOTAL: 8455.780ms
P99: 54.646ms	P95: 30.748ms	P50: 6.130ms	SD: 12230.615	RATIO: 1.178%
+-+-+-+-+-+-+-+-+-+-+-+-+-+-+-+-+-+-+-+-+-+-+-+-+-+-+-+-+-+-+-+-+-+-+-+-+-+
>>>>> VIRTUAL USER 37 : ELAPSED TIME : 708227ms
>>>>> PROC: NEWORD
CALLS: 8431	MIN: 1.813ms	AVG: 56.798ms	MAX: 418.072ms	TOTAL: 478865.975ms
P99: 211.925ms	P95: 144.141ms	P50: 47.317ms	SD: 43360.619	RATIO: 67.615%
>>>>> PROC: PAYMENT
CALLS: 8480	MIN: 0.469ms	AVG: 15.831ms	MAX: 224.853ms	TOTAL: 134245.033ms
P99: 111.130ms	P95: 50.184ms	P50: 10.414ms	SD: 20558.989	RATIO: 18.955%
>>>>> PROC: DELIVERY
CALLS: 871	MIN: 3.255ms	AVG: 85.102ms	MAX: 404.801ms	TOTAL: 74124.036ms
P99: 262.200ms	P95: 195.261ms	P50: 73.083ms	SD: 55512.094	RATIO: 10.466%
>>>>> PROC: SLEV
CALLS: 835	MIN: 0.986ms	AVG: 13.518ms	MAX: 267.103ms	TOTAL: 11287.338ms
P99: 104.093ms	P95: 46.663ms	P50: 7.720ms	SD: 21282.245	RATIO: 1.594%
>>>>> PROC: OSTAT
CALLS: 839	MIN: 0.403ms	AVG: 10.109ms	MAX: 87.060ms	TOTAL: 8481.798ms
P99: 60.443ms	P95: 30.820ms	P50: 6.559ms	SD: 11634.126	RATIO: 1.198%
+-+-+-+-+-+-+-+-+-+-+-+-+-+-+-+-+-+-+-+-+-+-+-+-+-+-+-+-+-+-+-+-+-+-+-+-+-+
>>>>> VIRTUAL USER 38 : ELAPSED TIME : 709283ms
>>>>> PROC: NEWORD
CALLS: 9841	MIN: 1.124ms	AVG: 47.009ms	MAX: 422.577ms	TOTAL: 462618.617ms
P99: 186.964ms	P95: 127.902ms	P50: 37.909ms	SD: 39422.729	RATIO: 65.223%
>>>>> PROC: PAYMENT
CALLS: 9724	MIN: 0.443ms	AVG: 15.450ms	MAX: 302.635ms	TOTAL: 150235.594ms
P99: 106.961ms	P95: 49.086ms	P50: 10.017ms	SD: 20178.735	RATIO: 21.181%
>>>>> PROC: DELIVERY
CALLS: 961	MIN: 2.117ms	AVG: 73.400ms	MAX: 324.574ms	TOTAL: 70537.785ms
P99: 244.720ms	P95: 188.417ms	P50: 60.492ms	SD: 53485.712	RATIO: 9.945%
>>>>> PROC: SLEV
CALLS: 966	MIN: 1.572ms	AVG: 14.779ms	MAX: 186.589ms	TOTAL: 14276.802ms
P99: 116.846ms	P95: 56.109ms	P50: 7.782ms	SD: 22059.329	RATIO: 2.013%
>>>>> PROC: OSTAT
CALLS: 1036	MIN: 0.484ms	AVG: 9.894ms	MAX: 151.984ms	TOTAL: 10250.513ms
P99: 49.384ms	P95: 34.091ms	P50: 6.091ms	SD: 12047.994	RATIO: 1.445%
+-+-+-+-+-+-+-+-+-+-+-+-+-+-+-+-+-+-+-+-+-+-+-+-+-+-+-+-+-+-+-+-+-+-+-+-+-+
>>>>> VIRTUAL USER 39 : ELAPSED TIME : 708332ms
>>>>> PROC: NEWORD
CALLS: 9321	MIN: 1.032ms	AVG: 48.118ms	MAX: 421.517ms	TOTAL: 448512.163ms
P99: 194.793ms	P95: 129.735ms	P50: 38.582ms	SD: 40728.274	RATIO: 63.319%
>>>>> PROC: PAYMENT
CALLS: 9405	MIN: 0.474ms	AVG: 15.834ms	MAX: 323.344ms	TOTAL: 148914.447ms
P99: 117.069ms	P95: 51.773ms	P50: 10.145ms	SD: 21359.840	RATIO: 21.023%
>>>>> PROC: DELIVERY
CALLS: 939	MIN: 1.647ms	AVG: 77.330ms	MAX: 356.692ms	TOTAL: 72612.693ms
P99: 267.593ms	P95: 189.147ms	P50: 64.097ms	SD: 56682.363	RATIO: 10.251%
>>>>> PROC: SLEV
CALLS: 915	MIN: 1.788ms	AVG: 29.221ms	MAX: 11412.898ms	TOTAL: 26737.208ms
P99: 137.967ms	P95: 55.699ms	P50: 8.937ms	SD: 377482.465	RATIO: 3.775%
>>>>> PROC: OSTAT
CALLS: 924	MIN: 0.515ms	AVG: 10.920ms	MAX: 201.941ms	TOTAL: 10090.000ms
P99: 68.799ms	P95: 33.226ms	P50: 6.696ms	SD: 14317.316	RATIO: 1.424%
+-+-+-+-+-+-+-+-+-+-+-+-+-+-+-+-+-+-+-+-+-+-+-+-+-+-+-+-+-+-+-+-+-+-+-+-+-+
>>>>> VIRTUAL USER 40 : ELAPSED TIME : 710999ms
>>>>> PROC: NEWORD
CALLS: 9863	MIN: 1.066ms	AVG: 47.076ms	MAX: 311.484ms	TOTAL: 464313.216ms
P99: 189.342ms	P95: 123.778ms	P50: 38.163ms	SD: 38774.326	RATIO: 65.304%
>>>>> PROC: PAYMENT
CALLS: 9788	MIN: 0.477ms	AVG: 15.493ms	MAX: 274.126ms	TOTAL: 151646.565ms
P99: 111.717ms	P95: 50.240ms	P50: 9.919ms	SD: 20570.215	RATIO: 21.329%
>>>>> PROC: DELIVERY
CALLS: 963	MIN: 1.952ms	AVG: 73.674ms	MAX: 547.450ms	TOTAL: 70947.924ms
P99: 289.498ms	P95: 174.549ms	P50: 61.688ms	SD: 56923.116	RATIO: 9.979%
>>>>> PROC: SLEV
CALLS: 974	MIN: 1.379ms	AVG: 13.206ms	MAX: 191.698ms	TOTAL: 12862.201ms
P99: 98.414ms	P95: 45.961ms	P50: 7.689ms	SD: 18919.749	RATIO: 1.809%
>>>>> PROC: OSTAT
CALLS: 940	MIN: 0.561ms	AVG: 10.396ms	MAX: 150.607ms	TOTAL: 9772.374ms
P99: 54.816ms	P95: 32.327ms	P50: 6.602ms	SD: 13034.434	RATIO: 1.374%
+-+-+-+-+-+-+-+-+-+-+-+-+-+-+-+-+-+-+-+-+-+-+-+-+-+-+-+-+-+-+-+-+-+-+-+-+-+
>>>>> VIRTUAL USER 41 : ELAPSED TIME : 714928ms
>>>>> PROC: NEWORD
CALLS: 9912	MIN: 1.010ms	AVG: 47.138ms	MAX: 358.676ms	TOTAL: 467234.123ms
P99: 190.256ms	P95: 126.243ms	P50: 37.400ms	SD: 39691.028	RATIO: 65.354%
>>>>> PROC: PAYMENT
CALLS: 9717	MIN: 0.443ms	AVG: 15.572ms	MAX: 292.554ms	TOTAL: 151312.705ms
P99: 109.208ms	P95: 48.987ms	P50: 10.002ms	SD: 20710.453	RATIO: 21.165%
>>>>> PROC: DELIVERY
CALLS: 933	MIN: 2.396ms	AVG: 74.230ms	MAX: 436.541ms	TOTAL: 69256.199ms
P99: 252.304ms	P95: 182.367ms	P50: 60.552ms	SD: 54869.495	RATIO: 9.687%
>>>>> PROC: SLEV
CALLS: 991	MIN: 0.986ms	AVG: 15.222ms	MAX: 212.370ms	TOTAL: 15084.789ms
P99: 130.290ms	P95: 53.778ms	P50: 7.211ms	SD: 24105.755	RATIO: 2.110%
>>>>> PROC: OSTAT
CALLS: 975	MIN: 0.528ms	AVG: 10.966ms	MAX: 145.128ms	TOTAL: 10691.984ms
P99: 63.350ms	P95: 34.255ms	P50: 7.151ms	SD: 13336.480	RATIO: 1.496%
+-+-+-+-+-+-+-+-+-+-+-+-+-+-+-+-+-+-+-+-+-+-+-+-+-+-+-+-+-+-+-+-+-+-+-+-+-+
>>>>> VIRTUAL USER 42 : ELAPSED TIME : 713771ms
>>>>> PROC: NEWORD
CALLS: 9878	MIN: 1.020ms	AVG: 46.429ms	MAX: 341.572ms	TOTAL: 458620.727ms
P99: 185.392ms	P95: 123.501ms	P50: 37.455ms	SD: 38828.274	RATIO: 64.253%
>>>>> PROC: PAYMENT
CALLS: 9718	MIN: 0.485ms	AVG: 15.737ms	MAX: 303.565ms	TOTAL: 152936.890ms
P99: 110.552ms	P95: 49.434ms	P50: 10.061ms	SD: 20959.411	RATIO: 21.427%
>>>>> PROC: DELIVERY
CALLS: 1042	MIN: 2.802ms	AVG: 72.722ms	MAX: 425.101ms	TOTAL: 75775.967ms
P99: 270.190ms	P95: 186.113ms	P50: 59.882ms	SD: 56082.002	RATIO: 10.616%
>>>>> PROC: SLEV
CALLS: 913	MIN: 1.145ms	AVG: 16.173ms	MAX: 322.080ms	TOTAL: 14766.046ms
P99: 130.650ms	P95: 56.517ms	P50: 8.362ms	SD: 26707.658	RATIO: 2.069%
>>>>> PROC: OSTAT
CALLS: 977	MIN: 0.457ms	AVG: 10.562ms	MAX: 152.630ms	TOTAL: 10319.126ms
P99: 62.268ms	P95: 32.920ms	P50: 6.543ms	SD: 12902.109	RATIO: 1.446%
+-+-+-+-+-+-+-+-+-+-+-+-+-+-+-+-+-+-+-+-+-+-+-+-+-+-+-+-+-+-+-+-+-+-+-+-+-+
>>>>> VIRTUAL USER 43 : ELAPSED TIME : 700077ms
>>>>> PROC: NEWORD
CALLS: 9505	MIN: 1.128ms	AVG: 48.595ms	MAX: 318.428ms	TOTAL: 461894.284ms
P99: 192.042ms	P95: 129.136ms	P50: 39.397ms	SD: 39744.464	RATIO: 65.978%
>>>>> PROC: PAYMENT
CALLS: 9156	MIN: 0.525ms	AVG: 15.513ms	MAX: 287.066ms	TOTAL: 142037.455ms
P99: 114.073ms	P95: 49.613ms	P50: 9.967ms	SD: 20703.248	RATIO: 20.289%
>>>>> PROC: DELIVERY
CALLS: 970	MIN: 2.445ms	AVG: 71.689ms	MAX: 499.951ms	TOTAL: 69538.737ms
P99: 269.273ms	P95: 169.684ms	P50: 59.817ms	SD: 54907.998	RATIO: 9.933%
>>>>> PROC: SLEV
CALLS: 921	MIN: 1.428ms	AVG: 15.367ms	MAX: 277.062ms	TOTAL: 14153.190ms
P99: 154.623ms	P95: 51.417ms	P50: 8.083ms	SD: 26443.132	RATIO: 2.022%
>>>>> PROC: OSTAT
CALLS: 952	MIN: 0.502ms	AVG: 11.645ms	MAX: 153.650ms	TOTAL: 11086.325ms
P99: 71.308ms	P95: 38.201ms	P50: 7.687ms	SD: 13896.489	RATIO: 1.584%
+-+-+-+-+-+-+-+-+-+-+-+-+-+-+-+-+-+-+-+-+-+-+-+-+-+-+-+-+-+-+-+-+-+-+-+-+-+
>>>>> VIRTUAL USER 44 : ELAPSED TIME : 704807ms
>>>>> PROC: NEWORD
CALLS: 9459	MIN: 0.939ms	AVG: 47.291ms	MAX: 355.371ms	TOTAL: 447330.134ms
P99: 191.576ms	P95: 124.051ms	P50: 38.407ms	SD: 39092.946	RATIO: 63.468%
>>>>> PROC: PAYMENT
CALLS: 9190	MIN: 0.400ms	AVG: 15.874ms	MAX: 277.426ms	TOTAL: 145879.159ms
P99: 114.328ms	P95: 50.906ms	P50: 10.186ms	SD: 21202.538	RATIO: 20.698%
>>>>> PROC: DELIVERY
CALLS: 984	MIN: 2.051ms	AVG: 74.580ms	MAX: 338.242ms	TOTAL: 73387.071ms
P99: 265.693ms	P95: 182.922ms	P50: 62.946ms	SD: 54524.671	RATIO: 10.412%
>>>>> PROC: SLEV
CALLS: 941	MIN: 1.212ms	AVG: 28.262ms	MAX: 11334.384ms	TOTAL: 26594.656ms
P99: 158.155ms	P95: 59.627ms	P50: 7.969ms	SD: 369839.887	RATIO: 3.773%
>>>>> PROC: OSTAT
CALLS: 930	MIN: 0.489ms	AVG: 11.058ms	MAX: 186.305ms	TOTAL: 10284.181ms
P99: 80.050ms	P95: 35.961ms	P50: 6.378ms	SD: 15001.019	RATIO: 1.459%
+-+-+-+-+-+-+-+-+-+-+-+-+-+-+-+-+-+-+-+-+-+-+-+-+-+-+-+-+-+-+-+-+-+-+-+-+-+
>>>>> VIRTUAL USER 45 : ELAPSED TIME : 698586ms
>>>>> PROC: NEWORD
CALLS: 9121	MIN: 1.165ms	AVG: 48.732ms	MAX: 404.287ms	TOTAL: 444485.747ms
P99: 189.326ms	P95: 127.533ms	P50: 39.224ms	SD: 39836.824	RATIO: 63.626%
>>>>> PROC: PAYMENT
CALLS: 9133	MIN: 0.492ms	AVG: 16.077ms	MAX: 215.376ms	TOTAL: 146830.134ms
P99: 110.280ms	P95: 51.991ms	P50: 10.515ms	SD: 20559.397	RATIO: 21.018%
>>>>> PROC: DELIVERY
CALLS: 921	MIN: 2.724ms	AVG: 75.232ms	MAX: 379.706ms	TOTAL: 69288.939ms
P99: 261.117ms	P95: 191.402ms	P50: 62.011ms	SD: 56224.907	RATIO: 9.918%
>>>>> PROC: SLEV
CALLS: 910	MIN: 1.469ms	AVG: 28.747ms	MAX: 11217.115ms	TOTAL: 26159.479ms
P99: 124.894ms	P95: 61.050ms	P50: 8.861ms	SD: 372030.132	RATIO: 3.745%
>>>>> PROC: OSTAT
CALLS: 987	MIN: 0.539ms	AVG: 10.615ms	MAX: 120.413ms	TOTAL: 10476.723ms
P99: 67.405ms	P95: 33.681ms	P50: 6.544ms	SD: 12767.703	RATIO: 1.500%
+-+-+-+-+-+-+-+-+-+-+-+-+-+-+-+-+-+-+-+-+-+-+-+-+-+-+-+-+-+-+-+-+-+-+-+-+-+
>>>>> VIRTUAL USER 46 : ELAPSED TIME : 697980ms
>>>>> PROC: NEWORD
CALLS: 9130	MIN: 1.107ms	AVG: 48.200ms	MAX: 376.089ms	TOTAL: 440065.510ms
P99: 194.932ms	P95: 130.182ms	P50: 38.009ms	SD: 40645.806	RATIO: 63.048%
>>>>> PROC: PAYMENT
CALLS: 9102	MIN: 0.454ms	AVG: 16.276ms	MAX: 296.148ms	TOTAL: 148143.300ms
P99: 117.242ms	P95: 53.889ms	P50: 10.402ms	SD: 21699.318	RATIO: 21.225%
>>>>> PROC: DELIVERY
CALLS: 930	MIN: 2.233ms	AVG: 75.456ms	MAX: 403.578ms	TOTAL: 70173.979ms
P99: 260.572ms	P95: 195.409ms	P50: 62.667ms	SD: 57338.468	RATIO: 10.054%
>>>>> PROC: SLEV
CALLS: 921	MIN: 1.080ms	AVG: 31.843ms	MAX: 14275.544ms	TOTAL: 29327.652ms
P99: 144.801ms	P95: 57.205ms	P50: 8.844ms	SD: 470456.236	RATIO: 4.202%
>>>>> PROC: OSTAT
CALLS: 909	MIN: 0.487ms	AVG: 9.855ms	MAX: 129.422ms	TOTAL: 8957.901ms
P99: 54.373ms	P95: 30.285ms	P50: 6.350ms	SD: 11640.222	RATIO: 1.283%
+-+-+-+-+-+-+-+-+-+-+-+-+-+-+-+-+-+-+-+-+-+-+-+-+-+-+-+-+-+-+-+-+-+-+-+-+-+
>>>>> VIRTUAL USER 47 : ELAPSED TIME : 711943ms
>>>>> PROC: NEWORD
CALLS: 9663	MIN: 1.167ms	AVG: 47.566ms	MAX: 375.010ms	TOTAL: 459630.608ms
P99: 188.457ms	P95: 127.631ms	P50: 37.831ms	SD: 39732.291	RATIO: 64.560%
>>>>> PROC: PAYMENT
CALLS: 9786	MIN: 0.457ms	AVG: 15.417ms	MAX: 254.718ms	TOTAL: 150872.678ms
P99: 114.962ms	P95: 50.863ms	P50: 9.785ms	SD: 20808.256	RATIO: 21.192%
>>>>> PROC: DELIVERY
CALLS: 1066	MIN: 2.179ms	AVG: 69.977ms	MAX: 381.454ms	TOTAL: 74595.444ms
P99: 241.396ms	P95: 180.166ms	P50: 58.253ms	SD: 52940.926	RATIO: 10.478%
>>>>> PROC: SLEV
CALLS: 1045	MIN: 1.223ms	AVG: 14.912ms	MAX: 316.692ms	TOTAL: 15583.275ms
P99: 122.546ms	P95: 50.803ms	P50: 7.464ms	SD: 24864.792	RATIO: 2.189%
>>>>> PROC: OSTAT
CALLS: 968	MIN: 0.497ms	AVG: 10.065ms	MAX: 134.146ms	TOTAL: 9742.725ms
P99: 50.855ms	P95: 32.841ms	P50: 6.318ms	SD: 11955.715	RATIO: 1.368%
+-+-+-+-+-+-+-+-+-+-+-+-+-+-+-+-+-+-+-+-+-+-+-+-+-+-+-+-+-+-+-+-+-+-+-+-+-+
>>>>> VIRTUAL USER 48 : ELAPSED TIME : 698207ms
>>>>> PROC: NEWORD
CALLS: 9201	MIN: 1.030ms	AVG: 47.459ms	MAX: 383.522ms	TOTAL: 436673.491ms
P99: 190.063ms	P95: 129.612ms	P50: 38.047ms	SD: 40165.114	RATIO: 62.542%
>>>>> PROC: PAYMENT
CALLS: 9291	MIN: 0.498ms	AVG: 16.052ms	MAX: 292.834ms	TOTAL: 149139.823ms
P99: 114.960ms	P95: 52.270ms	P50: 10.077ms	SD: 21647.306	RATIO: 21.360%
>>>>> PROC: DELIVERY
CALLS: 948	MIN: 1.682ms	AVG: 75.206ms	MAX: 353.781ms	TOTAL: 71295.699ms
P99: 244.108ms	P95: 179.593ms	P50: 63.738ms	SD: 53319.417	RATIO: 10.211%
>>>>> PROC: SLEV
CALLS: 980	MIN: 1.711ms	AVG: 29.822ms	MAX: 12500.834ms	TOTAL: 29225.255ms
P99: 133.357ms	P95: 64.031ms	P50: 8.608ms	SD: 399533.523	RATIO: 4.186%
>>>>> PROC: OSTAT
CALLS: 892	MIN: 0.453ms	AVG: 11.767ms	MAX: 104.852ms	TOTAL: 10496.088ms
P99: 76.464ms	P95: 36.431ms	P50: 6.986ms	SD: 13775.191	RATIO: 1.503%
+-+-+-+-+-+-+-+-+-+-+-+-+-+-+-+-+-+-+-+-+-+-+-+-+-+-+-+-+-+-+-+-+-+-+-+-+-+
>>>>> VIRTUAL USER 49 : ELAPSED TIME : 696483ms
>>>>> PROC: NEWORD
CALLS: 9400	MIN: 0.904ms	AVG: 48.202ms	MAX: 369.429ms	TOTAL: 453095.516ms
P99: 191.028ms	P95: 127.720ms	P50: 39.061ms	SD: 39695.926	RATIO: 65.055%
>>>>> PROC: PAYMENT
CALLS: 9319	MIN: 0.463ms	AVG: 15.813ms	MAX: 326.221ms	TOTAL: 147365.746ms
P99: 117.543ms	P95: 49.456ms	P50: 10.099ms	SD: 20899.482	RATIO: 21.159%
>>>>> PROC: DELIVERY
CALLS: 994	MIN: 2.462ms	AVG: 70.662ms	MAX: 399.948ms	TOTAL: 70238.470ms
P99: 270.163ms	P95: 178.272ms	P50: 57.126ms	SD: 54470.698	RATIO: 10.085%
>>>>> PROC: SLEV
CALLS: 977	MIN: 1.376ms	AVG: 13.846ms	MAX: 422.010ms	TOTAL: 13527.268ms
P99: 108.305ms	P95: 45.805ms	P50: 7.199ms	SD: 24566.438	RATIO: 1.942%
>>>>> PROC: OSTAT
CALLS: 958	MIN: 0.473ms	AVG: 11.334ms	MAX: 364.984ms	TOTAL: 10858.346ms
P99: 63.523ms	P95: 34.023ms	P50: 6.620ms	SD: 18155.086	RATIO: 1.559%
+-+-+-+-+-+-+-+-+-+-+-+-+-+-+-+-+-+-+-+-+-+-+-+-+-+-+-+-+-+-+-+-+-+-+-+-+-+
>>>>> VIRTUAL USER 50 : ELAPSED TIME : 698861ms
>>>>> PROC: NEWORD
CALLS: 9460	MIN: 1.178ms	AVG: 46.619ms	MAX: 350.029ms	TOTAL: 441011.473ms
P99: 192.320ms	P95: 127.208ms	P50: 36.919ms	SD: 39589.991	RATIO: 63.104%
>>>>> PROC: PAYMENT
CALLS: 9164	MIN: 0.500ms	AVG: 15.935ms	MAX: 256.136ms	TOTAL: 146032.717ms
P99: 114.326ms	P95: 51.841ms	P50: 10.209ms	SD: 21570.144	RATIO: 20.896%
>>>>> PROC: DELIVERY
CALLS: 958	MIN: 2.045ms	AVG: 74.385ms	MAX: 584.931ms	TOTAL: 71260.371ms
P99: 261.807ms	P95: 193.527ms	P50: 59.259ms	SD: 59204.380	RATIO: 10.197%
>>>>> PROC: SLEV
CALLS: 956	MIN: 1.836ms	AVG: 30.271ms	MAX: 13479.191ms	TOTAL: 28938.773ms
P99: 141.529ms	P95: 52.302ms	P50: 8.317ms	SD: 436190.327	RATIO: 4.141%
>>>>> PROC: OSTAT
CALLS: 966	MIN: 0.501ms	AVG: 10.592ms	MAX: 123.969ms	TOTAL: 10231.459ms
P99: 58.384ms	P95: 34.945ms	P50: 6.554ms	SD: 12641.457	RATIO: 1.464%
+-+-+-+-+-+-+-+-+-+-+-+-+-+-+-+-+-+-+-+-+-+-+-+-+-+-+-+-+-+-+-+-+-+-+-+-+-+
>>>>> VIRTUAL USER 51 : ELAPSED TIME : 708785ms
>>>>> PROC: NEWORD
CALLS: 9786	MIN: 1.209ms	AVG: 47.500ms	MAX: 334.870ms	TOTAL: 464834.949ms
P99: 194.330ms	P95: 128.685ms	P50: 37.361ms	SD: 39966.788	RATIO: 65.582%
>>>>> PROC: PAYMENT
CALLS: 9829	MIN: 0.434ms	AVG: 15.312ms	MAX: 284.295ms	TOTAL: 150506.127ms
P99: 110.223ms	P95: 49.267ms	P50: 9.851ms	SD: 20307.020	RATIO: 21.234%
>>>>> PROC: DELIVERY
CALLS: 973	MIN: 2.073ms	AVG: 69.653ms	MAX: 378.915ms	TOTAL: 67772.482ms
P99: 244.363ms	P95: 179.083ms	P50: 57.905ms	SD: 53364.528	RATIO: 9.562%
>>>>> PROC: SLEV
CALLS: 975	MIN: 1.627ms	AVG: 14.370ms	MAX: 321.933ms	TOTAL: 14011.017ms
P99: 117.971ms	P95: 48.355ms	P50: 7.484ms	SD: 24685.239	RATIO: 1.977%
>>>>> PROC: OSTAT
CALLS: 965	MIN: 0.486ms	AVG: 10.631ms	MAX: 165.123ms	TOTAL: 10259.310ms
P99: 49.080ms	P95: 34.439ms	P50: 6.725ms	SD: 13013.277	RATIO: 1.447%
+-+-+-+-+-+-+-+-+-+-+-+-+-+-+-+-+-+-+-+-+-+-+-+-+-+-+-+-+-+-+-+-+-+-+-+-+-+
>>>>> VIRTUAL USER 52 : ELAPSED TIME : 695762ms
>>>>> PROC: NEWORD
CALLS: 9156	MIN: 1.048ms	AVG: 48.361ms	MAX: 497.174ms	TOTAL: 442794.401ms
P99: 197.776ms	P95: 130.745ms	P50: 38.628ms	SD: 40829.848	RATIO: 63.642%
>>>>> PROC: PAYMENT
CALLS: 9193	MIN: 0.510ms	AVG: 16.128ms	MAX: 240.869ms	TOTAL: 148268.560ms
P99: 116.434ms	P95: 51.607ms	P50: 10.187ms	SD: 21744.056	RATIO: 21.310%
>>>>> PROC: DELIVERY
CALLS: 933	MIN: 1.998ms	AVG: 72.969ms	MAX: 373.522ms	TOTAL: 68079.761ms
P99: 275.653ms	P95: 179.194ms	P50: 60.567ms	SD: 56109.686	RATIO: 9.785%
>>>>> PROC: SLEV
CALLS: 1003	MIN: 1.830ms	AVG: 25.016ms	MAX: 7972.172ms	TOTAL: 25091.366ms
P99: 153.498ms	P95: 62.144ms	P50: 8.369ms	SD: 252776.550	RATIO: 3.606%
>>>>> PROC: OSTAT
CALLS: 899	MIN: 0.497ms	AVG: 11.315ms	MAX: 112.848ms	TOTAL: 10172.059ms
P99: 61.787ms	P95: 37.454ms	P50: 6.771ms	SD: 13523.640	RATIO: 1.462%
+-+-+-+-+-+-+-+-+-+-+-+-+-+-+-+-+-+-+-+-+-+-+-+-+-+-+-+-+-+-+-+-+-+-+-+-+-+
>>>>> VIRTUAL USER 53 : ELAPSED TIME : 703702ms
>>>>> PROC: NEWORD
CALLS: 9387	MIN: 1.102ms	AVG: 47.732ms	MAX: 390.128ms	TOTAL: 448061.388ms
P99: 191.583ms	P95: 129.243ms	P50: 38.072ms	SD: 39821.107	RATIO: 63.672%
>>>>> PROC: PAYMENT
CALLS: 9306	MIN: 0.447ms	AVG: 15.692ms	MAX: 294.266ms	TOTAL: 146028.570ms
P99: 111.618ms	P95: 51.830ms	P50: 10.008ms	SD: 20723.931	RATIO: 20.751%
>>>>> PROC: DELIVERY
CALLS: 921	MIN: 2.659ms	AVG: 77.293ms	MAX: 325.102ms	TOTAL: 71186.530ms
P99: 270.606ms	P95: 187.799ms	P50: 65.207ms	SD: 55203.445	RATIO: 10.116%
>>>>> PROC: SLEV
CALLS: 955	MIN: 1.803ms	AVG: 28.026ms	MAX: 10990.714ms	TOTAL: 26765.079ms
P99: 134.087ms	P95: 56.876ms	P50: 8.394ms	SD: 356130.108	RATIO: 3.803%
>>>>> PROC: OSTAT
CALLS: 935	MIN: 0.534ms	AVG: 11.071ms	MAX: 161.436ms	TOTAL: 10351.384ms
P99: 75.005ms	P95: 34.637ms	P50: 6.801ms	SD: 15490.011	RATIO: 1.471%
+-+-+-+-+-+-+-+-+-+-+-+-+-+-+-+-+-+-+-+-+-+-+-+-+-+-+-+-+-+-+-+-+-+-+-+-+-+
>>>>> VIRTUAL USER 54 : ELAPSED TIME : 704237ms
>>>>> PROC: NEWORD
CALLS: 9421	MIN: 1.183ms	AVG: 48.948ms	MAX: 460.682ms	TOTAL: 461143.434ms
P99: 191.760ms	P95: 131.634ms	P50: 39.158ms	SD: 40678.270	RATIO: 65.481%
>>>>> PROC: PAYMENT
CALLS: 9298	MIN: 0.481ms	AVG: 15.817ms	MAX: 258.201ms	TOTAL: 147070.459ms
P99: 108.081ms	P95: 48.954ms	P50: 10.511ms	SD: 20394.184	RATIO: 20.884%
>>>>> PROC: DELIVERY
CALLS: 908	MIN: 1.984ms	AVG: 75.631ms	MAX: 500.463ms	TOTAL: 68673.195ms
P99: 262.998ms	P95: 187.353ms	P50: 62.584ms	SD: 58524.267	RATIO: 9.751%
>>>>> PROC: SLEV
CALLS: 917	MIN: 1.371ms	AVG: 16.603ms	MAX: 437.435ms	TOTAL: 15225.351ms
P99: 162.392ms	P95: 54.475ms	P50: 7.650ms	SD: 31592.084	RATIO: 2.162%
>>>>> PROC: OSTAT
CALLS: 960	MIN: 0.470ms	AVG: 11.112ms	MAX: 150.571ms	TOTAL: 10667.523ms
P99: 55.781ms	P95: 34.283ms	P50: 7.104ms	SD: 13409.667	RATIO: 1.515%
+-+-+-+-+-+-+-+-+-+-+-+-+-+-+-+-+-+-+-+-+-+-+-+-+-+-+-+-+-+-+-+-+-+-+-+-+-+
>>>>> VIRTUAL USER 55 : ELAPSED TIME : 693883ms
>>>>> PROC: NEWORD
CALLS: 9217	MIN: 1.212ms	AVG: 48.430ms	MAX: 427.500ms	TOTAL: 446380.251ms
P99: 190.090ms	P95: 130.812ms	P50: 39.015ms	SD: 40354.911	RATIO: 64.331%
>>>>> PROC: PAYMENT
CALLS: 9153	MIN: 0.453ms	AVG: 16.009ms	MAX: 306.865ms	TOTAL: 146529.493ms
P99: 118.476ms	P95: 51.328ms	P50: 10.074ms	SD: 21679.445	RATIO: 21.117%
>>>>> PROC: DELIVERY
CALLS: 883	MIN: 2.348ms	AVG: 72.004ms	MAX: 395.098ms	TOTAL: 63579.833ms
P99: 253.798ms	P95: 174.331ms	P50: 60.201ms	SD: 54232.553	RATIO: 9.163%
>>>>> PROC: SLEV
CALLS: 908	MIN: 1.839ms	AVG: 29.076ms	MAX: 10945.096ms	TOTAL: 26400.864ms
P99: 117.311ms	P95: 63.187ms	P50: 8.728ms	SD: 363396.246	RATIO: 3.805%
>>>>> PROC: OSTAT
CALLS: 927	MIN: 0.503ms	AVG: 10.333ms	MAX: 119.480ms	TOTAL: 9578.308ms
P99: 62.234ms	P95: 33.006ms	P50: 6.496ms	SD: 12042.464	RATIO: 1.380%
+-+-+-+-+-+-+-+-+-+-+-+-+-+-+-+-+-+-+-+-+-+-+-+-+-+-+-+-+-+-+-+-+-+-+-+-+-+
>>>>> VIRTUAL USER 56 : ELAPSED TIME : 707326ms
>>>>> PROC: NEWORD
CALLS: 9346	MIN: 1.161ms	AVG: 48.363ms	MAX: 473.282ms	TOTAL: 451996.242ms
P99: 197.764ms	P95: 131.505ms	P50: 38.639ms	SD: 41058.849	RATIO: 63.902%
>>>>> PROC: PAYMENT
CALLS: 9250	MIN: 0.439ms	AVG: 15.403ms	MAX: 244.124ms	TOTAL: 142475.541ms
P99: 112.733ms	P95: 51.438ms	P50: 9.609ms	SD: 20727.458	RATIO: 20.143%
>>>>> PROC: DELIVERY
CALLS: 962	MIN: 2.503ms	AVG: 75.682ms	MAX: 595.125ms	TOTAL: 72806.161ms
P99: 267.299ms	P95: 202.384ms	P50: 61.481ms	SD: 61140.275	RATIO: 10.293%
>>>>> PROC: SLEV
CALLS: 969	MIN: 1.806ms	AVG: 28.524ms	MAX: 11781.303ms	TOTAL: 27639.329ms
P99: 147.142ms	P95: 58.555ms	P50: 8.502ms	SD: 378831.836	RATIO: 3.908%
>>>>> PROC: OSTAT
CALLS: 977	MIN: 0.400ms	AVG: 11.287ms	MAX: 173.423ms	TOTAL: 11027.436ms
P99: 78.529ms	P95: 37.547ms	P50: 6.209ms	SD: 16603.455	RATIO: 1.559%
+-+-+-+-+-+-+-+-+-+-+-+-+-+-+-+-+-+-+-+-+-+-+-+-+-+-+-+-+-+-+-+-+-+-+-+-+-+
>>>>> VIRTUAL USER 57 : ELAPSED TIME : 695206ms
>>>>> PROC: NEWORD
CALLS: 9372	MIN: 1.045ms	AVG: 48.458ms	MAX: 414.062ms	TOTAL: 454149.919ms
P99: 188.781ms	P95: 129.178ms	P50: 38.772ms	SD: 39709.250	RATIO: 65.326%
>>>>> PROC: PAYMENT
CALLS: 9314	MIN: 0.484ms	AVG: 15.822ms	MAX: 257.656ms	TOTAL: 147365.677ms
P99: 114.272ms	P95: 50.530ms	P50: 9.967ms	SD: 21445.558	RATIO: 21.197%
>>>>> PROC: DELIVERY
CALLS: 985	MIN: 1.434ms	AVG: 70.123ms	MAX: 494.041ms	TOTAL: 69070.684ms
P99: 240.268ms	P95: 168.257ms	P50: 59.455ms	SD: 52626.727	RATIO: 9.935%
>>>>> PROC: SLEV
CALLS: 922	MIN: 0.926ms	AVG: 14.952ms	MAX: 464.842ms	TOTAL: 13785.858ms
P99: 118.597ms	P95: 47.559ms	P50: 7.492ms	SD: 25954.954	RATIO: 1.983%
>>>>> PROC: OSTAT
CALLS: 911	MIN: 0.513ms	AVG: 10.341ms	MAX: 105.020ms	TOTAL: 9421.030ms
P99: 56.099ms	P95: 33.659ms	P50: 6.521ms	SD: 11927.300	RATIO: 1.355%
+-+-+-+-+-+-+-+-+-+-+-+-+-+-+-+-+-+-+-+-+-+-+-+-+-+-+-+-+-+-+-+-+-+-+-+-+-+
>>>>> VIRTUAL USER 58 : ELAPSED TIME : 706766ms
>>>>> PROC: NEWORD
CALLS: 9872	MIN: 1.149ms	AVG: 46.642ms	MAX: 371.028ms	TOTAL: 460445.981ms
P99: 198.872ms	P95: 129.007ms	P50: 36.646ms	SD: 40392.737	RATIO: 65.148%
>>>>> PROC: PAYMENT
CALLS: 9727	MIN: 0.478ms	AVG: 15.408ms	MAX: 315.605ms	TOTAL: 149878.270ms
P99: 113.645ms	P95: 49.694ms	P50: 9.691ms	SD: 20799.675	RATIO: 21.206%
>>>>> PROC: DELIVERY
CALLS: 991	MIN: 2.468ms	AVG: 71.777ms	MAX: 619.986ms	TOTAL: 71131.005ms
P99: 281.264ms	P95: 185.865ms	P50: 58.506ms	SD: 61466.637	RATIO: 10.064%
>>>>> PROC: SLEV
CALLS: 975	MIN: 1.547ms	AVG: 13.810ms	MAX: 195.043ms	TOTAL: 13464.736ms
P99: 106.019ms	P95: 49.128ms	P50: 7.080ms	SD: 21069.228	RATIO: 1.905%
>>>>> PROC: OSTAT
CALLS: 963	MIN: 0.448ms	AVG: 10.787ms	MAX: 124.036ms	TOTAL: 10387.958ms
P99: 66.773ms	P95: 34.666ms	P50: 6.739ms	SD: 13308.745	RATIO: 1.470%
+-+-+-+-+-+-+-+-+-+-+-+-+-+-+-+-+-+-+-+-+-+-+-+-+-+-+-+-+-+-+-+-+-+-+-+-+-+
>>>>> VIRTUAL USER 59 : ELAPSED TIME : 695542ms
>>>>> PROC: NEWORD
CALLS: 9346	MIN: 1.185ms	AVG: 47.859ms	MAX: 309.130ms	TOTAL: 447289.022ms
P99: 194.790ms	P95: 128.334ms	P50: 38.730ms	SD: 39644.778	RATIO: 64.308%
>>>>> PROC: PAYMENT
CALLS: 9416	MIN: 0.464ms	AVG: 16.267ms	MAX: 312.473ms	TOTAL: 153172.850ms
P99: 114.945ms	P95: 51.621ms	P50: 10.528ms	SD: 21235.712	RATIO: 22.022%
>>>>> PROC: DELIVERY
CALLS: 920	MIN: 1.979ms	AVG: 76.563ms	MAX: 434.701ms	TOTAL: 70438.122ms
P99: 261.296ms	P95: 193.971ms	P50: 62.583ms	SD: 56997.236	RATIO: 10.127%
>>>>> PROC: SLEV
CALLS: 914	MIN: 1.501ms	AVG: 15.002ms	MAX: 250.676ms	TOTAL: 13711.497ms
P99: 135.563ms	P95: 51.228ms	P50: 7.976ms	SD: 23531.284	RATIO: 1.971%
>>>>> PROC: OSTAT
CALLS: 908	MIN: 0.467ms	AVG: 10.545ms	MAX: 118.884ms	TOTAL: 9574.844ms
P99: 68.941ms	P95: 33.569ms	P50: 6.630ms	SD: 13087.761	RATIO: 1.377%
+-+-+-+-+-+-+-+-+-+-+-+-+-+-+-+-+-+-+-+-+-+-+-+-+-+-+-+-+-+-+-+-+-+-+-+-+-+
>>>>> VIRTUAL USER 60 : ELAPSED TIME : 704847ms
>>>>> PROC: NEWORD
CALLS: 9345	MIN: 1.351ms	AVG: 47.596ms	MAX: 371.858ms	TOTAL: 444783.474ms
P99: 189.511ms	P95: 126.387ms	P50: 37.650ms	SD: 39684.772	RATIO: 63.104%
>>>>> PROC: PAYMENT
CALLS: 9329	MIN: 0.446ms	AVG: 15.608ms	MAX: 314.730ms	TOTAL: 145602.756ms
P99: 112.807ms	P95: 49.432ms	P50: 10.080ms	SD: 20718.959	RATIO: 20.657%
>>>>> PROC: DELIVERY
CALLS: 961	MIN: 1.921ms	AVG: 75.810ms	MAX: 441.427ms	TOTAL: 72853.754ms
P99: 280.129ms	P95: 191.923ms	P50: 59.603ms	SD: 59014.988	RATIO: 10.336%
>>>>> PROC: SLEV
CALLS: 913	MIN: 1.884ms	AVG: 31.824ms	MAX: 12155.021ms	TOTAL: 29055.686ms
P99: 187.433ms	P95: 64.870ms	P50: 8.644ms	SD: 402811.943	RATIO: 4.122%
>>>>> PROC: OSTAT
CALLS: 956	MIN: 0.468ms	AVG: 11.681ms	MAX: 117.809ms	TOTAL: 11166.718ms
P99: 66.706ms	P95: 38.367ms	P50: 6.966ms	SD: 14176.545	RATIO: 1.584%
+-+-+-+-+-+-+-+-+-+-+-+-+-+-+-+-+-+-+-+-+-+-+-+-+-+-+-+-+-+-+-+-+-+-+-+-+-+
>>>>> VIRTUAL USER 61 : ELAPSED TIME : 691278ms
>>>>> PROC: NEWORD
CALLS: 9036	MIN: 1.080ms	AVG: 48.890ms	MAX: 437.828ms	TOTAL: 441765.996ms
P99: 195.203ms	P95: 131.030ms	P50: 38.843ms	SD: 41192.043	RATIO: 63.906%
>>>>> PROC: PAYMENT
CALLS: 8988	MIN: 0.478ms	AVG: 15.703ms	MAX: 232.194ms	TOTAL: 141135.899ms
P99: 110.419ms	P95: 51.657ms	P50: 9.979ms	SD: 20822.997	RATIO: 20.417%
>>>>> PROC: DELIVERY
CALLS: 919	MIN: 1.985ms	AVG: 76.547ms	MAX: 457.953ms	TOTAL: 70346.304ms
P99: 275.949ms	P95: 191.757ms	P50: 63.358ms	SD: 57100.557	RATIO: 10.176%
>>>>> PROC: SLEV
CALLS: 885	MIN: 1.319ms	AVG: 29.549ms	MAX: 11990.128ms	TOTAL: 26150.636ms
P99: 122.220ms	P95: 55.217ms	P50: 8.263ms	SD: 403190.689	RATIO: 3.783%
>>>>> PROC: OSTAT
CALLS: 908	MIN: 0.469ms	AVG: 11.571ms	MAX: 127.006ms	TOTAL: 10506.354ms
P99: 67.856ms	P95: 41.284ms	P50: 6.812ms	SD: 14765.793	RATIO: 1.520%
+-+-+-+-+-+-+-+-+-+-+-+-+-+-+-+-+-+-+-+-+-+-+-+-+-+-+-+-+-+-+-+-+-+-+-+-+-+
>>>>> VIRTUAL USER 62 : ELAPSED TIME : 694732ms
>>>>> PROC: NEWORD
CALLS: 9359	MIN: 1.017ms	AVG: 46.741ms	MAX: 315.483ms	TOTAL: 437450.251ms
P99: 192.348ms	P95: 127.731ms	P50: 36.937ms	SD: 40089.605	RATIO: 62.967%
>>>>> PROC: PAYMENT
CALLS: 9363	MIN: 0.465ms	AVG: 15.963ms	MAX: 248.549ms	TOTAL: 149458.250ms
P99: 116.427ms	P95: 51.126ms	P50: 10.150ms	SD: 21184.769	RATIO: 21.513%
>>>>> PROC: DELIVERY
CALLS: 958	MIN: 1.650ms	AVG: 70.438ms	MAX: 406.435ms	TOTAL: 67479.277ms
P99: 266.578ms	P95: 182.710ms	P50: 58.620ms	SD: 55107.626	RATIO: 9.713%
>>>>> PROC: SLEV
CALLS: 850	MIN: 1.731ms	AVG: 34.035ms	MAX: 13483.018ms	TOTAL: 28929.793ms
P99: 159.615ms	P95: 63.605ms	P50: 8.586ms	SD: 462975.947	RATIO: 4.164%
>>>>> PROC: OSTAT
CALLS: 974	MIN: 0.494ms	AVG: 10.296ms	MAX: 124.383ms	TOTAL: 10028.639ms
P99: 61.819ms	P95: 31.024ms	P50: 6.573ms	SD: 12516.680	RATIO: 1.444%
+-+-+-+-+-+-+-+-+-+-+-+-+-+-+-+-+-+-+-+-+-+-+-+-+-+-+-+-+-+-+-+-+-+-+-+-+-+
>>>>> VIRTUAL USER 63 : ELAPSED TIME : 702019ms
>>>>> PROC: NEWORD
CALLS: 9280	MIN: 1.050ms	AVG: 47.923ms	MAX: 413.811ms	TOTAL: 444729.728ms
P99: 188.327ms	P95: 127.100ms	P50: 38.974ms	SD: 39614.847	RATIO: 63.350%
>>>>> PROC: PAYMENT
CALLS: 9382	MIN: 0.548ms	AVG: 15.806ms	MAX: 301.071ms	TOTAL: 148288.384ms
P99: 110.726ms	P95: 51.392ms	P50: 10.059ms	SD: 21030.218	RATIO: 21.123%
>>>>> PROC: DELIVERY
CALLS: 959	MIN: 2.709ms	AVG: 75.831ms	MAX: 399.802ms	TOTAL: 72722.048ms
P99: 281.254ms	P95: 178.191ms	P50: 63.015ms	SD: 56677.728	RATIO: 10.359%
>>>>> PROC: SLEV
CALLS: 921	MIN: 1.181ms	AVG: 26.387ms	MAX: 7974.989ms	TOTAL: 24302.814ms
P99: 146.747ms	P95: 61.749ms	P50: 8.922ms	SD: 263937.951	RATIO: 3.462%
>>>>> PROC: OSTAT
CALLS: 962	MIN: 0.502ms	AVG: 10.925ms	MAX: 116.055ms	TOTAL: 10510.029ms
P99: 70.901ms	P95: 35.770ms	P50: 6.825ms	SD: 13791.816	RATIO: 1.497%
+-+-+-+-+-+-+-+-+-+-+-+-+-+-+-+-+-+-+-+-+-+-+-+-+-+-+-+-+-+-+-+-+-+-+-+-+-+
>>>>> VIRTUAL USER 64 : ELAPSED TIME : 702726ms
>>>>> PROC: NEWORD
CALLS: 9376	MIN: 1.009ms	AVG: 46.839ms	MAX: 364.919ms	TOTAL: 439159.682ms
P99: 192.080ms	P95: 126.009ms	P50: 37.043ms	SD: 39679.256	RATIO: 62.494%
>>>>> PROC: PAYMENT
CALLS: 9309	MIN: 0.520ms	AVG: 16.109ms	MAX: 253.361ms	TOTAL: 149954.771ms
P99: 120.583ms	P95: 53.320ms	P50: 10.083ms	SD: 21938.350	RATIO: 21.339%
>>>>> PROC: DELIVERY
CALLS: 932	MIN: 3.061ms	AVG: 76.315ms	MAX: 541.242ms	TOTAL: 71125.512ms
P99: 265.540ms	P95: 181.987ms	P50: 66.493ms	SD: 55734.395	RATIO: 10.121%
>>>>> PROC: SLEV
CALLS: 985	MIN: 1.314ms	AVG: 32.103ms	MAX: 13594.402ms	TOTAL: 31621.863ms
P99: 162.573ms	P95: 66.808ms	P50: 8.805ms	SD: 433816.808	RATIO: 4.500%
>>>>> PROC: OSTAT
CALLS: 902	MIN: 0.516ms	AVG: 10.461ms	MAX: 111.833ms	TOTAL: 9435.509ms
P99: 63.415ms	P95: 33.614ms	P50: 6.517ms	SD: 12619.956	RATIO: 1.343%
+-+-+-+-+-+-+-+-+-+-+-+-+-+-+-+-+-+-+-+-+-+-+-+-+-+-+-+-+-+-+-+-+-+-+-+-+-+
>>>>> VIRTUAL USER 65 : ELAPSED TIME : 688521ms
>>>>> PROC: NEWORD
CALLS: 9323	MIN: 1.293ms	AVG: 48.302ms	MAX: 305.382ms	TOTAL: 450316.145ms
P99: 191.860ms	P95: 131.835ms	P50: 38.443ms	SD: 40443.182	RATIO: 65.403%
>>>>> PROC: PAYMENT
CALLS: 9419	MIN: 0.509ms	AVG: 15.731ms	MAX: 267.745ms	TOTAL: 148167.672ms
P99: 113.772ms	P95: 50.588ms	P50: 10.000ms	SD: 20770.342	RATIO: 21.520%
>>>>> PROC: DELIVERY
CALLS: 901	MIN: 2.205ms	AVG: 72.577ms	MAX: 488.129ms	TOTAL: 65392.104ms
P99: 285.320ms	P95: 185.176ms	P50: 62.120ms	SD: 57050.348	RATIO: 9.497%
>>>>> PROC: SLEV
CALLS: 922	MIN: 1.487ms	AVG: 14.142ms	MAX: 282.225ms	TOTAL: 13038.814ms
P99: 116.956ms	P95: 48.177ms	P50: 7.708ms	SD: 20875.290	RATIO: 1.894%
>>>>> PROC: OSTAT
CALLS: 939	MIN: 0.419ms	AVG: 10.788ms	MAX: 175.427ms	TOTAL: 10130.049ms
P99: 68.922ms	P95: 33.004ms	P50: 6.744ms	SD: 13816.132	RATIO: 1.471%
+-+-+-+-+-+-+-+-+-+-+-+-+-+-+-+-+-+-+-+-+-+-+-+-+-+-+-+-+-+-+-+-+-+-+-+-+-+
>>>>> SUMMARY OF 64 ACTIVE VIRTUAL USERS : MEDIAN ELAPSED TIME : 713736ms
>>>>> PROC: NEWORD
CALLS: 1227768	MIN: 0.857ms	AVG: 47.772ms	MAX: 497.174ms	TOTAL: 58654147.449ms
P99: 191.622ms	P95: 128.078ms	P50: 38.324ms	SD: 39829.223	RATIO: 64.202%
>>>>> PROC: PAYMENT
CALLS: 1221794	MIN: 0.400ms	AVG: 15.545ms	MAX: 422.251ms	TOTAL: 18993212.758ms
P99: 112.228ms	P95: 50.163ms	P50: 9.884ms	SD: 20789.074	RATIO: 20.790%
>>>>> PROC: DELIVERY
CALLS: 122880	MIN: 0.990ms	AVG: 74.445ms	MAX: 667.467ms	TOTAL: 9147851.853ms
P99: 269.738ms	P95: 184.705ms	P50: 62.081ms	SD: 56216.187	RATIO: 10.013%
>>>>> PROC: SLEV
CALLS: 122504	MIN: 0.926ms	AVG: 22.805ms	MAX: 14701.909ms	TOTAL: 2793806.259ms
P99: 131.036ms	P95: 54.957ms	P50: 7.952ms	SD: 303130.699	RATIO: 3.058%
>>>>> PROC: OSTAT
CALLS: 123058	MIN: 0.400ms	AVG: 10.674ms	MAX: 364.984ms	TOTAL: 1313554.395ms
P99: 63.531ms	P95: 34.095ms	P50: 6.586ms	SD: 13406.970	RATIO: 1.438%
+-+-+-+-+-+-+-+-+-+-+-+-+-+-+-+-+-+-+-+-+-+-+-+-+-+-+-+-+-+-+-+-+-+-+-+-+-+
