Hammerdb Log @ Wed Jul 02 02:20:11 UTC 2025
+-+-+-+-+-+-+-+-+-+-+-+-+-+-+-+-+-+-+-+-+-+-
Vuser 1:Initializing xtprof time profiler
Vuser 1:DBVersion:17.5 (Ubuntu 17.5-1.pgdg22.04+1)
Vuser 1:Beginning rampup time of 2 minutes
Vuser 2:Initializing xtprof time profiler
Vuser 2:Assigned 2 WIDs = 1 65 based on VU count 64, Warehouses = 2 out of 100
Vuser 2:Processing 10000000 transactions with output suppressed...
Vuser 3:Initializing xtprof time profiler
Vuser 3:Assigned 2 WIDs = 2 66 based on VU count 64, Warehouses = 2 out of 100
Vuser 3:Processing 10000000 transactions with output suppressed...
Vuser 4:Initializing xtprof time profiler
Vuser 4:Assigned 2 WIDs = 3 67 based on VU count 64, Warehouses = 2 out of 100
Vuser 4:Processing 10000000 transactions with output suppressed...
Vuser 5:Initializing xtprof time profiler
Vuser 5:Assigned 2 WIDs = 4 68 based on VU count 64, Warehouses = 2 out of 100
Vuser 5:Processing 10000000 transactions with output suppressed...
Vuser 6:Initializing xtprof time profiler
Vuser 6:Assigned 2 WIDs = 5 69 based on VU count 64, Warehouses = 2 out of 100
Vuser 6:Processing 10000000 transactions with output suppressed...
Vuser 7:Initializing xtprof time profiler
Vuser 7:Assigned 2 WIDs = 6 70 based on VU count 64, Warehouses = 2 out of 100
Vuser 7:Processing 10000000 transactions with output suppressed...
Vuser 8:Initializing xtprof time profiler
Vuser 8:Assigned 2 WIDs = 7 71 based on VU count 64, Warehouses = 2 out of 100
Vuser 8:Processing 10000000 transactions with output suppressed...
Vuser 9:Initializing xtprof time profiler
Vuser 9:Assigned 2 WIDs = 8 72 based on VU count 64, Warehouses = 2 out of 100
Vuser 9:Processing 10000000 transactions with output suppressed...
Vuser 10:Initializing xtprof time profiler
Vuser 10:Assigned 2 WIDs = 9 73 based on VU count 64, Warehouses = 2 out of 100
Vuser 10:Processing 10000000 transactions with output suppressed...
Vuser 11:Initializing xtprof time profiler
Vuser 11:Assigned 2 WIDs = 10 74 based on VU count 64, Warehouses = 2 out of 100
Vuser 11:Processing 10000000 transactions with output suppressed...
Vuser 12:Initializing xtprof time profiler
Vuser 12:Assigned 2 WIDs = 11 75 based on VU count 64, Warehouses = 2 out of 100
Vuser 12:Processing 10000000 transactions with output suppressed...
Vuser 13:Initializing xtprof time profiler
Vuser 13:Assigned 2 WIDs = 12 76 based on VU count 64, Warehouses = 2 out of 100
Vuser 13:Processing 10000000 transactions with output suppressed...
Vuser 14:Initializing xtprof time profiler
Vuser 14:Assigned 2 WIDs = 13 77 based on VU count 64, Warehouses = 2 out of 100
Vuser 14:Processing 10000000 transactions with output suppressed...
Vuser 15:Initializing xtprof time profiler
Vuser 15:Assigned 2 WIDs = 14 78 based on VU count 64, Warehouses = 2 out of 100
Vuser 15:Processing 10000000 transactions with output suppressed...
Vuser 16:Initializing xtprof time profiler
Vuser 16:Assigned 2 WIDs = 15 79 based on VU count 64, Warehouses = 2 out of 100
Vuser 16:Processing 10000000 transactions with output suppressed...
Vuser 17:Initializing xtprof time profiler
Vuser 17:Assigned 2 WIDs = 16 80 based on VU count 64, Warehouses = 2 out of 100
Vuser 17:Processing 10000000 transactions with output suppressed...
Vuser 18:Initializing xtprof time profiler
Vuser 18:Assigned 2 WIDs = 17 81 based on VU count 64, Warehouses = 2 out of 100
Vuser 18:Processing 10000000 transactions with output suppressed...
Vuser 19:Initializing xtprof time profiler
Vuser 19:Assigned 2 WIDs = 18 82 based on VU count 64, Warehouses = 2 out of 100
Vuser 19:Processing 10000000 transactions with output suppressed...
Vuser 20:Initializing xtprof time profiler
Vuser 20:Assigned 2 WIDs = 19 83 based on VU count 64, Warehouses = 2 out of 100
Vuser 20:Processing 10000000 transactions with output suppressed...
Vuser 21:Initializing xtprof time profiler
Vuser 21:Assigned 2 WIDs = 20 84 based on VU count 64, Warehouses = 2 out of 100
Vuser 21:Processing 10000000 transactions with output suppressed...
Vuser 22:Initializing xtprof time profiler
Vuser 22:Assigned 2 WIDs = 21 85 based on VU count 64, Warehouses = 2 out of 100
Vuser 22:Processing 10000000 transactions with output suppressed...
Vuser 23:Initializing xtprof time profiler
Vuser 23:Assigned 2 WIDs = 22 86 based on VU count 64, Warehouses = 2 out of 100
Vuser 23:Processing 10000000 transactions with output suppressed...
Vuser 24:Initializing xtprof time profiler
Vuser 24:Assigned 2 WIDs = 23 87 based on VU count 64, Warehouses = 2 out of 100
Vuser 24:Processing 10000000 transactions with output suppressed...
Vuser 25:Initializing xtprof time profiler
Vuser 25:Assigned 2 WIDs = 24 88 based on VU count 64, Warehouses = 2 out of 100
Vuser 25:Processing 10000000 transactions with output suppressed...
Vuser 26:Initializing xtprof time profiler
Vuser 26:Assigned 2 WIDs = 25 89 based on VU count 64, Warehouses = 2 out of 100
Vuser 26:Processing 10000000 transactions with output suppressed...
Vuser 27:Initializing xtprof time profiler
Vuser 27:Assigned 2 WIDs = 26 90 based on VU count 64, Warehouses = 2 out of 100
Vuser 27:Processing 10000000 transactions with output suppressed...
Vuser 28:Initializing xtprof time profiler
Vuser 28:Assigned 2 WIDs = 27 91 based on VU count 64, Warehouses = 2 out of 100
Vuser 28:Processing 10000000 transactions with output suppressed...
Vuser 29:Initializing xtprof time profiler
Vuser 29:Assigned 2 WIDs = 28 92 based on VU count 64, Warehouses = 2 out of 100
Vuser 29:Processing 10000000 transactions with output suppressed...
Vuser 30:Initializing xtprof time profiler
Vuser 30:Assigned 2 WIDs = 29 93 based on VU count 64, Warehouses = 2 out of 100
Vuser 30:Processing 10000000 transactions with output suppressed...
Vuser 31:Initializing xtprof time profiler
Vuser 31:Assigned 2 WIDs = 30 94 based on VU count 64, Warehouses = 2 out of 100
Vuser 31:Processing 10000000 transactions with output suppressed...
Vuser 32:Initializing xtprof time profiler
Vuser 32:Assigned 2 WIDs = 31 95 based on VU count 64, Warehouses = 2 out of 100
Vuser 32:Processing 10000000 transactions with output suppressed...
Vuser 33:Initializing xtprof time profiler
Vuser 33:Assigned 2 WIDs = 32 96 based on VU count 64, Warehouses = 2 out of 100
Vuser 33:Processing 10000000 transactions with output suppressed...
Vuser 34:Initializing xtprof time profiler
Vuser 34:Assigned 2 WIDs = 33 97 based on VU count 64, Warehouses = 2 out of 100
Vuser 34:Processing 10000000 transactions with output suppressed...
Vuser 35:Initializing xtprof time profiler
Vuser 35:Assigned 2 WIDs = 34 98 based on VU count 64, Warehouses = 2 out of 100
Vuser 35:Processing 10000000 transactions with output suppressed...
Vuser 36:Initializing xtprof time profiler
Vuser 36:Assigned 2 WIDs = 35 99 based on VU count 64, Warehouses = 2 out of 100
Vuser 36:Processing 10000000 transactions with output suppressed...
Vuser 37:Initializing xtprof time profiler
Vuser 37:Assigned 2 WIDs = 36 100 based on VU count 64, Warehouses = 2 out of 100
Vuser 37:Processing 10000000 transactions with output suppressed...
Vuser 38:Initializing xtprof time profiler
Vuser 38:Assigned 2 WIDs = 37 1 based on VU count 64, Warehouses = 2 out of 100
Vuser 38:Processing 10000000 transactions with output suppressed...
Vuser 39:Initializing xtprof time profiler
Vuser 39:Assigned 2 WIDs = 38 2 based on VU count 64, Warehouses = 2 out of 100
Vuser 39:Processing 10000000 transactions with output suppressed...
Vuser 40:Initializing xtprof time profiler
Vuser 40:Assigned 2 WIDs = 39 3 based on VU count 64, Warehouses = 2 out of 100
Vuser 40:Processing 10000000 transactions with output suppressed...
Vuser 41:Initializing xtprof time profiler
Vuser 41:Assigned 2 WIDs = 40 4 based on VU count 64, Warehouses = 2 out of 100
Vuser 41:Processing 10000000 transactions with output suppressed...
Vuser 42:Initializing xtprof time profiler
Vuser 42:Assigned 2 WIDs = 41 5 based on VU count 64, Warehouses = 2 out of 100
Vuser 42:Processing 10000000 transactions with output suppressed...
Vuser 43:Initializing xtprof time profiler
Vuser 43:Assigned 2 WIDs = 42 6 based on VU count 64, Warehouses = 2 out of 100
Vuser 43:Processing 10000000 transactions with output suppressed...
Vuser 44:Initializing xtprof time profiler
Vuser 44:Assigned 2 WIDs = 43 7 based on VU count 64, Warehouses = 2 out of 100
Vuser 44:Processing 10000000 transactions with output suppressed...
Vuser 45:Initializing xtprof time profiler
Vuser 45:Assigned 2 WIDs = 44 8 based on VU count 64, Warehouses = 2 out of 100
Vuser 45:Processing 10000000 transactions with output suppressed...
Vuser 46:Initializing xtprof time profiler
Vuser 46:Assigned 2 WIDs = 45 9 based on VU count 64, Warehouses = 2 out of 100
Vuser 46:Processing 10000000 transactions with output suppressed...
Vuser 47:Initializing xtprof time profiler
Vuser 47:Assigned 2 WIDs = 46 10 based on VU count 64, Warehouses = 2 out of 100
Vuser 47:Processing 10000000 transactions with output suppressed...
Vuser 48:Initializing xtprof time profiler
Vuser 48:Assigned 2 WIDs = 47 11 based on VU count 64, Warehouses = 2 out of 100
Vuser 48:Processing 10000000 transactions with output suppressed...
Vuser 49:Initializing xtprof time profiler
Vuser 49:Assigned 2 WIDs = 48 12 based on VU count 64, Warehouses = 2 out of 100
Vuser 49:Processing 10000000 transactions with output suppressed...
Vuser 50:Initializing xtprof time profiler
Vuser 50:Assigned 2 WIDs = 49 13 based on VU count 64, Warehouses = 2 out of 100
Vuser 50:Processing 10000000 transactions with output suppressed...
Vuser 51:Initializing xtprof time profiler
Vuser 51:Assigned 2 WIDs = 50 14 based on VU count 64, Warehouses = 2 out of 100
Vuser 51:Processing 10000000 transactions with output suppressed...
Vuser 52:Initializing xtprof time profiler
Vuser 52:Assigned 2 WIDs = 51 15 based on VU count 64, Warehouses = 2 out of 100
Vuser 52:Processing 10000000 transactions with output suppressed...
Vuser 53:Initializing xtprof time profiler
Vuser 53:Assigned 2 WIDs = 52 16 based on VU count 64, Warehouses = 2 out of 100
Vuser 53:Processing 10000000 transactions with output suppressed...
Vuser 54:Initializing xtprof time profiler
Vuser 54:Assigned 2 WIDs = 53 17 based on VU count 64, Warehouses = 2 out of 100
Vuser 54:Processing 10000000 transactions with output suppressed...
Vuser 55:Initializing xtprof time profiler
Vuser 55:Assigned 2 WIDs = 54 18 based on VU count 64, Warehouses = 2 out of 100
Vuser 55:Processing 10000000 transactions with output suppressed...
Vuser 56:Initializing xtprof time profiler
Vuser 56:Assigned 2 WIDs = 55 19 based on VU count 64, Warehouses = 2 out of 100
Vuser 56:Processing 10000000 transactions with output suppressed...
Vuser 57:Initializing xtprof time profiler
Vuser 57:Assigned 2 WIDs = 56 20 based on VU count 64, Warehouses = 2 out of 100
Vuser 57:Processing 10000000 transactions with output suppressed...
Vuser 58:Initializing xtprof time profiler
Vuser 58:Assigned 2 WIDs = 57 21 based on VU count 64, Warehouses = 2 out of 100
Vuser 58:Processing 10000000 transactions with output suppressed...
Vuser 59:Initializing xtprof time profiler
Vuser 59:Assigned 2 WIDs = 58 22 based on VU count 64, Warehouses = 2 out of 100
Vuser 59:Processing 10000000 transactions with output suppressed...
Vuser 60:Initializing xtprof time profiler
Vuser 60:Assigned 2 WIDs = 59 23 based on VU count 64, Warehouses = 2 out of 100
Vuser 60:Processing 10000000 transactions with output suppressed...
Vuser 61:Initializing xtprof time profiler
Vuser 61:Assigned 2 WIDs = 60 24 based on VU count 64, Warehouses = 2 out of 100
Vuser 61:Processing 10000000 transactions with output suppressed...
Vuser 62:Initializing xtprof time profiler
Vuser 62:Assigned 2 WIDs = 61 25 based on VU count 64, Warehouses = 2 out of 100
Vuser 62:Processing 10000000 transactions with output suppressed...
Vuser 63:Initializing xtprof time profiler
Vuser 63:Assigned 2 WIDs = 62 26 based on VU count 64, Warehouses = 2 out of 100
Vuser 63:Processing 10000000 transactions with output suppressed...
Vuser 64:Initializing xtprof time profiler
Vuser 64:Assigned 2 WIDs = 63 27 based on VU count 64, Warehouses = 2 out of 100
Vuser 64:Processing 10000000 transactions with output suppressed...
Vuser 65:Initializing xtprof time profiler
Vuser 65:Assigned 2 WIDs = 64 28 based on VU count 64, Warehouses = 2 out of 100
Vuser 65:Processing 10000000 transactions with output suppressed...
Vuser 1:Rampup 1 minutes complete ...
Vuser 1:Rampup 2 minutes complete ...
Vuser 1:Rampup complete, Taking start Transaction Count.
Vuser 1:Timing test period of 10 in minutes
Vuser 1:1 ...,
Vuser 1:2 ...,
Vuser 1:3 ...,
Vuser 1:4 ...,
Vuser 1:5 ...,
Vuser 1:6 ...,
Vuser 1:7 ...,
Vuser 1:8 ...,
Vuser 1:9 ...,
Vuser 1:10 ...,
Vuser 1:Test complete, Taking end Transaction Count.
Vuser 1:64 Active Virtual Users configured
Vuser 1:TEST RESULT : System achieved 67108 NOPM from 154437 PostgreSQL TPM
Vuser 1:Gathering timing data from Active Virtual Users...
Vuser 1:Calculating timings...
Vuser 1:Writing timing data to /tmp/hdbxtprofile.log
