PostgreSQL Hammerdb Time Profile Report @ Wed Jul 02 02:32:23 UTC 2025
+-+-+-+-+-+-+-+-+-+-+-+-+-+-+-+-+-+-+-+-+-+-+-+-+-+-+-+-+-+-+-+-+-+-+-+-+-+
>>>>> VIRTUAL USER 2 : ELAPSED TIME : 720406ms
>>>>> PROC: NEWORD
CALLS: 13459	MIN: 2.530ms	AVG: 24.747ms	MAX: 426.636ms	TOTAL: 333067.605ms
P99: 191.251ms	P95: 108.789ms	P50: 8.057ms	SD: 39131.437	RATIO: 46.233%
>>>>> PROC: PAYMENT
CALLS: 13294	MIN: 1.179ms	AVG: 21.066ms	MAX: 382.976ms	TOTAL: 280045.543ms
P99: 205.876ms	P95: 122.591ms	P50: 3.596ms	SD: 42987.772	RATIO: 38.873%
>>>>> PROC: SLEV
CALLS: 1351	MIN: 1.651ms	AVG: 42.176ms	MAX: 3303.926ms	TOTAL: 56979.258ms
P99: 1084.589ms	P95: 55.621ms	P50: 4.204ms	SD: 240000.853	RATIO: 7.909%
>>>>> PROC: DELIVERY
CALLS: 1364	MIN: 3.553ms	AVG: 27.061ms	MAX: 252.979ms	TOTAL: 36911.503ms
P99: 141.573ms	P95: 100.300ms	P50: 11.616ms	SD: 33028.392	RATIO: 5.124%
>>>>> PROC: OSTAT
CALLS: 1316	MIN: 1.173ms	AVG: 8.897ms	MAX: 104.555ms	TOTAL: 11708.077ms
P99: 71.729ms	P95: 38.521ms	P50: 3.276ms	SD: 14106.856	RATIO: 1.625%
+-+-+-+-+-+-+-+-+-+-+-+-+-+-+-+-+-+-+-+-+-+-+-+-+-+-+-+-+-+-+-+-+-+-+-+-+-+
>>>>> VIRTUAL USER 3 : ELAPSED TIME : 719653ms
>>>>> PROC: PAYMENT
CALLS: 15885	MIN: 1.137ms	AVG: 23.017ms	MAX: 563.244ms	TOTAL: 365629.813ms
P99: 261.194ms	P95: 161.628ms	P50: 3.033ms	SD: 54642.110	RATIO: 50.806%
>>>>> PROC: NEWORD
CALLS: 15633	MIN: 2.549ms	AVG: 19.525ms	MAX: 407.911ms	TOTAL: 305232.538ms
P99: 219.128ms	P95: 97.133ms	P50: 6.703ms	SD: 39906.522	RATIO: 42.414%
>>>>> PROC: DELIVERY
CALLS: 1566	MIN: 3.562ms	AVG: 15.036ms	MAX: 134.529ms	TOTAL: 23547.080ms
P99: 77.229ms	P95: 46.207ms	P50: 9.171ms	SD: 15022.186	RATIO: 3.272%
>>>>> PROC: SLEV
CALLS: 1561	MIN: 1.889ms	AVG: 9.639ms	MAX: 839.723ms	TOTAL: 15046.123ms
P99: 68.702ms	P95: 19.698ms	P50: 3.795ms	SD: 42546.664	RATIO: 2.091%
>>>>> PROC: OSTAT
CALLS: 1569	MIN: 0.990ms	AVG: 5.193ms	MAX: 87.329ms	TOTAL: 8147.304ms
P99: 33.821ms	P95: 16.388ms	P50: 2.816ms	SD: 6535.603	RATIO: 1.132%
+-+-+-+-+-+-+-+-+-+-+-+-+-+-+-+-+-+-+-+-+-+-+-+-+-+-+-+-+-+-+-+-+-+-+-+-+-+
>>>>> VIRTUAL USER 4 : ELAPSED TIME : 723447ms
>>>>> PROC: NEWORD
CALLS: 12536	MIN: 2.480ms	AVG: 28.054ms	MAX: 380.166ms	TOTAL: 351679.200ms
P99: 199.727ms	P95: 114.795ms	P50: 9.445ms	SD: 40948.584	RATIO: 48.612%
>>>>> PROC: PAYMENT
CALLS: 12408	MIN: 1.052ms	AVG: 22.286ms	MAX: 554.644ms	TOTAL: 276530.492ms
P99: 218.181ms	P95: 124.131ms	P50: 4.051ms	SD: 45060.355	RATIO: 38.224%
>>>>> PROC: SLEV
CALLS: 1276	MIN: 2.039ms	AVG: 34.820ms	MAX: 3733.732ms	TOTAL: 44430.256ms
P99: 866.117ms	P95: 50.591ms	P50: 4.675ms	SD: 229822.597	RATIO: 6.141%
>>>>> PROC: DELIVERY
CALLS: 1261	MIN: 3.661ms	AVG: 29.755ms	MAX: 252.661ms	TOTAL: 37520.827ms
P99: 169.720ms	P95: 103.525ms	P50: 14.417ms	SD: 35301.336	RATIO: 5.186%
>>>>> PROC: OSTAT
CALLS: 1191	MIN: 1.169ms	AVG: 9.874ms	MAX: 132.072ms	TOTAL: 11760.327ms
P99: 62.636ms	P95: 38.578ms	P50: 4.029ms	SD: 13815.851	RATIO: 1.626%
+-+-+-+-+-+-+-+-+-+-+-+-+-+-+-+-+-+-+-+-+-+-+-+-+-+-+-+-+-+-+-+-+-+-+-+-+-+
>>>>> VIRTUAL USER 5 : ELAPSED TIME : 719197ms
>>>>> PROC: NEWORD
CALLS: 11976	MIN: 2.447ms	AVG: 27.632ms	MAX: 464.462ms	TOTAL: 330921.231ms
P99: 191.931ms	P95: 116.186ms	P50: 8.906ms	SD: 40909.534	RATIO: 46.013%
>>>>> PROC: PAYMENT
CALLS: 11849	MIN: 1.172ms	AVG: 23.889ms	MAX: 463.856ms	TOTAL: 283065.218ms
P99: 235.104ms	P95: 134.241ms	P50: 3.960ms	SD: 48444.128	RATIO: 39.359%
>>>>> PROC: SLEV
CALLS: 1144	MIN: 1.843ms	AVG: 53.453ms	MAX: 3359.145ms	TOTAL: 61150.802ms
P99: 1607.509ms	P95: 68.072ms	P50: 4.340ms	SD: 264215.639	RATIO: 8.503%
>>>>> PROC: DELIVERY
CALLS: 1168	MIN: 3.690ms	AVG: 28.303ms	MAX: 247.401ms	TOTAL: 33058.321ms
P99: 145.594ms	P95: 97.600ms	P50: 12.467ms	SD: 33999.150	RATIO: 4.597%
>>>>> PROC: OSTAT
CALLS: 1127	MIN: 1.122ms	AVG: 8.483ms	MAX: 92.293ms	TOTAL: 9560.077ms
P99: 61.588ms	P95: 35.967ms	P50: 3.007ms	SD: 12793.726	RATIO: 1.329%
+-+-+-+-+-+-+-+-+-+-+-+-+-+-+-+-+-+-+-+-+-+-+-+-+-+-+-+-+-+-+-+-+-+-+-+-+-+
>>>>> VIRTUAL USER 6 : ELAPSED TIME : 726401ms
>>>>> PROC: PAYMENT
CALLS: 14592	MIN: 1.176ms	AVG: 23.489ms	MAX: 457.364ms	TOTAL: 342747.113ms
P99: 261.227ms	P95: 158.604ms	P50: 4.117ms	SD: 53735.889	RATIO: 47.184%
>>>>> PROC: NEWORD
CALLS: 14675	MIN: 2.483ms	AVG: 22.335ms	MAX: 406.213ms	TOTAL: 327770.051ms
P99: 225.863ms	P95: 96.038ms	P50: 8.753ms	SD: 40755.488	RATIO: 45.122%
>>>>> PROC: DELIVERY
CALLS: 1503	MIN: 3.728ms	AVG: 17.508ms	MAX: 188.418ms	TOTAL: 26314.246ms
P99: 90.562ms	P95: 52.677ms	P50: 11.051ms	SD: 17819.589	RATIO: 3.623%
>>>>> PROC: SLEV
CALLS: 1504	MIN: 1.629ms	AVG: 12.135ms	MAX: 1023.917ms	TOTAL: 18251.513ms
P99: 84.299ms	P95: 28.465ms	P50: 4.844ms	SD: 49405.619	RATIO: 2.513%
>>>>> PROC: OSTAT
CALLS: 1518	MIN: 1.056ms	AVG: 6.290ms	MAX: 78.765ms	TOTAL: 9547.815ms
P99: 35.715ms	P95: 20.951ms	P50: 3.459ms	SD: 7724.911	RATIO: 1.314%
+-+-+-+-+-+-+-+-+-+-+-+-+-+-+-+-+-+-+-+-+-+-+-+-+-+-+-+-+-+-+-+-+-+-+-+-+-+
>>>>> VIRTUAL USER 7 : ELAPSED TIME : 717768ms
>>>>> PROC: PAYMENT
CALLS: 15456	MIN: 1.143ms	AVG: 23.315ms	MAX: 514.321ms	TOTAL: 360352.428ms
P99: 268.341ms	P95: 161.662ms	P50: 3.081ms	SD: 55565.550	RATIO: 50.205%
>>>>> PROC: NEWORD
CALLS: 15402	MIN: 2.488ms	AVG: 20.138ms	MAX: 408.003ms	TOTAL: 310158.520ms
P99: 226.118ms	P95: 99.003ms	P50: 6.812ms	SD: 40945.981	RATIO: 43.212%
>>>>> PROC: DELIVERY
CALLS: 1514	MIN: 3.608ms	AVG: 15.012ms	MAX: 221.411ms	TOTAL: 22728.456ms
P99: 79.583ms	P95: 47.610ms	P50: 9.034ms	SD: 17378.038	RATIO: 3.167%
>>>>> PROC: SLEV
CALLS: 1571	MIN: 2.104ms	AVG: 9.377ms	MAX: 657.693ms	TOTAL: 14731.302ms
P99: 86.218ms	P95: 21.207ms	P50: 3.798ms	SD: 33526.556	RATIO: 2.052%
>>>>> PROC: OSTAT
CALLS: 1491	MIN: 1.097ms	AVG: 5.219ms	MAX: 82.516ms	TOTAL: 7780.968ms
P99: 41.225ms	P95: 18.014ms	P50: 2.643ms	SD: 7363.984	RATIO: 1.084%
+-+-+-+-+-+-+-+-+-+-+-+-+-+-+-+-+-+-+-+-+-+-+-+-+-+-+-+-+-+-+-+-+-+-+-+-+-+
>>>>> VIRTUAL USER 8 : ELAPSED TIME : 717207ms
>>>>> PROC: PAYMENT
CALLS: 15652	MIN: 1.120ms	AVG: 22.710ms	MAX: 530.622ms	TOTAL: 355450.986ms
P99: 262.394ms	P95: 156.246ms	P50: 3.249ms	SD: 54105.284	RATIO: 49.560%
>>>>> PROC: NEWORD
CALLS: 15571	MIN: 2.447ms	AVG: 19.253ms	MAX: 450.423ms	TOTAL: 299792.322ms
P99: 217.971ms	P95: 103.777ms	P50: 6.656ms	SD: 40629.719	RATIO: 41.800%
>>>>> PROC: SLEV
CALLS: 1519	MIN: 2.013ms	AVG: 21.985ms	MAX: 1716.913ms	TOTAL: 33394.856ms
P99: 823.183ms	P95: 23.125ms	P50: 4.200ms	SD: 125513.848	RATIO: 4.656%
>>>>> PROC: DELIVERY
CALLS: 1528	MIN: 3.476ms	AVG: 12.872ms	MAX: 182.099ms	TOTAL: 19667.783ms
P99: 73.335ms	P95: 38.299ms	P50: 8.655ms	SD: 13813.477	RATIO: 2.742%
>>>>> PROC: OSTAT
CALLS: 1508	MIN: 1.101ms	AVG: 4.570ms	MAX: 86.530ms	TOTAL: 6890.918ms
P99: 27.408ms	P95: 13.265ms	P50: 2.756ms	SD: 5622.188	RATIO: 0.961%
+-+-+-+-+-+-+-+-+-+-+-+-+-+-+-+-+-+-+-+-+-+-+-+-+-+-+-+-+-+-+-+-+-+-+-+-+-+
>>>>> VIRTUAL USER 9 : ELAPSED TIME : 721949ms
>>>>> PROC: PAYMENT
CALLS: 16480	MIN: 1.161ms	AVG: 20.731ms	MAX: 500.392ms	TOTAL: 341652.845ms
P99: 253.436ms	P95: 147.963ms	P50: 2.906ms	SD: 51247.515	RATIO: 47.324%
>>>>> PROC: NEWORD
CALLS: 16426	MIN: 2.541ms	AVG: 19.259ms	MAX: 548.684ms	TOTAL: 316351.512ms
P99: 221.016ms	P95: 93.574ms	P50: 6.647ms	SD: 40189.828	RATIO: 43.819%
>>>>> PROC: SLEV
CALLS: 1637	MIN: 2.065ms	AVG: 18.356ms	MAX: 1271.844ms	TOTAL: 30049.218ms
P99: 447.951ms	P95: 29.240ms	P50: 3.796ms	SD: 77481.676	RATIO: 4.162%
>>>>> PROC: DELIVERY
CALLS: 1728	MIN: 3.543ms	AVG: 13.948ms	MAX: 161.915ms	TOTAL: 24102.867ms
P99: 79.971ms	P95: 42.473ms	P50: 8.621ms	SD: 14983.963	RATIO: 3.339%
>>>>> PROC: OSTAT
CALLS: 1617	MIN: 1.118ms	AVG: 4.865ms	MAX: 244.090ms	TOTAL: 7867.214ms
P99: 28.508ms	P95: 15.351ms	P50: 2.585ms	SD: 8345.414	RATIO: 1.090%
+-+-+-+-+-+-+-+-+-+-+-+-+-+-+-+-+-+-+-+-+-+-+-+-+-+-+-+-+-+-+-+-+-+-+-+-+-+
>>>>> VIRTUAL USER 10 : ELAPSED TIME : 725166ms
>>>>> PROC: NEWORD
CALLS: 13863	MIN: 2.641ms	AVG: 24.907ms	MAX: 389.182ms	TOTAL: 345282.619ms
P99: 191.797ms	P95: 109.735ms	P50: 8.093ms	SD: 39256.065	RATIO: 47.614%
>>>>> PROC: PAYMENT
CALLS: 13727	MIN: 1.151ms	AVG: 21.217ms	MAX: 477.338ms	TOTAL: 291243.031ms
P99: 216.713ms	P95: 123.337ms	P50: 3.498ms	SD: 44280.248	RATIO: 40.162%
>>>>> PROC: SLEV
CALLS: 1369	MIN: 2.108ms	AVG: 26.809ms	MAX: 4410.964ms	TOTAL: 36700.844ms
P99: 110.735ms	P95: 44.430ms	P50: 4.269ms	SD: 211285.827	RATIO: 5.061%
>>>>> PROC: DELIVERY
CALLS: 1357	MIN: 3.887ms	AVG: 26.908ms	MAX: 235.521ms	TOTAL: 36514.479ms
P99: 162.034ms	P95: 96.981ms	P50: 11.647ms	SD: 33841.276	RATIO: 5.035%
>>>>> PROC: OSTAT
CALLS: 1428	MIN: 1.105ms	AVG: 9.626ms	MAX: 112.285ms	TOTAL: 13745.646ms
P99: 72.658ms	P95: 39.965ms	P50: 3.603ms	SD: 14309.743	RATIO: 1.896%
+-+-+-+-+-+-+-+-+-+-+-+-+-+-+-+-+-+-+-+-+-+-+-+-+-+-+-+-+-+-+-+-+-+-+-+-+-+
>>>>> VIRTUAL USER 11 : ELAPSED TIME : 719331ms
>>>>> PROC: NEWORD
CALLS: 13336	MIN: 2.653ms	AVG: 27.003ms	MAX: 446.124ms	TOTAL: 360106.844ms
P99: 198.424ms	P95: 115.316ms	P50: 8.888ms	SD: 40978.238	RATIO: 50.061%
>>>>> PROC: PAYMENT
CALLS: 13353	MIN: 1.176ms	AVG: 20.872ms	MAX: 386.115ms	TOTAL: 278707.947ms
P99: 208.513ms	P95: 120.549ms	P50: 3.757ms	SD: 42531.982	RATIO: 38.745%
>>>>> PROC: DELIVERY
CALLS: 1410	MIN: 3.675ms	AVG: 27.984ms	MAX: 238.480ms	TOTAL: 39457.169ms
P99: 152.555ms	P95: 100.649ms	P50: 12.260ms	SD: 33415.310	RATIO: 5.485%
>>>>> PROC: SLEV
CALLS: 1297	MIN: 2.105ms	AVG: 20.824ms	MAX: 5333.446ms	TOTAL: 27008.554ms
P99: 170.168ms	P95: 43.025ms	P50: 4.054ms	SD: 163666.153	RATIO: 3.755%
>>>>> PROC: OSTAT
CALLS: 1324	MIN: 1.108ms	AVG: 9.377ms	MAX: 118.905ms	TOTAL: 12415.448ms
P99: 75.831ms	P95: 37.021ms	P50: 3.447ms	SD: 14128.618	RATIO: 1.726%
+-+-+-+-+-+-+-+-+-+-+-+-+-+-+-+-+-+-+-+-+-+-+-+-+-+-+-+-+-+-+-+-+-+-+-+-+-+
>>>>> VIRTUAL USER 12 : ELAPSED TIME : 715870ms
>>>>> PROC: NEWORD
CALLS: 11883	MIN: 2.709ms	AVG: 28.379ms	MAX: 432.921ms	TOTAL: 337231.076ms
P99: 203.712ms	P95: 116.646ms	P50: 9.929ms	SD: 41544.756	RATIO: 47.108%
>>>>> PROC: PAYMENT
CALLS: 11908	MIN: 1.211ms	AVG: 23.631ms	MAX: 541.391ms	TOTAL: 281401.681ms
P99: 233.093ms	P95: 130.994ms	P50: 4.166ms	SD: 47603.204	RATIO: 39.309%
>>>>> PROC: SLEV
CALLS: 1233	MIN: 2.189ms	AVG: 39.463ms	MAX: 2697.006ms	TOTAL: 48658.173ms
P99: 1096.348ms	P95: 51.796ms	P50: 4.661ms	SD: 225863.134	RATIO: 6.797%
>>>>> PROC: DELIVERY
CALLS: 1193	MIN: 3.792ms	AVG: 29.601ms	MAX: 243.273ms	TOTAL: 35313.440ms
P99: 176.029ms	P95: 99.207ms	P50: 14.007ms	SD: 34430.558	RATIO: 4.933%
>>>>> PROC: OSTAT
CALLS: 1175	MIN: 1.275ms	AVG: 10.055ms	MAX: 123.140ms	TOTAL: 11814.488ms
P99: 76.956ms	P95: 42.685ms	P50: 3.713ms	SD: 15706.076	RATIO: 1.650%
+-+-+-+-+-+-+-+-+-+-+-+-+-+-+-+-+-+-+-+-+-+-+-+-+-+-+-+-+-+-+-+-+-+-+-+-+-+
>>>>> VIRTUAL USER 13 : ELAPSED TIME : 724650ms
>>>>> PROC: NEWORD
CALLS: 11960	MIN: 2.562ms	AVG: 28.518ms	MAX: 397.084ms	TOTAL: 341074.457ms
P99: 210.044ms	P95: 119.276ms	P50: 9.560ms	SD: 42616.854	RATIO: 47.067%
>>>>> PROC: PAYMENT
CALLS: 12039	MIN: 1.169ms	AVG: 23.513ms	MAX: 624.211ms	TOTAL: 283073.421ms
P99: 230.764ms	P95: 130.137ms	P50: 4.173ms	SD: 47901.261	RATIO: 39.063%
>>>>> PROC: SLEV
CALLS: 1185	MIN: 2.097ms	AVG: 40.084ms	MAX: 10202.771ms	TOTAL: 47499.858ms
P99: 969.723ms	P95: 45.086ms	P50: 4.669ms	SD: 359022.766	RATIO: 6.555%
>>>>> PROC: DELIVERY
CALLS: 1247	MIN: 3.811ms	AVG: 31.641ms	MAX: 302.219ms	TOTAL: 39456.870ms
P99: 177.116ms	P95: 108.217ms	P50: 15.418ms	SD: 36613.299	RATIO: 5.445%
>>>>> PROC: OSTAT
CALLS: 1217	MIN: 1.090ms	AVG: 9.928ms	MAX: 113.884ms	TOTAL: 12082.914ms
P99: 73.713ms	P95: 40.727ms	P50: 3.856ms	SD: 15064.519	RATIO: 1.667%
+-+-+-+-+-+-+-+-+-+-+-+-+-+-+-+-+-+-+-+-+-+-+-+-+-+-+-+-+-+-+-+-+-+-+-+-+-+
>>>>> VIRTUAL USER 14 : ELAPSED TIME : 714576ms
>>>>> PROC: NEWORD
CALLS: 11897	MIN: 2.509ms	AVG: 28.127ms	MAX: 328.903ms	TOTAL: 334626.564ms
P99: 198.546ms	P95: 120.364ms	P50: 8.785ms	SD: 41721.323	RATIO: 46.829%
>>>>> PROC: PAYMENT
CALLS: 11987	MIN: 1.150ms	AVG: 23.272ms	MAX: 470.362ms	TOTAL: 278965.595ms
P99: 224.614ms	P95: 133.166ms	P50: 3.865ms	SD: 47330.373	RATIO: 39.039%
>>>>> PROC: SLEV
CALLS: 1240	MIN: 1.815ms	AVG: 43.708ms	MAX: 1157.106ms	TOTAL: 54198.214ms
P99: 800.848ms	P95: 312.637ms	P50: 4.491ms	SD: 139047.884	RATIO: 7.585%
>>>>> PROC: DELIVERY
CALLS: 1201	MIN: 3.531ms	AVG: 28.826ms	MAX: 249.311ms	TOTAL: 34620.554ms
P99: 158.434ms	P95: 105.901ms	P50: 11.694ms	SD: 36095.321	RATIO: 4.845%
>>>>> PROC: OSTAT
CALLS: 1195	MIN: 1.186ms	AVG: 8.981ms	MAX: 106.859ms	TOTAL: 10732.856ms
P99: 60.100ms	P95: 38.086ms	P50: 3.586ms	SD: 13085.644	RATIO: 1.502%
+-+-+-+-+-+-+-+-+-+-+-+-+-+-+-+-+-+-+-+-+-+-+-+-+-+-+-+-+-+-+-+-+-+-+-+-+-+
>>>>> VIRTUAL USER 15 : ELAPSED TIME : 717761ms
>>>>> PROC: PAYMENT
CALLS: 15541	MIN: 1.094ms	AVG: 21.893ms	MAX: 443.217ms	TOTAL: 340240.038ms
P99: 266.037ms	P95: 154.421ms	P50: 2.964ms	SD: 53697.574	RATIO: 47.403%
>>>>> PROC: NEWORD
CALLS: 15714	MIN: 2.470ms	AVG: 19.402ms	MAX: 396.466ms	TOTAL: 304880.587ms
P99: 219.857ms	P95: 92.072ms	P50: 6.612ms	SD: 40324.885	RATIO: 42.477%
>>>>> PROC: SLEV
CALLS: 1546	MIN: 2.016ms	AVG: 25.976ms	MAX: 1623.690ms	TOTAL: 40158.240ms
P99: 819.104ms	P95: 25.443ms	P50: 3.821ms	SD: 136751.346	RATIO: 5.595%
>>>>> PROC: DELIVERY
CALLS: 1554	MIN: 3.660ms	AVG: 14.866ms	MAX: 252.047ms	TOTAL: 23102.474ms
P99: 81.014ms	P95: 45.697ms	P50: 9.435ms	SD: 16844.180	RATIO: 3.219%
>>>>> PROC: OSTAT
CALLS: 1485	MIN: 1.101ms	AVG: 5.103ms	MAX: 75.245ms	TOTAL: 7577.740ms
P99: 34.207ms	P95: 16.969ms	P50: 2.702ms	SD: 7086.755	RATIO: 1.056%
+-+-+-+-+-+-+-+-+-+-+-+-+-+-+-+-+-+-+-+-+-+-+-+-+-+-+-+-+-+-+-+-+-+-+-+-+-+
>>>>> VIRTUAL USER 16 : ELAPSED TIME : 719405ms
>>>>> PROC: NEWORD
CALLS: 12524	MIN: 2.811ms	AVG: 27.197ms	MAX: 384.337ms	TOTAL: 340619.142ms
P99: 201.994ms	P95: 111.588ms	P50: 10.440ms	SD: 39723.404	RATIO: 47.347%
>>>>> PROC: PAYMENT
CALLS: 12518	MIN: 1.301ms	AVG: 22.012ms	MAX: 416.360ms	TOTAL: 275545.941ms
P99: 214.742ms	P95: 119.567ms	P50: 4.245ms	SD: 43592.691	RATIO: 38.302%
>>>>> PROC: SLEV
CALLS: 1204	MIN: 1.879ms	AVG: 45.000ms	MAX: 2853.536ms	TOTAL: 54179.754ms
P99: 1441.838ms	P95: 65.544ms	P50: 4.543ms	SD: 247105.964	RATIO: 7.531%
>>>>> PROC: DELIVERY
CALLS: 1206	MIN: 3.904ms	AVG: 29.964ms	MAX: 221.155ms	TOTAL: 36136.856ms
P99: 157.814ms	P95: 100.524ms	P50: 15.219ms	SD: 33108.909	RATIO: 5.023%
>>>>> PROC: OSTAT
CALLS: 1220	MIN: 1.062ms	AVG: 9.341ms	MAX: 110.913ms	TOTAL: 11395.986ms
P99: 68.250ms	P95: 36.801ms	P50: 3.807ms	SD: 13769.477	RATIO: 1.584%
+-+-+-+-+-+-+-+-+-+-+-+-+-+-+-+-+-+-+-+-+-+-+-+-+-+-+-+-+-+-+-+-+-+-+-+-+-+
>>>>> VIRTUAL USER 17 : ELAPSED TIME : 712784ms
>>>>> PROC: NEWORD
CALLS: 7878	MIN: 2.922ms	AVG: 47.800ms	MAX: 430.773ms	TOTAL: 376565.761ms
P99: 205.428ms	P95: 135.859ms	P50: 36.016ms	SD: 43328.728	RATIO: 52.830%
>>>>> PROC: PAYMENT
CALLS: 8059	MIN: 1.321ms	AVG: 28.156ms	MAX: 405.427ms	TOTAL: 226909.440ms
P99: 183.224ms	P95: 115.461ms	P50: 13.266ms	SD: 39090.787	RATIO: 31.834%
>>>>> PROC: SLEV
CALLS: 776	MIN: 2.500ms	AVG: 60.377ms	MAX: 2717.629ms	TOTAL: 46852.368ms
P99: 901.710ms	P95: 244.446ms	P50: 14.045ms	SD: 225572.338	RATIO: 6.573%
>>>>> PROC: DELIVERY
CALLS: 778	MIN: 3.867ms	AVG: 56.929ms	MAX: 293.022ms	TOTAL: 44291.030ms
P99: 205.562ms	P95: 142.043ms	P50: 46.654ms	SD: 45260.317	RATIO: 6.214%
>>>>> PROC: OSTAT
CALLS: 813	MIN: 1.363ms	AVG: 21.046ms	MAX: 128.119ms	TOTAL: 17110.187ms
P99: 99.198ms	P95: 61.384ms	P50: 14.901ms	SD: 20464.356	RATIO: 2.400%
+-+-+-+-+-+-+-+-+-+-+-+-+-+-+-+-+-+-+-+-+-+-+-+-+-+-+-+-+-+-+-+-+-+-+-+-+-+
>>>>> VIRTUAL USER 18 : ELAPSED TIME : 720768ms
>>>>> PROC: NEWORD
CALLS: 12035	MIN: 2.670ms	AVG: 28.478ms	MAX: 375.449ms	TOTAL: 342728.729ms
P99: 199.675ms	P95: 112.153ms	P50: 10.265ms	SD: 40655.710	RATIO: 47.550%
>>>>> PROC: PAYMENT
CALLS: 11973	MIN: 1.202ms	AVG: 23.474ms	MAX: 572.014ms	TOTAL: 281053.178ms
P99: 231.495ms	P95: 131.975ms	P50: 4.328ms	SD: 47474.366	RATIO: 38.994%
>>>>> PROC: SLEV
CALLS: 1205	MIN: 2.021ms	AVG: 38.377ms	MAX: 10928.004ms	TOTAL: 46244.220ms
P99: 86.304ms	P95: 42.750ms	P50: 4.739ms	SD: 382900.601	RATIO: 6.416%
>>>>> PROC: DELIVERY
CALLS: 1221	MIN: 3.467ms	AVG: 30.637ms	MAX: 246.723ms	TOTAL: 37407.474ms
P99: 159.092ms	P95: 105.269ms	P50: 15.188ms	SD: 35317.571	RATIO: 5.190%
>>>>> PROC: OSTAT
CALLS: 1214	MIN: 1.194ms	AVG: 9.806ms	MAX: 123.467ms	TOTAL: 11903.971ms
P99: 61.990ms	P95: 38.922ms	P50: 3.858ms	SD: 14248.950	RATIO: 1.652%
+-+-+-+-+-+-+-+-+-+-+-+-+-+-+-+-+-+-+-+-+-+-+-+-+-+-+-+-+-+-+-+-+-+-+-+-+-+
>>>>> VIRTUAL USER 19 : ELAPSED TIME : 713586ms
>>>>> PROC: NEWORD
CALLS: 7947	MIN: 2.972ms	AVG: 45.336ms	MAX: 359.778ms	TOTAL: 360286.328ms
P99: 204.492ms	P95: 134.491ms	P50: 32.782ms	SD: 43485.863	RATIO: 50.490%
>>>>> PROC: PAYMENT
CALLS: 8026	MIN: 1.342ms	AVG: 28.906ms	MAX: 385.427ms	TOTAL: 231998.051ms
P99: 191.705ms	P95: 120.299ms	P50: 12.956ms	SD: 40498.702	RATIO: 32.512%
>>>>> PROC: SLEV
CALLS: 847	MIN: 2.495ms	AVG: 69.172ms	MAX: 2693.977ms	TOTAL: 58588.360ms
P99: 1937.414ms	P95: 87.402ms	P50: 12.829ms	SD: 298973.645	RATIO: 8.210%
>>>>> PROC: DELIVERY
CALLS: 800	MIN: 4.538ms	AVG: 57.305ms	MAX: 276.578ms	TOTAL: 45844.135ms
P99: 185.450ms	P95: 136.135ms	P50: 50.166ms	SD: 40956.021	RATIO: 6.424%
>>>>> PROC: OSTAT
CALLS: 812	MIN: 1.144ms	AVG: 19.494ms	MAX: 142.604ms	TOTAL: 15828.780ms
P99: 81.450ms	P95: 59.224ms	P50: 13.455ms	SD: 19081.791	RATIO: 2.218%
+-+-+-+-+-+-+-+-+-+-+-+-+-+-+-+-+-+-+-+-+-+-+-+-+-+-+-+-+-+-+-+-+-+-+-+-+-+
>>>>> VIRTUAL USER 20 : ELAPSED TIME : 720410ms
>>>>> PROC: NEWORD
CALLS: 8033	MIN: 2.823ms	AVG: 49.036ms	MAX: 382.605ms	TOTAL: 393908.837ms
P99: 207.037ms	P95: 132.504ms	P50: 38.382ms	SD: 43206.468	RATIO: 54.678%
>>>>> PROC: PAYMENT
CALLS: 8048	MIN: 1.344ms	AVG: 27.869ms	MAX: 318.250ms	TOTAL: 224290.248ms
P99: 179.465ms	P95: 113.587ms	P50: 13.118ms	SD: 38380.149	RATIO: 31.134%
>>>>> PROC: SLEV
CALLS: 785	MIN: 2.259ms	AVG: 55.675ms	MAX: 7756.973ms	TOTAL: 43704.985ms
P99: 1314.016ms	P95: 75.066ms	P50: 13.415ms	SD: 375093.831	RATIO: 6.067%
>>>>> PROC: DELIVERY
CALLS: 759	MIN: 4.434ms	AVG: 54.278ms	MAX: 350.010ms	TOTAL: 41196.816ms
P99: 206.116ms	P95: 136.748ms	P50: 43.585ms	SD: 44769.511	RATIO: 5.719%
>>>>> PROC: OSTAT
CALLS: 807	MIN: 1.327ms	AVG: 20.123ms	MAX: 172.118ms	TOTAL: 16239.073ms
P99: 88.949ms	P95: 54.613ms	P50: 15.078ms	SD: 19300.880	RATIO: 2.254%
+-+-+-+-+-+-+-+-+-+-+-+-+-+-+-+-+-+-+-+-+-+-+-+-+-+-+-+-+-+-+-+-+-+-+-+-+-+
>>>>> VIRTUAL USER 21 : ELAPSED TIME : 720089ms
>>>>> PROC: PAYMENT
CALLS: 14156	MIN: 1.198ms	AVG: 24.257ms	MAX: 561.985ms	TOTAL: 343387.745ms
P99: 264.223ms	P95: 161.489ms	P50: 4.256ms	SD: 54687.833	RATIO: 47.687%
>>>>> PROC: NEWORD
CALLS: 14244	MIN: 2.689ms	AVG: 22.806ms	MAX: 489.906ms	TOTAL: 324847.559ms
P99: 222.844ms	P95: 97.142ms	P50: 9.136ms	SD: 41272.952	RATIO: 45.112%
>>>>> PROC: DELIVERY
CALLS: 1410	MIN: 3.714ms	AVG: 17.479ms	MAX: 187.795ms	TOTAL: 24645.030ms
P99: 75.792ms	P95: 52.639ms	P50: 11.203ms	SD: 16392.243	RATIO: 3.422%
>>>>> PROC: SLEV
CALLS: 1520	MIN: 2.082ms	AVG: 10.452ms	MAX: 549.981ms	TOTAL: 15887.167ms
P99: 62.080ms	P95: 27.228ms	P50: 4.999ms	SD: 30132.154	RATIO: 2.206%
>>>>> PROC: OSTAT
CALLS: 1438	MIN: 1.135ms	AVG: 6.674ms	MAX: 80.324ms	TOTAL: 9597.802ms
P99: 33.557ms	P95: 21.739ms	P50: 3.745ms	SD: 7508.031	RATIO: 1.333%
+-+-+-+-+-+-+-+-+-+-+-+-+-+-+-+-+-+-+-+-+-+-+-+-+-+-+-+-+-+-+-+-+-+-+-+-+-+
>>>>> VIRTUAL USER 22 : ELAPSED TIME : 711412ms
>>>>> PROC: PAYMENT
CALLS: 15459	MIN: 1.138ms	AVG: 21.928ms	MAX: 767.196ms	TOTAL: 338979.378ms
P99: 265.591ms	P95: 154.222ms	P50: 2.967ms	SD: 54169.731	RATIO: 47.649%
>>>>> PROC: NEWORD
CALLS: 15881	MIN: 2.441ms	AVG: 19.570ms	MAX: 423.396ms	TOTAL: 310783.910ms
P99: 220.185ms	P95: 99.819ms	P50: 6.714ms	SD: 40343.665	RATIO: 43.686%
>>>>> PROC: SLEV
CALLS: 1622	MIN: 1.985ms	AVG: 16.774ms	MAX: 1415.959ms	TOTAL: 27206.668ms
P99: 370.267ms	P95: 34.050ms	P50: 3.832ms	SD: 71278.351	RATIO: 3.824%
>>>>> PROC: DELIVERY
CALLS: 1605	MIN: 3.592ms	AVG: 15.073ms	MAX: 179.190ms	TOTAL: 24192.668ms
P99: 81.295ms	P95: 46.915ms	P50: 9.496ms	SD: 15651.149	RATIO: 3.401%
>>>>> PROC: OSTAT
CALLS: 1529	MIN: 1.133ms	AVG: 5.488ms	MAX: 107.022ms	TOTAL: 8391.839ms
P99: 38.587ms	P95: 18.820ms	P50: 2.770ms	SD: 7941.467	RATIO: 1.180%
+-+-+-+-+-+-+-+-+-+-+-+-+-+-+-+-+-+-+-+-+-+-+-+-+-+-+-+-+-+-+-+-+-+-+-+-+-+
>>>>> VIRTUAL USER 23 : ELAPSED TIME : 716697ms
>>>>> PROC: PAYMENT
CALLS: 15464	MIN: 1.146ms	AVG: 23.293ms	MAX: 560.222ms	TOTAL: 360209.435ms
P99: 261.192ms	P95: 160.680ms	P50: 3.277ms	SD: 55092.432	RATIO: 50.260%
>>>>> PROC: NEWORD
CALLS: 15743	MIN: 2.349ms	AVG: 19.583ms	MAX: 378.390ms	TOTAL: 308293.463ms
P99: 221.062ms	P95: 104.440ms	P50: 6.908ms	SD: 40361.697	RATIO: 43.016%
>>>>> PROC: DELIVERY
CALLS: 1505	MIN: 3.519ms	AVG: 13.700ms	MAX: 185.513ms	TOTAL: 20618.049ms
P99: 81.040ms	P95: 37.838ms	P50: 9.162ms	SD: 14868.623	RATIO: 2.877%
>>>>> PROC: SLEV
CALLS: 1534	MIN: 2.001ms	AVG: 11.513ms	MAX: 732.128ms	TOTAL: 17661.153ms
P99: 259.760ms	P95: 20.750ms	P50: 4.108ms	SD: 46662.427	RATIO: 2.464%
>>>>> PROC: OSTAT
CALLS: 1594	MIN: 1.047ms	AVG: 5.082ms	MAX: 87.376ms	TOTAL: 8100.852ms
P99: 33.493ms	P95: 15.624ms	P50: 2.846ms	SD: 6432.094	RATIO: 1.130%
+-+-+-+-+-+-+-+-+-+-+-+-+-+-+-+-+-+-+-+-+-+-+-+-+-+-+-+-+-+-+-+-+-+-+-+-+-+
>>>>> VIRTUAL USER 24 : ELAPSED TIME : 717032ms
>>>>> PROC: NEWORD
CALLS: 12609	MIN: 2.800ms	AVG: 26.411ms	MAX: 375.016ms	TOTAL: 333010.315ms
P99: 197.124ms	P95: 106.389ms	P50: 10.032ms	SD: 39006.592	RATIO: 46.443%
>>>>> PROC: PAYMENT
CALLS: 12327	MIN: 1.198ms	AVG: 22.099ms	MAX: 429.281ms	TOTAL: 272419.660ms
P99: 219.870ms	P95: 120.010ms	P50: 4.138ms	SD: 44332.548	RATIO: 37.993%
>>>>> PROC: SLEV
CALLS: 1281	MIN: 2.311ms	AVG: 45.474ms	MAX: 12499.566ms	TOTAL: 58251.778ms
P99: 527.536ms	P95: 54.326ms	P50: 4.879ms	SD: 420615.852	RATIO: 8.124%
>>>>> PROC: DELIVERY
CALLS: 1265	MIN: 4.165ms	AVG: 31.557ms	MAX: 240.022ms	TOTAL: 39919.655ms
P99: 158.066ms	P95: 107.870ms	P50: 14.955ms	SD: 35783.652	RATIO: 5.567%
>>>>> PROC: OSTAT
CALLS: 1190	MIN: 1.014ms	AVG: 9.997ms	MAX: 173.014ms	TOTAL: 11896.368ms
P99: 71.950ms	P95: 40.902ms	P50: 3.842ms	SD: 15073.581	RATIO: 1.659%
+-+-+-+-+-+-+-+-+-+-+-+-+-+-+-+-+-+-+-+-+-+-+-+-+-+-+-+-+-+-+-+-+-+-+-+-+-+
>>>>> VIRTUAL USER 25 : ELAPSED TIME : 708969ms
>>>>> PROC: PAYMENT
CALLS: 15016	MIN: 1.121ms	AVG: 23.376ms	MAX: 502.438ms	TOTAL: 351008.175ms
P99: 263.566ms	P95: 161.703ms	P50: 3.059ms	SD: 55710.732	RATIO: 49.510%
>>>>> PROC: NEWORD
CALLS: 14967	MIN: 2.597ms	AVG: 19.974ms	MAX: 454.216ms	TOTAL: 298944.502ms
P99: 222.396ms	P95: 101.006ms	P50: 6.729ms	SD: 41036.639	RATIO: 42.166%
>>>>> PROC: SLEV
CALLS: 1511	MIN: 1.820ms	AVG: 18.222ms	MAX: 993.491ms	TOTAL: 27533.775ms
P99: 387.401ms	P95: 48.017ms	P50: 3.903ms	SD: 68367.383	RATIO: 3.884%
>>>>> PROC: DELIVERY
CALLS: 1447	MIN: 3.655ms	AVG: 15.398ms	MAX: 149.478ms	TOTAL: 22280.962ms
P99: 86.232ms	P95: 47.263ms	P50: 9.558ms	SD: 16197.197	RATIO: 3.143%
>>>>> PROC: OSTAT
CALLS: 1459	MIN: 1.100ms	AVG: 5.116ms	MAX: 82.552ms	TOTAL: 7464.114ms
P99: 34.389ms	P95: 15.341ms	P50: 2.780ms	SD: 6845.288	RATIO: 1.053%
+-+-+-+-+-+-+-+-+-+-+-+-+-+-+-+-+-+-+-+-+-+-+-+-+-+-+-+-+-+-+-+-+-+-+-+-+-+
>>>>> VIRTUAL USER 26 : ELAPSED TIME : 711731ms
>>>>> PROC: NEWORD
CALLS: 12398	MIN: 2.878ms	AVG: 27.171ms	MAX: 357.585ms	TOTAL: 336870.482ms
P99: 194.114ms	P95: 110.607ms	P50: 10.970ms	SD: 38578.975	RATIO: 47.331%
>>>>> PROC: PAYMENT
CALLS: 12461	MIN: 1.198ms	AVG: 20.961ms	MAX: 405.304ms	TOTAL: 261200.914ms
P99: 212.047ms	P95: 118.676ms	P50: 3.990ms	SD: 42897.829	RATIO: 36.699%
>>>>> PROC: SLEV
CALLS: 1269	MIN: 2.247ms	AVG: 48.008ms	MAX: 4277.177ms	TOTAL: 60921.626ms
P99: 1714.569ms	P95: 56.421ms	P50: 4.825ms	SD: 275447.229	RATIO: 8.560%
>>>>> PROC: DELIVERY
CALLS: 1292	MIN: 4.048ms	AVG: 30.124ms	MAX: 345.208ms	TOTAL: 38919.620ms
P99: 161.589ms	P95: 100.941ms	P50: 15.314ms	SD: 34756.809	RATIO: 5.468%
>>>>> PROC: OSTAT
CALLS: 1252	MIN: 1.132ms	AVG: 9.837ms	MAX: 125.981ms	TOTAL: 12315.730ms
P99: 71.852ms	P95: 40.263ms	P50: 4.073ms	SD: 14573.309	RATIO: 1.730%
+-+-+-+-+-+-+-+-+-+-+-+-+-+-+-+-+-+-+-+-+-+-+-+-+-+-+-+-+-+-+-+-+-+-+-+-+-+
>>>>> VIRTUAL USER 27 : ELAPSED TIME : 707641ms
>>>>> PROC: NEWORD
CALLS: 11733	MIN: 2.606ms	AVG: 29.399ms	MAX: 430.986ms	TOTAL: 344940.896ms
P99: 205.492ms	P95: 118.565ms	P50: 10.404ms	SD: 42530.829	RATIO: 48.745%
>>>>> PROC: PAYMENT
CALLS: 11710	MIN: 1.223ms	AVG: 23.631ms	MAX: 450.688ms	TOTAL: 276717.770ms
P99: 231.260ms	P95: 134.241ms	P50: 4.403ms	SD: 47431.336	RATIO: 39.104%
>>>>> PROC: SLEV
CALLS: 1184	MIN: 1.728ms	AVG: 32.517ms	MAX: 3715.255ms	TOTAL: 38500.272ms
P99: 477.509ms	P95: 46.359ms	P50: 4.598ms	SD: 215777.251	RATIO: 5.441%
>>>>> PROC: DELIVERY
CALLS: 1122	MIN: 3.748ms	AVG: 31.277ms	MAX: 298.736ms	TOTAL: 35092.304ms
P99: 154.369ms	P95: 103.297ms	P50: 15.068ms	SD: 35657.383	RATIO: 4.959%
>>>>> PROC: OSTAT
CALLS: 1151	MIN: 1.136ms	AVG: 9.375ms	MAX: 126.625ms	TOTAL: 10790.197ms
P99: 65.925ms	P95: 37.521ms	P50: 3.714ms	SD: 13718.576	RATIO: 1.525%
+-+-+-+-+-+-+-+-+-+-+-+-+-+-+-+-+-+-+-+-+-+-+-+-+-+-+-+-+-+-+-+-+-+-+-+-+-+
>>>>> VIRTUAL USER 28 : ELAPSED TIME : 711822ms
>>>>> PROC: NEWORD
CALLS: 12350	MIN: 2.705ms	AVG: 28.098ms	MAX: 333.591ms	TOTAL: 347004.742ms
P99: 201.077ms	P95: 115.035ms	P50: 10.628ms	SD: 40540.512	RATIO: 48.749%
>>>>> PROC: PAYMENT
CALLS: 12501	MIN: 1.171ms	AVG: 21.221ms	MAX: 407.008ms	TOTAL: 265280.392ms
P99: 216.869ms	P95: 120.383ms	P50: 3.984ms	SD: 43446.553	RATIO: 37.268%
>>>>> PROC: SLEV
CALLS: 1301	MIN: 2.019ms	AVG: 36.124ms	MAX: 4364.365ms	TOTAL: 46997.498ms
P99: 803.855ms	P95: 62.936ms	P50: 4.737ms	SD: 177639.964	RATIO: 6.602%
>>>>> PROC: DELIVERY
CALLS: 1202	MIN: 3.825ms	AVG: 31.070ms	MAX: 283.696ms	TOTAL: 37346.230ms
P99: 155.181ms	P95: 105.085ms	P50: 15.829ms	SD: 35017.013	RATIO: 5.247%
>>>>> PROC: OSTAT
CALLS: 1318	MIN: 1.196ms	AVG: 10.381ms	MAX: 116.230ms	TOTAL: 13682.559ms
P99: 75.961ms	P95: 41.686ms	P50: 4.162ms	SD: 15038.368	RATIO: 1.922%
+-+-+-+-+-+-+-+-+-+-+-+-+-+-+-+-+-+-+-+-+-+-+-+-+-+-+-+-+-+-+-+-+-+-+-+-+-+
>>>>> VIRTUAL USER 29 : ELAPSED TIME : 709776ms
>>>>> PROC: NEWORD
CALLS: 7555	MIN: 3.000ms	AVG: 50.844ms	MAX: 420.194ms	TOTAL: 384126.377ms
P99: 196.485ms	P95: 134.960ms	P50: 39.957ms	SD: 42791.868	RATIO: 54.119%
>>>>> PROC: PAYMENT
CALLS: 7519	MIN: 1.443ms	AVG: 28.936ms	MAX: 324.071ms	TOTAL: 217570.735ms
P99: 186.096ms	P95: 118.635ms	P50: 14.254ms	SD: 39352.035	RATIO: 30.653%
>>>>> PROC: DELIVERY
CALLS: 812	MIN: 3.775ms	AVG: 61.432ms	MAX: 360.970ms	TOTAL: 49882.914ms
P99: 201.076ms	P95: 146.689ms	P50: 53.234ms	SD: 44583.202	RATIO: 7.028%
>>>>> PROC: SLEV
CALLS: 765	MIN: 2.238ms	AVG: 54.912ms	MAX: 8033.875ms	TOTAL: 42007.567ms
P99: 775.113ms	P95: 73.286ms	P50: 12.610ms	SD: 363543.649	RATIO: 5.918%
>>>>> PROC: OSTAT
CALLS: 757	MIN: 1.358ms	AVG: 20.079ms	MAX: 128.522ms	TOTAL: 15199.919ms
P99: 89.396ms	P95: 58.022ms	P50: 13.922ms	SD: 19413.796	RATIO: 2.142%
+-+-+-+-+-+-+-+-+-+-+-+-+-+-+-+-+-+-+-+-+-+-+-+-+-+-+-+-+-+-+-+-+-+-+-+-+-+
>>>>> VIRTUAL USER 30 : ELAPSED TIME : 708646ms
>>>>> PROC: NEWORD
CALLS: 16326	MIN: 2.569ms	AVG: 19.511ms	MAX: 404.442ms	TOTAL: 318541.971ms
P99: 220.693ms	P95: 91.781ms	P50: 6.951ms	SD: 40075.274	RATIO: 44.951%
>>>>> PROC: PAYMENT
CALLS: 16555	MIN: 1.091ms	AVG: 18.883ms	MAX: 461.830ms	TOTAL: 312601.197ms
P99: 245.758ms	P95: 137.553ms	P50: 2.949ms	SD: 48845.420	RATIO: 44.112%
>>>>> PROC: SLEV
CALLS: 1673	MIN: 1.966ms	AVG: 25.442ms	MAX: 1646.802ms	TOTAL: 42564.117ms
P99: 740.564ms	P95: 26.102ms	P50: 4.041ms	SD: 127544.272	RATIO: 6.006%
>>>>> PROC: DELIVERY
CALLS: 1675	MIN: 3.616ms	AVG: 14.458ms	MAX: 157.206ms	TOTAL: 24216.835ms
P99: 73.173ms	P95: 44.062ms	P50: 9.139ms	SD: 14238.903	RATIO: 3.417%
>>>>> PROC: OSTAT
CALLS: 1659	MIN: 1.090ms	AVG: 5.307ms	MAX: 89.344ms	TOTAL: 8804.914ms
P99: 36.624ms	P95: 18.878ms	P50: 2.721ms	SD: 7195.375	RATIO: 1.242%
+-+-+-+-+-+-+-+-+-+-+-+-+-+-+-+-+-+-+-+-+-+-+-+-+-+-+-+-+-+-+-+-+-+-+-+-+-+
>>>>> VIRTUAL USER 31 : ELAPSED TIME : 706126ms
>>>>> PROC: NEWORD
CALLS: 11950	MIN: 2.651ms	AVG: 30.107ms	MAX: 348.744ms	TOTAL: 359782.635ms
P99: 204.781ms	P95: 119.504ms	P50: 11.892ms	SD: 42094.825	RATIO: 50.952%
>>>>> PROC: PAYMENT
CALLS: 11977	MIN: 1.135ms	AVG: 21.026ms	MAX: 400.143ms	TOTAL: 251833.798ms
P99: 213.181ms	P95: 118.710ms	P50: 4.338ms	SD: 43195.233	RATIO: 35.664%
>>>>> PROC: SLEV
CALLS: 1220	MIN: 1.784ms	AVG: 35.839ms	MAX: 5922.944ms	TOTAL: 43723.724ms
P99: 581.426ms	P95: 45.333ms	P50: 4.676ms	SD: 252110.624	RATIO: 6.192%
>>>>> PROC: DELIVERY
CALLS: 1161	MIN: 3.850ms	AVG: 31.628ms	MAX: 284.413ms	TOTAL: 36720.183ms
P99: 160.389ms	P95: 104.563ms	P50: 16.153ms	SD: 35915.741	RATIO: 5.200%
>>>>> PROC: OSTAT
CALLS: 1164	MIN: 1.168ms	AVG: 10.831ms	MAX: 152.545ms	TOTAL: 12607.456ms
P99: 67.644ms	P95: 40.314ms	P50: 4.527ms	SD: 14761.541	RATIO: 1.785%
+-+-+-+-+-+-+-+-+-+-+-+-+-+-+-+-+-+-+-+-+-+-+-+-+-+-+-+-+-+-+-+-+-+-+-+-+-+
>>>>> VIRTUAL USER 32 : ELAPSED TIME : 706754ms
>>>>> PROC: NEWORD
CALLS: 11964	MIN: 2.717ms	AVG: 30.129ms	MAX: 360.713ms	TOTAL: 360460.527ms
P99: 205.704ms	P95: 120.786ms	P50: 10.305ms	SD: 42928.599	RATIO: 51.002%
>>>>> PROC: PAYMENT
CALLS: 12057	MIN: 1.190ms	AVG: 21.014ms	MAX: 476.316ms	TOTAL: 253360.677ms
P99: 210.908ms	P95: 123.177ms	P50: 3.803ms	SD: 43536.193	RATIO: 35.848%
>>>>> PROC: SLEV
CALLS: 1178	MIN: 2.218ms	AVG: 36.696ms	MAX: 3296.951ms	TOTAL: 43227.625ms
P99: 662.257ms	P95: 204.462ms	P50: 4.654ms	SD: 142293.597	RATIO: 6.116%
>>>>> PROC: DELIVERY
CALLS: 1214	MIN: 3.610ms	AVG: 29.893ms	MAX: 280.615ms	TOTAL: 36290.648ms
P99: 163.228ms	P95: 105.558ms	P50: 12.663ms	SD: 36292.199	RATIO: 5.135%
>>>>> PROC: OSTAT
CALLS: 1235	MIN: 1.064ms	AVG: 9.691ms	MAX: 104.357ms	TOTAL: 11968.407ms
P99: 63.809ms	P95: 38.824ms	P50: 3.902ms	SD: 13565.848	RATIO: 1.693%
+-+-+-+-+-+-+-+-+-+-+-+-+-+-+-+-+-+-+-+-+-+-+-+-+-+-+-+-+-+-+-+-+-+-+-+-+-+
>>>>> VIRTUAL USER 33 : ELAPSED TIME : 704501ms
>>>>> PROC: NEWORD
CALLS: 11863	MIN: 2.899ms	AVG: 30.179ms	MAX: 342.212ms	TOTAL: 358014.604ms
P99: 196.126ms	P95: 113.367ms	P50: 12.260ms	SD: 40802.026	RATIO: 50.818%
>>>>> PROC: PAYMENT
CALLS: 11743	MIN: 1.260ms	AVG: 20.449ms	MAX: 444.434ms	TOTAL: 240128.479ms
P99: 203.122ms	P95: 112.646ms	P50: 4.223ms	SD: 41372.218	RATIO: 34.085%
>>>>> PROC: SLEV
CALLS: 1192	MIN: 2.032ms	AVG: 43.042ms	MAX: 1132.964ms	TOTAL: 51306.588ms
P99: 712.218ms	P95: 322.629ms	P50: 4.997ms	SD: 138164.355	RATIO: 7.283%
>>>>> PROC: DELIVERY
CALLS: 1232	MIN: 3.879ms	AVG: 32.504ms	MAX: 242.075ms	TOTAL: 40045.046ms
P99: 173.739ms	P95: 104.955ms	P50: 17.619ms	SD: 36209.190	RATIO: 5.684%
>>>>> PROC: OSTAT
CALLS: 1190	MIN: 1.154ms	AVG: 11.272ms	MAX: 130.988ms	TOTAL: 13413.334ms
P99: 75.386ms	P95: 46.361ms	P50: 4.495ms	SD: 15983.847	RATIO: 1.904%
+-+-+-+-+-+-+-+-+-+-+-+-+-+-+-+-+-+-+-+-+-+-+-+-+-+-+-+-+-+-+-+-+-+-+-+-+-+
>>>>> VIRTUAL USER 34 : ELAPSED TIME : 704202ms
>>>>> PROC: NEWORD
CALLS: 11882	MIN: 2.861ms	AVG: 31.185ms	MAX: 359.469ms	TOTAL: 370539.912ms
P99: 198.021ms	P95: 114.807ms	P50: 13.083ms	SD: 40904.809	RATIO: 52.618%
>>>>> PROC: PAYMENT
CALLS: 11976	MIN: 1.207ms	AVG: 19.994ms	MAX: 355.244ms	TOTAL: 239450.619ms
P99: 206.297ms	P95: 111.373ms	P50: 4.217ms	SD: 40790.595	RATIO: 34.003%
>>>>> PROC: DELIVERY
CALLS: 1238	MIN: 3.939ms	AVG: 34.888ms	MAX: 272.564ms	TOTAL: 43191.369ms
P99: 165.102ms	P95: 110.064ms	P50: 17.847ms	SD: 38081.654	RATIO: 6.133%
>>>>> PROC: SLEV
CALLS: 1255	MIN: 2.265ms	AVG: 29.188ms	MAX: 10144.704ms	TOTAL: 36630.925ms
P99: 409.037ms	P95: 49.431ms	P50: 4.607ms	SD: 305975.127	RATIO: 5.202%
>>>>> PROC: OSTAT
CALLS: 1153	MIN: 1.190ms	AVG: 11.210ms	MAX: 97.519ms	TOTAL: 12925.105ms
P99: 76.241ms	P95: 43.679ms	P50: 5.110ms	SD: 14933.020	RATIO: 1.835%
+-+-+-+-+-+-+-+-+-+-+-+-+-+-+-+-+-+-+-+-+-+-+-+-+-+-+-+-+-+-+-+-+-+-+-+-+-+
>>>>> VIRTUAL USER 35 : ELAPSED TIME : 708854ms
>>>>> PROC: NEWORD
CALLS: 16437	MIN: 2.558ms	AVG: 19.599ms	MAX: 400.854ms	TOTAL: 322155.547ms
P99: 220.829ms	P95: 91.626ms	P50: 6.988ms	SD: 39607.765	RATIO: 45.447%
>>>>> PROC: PAYMENT
CALLS: 16566	MIN: 1.211ms	AVG: 18.973ms	MAX: 683.662ms	TOTAL: 314311.388ms
P99: 246.192ms	P95: 140.563ms	P50: 2.960ms	SD: 49308.313	RATIO: 44.341%
>>>>> PROC: SLEV
CALLS: 1593	MIN: 2.071ms	AVG: 23.671ms	MAX: 2135.158ms	TOTAL: 37707.436ms
P99: 411.663ms	P95: 80.440ms	P50: 3.846ms	SD: 94953.924	RATIO: 5.319%
>>>>> PROC: DELIVERY
CALLS: 1656	MIN: 3.331ms	AVG: 14.708ms	MAX: 260.852ms	TOTAL: 24355.722ms
P99: 83.347ms	P95: 45.726ms	P50: 9.007ms	SD: 16783.343	RATIO: 3.436%
>>>>> PROC: OSTAT
CALLS: 1636	MIN: 1.106ms	AVG: 5.152ms	MAX: 94.255ms	TOTAL: 8429.000ms
P99: 33.933ms	P95: 15.928ms	P50: 2.821ms	SD: 6828.830	RATIO: 1.189%
+-+-+-+-+-+-+-+-+-+-+-+-+-+-+-+-+-+-+-+-+-+-+-+-+-+-+-+-+-+-+-+-+-+-+-+-+-+
>>>>> VIRTUAL USER 36 : ELAPSED TIME : 706051ms
>>>>> PROC: NEWORD
CALLS: 12202	MIN: 2.729ms	AVG: 29.307ms	MAX: 372.600ms	TOTAL: 357609.592ms
P99: 197.462ms	P95: 118.409ms	P50: 10.101ms	SD: 41379.096	RATIO: 50.649%
>>>>> PROC: PAYMENT
CALLS: 12119	MIN: 1.125ms	AVG: 20.708ms	MAX: 359.739ms	TOTAL: 250960.564ms
P99: 206.868ms	P95: 120.530ms	P50: 3.921ms	SD: 42942.940	RATIO: 35.544%
>>>>> PROC: SLEV
CALLS: 1215	MIN: 1.780ms	AVG: 39.377ms	MAX: 4939.484ms	TOTAL: 47843.031ms
P99: 767.578ms	P95: 104.979ms	P50: 4.607ms	SD: 194098.770	RATIO: 6.776%
>>>>> PROC: DELIVERY
CALLS: 1181	MIN: 4.043ms	AVG: 30.874ms	MAX: 261.737ms	TOTAL: 36462.244ms
P99: 173.899ms	P95: 107.314ms	P50: 12.946ms	SD: 37218.824	RATIO: 5.164%
>>>>> PROC: OSTAT
CALLS: 1187	MIN: 1.094ms	AVG: 9.855ms	MAX: 141.118ms	TOTAL: 11697.742ms
P99: 78.452ms	P95: 38.090ms	P50: 4.007ms	SD: 15302.010	RATIO: 1.657%
+-+-+-+-+-+-+-+-+-+-+-+-+-+-+-+-+-+-+-+-+-+-+-+-+-+-+-+-+-+-+-+-+-+-+-+-+-+
>>>>> VIRTUAL USER 37 : ELAPSED TIME : 711635ms
>>>>> PROC: NEWORD
CALLS: 11915	MIN: 2.900ms	AVG: 31.309ms	MAX: 389.392ms	TOTAL: 373041.875ms
P99: 201.254ms	P95: 120.951ms	P50: 12.722ms	SD: 42136.877	RATIO: 52.420%
>>>>> PROC: PAYMENT
CALLS: 12052	MIN: 1.129ms	AVG: 19.959ms	MAX: 371.737ms	TOTAL: 240543.555ms
P99: 210.465ms	P95: 109.208ms	P50: 4.177ms	SD: 41078.521	RATIO: 33.802%
>>>>> PROC: SLEV
CALLS: 1228	MIN: 2.114ms	AVG: 35.126ms	MAX: 11209.889ms	TOTAL: 43134.587ms
P99: 839.804ms	P95: 42.840ms	P50: 4.401ms	SD: 347875.126	RATIO: 6.061%
>>>>> PROC: DELIVERY
CALLS: 1196	MIN: 3.815ms	AVG: 33.634ms	MAX: 388.739ms	TOTAL: 40225.778ms
P99: 172.271ms	P95: 108.677ms	P50: 16.347ms	SD: 38042.162	RATIO: 5.653%
>>>>> PROC: OSTAT
CALLS: 1257	MIN: 1.181ms	AVG: 10.506ms	MAX: 100.701ms	TOTAL: 13206.292ms
P99: 67.266ms	P95: 40.887ms	P50: 4.245ms	SD: 14211.378	RATIO: 1.856%
+-+-+-+-+-+-+-+-+-+-+-+-+-+-+-+-+-+-+-+-+-+-+-+-+-+-+-+-+-+-+-+-+-+-+-+-+-+
>>>>> VIRTUAL USER 38 : ELAPSED TIME : 702188ms
>>>>> PROC: NEWORD
CALLS: 12397	MIN: 2.526ms	AVG: 25.780ms	MAX: 385.468ms	TOTAL: 319592.631ms
P99: 199.200ms	P95: 114.521ms	P50: 8.422ms	SD: 40639.209	RATIO: 45.514%
>>>>> PROC: PAYMENT
CALLS: 12414	MIN: 1.178ms	AVG: 22.346ms	MAX: 456.125ms	TOTAL: 277397.768ms
P99: 221.430ms	P95: 129.583ms	P50: 3.704ms	SD: 45673.099	RATIO: 39.505%
>>>>> PROC: SLEV
CALLS: 1237	MIN: 1.741ms	AVG: 47.755ms	MAX: 6312.201ms	TOTAL: 59072.378ms
P99: 2137.241ms	P95: 57.113ms	P50: 4.271ms	SD: 311660.326	RATIO: 8.413%
>>>>> PROC: DELIVERY
CALLS: 1268	MIN: 3.715ms	AVG: 26.075ms	MAX: 243.925ms	TOTAL: 33062.991ms
P99: 138.856ms	P95: 90.751ms	P50: 11.568ms	SD: 30335.744	RATIO: 4.709%
>>>>> PROC: OSTAT
CALLS: 1228	MIN: 1.100ms	AVG: 9.424ms	MAX: 133.818ms	TOTAL: 11572.941ms
P99: 77.412ms	P95: 41.517ms	P50: 3.500ms	SD: 14804.075	RATIO: 1.648%
+-+-+-+-+-+-+-+-+-+-+-+-+-+-+-+-+-+-+-+-+-+-+-+-+-+-+-+-+-+-+-+-+-+-+-+-+-+
>>>>> VIRTUAL USER 39 : ELAPSED TIME : 703652ms
>>>>> PROC: PAYMENT
CALLS: 14904	MIN: 1.131ms	AVG: 23.847ms	MAX: 548.942ms	TOTAL: 355420.188ms
P99: 264.391ms	P95: 162.880ms	P50: 3.093ms	SD: 56178.106	RATIO: 50.511%
>>>>> PROC: NEWORD
CALLS: 15137	MIN: 2.560ms	AVG: 19.761ms	MAX: 483.849ms	TOTAL: 299125.114ms
P99: 226.459ms	P95: 99.618ms	P50: 6.700ms	SD: 41262.485	RATIO: 42.510%
>>>>> PROC: DELIVERY
CALLS: 1509	MIN: 3.660ms	AVG: 15.853ms	MAX: 156.207ms	TOTAL: 23922.042ms
P99: 86.185ms	P95: 49.840ms	P50: 9.420ms	SD: 17399.136	RATIO: 3.400%
>>>>> PROC: SLEV
CALLS: 1489	MIN: 1.873ms	AVG: 10.629ms	MAX: 841.571ms	TOTAL: 15827.263ms
P99: 73.063ms	P95: 23.455ms	P50: 3.848ms	SD: 49165.668	RATIO: 2.249%
>>>>> PROC: OSTAT
CALLS: 1521	MIN: 1.100ms	AVG: 5.001ms	MAX: 97.383ms	TOTAL: 7606.547ms
P99: 33.258ms	P95: 16.697ms	P50: 2.684ms	SD: 6743.365	RATIO: 1.081%
+-+-+-+-+-+-+-+-+-+-+-+-+-+-+-+-+-+-+-+-+-+-+-+-+-+-+-+-+-+-+-+-+-+-+-+-+-+
>>>>> VIRTUAL USER 40 : ELAPSED TIME : 701109ms
>>>>> PROC: NEWORD
CALLS: 11355	MIN: 2.640ms	AVG: 30.143ms	MAX: 376.259ms	TOTAL: 342271.034ms
P99: 201.253ms	P95: 115.619ms	P50: 11.022ms	SD: 41751.926	RATIO: 48.819%
>>>>> PROC: PAYMENT
CALLS: 11170	MIN: 1.134ms	AVG: 23.675ms	MAX: 570.469ms	TOTAL: 264451.030ms
P99: 229.842ms	P95: 131.711ms	P50: 4.279ms	SD: 47093.565	RATIO: 37.719%
>>>>> PROC: SLEV
CALLS: 1150	MIN: 2.000ms	AVG: 39.871ms	MAX: 7252.231ms	TOTAL: 45851.433ms
P99: 1093.390ms	P95: 50.800ms	P50: 4.366ms	SD: 289797.182	RATIO: 6.540%
>>>>> PROC: DELIVERY
CALLS: 1081	MIN: 3.259ms	AVG: 33.216ms	MAX: 269.184ms	TOTAL: 35906.217ms
P99: 183.600ms	P95: 113.219ms	P50: 15.627ms	SD: 38862.825	RATIO: 5.121%
>>>>> PROC: OSTAT
CALLS: 1126	MIN: 1.169ms	AVG: 9.879ms	MAX: 104.661ms	TOTAL: 11123.647ms
P99: 69.825ms	P95: 39.305ms	P50: 3.871ms	SD: 13910.981	RATIO: 1.587%
+-+-+-+-+-+-+-+-+-+-+-+-+-+-+-+-+-+-+-+-+-+-+-+-+-+-+-+-+-+-+-+-+-+-+-+-+-+
>>>>> VIRTUAL USER 41 : ELAPSED TIME : 706088ms
>>>>> PROC: PAYMENT
CALLS: 15064	MIN: 1.165ms	AVG: 23.006ms	MAX: 493.206ms	TOTAL: 346568.396ms
P99: 260.110ms	P95: 161.570ms	P50: 3.190ms	SD: 54688.753	RATIO: 49.083%
>>>>> PROC: NEWORD
CALLS: 15260	MIN: 2.333ms	AVG: 19.573ms	MAX: 456.002ms	TOTAL: 298678.402ms
P99: 219.924ms	P95: 107.820ms	P50: 6.763ms	SD: 40799.509	RATIO: 42.300%
>>>>> PROC: SLEV
CALLS: 1566	MIN: 1.753ms	AVG: 20.400ms	MAX: 1327.584ms	TOTAL: 31946.777ms
P99: 596.800ms	P95: 25.034ms	P50: 4.081ms	SD: 105715.882	RATIO: 4.524%
>>>>> PROC: DELIVERY
CALLS: 1501	MIN: 3.540ms	AVG: 13.379ms	MAX: 188.143ms	TOTAL: 20081.652ms
P99: 74.655ms	P95: 36.769ms	P50: 8.734ms	SD: 14255.865	RATIO: 2.844%
>>>>> PROC: OSTAT
CALLS: 1425	MIN: 1.111ms	AVG: 4.962ms	MAX: 80.004ms	TOTAL: 7071.096ms
P99: 33.745ms	P95: 14.831ms	P50: 2.846ms	SD: 6212.940	RATIO: 1.001%
+-+-+-+-+-+-+-+-+-+-+-+-+-+-+-+-+-+-+-+-+-+-+-+-+-+-+-+-+-+-+-+-+-+-+-+-+-+
>>>>> VIRTUAL USER 42 : ELAPSED TIME : 706294ms
>>>>> PROC: PAYMENT
CALLS: 14301	MIN: 1.134ms	AVG: 23.411ms	MAX: 576.865ms	TOTAL: 334800.923ms
P99: 255.509ms	P95: 155.473ms	P50: 4.224ms	SD: 52617.572	RATIO: 47.402%
>>>>> PROC: NEWORD
CALLS: 14209	MIN: 2.535ms	AVG: 22.513ms	MAX: 490.093ms	TOTAL: 319888.049ms
P99: 225.539ms	P95: 99.989ms	P50: 9.110ms	SD: 41015.911	RATIO: 45.291%
>>>>> PROC: DELIVERY
CALLS: 1430	MIN: 3.407ms	AVG: 18.851ms	MAX: 160.564ms	TOTAL: 26956.487ms
P99: 92.653ms	P95: 56.248ms	P50: 11.944ms	SD: 19092.622	RATIO: 3.817%
>>>>> PROC: SLEV
CALLS: 1370	MIN: 1.910ms	AVG: 9.252ms	MAX: 255.079ms	TOTAL: 12675.217ms
P99: 72.484ms	P95: 27.725ms	P50: 4.943ms	SD: 13970.230	RATIO: 1.795%
>>>>> PROC: OSTAT
CALLS: 1458	MIN: 1.058ms	AVG: 7.044ms	MAX: 103.086ms	TOTAL: 10270.562ms
P99: 42.327ms	P95: 21.852ms	P50: 4.063ms	SD: 8288.883	RATIO: 1.454%
+-+-+-+-+-+-+-+-+-+-+-+-+-+-+-+-+-+-+-+-+-+-+-+-+-+-+-+-+-+-+-+-+-+-+-+-+-+
>>>>> VIRTUAL USER 43 : ELAPSED TIME : 699783ms
>>>>> PROC: PAYMENT
CALLS: 14759	MIN: 1.141ms	AVG: 23.708ms	MAX: 547.039ms	TOTAL: 349904.405ms
P99: 273.042ms	P95: 162.901ms	P50: 3.132ms	SD: 56162.526	RATIO: 50.002%
>>>>> PROC: NEWORD
CALLS: 14629	MIN: 2.478ms	AVG: 20.988ms	MAX: 457.553ms	TOTAL: 307037.669ms
P99: 227.752ms	P95: 108.673ms	P50: 6.964ms	SD: 42260.426	RATIO: 43.876%
>>>>> PROC: DELIVERY
CALLS: 1462	MIN: 3.466ms	AVG: 15.579ms	MAX: 130.335ms	TOTAL: 22776.619ms
P99: 86.069ms	P95: 49.311ms	P50: 9.475ms	SD: 16485.437	RATIO: 3.255%
>>>>> PROC: SLEV
CALLS: 1472	MIN: 1.906ms	AVG: 7.124ms	MAX: 721.921ms	TOTAL: 10487.083ms
P99: 42.974ms	P95: 19.413ms	P50: 3.801ms	SD: 20673.102	RATIO: 1.499%
>>>>> PROC: OSTAT
CALLS: 1486	MIN: 1.130ms	AVG: 5.303ms	MAX: 70.268ms	TOTAL: 7880.318ms
P99: 40.610ms	P95: 18.898ms	P50: 2.556ms	SD: 7512.308	RATIO: 1.126%
+-+-+-+-+-+-+-+-+-+-+-+-+-+-+-+-+-+-+-+-+-+-+-+-+-+-+-+-+-+-+-+-+-+-+-+-+-+
>>>>> VIRTUAL USER 44 : ELAPSED TIME : 706725ms
>>>>> PROC: PAYMENT
CALLS: 14891	MIN: 1.118ms	AVG: 23.867ms	MAX: 501.762ms	TOTAL: 355401.742ms
P99: 264.307ms	P95: 161.575ms	P50: 3.333ms	SD: 55770.477	RATIO: 50.289%
>>>>> PROC: NEWORD
CALLS: 14548	MIN: 2.492ms	AVG: 19.513ms	MAX: 426.856ms	TOTAL: 283873.129ms
P99: 218.777ms	P95: 103.522ms	P50: 6.799ms	SD: 40653.068	RATIO: 40.167%
>>>>> PROC: SLEV
CALLS: 1426	MIN: 1.793ms	AVG: 27.757ms	MAX: 2256.462ms	TOTAL: 39582.073ms
P99: 685.503ms	P95: 32.628ms	P50: 4.302ms	SD: 128338.746	RATIO: 5.601%
>>>>> PROC: DELIVERY
CALLS: 1480	MIN: 3.644ms	AVG: 12.790ms	MAX: 233.369ms	TOTAL: 18928.787ms
P99: 66.048ms	P95: 35.500ms	P50: 8.825ms	SD: 12986.651	RATIO: 2.678%
>>>>> PROC: OSTAT
CALLS: 1447	MIN: 1.085ms	AVG: 4.875ms	MAX: 99.667ms	TOTAL: 7054.259ms
P99: 27.837ms	P95: 14.760ms	P50: 2.980ms	SD: 5877.713	RATIO: 0.998%
+-+-+-+-+-+-+-+-+-+-+-+-+-+-+-+-+-+-+-+-+-+-+-+-+-+-+-+-+-+-+-+-+-+-+-+-+-+
>>>>> VIRTUAL USER 45 : ELAPSED TIME : 698895ms
>>>>> PROC: NEWORD
CALLS: 11068	MIN: 2.425ms	AVG: 29.377ms	MAX: 358.644ms	TOTAL: 325139.371ms
P99: 204.225ms	P95: 114.933ms	P50: 10.540ms	SD: 41731.340	RATIO: 46.522%
>>>>> PROC: PAYMENT
CALLS: 11050	MIN: 1.135ms	AVG: 24.827ms	MAX: 488.143ms	TOTAL: 274333.894ms
P99: 235.916ms	P95: 139.267ms	P50: 4.416ms	SD: 49387.729	RATIO: 39.253%
>>>>> PROC: SLEV
CALLS: 1115	MIN: 2.234ms	AVG: 46.378ms	MAX: 7145.442ms	TOTAL: 51711.598ms
P99: 1801.731ms	P95: 52.418ms	P50: 4.475ms	SD: 336752.638	RATIO: 7.399%
>>>>> PROC: DELIVERY
CALLS: 1117	MIN: 3.723ms	AVG: 32.094ms	MAX: 226.413ms	TOTAL: 35848.476ms
P99: 162.515ms	P95: 103.999ms	P50: 15.858ms	SD: 35561.187	RATIO: 5.129%
>>>>> PROC: OSTAT
CALLS: 1122	MIN: 1.123ms	AVG: 9.375ms	MAX: 115.572ms	TOTAL: 10518.217ms
P99: 71.050ms	P95: 38.750ms	P50: 3.506ms	SD: 14041.103	RATIO: 1.505%
+-+-+-+-+-+-+-+-+-+-+-+-+-+-+-+-+-+-+-+-+-+-+-+-+-+-+-+-+-+-+-+-+-+-+-+-+-+
>>>>> VIRTUAL USER 46 : ELAPSED TIME : 707010ms
>>>>> PROC: NEWORD
CALLS: 13103	MIN: 2.707ms	AVG: 25.903ms	MAX: 525.624ms	TOTAL: 339403.851ms
P99: 197.934ms	P95: 112.355ms	P50: 8.473ms	SD: 40560.025	RATIO: 48.006%
>>>>> PROC: PAYMENT
CALLS: 12755	MIN: 1.171ms	AVG: 21.120ms	MAX: 373.003ms	TOTAL: 269380.753ms
P99: 207.748ms	P95: 122.591ms	P50: 3.614ms	SD: 43186.048	RATIO: 38.101%
>>>>> PROC: SLEV
CALLS: 1283	MIN: 1.796ms	AVG: 34.675ms	MAX: 5870.184ms	TOTAL: 44487.779ms
P99: 147.264ms	P95: 46.470ms	P50: 4.175ms	SD: 278375.025	RATIO: 6.292%
>>>>> PROC: DELIVERY
CALLS: 1325	MIN: 3.478ms	AVG: 30.345ms	MAX: 239.177ms	TOTAL: 40207.371ms
P99: 153.165ms	P95: 109.784ms	P50: 13.196ms	SD: 36247.916	RATIO: 5.687%
>>>>> PROC: OSTAT
CALLS: 1230	MIN: 1.166ms	AVG: 9.741ms	MAX: 119.094ms	TOTAL: 11981.593ms
P99: 79.107ms	P95: 40.242ms	P50: 3.527ms	SD: 15357.352	RATIO: 1.695%
+-+-+-+-+-+-+-+-+-+-+-+-+-+-+-+-+-+-+-+-+-+-+-+-+-+-+-+-+-+-+-+-+-+-+-+-+-+
>>>>> VIRTUAL USER 47 : ELAPSED TIME : 697741ms
>>>>> PROC: NEWORD
CALLS: 7424	MIN: 2.583ms	AVG: 49.984ms	MAX: 384.247ms	TOTAL: 371083.765ms
P99: 203.995ms	P95: 136.934ms	P50: 38.561ms	SD: 43704.181	RATIO: 53.184%
>>>>> PROC: PAYMENT
CALLS: 7681	MIN: 1.307ms	AVG: 29.458ms	MAX: 503.569ms	TOTAL: 226264.312ms
P99: 184.995ms	P95: 121.701ms	P50: 14.305ms	SD: 39791.741	RATIO: 32.428%
>>>>> PROC: DELIVERY
CALLS: 752	MIN: 4.676ms	AVG: 62.101ms	MAX: 376.754ms	TOTAL: 46700.026ms
P99: 213.025ms	P95: 137.346ms	P50: 53.253ms	SD: 44836.527	RATIO: 6.693%
>>>>> PROC: SLEV
CALLS: 789	MIN: 2.183ms	AVG: 47.424ms	MAX: 3861.417ms	TOTAL: 37417.579ms
P99: 723.868ms	P95: 84.520ms	P50: 13.474ms	SD: 239542.649	RATIO: 5.363%
>>>>> PROC: OSTAT
CALLS: 778	MIN: 1.306ms	AVG: 19.653ms	MAX: 146.918ms	TOTAL: 15290.209ms
P99: 79.800ms	P95: 57.354ms	P50: 14.163ms	SD: 18835.326	RATIO: 2.191%
+-+-+-+-+-+-+-+-+-+-+-+-+-+-+-+-+-+-+-+-+-+-+-+-+-+-+-+-+-+-+-+-+-+-+-+-+-+
>>>>> VIRTUAL USER 48 : ELAPSED TIME : 696955ms
>>>>> PROC: PAYMENT
CALLS: 14120	MIN: 1.028ms	AVG: 23.285ms	MAX: 549.956ms	TOTAL: 328789.653ms
P99: 259.840ms	P95: 157.895ms	P50: 4.113ms	SD: 53565.238	RATIO: 47.175%
>>>>> PROC: NEWORD
CALLS: 13852	MIN: 2.631ms	AVG: 22.698ms	MAX: 409.306ms	TOTAL: 314414.141ms
P99: 228.961ms	P95: 104.280ms	P50: 8.564ms	SD: 42035.111	RATIO: 45.113%
>>>>> PROC: DELIVERY
CALLS: 1358	MIN: 3.732ms	AVG: 18.249ms	MAX: 167.072ms	TOTAL: 24782.427ms
P99: 93.369ms	P95: 54.702ms	P50: 11.524ms	SD: 18695.998	RATIO: 3.556%
>>>>> PROC: SLEV
CALLS: 1384	MIN: 1.933ms	AVG: 12.623ms	MAX: 1055.678ms	TOTAL: 17470.182ms
P99: 55.982ms	P95: 26.718ms	P50: 5.152ms	SD: 56614.613	RATIO: 2.507%
>>>>> PROC: OSTAT
CALLS: 1382	MIN: 1.105ms	AVG: 7.092ms	MAX: 98.879ms	TOTAL: 9800.630ms
P99: 50.105ms	P95: 22.361ms	P50: 3.854ms	SD: 9043.088	RATIO: 1.406%
+-+-+-+-+-+-+-+-+-+-+-+-+-+-+-+-+-+-+-+-+-+-+-+-+-+-+-+-+-+-+-+-+-+-+-+-+-+
>>>>> VIRTUAL USER 49 : ELAPSED TIME : 697914ms
>>>>> PROC: PAYMENT
CALLS: 15390	MIN: 1.088ms	AVG: 21.590ms	MAX: 468.487ms	TOTAL: 332266.981ms
P99: 260.113ms	P95: 153.034ms	P50: 2.953ms	SD: 52634.378	RATIO: 47.609%
>>>>> PROC: NEWORD
CALLS: 15720	MIN: 2.430ms	AVG: 20.024ms	MAX: 398.334ms	TOTAL: 314771.798ms
P99: 227.142ms	P95: 104.516ms	P50: 6.655ms	SD: 41603.070	RATIO: 45.102%
>>>>> PROC: DELIVERY
CALLS: 1578	MIN: 3.145ms	AVG: 14.903ms	MAX: 156.498ms	TOTAL: 23516.387ms
P99: 83.807ms	P95: 45.605ms	P50: 8.914ms	SD: 16315.055	RATIO: 3.370%
>>>>> PROC: SLEV
CALLS: 1613	MIN: 1.959ms	AVG: 11.009ms	MAX: 1046.041ms	TOTAL: 17757.981ms
P99: 58.600ms	P95: 17.846ms	P50: 3.703ms	SD: 63928.342	RATIO: 2.544%
>>>>> PROC: OSTAT
CALLS: 1539	MIN: 1.097ms	AVG: 5.058ms	MAX: 67.739ms	TOTAL: 7784.386ms
P99: 31.322ms	P95: 16.320ms	P50: 2.829ms	SD: 6059.483	RATIO: 1.115%
+-+-+-+-+-+-+-+-+-+-+-+-+-+-+-+-+-+-+-+-+-+-+-+-+-+-+-+-+-+-+-+-+-+-+-+-+-+
>>>>> VIRTUAL USER 50 : ELAPSED TIME : 695929ms
>>>>> PROC: NEWORD
CALLS: 10792	MIN: 2.431ms	AVG: 30.134ms	MAX: 395.016ms	TOTAL: 325206.085ms
P99: 201.514ms	P95: 123.787ms	P50: 9.756ms	SD: 43366.580	RATIO: 46.730%
>>>>> PROC: PAYMENT
CALLS: 11011	MIN: 1.254ms	AVG: 23.949ms	MAX: 475.799ms	TOTAL: 263706.535ms
P99: 222.000ms	P95: 136.404ms	P50: 4.082ms	SD: 47469.045	RATIO: 37.893%
>>>>> PROC: SLEV
CALLS: 1058	MIN: 1.830ms	AVG: 56.195ms	MAX: 6589.691ms	TOTAL: 59454.167ms
P99: 1906.327ms	P95: 120.766ms	P50: 4.457ms	SD: 311636.043	RATIO: 8.543%
>>>>> PROC: DELIVERY
CALLS: 1113	MIN: 3.435ms	AVG: 32.194ms	MAX: 295.661ms	TOTAL: 35831.540ms
P99: 169.713ms	P95: 106.801ms	P50: 13.482ms	SD: 38204.518	RATIO: 5.149%
>>>>> PROC: OSTAT
CALLS: 1104	MIN: 1.159ms	AVG: 9.322ms	MAX: 118.578ms	TOTAL: 10291.515ms
P99: 70.708ms	P95: 40.891ms	P50: 3.281ms	SD: 14564.664	RATIO: 1.479%
+-+-+-+-+-+-+-+-+-+-+-+-+-+-+-+-+-+-+-+-+-+-+-+-+-+-+-+-+-+-+-+-+-+-+-+-+-+
>>>>> VIRTUAL USER 51 : ELAPSED TIME : 702506ms
>>>>> PROC: NEWORD
CALLS: 11089	MIN: 2.480ms	AVG: 29.285ms	MAX: 408.169ms	TOTAL: 324738.527ms
P99: 207.245ms	P95: 122.181ms	P50: 9.348ms	SD: 43215.023	RATIO: 46.226%
>>>>> PROC: PAYMENT
CALLS: 11053	MIN: 1.162ms	AVG: 24.575ms	MAX: 466.136ms	TOTAL: 271626.192ms
P99: 244.292ms	P95: 140.338ms	P50: 3.956ms	SD: 50206.420	RATIO: 38.665%
>>>>> PROC: SLEV
CALLS: 1164	MIN: 1.720ms	AVG: 53.999ms	MAX: 2178.853ms	TOTAL: 62854.817ms
P99: 894.477ms	P95: 445.520ms	P50: 4.503ms	SD: 193782.646	RATIO: 8.947%
>>>>> PROC: DELIVERY
CALLS: 1120	MIN: 3.451ms	AVG: 28.746ms	MAX: 231.245ms	TOTAL: 32195.134ms
P99: 153.563ms	P95: 107.234ms	P50: 11.326ms	SD: 34966.915	RATIO: 4.583%
>>>>> PROC: OSTAT
CALLS: 1174	MIN: 1.048ms	AVG: 8.325ms	MAX: 115.679ms	TOTAL: 9773.892ms
P99: 60.662ms	P95: 32.602ms	P50: 3.308ms	SD: 12383.686	RATIO: 1.391%
+-+-+-+-+-+-+-+-+-+-+-+-+-+-+-+-+-+-+-+-+-+-+-+-+-+-+-+-+-+-+-+-+-+-+-+-+-+
>>>>> VIRTUAL USER 52 : ELAPSED TIME : 703698ms
>>>>> PROC: NEWORD
CALLS: 12381	MIN: 2.689ms	AVG: 26.777ms	MAX: 385.857ms	TOTAL: 331531.559ms
P99: 197.618ms	P95: 110.935ms	P50: 10.004ms	SD: 39713.598	RATIO: 47.113%
>>>>> PROC: PAYMENT
CALLS: 12469	MIN: 1.156ms	AVG: 22.267ms	MAX: 424.953ms	TOTAL: 277646.408ms
P99: 217.556ms	P95: 124.012ms	P50: 4.083ms	SD: 44873.535	RATIO: 39.455%
>>>>> PROC: SLEV
CALLS: 1277	MIN: 1.810ms	AVG: 34.575ms	MAX: 2888.462ms	TOTAL: 44152.453ms
P99: 763.326ms	P95: 50.452ms	P50: 4.372ms	SD: 211390.343	RATIO: 6.274%
>>>>> PROC: DELIVERY
CALLS: 1227	MIN: 4.019ms	AVG: 29.850ms	MAX: 274.906ms	TOTAL: 36625.937ms
P99: 151.205ms	P95: 98.273ms	P50: 14.913ms	SD: 33272.803	RATIO: 5.205%
>>>>> PROC: OSTAT
CALLS: 1318	MIN: 1.124ms	AVG: 9.302ms	MAX: 111.368ms	TOTAL: 12260.523ms
P99: 59.524ms	P95: 37.323ms	P50: 3.827ms	SD: 13036.601	RATIO: 1.742%
+-+-+-+-+-+-+-+-+-+-+-+-+-+-+-+-+-+-+-+-+-+-+-+-+-+-+-+-+-+-+-+-+-+-+-+-+-+
>>>>> VIRTUAL USER 53 : ELAPSED TIME : 697714ms
>>>>> PROC: NEWORD
CALLS: 7355	MIN: 3.014ms	AVG: 51.221ms	MAX: 301.091ms	TOTAL: 376729.472ms
P99: 211.274ms	P95: 136.417ms	P50: 40.651ms	SD: 43932.343	RATIO: 53.995%
>>>>> PROC: PAYMENT
CALLS: 7335	MIN: 1.337ms	AVG: 29.184ms	MAX: 347.765ms	TOTAL: 214063.615ms
P99: 188.871ms	P95: 118.912ms	P50: 13.925ms	SD: 39826.736	RATIO: 30.681%
>>>>> PROC: DELIVERY
CALLS: 768	MIN: 4.531ms	AVG: 61.670ms	MAX: 312.606ms	TOTAL: 47362.897ms
P99: 221.963ms	P95: 154.548ms	P50: 51.858ms	SD: 47996.169	RATIO: 6.788%
>>>>> PROC: SLEV
CALLS: 698	MIN: 1.901ms	AVG: 61.355ms	MAX: 2284.868ms	TOTAL: 42826.047ms
P99: 946.138ms	P95: 277.114ms	P50: 17.522ms	SD: 182369.688	RATIO: 6.138%
>>>>> PROC: OSTAT
CALLS: 740	MIN: 1.185ms	AVG: 21.343ms	MAX: 128.758ms	TOTAL: 15793.572ms
P99: 103.084ms	P95: 68.372ms	P50: 14.882ms	SD: 21516.714	RATIO: 2.264%
+-+-+-+-+-+-+-+-+-+-+-+-+-+-+-+-+-+-+-+-+-+-+-+-+-+-+-+-+-+-+-+-+-+-+-+-+-+
>>>>> VIRTUAL USER 54 : ELAPSED TIME : 704121ms
>>>>> PROC: NEWORD
CALLS: 14457	MIN: 2.590ms	AVG: 22.773ms	MAX: 399.861ms	TOTAL: 329234.404ms
P99: 228.437ms	P95: 99.793ms	P50: 8.829ms	SD: 41705.646	RATIO: 46.758%
>>>>> PROC: PAYMENT
CALLS: 14061	MIN: 1.084ms	AVG: 23.213ms	MAX: 473.320ms	TOTAL: 326404.379ms
P99: 261.313ms	P95: 157.918ms	P50: 4.098ms	SD: 53206.578	RATIO: 46.356%
>>>>> PROC: DELIVERY
CALLS: 1381	MIN: 3.743ms	AVG: 17.830ms	MAX: 177.556ms	TOTAL: 24623.367ms
P99: 92.064ms	P95: 51.901ms	P50: 10.915ms	SD: 18386.919	RATIO: 3.497%
>>>>> PROC: SLEV
CALLS: 1415	MIN: 2.081ms	AVG: 8.899ms	MAX: 274.145ms	TOTAL: 12591.804ms
P99: 55.013ms	P95: 23.768ms	P50: 4.911ms	SD: 13774.741	RATIO: 1.788%
>>>>> PROC: OSTAT
CALLS: 1454	MIN: 1.143ms	AVG: 6.585ms	MAX: 68.961ms	TOTAL: 9574.982ms
P99: 40.298ms	P95: 20.998ms	P50: 3.746ms	SD: 7642.893	RATIO: 1.360%
+-+-+-+-+-+-+-+-+-+-+-+-+-+-+-+-+-+-+-+-+-+-+-+-+-+-+-+-+-+-+-+-+-+-+-+-+-+
>>>>> VIRTUAL USER 55 : ELAPSED TIME : 693498ms
>>>>> PROC: NEWORD
CALLS: 11844	MIN: 2.576ms	AVG: 26.564ms	MAX: 423.763ms	TOTAL: 314623.945ms
P99: 199.748ms	P95: 111.931ms	P50: 8.989ms	SD: 40306.684	RATIO: 45.368%
>>>>> PROC: PAYMENT
CALLS: 11934	MIN: 1.190ms	AVG: 22.136ms	MAX: 400.183ms	TOTAL: 264165.225ms
P99: 217.141ms	P95: 131.053ms	P50: 3.684ms	SD: 45662.934	RATIO: 38.092%
>>>>> PROC: SLEV
CALLS: 1236	MIN: 1.922ms	AVG: 54.129ms	MAX: 4683.510ms	TOTAL: 66903.654ms
P99: 1445.363ms	P95: 66.898ms	P50: 4.399ms	SD: 274048.627	RATIO: 9.647%
>>>>> PROC: DELIVERY
CALLS: 1175	MIN: 3.633ms	AVG: 29.958ms	MAX: 298.238ms	TOTAL: 35200.778ms
P99: 155.156ms	P95: 106.011ms	P50: 13.604ms	SD: 35924.334	RATIO: 5.076%
>>>>> PROC: OSTAT
CALLS: 1187	MIN: 1.117ms	AVG: 9.412ms	MAX: 121.286ms	TOTAL: 11172.088ms
P99: 67.387ms	P95: 39.362ms	P50: 3.487ms	SD: 14329.586	RATIO: 1.611%
+-+-+-+-+-+-+-+-+-+-+-+-+-+-+-+-+-+-+-+-+-+-+-+-+-+-+-+-+-+-+-+-+-+-+-+-+-+
>>>>> VIRTUAL USER 56 : ELAPSED TIME : 694958ms
>>>>> PROC: NEWORD
CALLS: 7513	MIN: 2.884ms	AVG: 50.141ms	MAX: 345.325ms	TOTAL: 376708.839ms
P99: 195.311ms	P95: 130.715ms	P50: 39.955ms	SD: 41534.793	RATIO: 54.206%
>>>>> PROC: PAYMENT
CALLS: 7311	MIN: 1.364ms	AVG: 29.309ms	MAX: 362.917ms	TOTAL: 214277.721ms
P99: 185.231ms	P95: 118.968ms	P50: 14.450ms	SD: 39743.670	RATIO: 30.833%
>>>>> PROC: DELIVERY
CALLS: 772	MIN: 4.215ms	AVG: 60.011ms	MAX: 369.648ms	TOTAL: 46328.618ms
P99: 204.724ms	P95: 142.223ms	P50: 50.852ms	SD: 46369.960	RATIO: 6.666%
>>>>> PROC: SLEV
CALLS: 802	MIN: 2.424ms	AVG: 51.324ms	MAX: 11956.039ms	TOTAL: 41162.083ms
P99: 909.861ms	P95: 72.028ms	P50: 13.006ms	SD: 440846.857	RATIO: 5.923%
>>>>> PROC: OSTAT
CALLS: 754	MIN: 1.398ms	AVG: 20.586ms	MAX: 123.114ms	TOTAL: 15521.970ms
P99: 81.031ms	P95: 59.625ms	P50: 14.524ms	SD: 19238.923	RATIO: 2.234%
+-+-+-+-+-+-+-+-+-+-+-+-+-+-+-+-+-+-+-+-+-+-+-+-+-+-+-+-+-+-+-+-+-+-+-+-+-+
>>>>> VIRTUAL USER 57 : ELAPSED TIME : 694916ms
>>>>> PROC: PAYMENT
CALLS: 14613	MIN: 1.179ms	AVG: 22.656ms	MAX: 581.748ms	TOTAL: 331074.470ms
P99: 261.527ms	P95: 159.611ms	P50: 2.996ms	SD: 54810.343	RATIO: 47.642%
>>>>> PROC: NEWORD
CALLS: 14643	MIN: 2.516ms	AVG: 20.198ms	MAX: 365.672ms	TOTAL: 295764.703ms
P99: 224.011ms	P95: 105.347ms	P50: 6.750ms	SD: 41356.815	RATIO: 42.561%
>>>>> PROC: SLEV
CALLS: 1557	MIN: 1.879ms	AVG: 23.044ms	MAX: 1300.934ms	TOTAL: 35880.104ms
P99: 517.535ms	P95: 53.812ms	P50: 3.877ms	SD: 90113.627	RATIO: 5.163%
>>>>> PROC: DELIVERY
CALLS: 1467	MIN: 3.736ms	AVG: 15.556ms	MAX: 208.849ms	TOTAL: 22819.942ms
P99: 90.915ms	P95: 49.030ms	P50: 9.523ms	SD: 17184.700	RATIO: 3.284%
>>>>> PROC: OSTAT
CALLS: 1512	MIN: 1.071ms	AVG: 5.059ms	MAX: 66.806ms	TOTAL: 7649.581ms
P99: 33.253ms	P95: 16.038ms	P50: 2.745ms	SD: 6456.901	RATIO: 1.101%
+-+-+-+-+-+-+-+-+-+-+-+-+-+-+-+-+-+-+-+-+-+-+-+-+-+-+-+-+-+-+-+-+-+-+-+-+-+
>>>>> VIRTUAL USER 58 : ELAPSED TIME : 701308ms
>>>>> PROC: NEWORD
CALLS: 11544	MIN: 2.668ms	AVG: 29.748ms	MAX: 405.742ms	TOTAL: 343410.205ms
P99: 202.001ms	P95: 116.338ms	P50: 10.570ms	SD: 41640.394	RATIO: 48.967%
>>>>> PROC: PAYMENT
CALLS: 11446	MIN: 1.160ms	AVG: 24.617ms	MAX: 597.568ms	TOTAL: 281767.354ms
P99: 234.805ms	P95: 136.543ms	P50: 4.336ms	SD: 48933.008	RATIO: 40.177%
>>>>> PROC: DELIVERY
CALLS: 1208	MIN: 3.703ms	AVG: 31.844ms	MAX: 323.100ms	TOTAL: 38467.684ms
P99: 180.429ms	P95: 107.398ms	P50: 15.220ms	SD: 37862.950	RATIO: 5.485%
>>>>> PROC: SLEV
CALLS: 1179	MIN: 1.965ms	AVG: 20.221ms	MAX: 1246.676ms	TOTAL: 23840.183ms
P99: 238.524ms	P95: 44.573ms	P50: 4.589ms	SD: 95396.311	RATIO: 3.399%
>>>>> PROC: OSTAT
CALLS: 1247	MIN: 1.165ms	AVG: 9.896ms	MAX: 154.121ms	TOTAL: 12339.974ms
P99: 66.106ms	P95: 39.353ms	P50: 3.834ms	SD: 14434.907	RATIO: 1.760%
+-+-+-+-+-+-+-+-+-+-+-+-+-+-+-+-+-+-+-+-+-+-+-+-+-+-+-+-+-+-+-+-+-+-+-+-+-+
>>>>> VIRTUAL USER 59 : ELAPSED TIME : 695260ms
>>>>> PROC: PAYMENT
CALLS: 14791	MIN: 1.125ms	AVG: 23.822ms	MAX: 556.885ms	TOTAL: 352351.246ms
P99: 265.479ms	P95: 162.461ms	P50: 3.369ms	SD: 56331.533	RATIO: 50.679%
>>>>> PROC: NEWORD
CALLS: 14549	MIN: 2.474ms	AVG: 19.841ms	MAX: 465.514ms	TOTAL: 288664.055ms
P99: 219.041ms	P95: 107.524ms	P50: 6.969ms	SD: 41061.341	RATIO: 41.519%
>>>>> PROC: SLEV
CALLS: 1473	MIN: 1.654ms	AVG: 16.880ms	MAX: 2445.771ms	TOTAL: 24864.460ms
P99: 439.519ms	P95: 23.181ms	P50: 4.235ms	SD: 90058.520	RATIO: 3.576%
>>>>> PROC: DELIVERY
CALLS: 1477	MIN: 2.539ms	AVG: 13.707ms	MAX: 181.135ms	TOTAL: 20244.620ms
P99: 76.490ms	P95: 38.621ms	P50: 8.854ms	SD: 14396.888	RATIO: 2.912%
>>>>> PROC: OSTAT
CALLS: 1502	MIN: 1.042ms	AVG: 4.961ms	MAX: 55.587ms	TOTAL: 7451.626ms
P99: 29.269ms	P95: 14.860ms	P50: 3.011ms	SD: 5584.748	RATIO: 1.072%
+-+-+-+-+-+-+-+-+-+-+-+-+-+-+-+-+-+-+-+-+-+-+-+-+-+-+-+-+-+-+-+-+-+-+-+-+-+
>>>>> VIRTUAL USER 60 : ELAPSED TIME : 690980ms
>>>>> PROC: NEWORD
CALLS: 11818	MIN: 2.587ms	AVG: 26.369ms	MAX: 351.127ms	TOTAL: 311624.354ms
P99: 195.251ms	P95: 113.586ms	P50: 8.686ms	SD: 40309.498	RATIO: 45.099%
>>>>> PROC: PAYMENT
CALLS: 11766	MIN: 1.146ms	AVG: 23.076ms	MAX: 491.483ms	TOTAL: 271513.209ms
P99: 225.090ms	P95: 131.516ms	P50: 3.794ms	SD: 47001.187	RATIO: 39.294%
>>>>> PROC: SLEV
CALLS: 1234	MIN: 2.030ms	AVG: 50.531ms	MAX: 12533.503ms	TOTAL: 62355.518ms
P99: 636.523ms	P95: 84.428ms	P50: 4.401ms	SD: 418569.614	RATIO: 9.024%
>>>>> PROC: DELIVERY
CALLS: 1186	MIN: 3.415ms	AVG: 27.785ms	MAX: 295.107ms	TOTAL: 32952.706ms
P99: 150.194ms	P95: 102.470ms	P50: 11.667ms	SD: 33503.990	RATIO: 4.769%
>>>>> PROC: OSTAT
CALLS: 1132	MIN: 1.221ms	AVG: 9.827ms	MAX: 110.804ms	TOTAL: 11124.084ms
P99: 74.878ms	P95: 39.855ms	P50: 3.502ms	SD: 14816.693	RATIO: 1.610%
+-+-+-+-+-+-+-+-+-+-+-+-+-+-+-+-+-+-+-+-+-+-+-+-+-+-+-+-+-+-+-+-+-+-+-+-+-+
>>>>> VIRTUAL USER 61 : ELAPSED TIME : 692325ms
>>>>> PROC: PAYMENT
CALLS: 13362	MIN: 1.184ms	AVG: 25.035ms	MAX: 593.322ms	TOTAL: 334515.597ms
P99: 260.988ms	P95: 167.960ms	P50: 4.231ms	SD: 55894.254	RATIO: 48.318%
>>>>> PROC: NEWORD
CALLS: 13390	MIN: 2.629ms	AVG: 22.684ms	MAX: 563.712ms	TOTAL: 303742.535ms
P99: 232.922ms	P95: 100.229ms	P50: 8.866ms	SD: 42039.715	RATIO: 43.873%
>>>>> PROC: DELIVERY
CALLS: 1327	MIN: 4.003ms	AVG: 19.395ms	MAX: 203.032ms	TOTAL: 25737.200ms
P99: 97.176ms	P95: 57.131ms	P50: 12.644ms	SD: 19518.299	RATIO: 3.718%
>>>>> PROC: SLEV
CALLS: 1345	MIN: 1.963ms	AVG: 12.925ms	MAX: 752.881ms	TOTAL: 17383.490ms
P99: 83.756ms	P95: 31.714ms	P50: 4.797ms	SD: 50029.769	RATIO: 2.511%
>>>>> PROC: OSTAT
CALLS: 1296	MIN: 1.154ms	AVG: 7.241ms	MAX: 62.923ms	TOTAL: 9384.634ms
P99: 39.192ms	P95: 24.913ms	P50: 3.967ms	SD: 8375.290	RATIO: 1.356%
+-+-+-+-+-+-+-+-+-+-+-+-+-+-+-+-+-+-+-+-+-+-+-+-+-+-+-+-+-+-+-+-+-+-+-+-+-+
>>>>> VIRTUAL USER 62 : ELAPSED TIME : 692344ms
>>>>> PROC: NEWORD
CALLS: 12082	MIN: 2.487ms	AVG: 26.620ms	MAX: 344.756ms	TOTAL: 321622.899ms
P99: 203.162ms	P95: 115.107ms	P50: 8.731ms	SD: 40882.223	RATIO: 46.454%
>>>>> PROC: PAYMENT
CALLS: 11935	MIN: 1.105ms	AVG: 21.363ms	MAX: 442.861ms	TOTAL: 254964.160ms
P99: 214.574ms	P95: 125.678ms	P50: 3.709ms	SD: 44504.430	RATIO: 36.826%
>>>>> PROC: SLEV
CALLS: 1202	MIN: 1.781ms	AVG: 58.026ms	MAX: 3171.071ms	TOTAL: 69746.933ms
P99: 1772.629ms	P95: 69.930ms	P50: 4.359ms	SD: 287573.442	RATIO: 10.074%
>>>>> PROC: DELIVERY
CALLS: 1200	MIN: 3.511ms	AVG: 28.473ms	MAX: 267.526ms	TOTAL: 34167.452ms
P99: 155.028ms	P95: 101.840ms	P50: 12.502ms	SD: 33882.858	RATIO: 4.935%
>>>>> PROC: OSTAT
CALLS: 1229	MIN: 1.080ms	AVG: 8.489ms	MAX: 113.249ms	TOTAL: 10433.068ms
P99: 63.149ms	P95: 36.553ms	P50: 3.281ms	SD: 13261.253	RATIO: 1.507%
+-+-+-+-+-+-+-+-+-+-+-+-+-+-+-+-+-+-+-+-+-+-+-+-+-+-+-+-+-+-+-+-+-+-+-+-+-+
>>>>> VIRTUAL USER 63 : ELAPSED TIME : 697071ms
>>>>> PROC: PAYMENT
CALLS: 15177	MIN: 1.072ms	AVG: 22.091ms	MAX: 520.730ms	TOTAL: 335269.558ms
P99: 266.092ms	P95: 157.616ms	P50: 2.978ms	SD: 54323.005	RATIO: 48.097%
>>>>> PROC: NEWORD
CALLS: 15189	MIN: 2.487ms	AVG: 19.631ms	MAX: 582.658ms	TOTAL: 298181.120ms
P99: 218.739ms	P95: 98.188ms	P50: 6.724ms	SD: 40333.892	RATIO: 42.776%
>>>>> PROC: SLEV
CALLS: 1476	MIN: 1.883ms	AVG: 21.572ms	MAX: 1655.178ms	TOTAL: 31839.559ms
P99: 406.964ms	P95: 54.002ms	P50: 3.925ms	SD: 85733.228	RATIO: 4.568%
>>>>> PROC: DELIVERY
CALLS: 1502	MIN: 3.218ms	AVG: 14.905ms	MAX: 231.325ms	TOTAL: 22386.669ms
P99: 82.670ms	P95: 44.323ms	P50: 9.104ms	SD: 16843.115	RATIO: 3.212%
>>>>> PROC: OSTAT
CALLS: 1472	MIN: 1.089ms	AVG: 5.175ms	MAX: 62.913ms	TOTAL: 7616.915ms
P99: 35.120ms	P95: 17.035ms	P50: 2.760ms	SD: 6661.208	RATIO: 1.093%
+-+-+-+-+-+-+-+-+-+-+-+-+-+-+-+-+-+-+-+-+-+-+-+-+-+-+-+-+-+-+-+-+-+-+-+-+-+
>>>>> VIRTUAL USER 64 : ELAPSED TIME : 691867ms
>>>>> PROC: NEWORD
CALLS: 7458	MIN: 2.862ms	AVG: 47.611ms	MAX: 348.460ms	TOTAL: 355085.704ms
P99: 197.842ms	P95: 135.184ms	P50: 35.988ms	SD: 42782.934	RATIO: 51.323%
>>>>> PROC: PAYMENT
CALLS: 7623	MIN: 1.309ms	AVG: 29.480ms	MAX: 314.946ms	TOTAL: 224722.537ms
P99: 175.040ms	P95: 120.456ms	P50: 14.149ms	SD: 39232.433	RATIO: 32.481%
>>>>> PROC: SLEV
CALLS: 776	MIN: 2.277ms	AVG: 67.370ms	MAX: 2936.762ms	TOTAL: 52278.948ms
P99: 1936.644ms	P95: 91.953ms	P50: 12.849ms	SD: 282173.233	RATIO: 7.556%
>>>>> PROC: DELIVERY
CALLS: 771	MIN: 4.342ms	AVG: 54.305ms	MAX: 257.493ms	TOTAL: 41869.390ms
P99: 177.483ms	P95: 128.538ms	P50: 44.356ms	SD: 39977.534	RATIO: 6.052%
>>>>> PROC: OSTAT
CALLS: 780	MIN: 1.271ms	AVG: 21.704ms	MAX: 157.096ms	TOTAL: 16929.034ms
P99: 99.653ms	P95: 64.901ms	P50: 15.191ms	SD: 21464.809	RATIO: 2.447%
+-+-+-+-+-+-+-+-+-+-+-+-+-+-+-+-+-+-+-+-+-+-+-+-+-+-+-+-+-+-+-+-+-+-+-+-+-+
>>>>> VIRTUAL USER 65 : ELAPSED TIME : 698120ms
>>>>> PROC: NEWORD
CALLS: 7531	MIN: 3.106ms	AVG: 50.819ms	MAX: 356.323ms	TOTAL: 382718.975ms
P99: 202.438ms	P95: 139.343ms	P50: 39.899ms	SD: 43892.866	RATIO: 54.821%
>>>>> PROC: PAYMENT
CALLS: 7652	MIN: 1.341ms	AVG: 28.399ms	MAX: 402.385ms	TOTAL: 217309.261ms
P99: 185.321ms	P95: 120.251ms	P50: 13.659ms	SD: 39520.146	RATIO: 31.128%
>>>>> PROC: SLEV
CALLS: 768	MIN: 1.934ms	AVG: 53.669ms	MAX: 5029.082ms	TOTAL: 41217.758ms
P99: 1459.591ms	P95: 85.513ms	P50: 13.557ms	SD: 264420.667	RATIO: 5.904%
>>>>> PROC: DELIVERY
CALLS: 712	MIN: 4.457ms	AVG: 57.218ms	MAX: 321.502ms	TOTAL: 40739.314ms
P99: 215.068ms	P95: 145.659ms	P50: 46.823ms	SD: 45702.722	RATIO: 5.836%
>>>>> PROC: OSTAT
CALLS: 745	MIN: 1.131ms	AVG: 20.343ms	MAX: 130.387ms	TOTAL: 15155.199ms
P99: 84.303ms	P95: 58.633ms	P50: 14.182ms	SD: 19345.668	RATIO: 2.171%
+-+-+-+-+-+-+-+-+-+-+-+-+-+-+-+-+-+-+-+-+-+-+-+-+-+-+-+-+-+-+-+-+-+-+-+-+-+
>>>>> SUMMARY OF 64 ACTIVE VIRTUAL USERS : MEDIAN ELAPSED TIME : 706882ms
>>>>> PROC: NEWORD
CALLS: 1614208	MIN: 2.333ms	AVG: 26.435ms	MAX: 582.658ms	TOTAL: 42672239.313ms
P99: 211.352ms	P95: 114.955ms	P50: 8.958ms	SD: 41915.130	RATIO: 47.162%
>>>>> PROC: PAYMENT
CALLS: 1612982	MIN: 1.028ms	AVG: 22.987ms	MAX: 767.196ms	TOTAL: 37078450.842ms
P99: 240.659ms	P95: 138.027ms	P50: 3.927ms	SD: 48996.879	RATIO: 40.979%
>>>>> PROC: SLEV
CALLS: 162690	MIN: 1.629ms	AVG: 31.133ms	MAX: 12533.507ms	TOTAL: 5065143.402ms
P99: 671.567ms	P95: 50.985ms	P50: 4.557ms	SD: 211660.304	RATIO: 5.598%
>>>>> PROC: DELIVERY
CALLS: 161676	MIN: 2.539ms	AVG: 26.000ms	MAX: 388.739ms	TOTAL: 4203680.812ms
P99: 152.047ms	P95: 93.710ms	P50: 12.069ms	SD: 32025.959	RATIO: 4.646%
>>>>> PROC: OSTAT
CALLS: 161168	MIN: 0.990ms	AVG: 8.748ms	MAX: 244.090ms	TOTAL: 1410057.001ms
P99: 65.647ms	P95: 35.219ms	P50: 3.613ms	SD: 13038.473	RATIO: 1.558%
+-+-+-+-+-+-+-+-+-+-+-+-+-+-+-+-+-+-+-+-+-+-+-+-+-+-+-+-+-+-+-+-+-+-+-+-+-+
